{"/Users/shlokdave/2024Fall-Team34-Stallmann/src/pages/GraphView/CytoscapeComponent.jsx": {"path":"/Users/shlokdave/2024Fall-Team34-Stallmann/src/pages/GraphView/CytoscapeComponent.jsx","statementMap":{"0":{"start":{"line":15,"column":0},"end":{"line":15,"column":27}},"1":{"start":{"line":16,"column":0},"end":{"line":16,"column":25}},"2":{"start":{"line":25,"column":22},"end":{"line":25,"column":39}},"3":{"start":{"line":26,"column":15},"end":{"line":26,"column":33}},"4":{"start":{"line":27,"column":27},"end":{"line":27,"column":58}},"5":{"start":{"line":28,"column":26},"end":{"line":28,"column":34}},"6":{"start":{"line":32,"column":1},"end":{"line":70,"column":23}},"7":{"start":{"line":33,"column":2},"end":{"line":33,"column":32}},"8":{"start":{"line":33,"column":25},"end":{"line":33,"column":32}},"9":{"start":{"line":34,"column":13},"end":{"line":41,"column":4}},"10":{"start":{"line":44,"column":2},"end":{"line":63,"column":5}},"11":{"start":{"line":50,"column":24},"end":{"line":50,"column":70}},"12":{"start":{"line":51,"column":23},"end":{"line":51,"column":68}},"13":{"start":{"line":53,"column":5},"end":{"line":60,"column":6}},"14":{"start":{"line":54,"column":6},"end":{"line":59,"column":8}},"15":{"start":{"line":66,"column":2},"end":{"line":66,"column":41}},"16":{"start":{"line":68,"column":2},"end":{"line":68,"column":24}},"17":{"start":{"line":74,"column":1},"end":{"line":79,"column":64}},"18":{"start":{"line":75,"column":2},"end":{"line":75,"column":33}},"19":{"start":{"line":75,"column":26},"end":{"line":75,"column":33}},"20":{"start":{"line":76,"column":2},"end":{"line":76,"column":40}},"21":{"start":{"line":77,"column":2},"end":{"line":77,"column":160}},"22":{"start":{"line":78,"column":2},"end":{"line":78,"column":60}},"23":{"start":{"line":78,"column":19},"end":{"line":78,"column":53}},"24":{"start":{"line":83,"column":1},"end":{"line":87,"column":56}},"25":{"start":{"line":84,"column":2},"end":{"line":84,"column":33}},"26":{"start":{"line":84,"column":26},"end":{"line":84,"column":33}},"27":{"start":{"line":85,"column":2},"end":{"line":85,"column":45}},"28":{"start":{"line":86,"column":2},"end":{"line":86,"column":94}},"29":{"start":{"line":91,"column":1},"end":{"line":123,"column":58}},"30":{"start":{"line":92,"column":2},"end":{"line":92,"column":33}},"31":{"start":{"line":92,"column":26},"end":{"line":92,"column":33}},"32":{"start":{"line":93,"column":2},"end":{"line":93,"column":103}},"33":{"start":{"line":94,"column":27},"end":{"line":94,"column":29}},"34":{"start":{"line":95,"column":2},"end":{"line":97,"column":5}},"35":{"start":{"line":96,"column":3},"end":{"line":96,"column":49}},"36":{"start":{"line":100,"column":16},"end":{"line":100,"column":18}},"37":{"start":{"line":104,"column":2},"end":{"line":114,"column":5}},"38":{"start":{"line":105,"column":18},"end":{"line":105,"column":39}},"39":{"start":{"line":106,"column":16},"end":{"line":106,"column":43}},"40":{"start":{"line":107,"column":16},"end":{"line":107,"column":43}},"41":{"start":{"line":108,"column":3},"end":{"line":110,"column":13}},"42":{"start":{"line":109,"column":16},"end":{"line":109,"column":44}},"43":{"start":{"line":111,"column":3},"end":{"line":111,"column":41}},"44":{"start":{"line":112,"column":3},"end":{"line":112,"column":77}},"45":{"start":{"line":120,"column":2},"end":{"line":122,"column":3}},"46":{"start":{"line":121,"column":4},"end":{"line":121,"column":56}},"47":{"start":{"line":125,"column":1},"end":{"line":130,"column":3}}},"fnMap":{"0":{"name":"CytoscapeComponent","decl":{"start":{"line":24,"column":24},"end":{"line":24,"column":42}},"loc":{"start":{"line":24,"column":65},"end":{"line":131,"column":1}},"line":24},"1":{"name":"(anonymous_1)","decl":{"start":{"line":32,"column":11},"end":{"line":32,"column":12}},"loc":{"start":{"line":32,"column":17},"end":{"line":70,"column":2}},"line":32},"2":{"name":"(anonymous_2)","decl":{"start":{"line":49,"column":9},"end":{"line":49,"column":10}},"loc":{"start":{"line":49,"column":19},"end":{"line":61,"column":5}},"line":49},"3":{"name":"(anonymous_3)","decl":{"start":{"line":74,"column":11},"end":{"line":74,"column":12}},"loc":{"start":{"line":74,"column":17},"end":{"line":79,"column":2}},"line":74},"4":{"name":"(anonymous_4)","decl":{"start":{"line":78,"column":13},"end":{"line":78,"column":14}},"loc":{"start":{"line":78,"column":19},"end":{"line":78,"column":53}},"line":78},"5":{"name":"(anonymous_5)","decl":{"start":{"line":83,"column":11},"end":{"line":83,"column":12}},"loc":{"start":{"line":83,"column":17},"end":{"line":87,"column":2}},"line":83},"6":{"name":"(anonymous_6)","decl":{"start":{"line":91,"column":11},"end":{"line":91,"column":12}},"loc":{"start":{"line":91,"column":17},"end":{"line":123,"column":2}},"line":91},"7":{"name":"(anonymous_7)","decl":{"start":{"line":95,"column":36},"end":{"line":95,"column":37}},"loc":{"start":{"line":95,"column":44},"end":{"line":97,"column":3}},"line":95},"8":{"name":"(anonymous_8)","decl":{"start":{"line":104,"column":22},"end":{"line":104,"column":23}},"loc":{"start":{"line":104,"column":32},"end":{"line":114,"column":3}},"line":104}},"branchMap":{"0":{"loc":{"start":{"line":33,"column":2},"end":{"line":33,"column":32}},"type":"if","locations":[{"start":{"line":33,"column":2},"end":{"line":33,"column":32}},{"start":{"line":33,"column":2},"end":{"line":33,"column":32}}],"line":33},"1":{"loc":{"start":{"line":53,"column":5},"end":{"line":60,"column":6}},"type":"if","locations":[{"start":{"line":53,"column":5},"end":{"line":60,"column":6}},{"start":{"line":53,"column":5},"end":{"line":60,"column":6}}],"line":53},"2":{"loc":{"start":{"line":53,"column":9},"end":{"line":53,"column":67}},"type":"binary-expr","locations":[{"start":{"line":53,"column":10},"end":{"line":53,"column":21}},{"start":{"line":53,"column":25},"end":{"line":53,"column":36}},{"start":{"line":53,"column":42},"end":{"line":53,"column":52}},{"start":{"line":53,"column":56},"end":{"line":53,"column":66}}],"line":53},"3":{"loc":{"start":{"line":55,"column":98},"end":{"line":55,"column":124}},"type":"binary-expr","locations":[{"start":{"line":55,"column":98},"end":{"line":55,"column":112}},{"start":{"line":55,"column":116},"end":{"line":55,"column":124}}],"line":55},"4":{"loc":{"start":{"line":56,"column":37},"end":{"line":56,"column":92}},"type":"cond-expr","locations":[{"start":{"line":56,"column":76},"end":{"line":56,"column":87}},{"start":{"line":56,"column":90},"end":{"line":56,"column":92}}],"line":56},"5":{"loc":{"start":{"line":56,"column":37},"end":{"line":56,"column":73}},"type":"binary-expr","locations":[{"start":{"line":56,"column":37},"end":{"line":56,"column":58}},{"start":{"line":56,"column":62},"end":{"line":56,"column":73}}],"line":56},"6":{"loc":{"start":{"line":57,"column":37},"end":{"line":57,"column":89}},"type":"cond-expr","locations":[{"start":{"line":57,"column":74},"end":{"line":57,"column":84}},{"start":{"line":57,"column":87},"end":{"line":57,"column":89}}],"line":57},"7":{"loc":{"start":{"line":57,"column":37},"end":{"line":57,"column":71}},"type":"binary-expr","locations":[{"start":{"line":57,"column":37},"end":{"line":57,"column":57}},{"start":{"line":57,"column":61},"end":{"line":57,"column":71}}],"line":57},"8":{"loc":{"start":{"line":75,"column":2},"end":{"line":75,"column":33}},"type":"if","locations":[{"start":{"line":75,"column":2},"end":{"line":75,"column":33}},{"start":{"line":75,"column":2},"end":{"line":75,"column":33}}],"line":75},"9":{"loc":{"start":{"line":84,"column":2},"end":{"line":84,"column":33}},"type":"if","locations":[{"start":{"line":84,"column":2},"end":{"line":84,"column":33}},{"start":{"line":84,"column":2},"end":{"line":84,"column":33}}],"line":84},"10":{"loc":{"start":{"line":92,"column":2},"end":{"line":92,"column":33}},"type":"if","locations":[{"start":{"line":92,"column":2},"end":{"line":92,"column":33}},{"start":{"line":92,"column":2},"end":{"line":92,"column":33}}],"line":92},"11":{"loc":{"start":{"line":108,"column":3},"end":{"line":110,"column":13}},"type":"if","locations":[{"start":{"line":108,"column":3},"end":{"line":110,"column":13}},{"start":{"line":108,"column":3},"end":{"line":110,"column":13}}],"line":108},"12":{"loc":{"start":{"line":120,"column":2},"end":{"line":122,"column":3}},"type":"if","locations":[{"start":{"line":120,"column":2},"end":{"line":122,"column":3}},{"start":{"line":120,"column":2},"end":{"line":122,"column":3}}],"line":120}},"s":{"0":9,"1":9,"2":20,"3":20,"4":20,"5":20,"6":20,"7":4,"8":0,"9":4,"10":4,"11":26,"12":26,"13":26,"14":0,"15":4,"16":4,"17":20,"18":16,"19":4,"20":12,"21":12,"22":12,"23":12,"24":20,"25":12,"26":4,"27":8,"28":8,"29":20,"30":8,"31":4,"32":4,"33":4,"34":4,"35":0,"36":4,"37":4,"38":0,"39":0,"40":0,"41":0,"42":0,"43":0,"44":0,"45":4,"46":0,"47":20},"f":{"0":20,"1":4,"2":26,"3":16,"4":12,"5":12,"6":8,"7":0,"8":0},"b":{"0":[0,4],"1":[0,26],"2":[26,26,26,26],"3":[0,0],"4":[0,0],"5":[0,0],"6":[0,0],"7":[0,0],"8":[4,12],"9":[4,8],"10":[4,4],"11":[0,0],"12":[0,4]},"_coverageSchema":"1a1c01bbd47fc00a2c39e90264f33305004495a9","hash":"de88b9f459892071e2b8704929572b940abc2146"}
,"/Users/shlokdave/2024Fall-Team34-Stallmann/src/pages/GraphView/utils/GraphUtils.js": {"path":"/Users/shlokdave/2024Fall-Team34-Stallmann/src/pages/GraphView/utils/GraphUtils.js","statementMap":{"0":{"start":{"line":8,"column":19},"end":{"line":8,"column":20}},"1":{"start":{"line":9,"column":4},"end":{"line":11,"column":5}},"2":{"start":{"line":10,"column":8},"end":{"line":10,"column":73}},"3":{"start":{"line":13,"column":4},"end":{"line":13,"column":28}},"4":{"start":{"line":18,"column":4},"end":{"line":21,"column":5}},"5":{"start":{"line":19,"column":8},"end":{"line":19,"column":25}},"6":{"start":{"line":20,"column":8},"end":{"line":20,"column":25}},"7":{"start":{"line":31,"column":22},"end":{"line":31,"column":24}},"8":{"start":{"line":32,"column":4},"end":{"line":35,"column":5}},"9":{"start":{"line":33,"column":21},"end":{"line":33,"column":40}},"10":{"start":{"line":34,"column":8},"end":{"line":34,"column":52}},"11":{"start":{"line":37,"column":4},"end":{"line":37,"column":21}},"12":{"start":{"line":47,"column":21},"end":{"line":54,"column":6}},"13":{"start":{"line":48,"column":28},"end":{"line":48,"column":39}},"14":{"start":{"line":49,"column":8},"end":{"line":52,"column":9}},"15":{"start":{"line":50,"column":12},"end":{"line":50,"column":56}},"16":{"start":{"line":51,"column":12},"end":{"line":51,"column":56}},"17":{"start":{"line":53,"column":8},"end":{"line":53,"column":27}},"18":{"start":{"line":55,"column":4},"end":{"line":62,"column":6}},"19":{"start":{"line":73,"column":25},"end":{"line":73,"column":27}},"20":{"start":{"line":74,"column":4},"end":{"line":80,"column":5}},"21":{"start":{"line":75,"column":29},"end":{"line":75,"column":46}},"22":{"start":{"line":76,"column":8},"end":{"line":79,"column":9}},"23":{"start":{"line":81,"column":4},"end":{"line":81,"column":24}},"24":{"start":{"line":86,"column":25},"end":{"line":86,"column":27}},"25":{"start":{"line":87,"column":4},"end":{"line":93,"column":5}},"26":{"start":{"line":88,"column":29},"end":{"line":88,"column":46}},"27":{"start":{"line":89,"column":8},"end":{"line":92,"column":9}},"28":{"start":{"line":94,"column":4},"end":{"line":94,"column":24}}},"fnMap":{"0":{"name":"calculateGraphScalar","decl":{"start":{"line":7,"column":16},"end":{"line":7,"column":36}},"loc":{"start":{"line":7,"column":44},"end":{"line":14,"column":1}},"line":7},"1":{"name":"applyScalar","decl":{"start":{"line":17,"column":16},"end":{"line":17,"column":27}},"loc":{"start":{"line":17,"column":43},"end":{"line":22,"column":1}},"line":17},"2":{"name":"extractPositions","decl":{"start":{"line":30,"column":16},"end":{"line":30,"column":32}},"loc":{"start":{"line":30,"column":40},"end":{"line":38,"column":1}},"line":30},"3":{"name":"applyPositions","decl":{"start":{"line":46,"column":16},"end":{"line":46,"column":30}},"loc":{"start":{"line":46,"column":49},"end":{"line":63,"column":1}},"line":46},"4":{"name":"(anonymous_4)","decl":{"start":{"line":47,"column":52},"end":{"line":47,"column":53}},"loc":{"start":{"line":47,"column":62},"end":{"line":54,"column":5}},"line":47},"5":{"name":"transformPositions","decl":{"start":{"line":72,"column":16},"end":{"line":72,"column":34}},"loc":{"start":{"line":72,"column":54},"end":{"line":82,"column":1}},"line":72},"6":{"name":"roundPositions","decl":{"start":{"line":85,"column":16},"end":{"line":85,"column":30}},"loc":{"start":{"line":85,"column":42},"end":{"line":95,"column":1}},"line":85}},"branchMap":{"0":{"loc":{"start":{"line":49,"column":8},"end":{"line":52,"column":9}},"type":"if","locations":[{"start":{"line":49,"column":8},"end":{"line":52,"column":9}},{"start":{"line":49,"column":8},"end":{"line":52,"column":9}}],"line":49}},"s":{"0":4,"1":4,"2":8,"3":4,"4":4,"5":8,"6":8,"7":0,"8":0,"9":0,"10":0,"11":0,"12":0,"13":0,"14":0,"15":0,"16":0,"17":0,"18":0,"19":0,"20":0,"21":0,"22":0,"23":0,"24":0,"25":0,"26":0,"27":0,"28":0},"f":{"0":4,"1":4,"2":0,"3":0,"4":0,"5":0,"6":0},"b":{"0":[0,0]},"_coverageSchema":"1a1c01bbd47fc00a2c39e90264f33305004495a9","hash":"c52f327eb1a13bb19fc9ac97eafd12513464c912"}
,"/Users/shlokdave/2024Fall-Team34-Stallmann/src/utils/FileToPredicate.js": {"path":"/Users/shlokdave/2024Fall-Team34-Stallmann/src/utils/FileToPredicate.js","statementMap":{"0":{"start":{"line":19,"column":16},"end":{"line":19,"column":44}},"1":{"start":{"line":21,"column":16},"end":{"line":21,"column":37}},"2":{"start":{"line":22,"column":4},"end":{"line":47,"column":5}},"3":{"start":{"line":22,"column":20},"end":{"line":22,"column":21}},"4":{"start":{"line":23,"column":27},"end":{"line":23,"column":45}},"5":{"start":{"line":26,"column":8},"end":{"line":46,"column":9}},"6":{"start":{"line":33,"column":13},"end":{"line":46,"column":9}},"7":{"start":{"line":34,"column":12},"end":{"line":34,"column":49}},"8":{"start":{"line":37,"column":13},"end":{"line":46,"column":9}},"9":{"start":{"line":38,"column":12},"end":{"line":38,"column":86}},"10":{"start":{"line":38,"column":60},"end":{"line":38,"column":84}},"11":{"start":{"line":40,"column":13},"end":{"line":46,"column":9}},"12":{"start":{"line":41,"column":12},"end":{"line":41,"column":34}},"13":{"start":{"line":45,"column":12},"end":{"line":45,"column":79}},"14":{"start":{"line":49,"column":4},"end":{"line":49,"column":17}},"15":{"start":{"line":60,"column":18},"end":{"line":60,"column":39}},"16":{"start":{"line":62,"column":21},"end":{"line":62,"column":41}},"17":{"start":{"line":64,"column":24},"end":{"line":64,"column":99}},"18":{"start":{"line":65,"column":18},"end":{"line":65,"column":43}},"19":{"start":{"line":66,"column":20},"end":{"line":66,"column":22}},"20":{"start":{"line":69,"column":4},"end":{"line":71,"column":5}},"21":{"start":{"line":70,"column":8},"end":{"line":70,"column":68}},"22":{"start":{"line":73,"column":4},"end":{"line":75,"column":5}},"23":{"start":{"line":74,"column":8},"end":{"line":74,"column":58}},"24":{"start":{"line":77,"column":4},"end":{"line":77,"column":31}},"25":{"start":{"line":78,"column":4},"end":{"line":80,"column":5}},"26":{"start":{"line":79,"column":8},"end":{"line":79,"column":59}},"27":{"start":{"line":81,"column":4},"end":{"line":81,"column":42}},"28":{"start":{"line":83,"column":4},"end":{"line":85,"column":5}},"29":{"start":{"line":84,"column":8},"end":{"line":84,"column":59}},"30":{"start":{"line":86,"column":4},"end":{"line":86,"column":42}},"31":{"start":{"line":87,"column":28},"end":{"line":87,"column":30}},"32":{"start":{"line":88,"column":4},"end":{"line":130,"column":5}},"33":{"start":{"line":88,"column":16},"end":{"line":88,"column":17}},"34":{"start":{"line":89,"column":8},"end":{"line":91,"column":9}},"35":{"start":{"line":90,"column":12},"end":{"line":90,"column":55}},"36":{"start":{"line":92,"column":8},"end":{"line":129,"column":9}},"37":{"start":{"line":93,"column":28},"end":{"line":93,"column":55}},"38":{"start":{"line":94,"column":29},"end":{"line":94,"column":56}},"39":{"start":{"line":95,"column":12},"end":{"line":97,"column":13}},"40":{"start":{"line":96,"column":16},"end":{"line":96,"column":71}},"41":{"start":{"line":99,"column":12},"end":{"line":101,"column":13}},"42":{"start":{"line":100,"column":16},"end":{"line":100,"column":100}},"43":{"start":{"line":102,"column":12},"end":{"line":127,"column":13}},"44":{"start":{"line":103,"column":16},"end":{"line":105,"column":17}},"45":{"start":{"line":104,"column":20},"end":{"line":104,"column":64}},"46":{"start":{"line":106,"column":16},"end":{"line":106,"column":45}},"47":{"start":{"line":107,"column":19},"end":{"line":127,"column":13}},"48":{"start":{"line":108,"column":29},"end":{"line":109,"column":206}},"49":{"start":{"line":110,"column":16},"end":{"line":112,"column":17}},"50":{"start":{"line":111,"column":20},"end":{"line":111,"column":68}},"51":{"start":{"line":113,"column":16},"end":{"line":113,"column":43}},"52":{"start":{"line":120,"column":19},"end":{"line":127,"column":13}},"53":{"start":{"line":121,"column":16},"end":{"line":126,"column":19}},"54":{"start":{"line":128,"column":12},"end":{"line":128,"column":46}},"55":{"start":{"line":132,"column":4},"end":{"line":134,"column":5}},"56":{"start":{"line":133,"column":8},"end":{"line":133,"column":66}},"57":{"start":{"line":137,"column":4},"end":{"line":137,"column":27}},"58":{"start":{"line":150,"column":18},"end":{"line":150,"column":39}},"59":{"start":{"line":152,"column":21},"end":{"line":152,"column":41}},"60":{"start":{"line":154,"column":23},"end":{"line":154,"column":109}},"61":{"start":{"line":155,"column":18},"end":{"line":155,"column":34}},"62":{"start":{"line":156,"column":20},"end":{"line":156,"column":22}},"63":{"start":{"line":157,"column":4},"end":{"line":159,"column":5}},"64":{"start":{"line":158,"column":8},"end":{"line":158,"column":55}},"65":{"start":{"line":160,"column":13},"end":{"line":160,"column":48}},"66":{"start":{"line":161,"column":4},"end":{"line":163,"column":5}},"67":{"start":{"line":162,"column":8},"end":{"line":162,"column":58}},"68":{"start":{"line":164,"column":4},"end":{"line":164,"column":35}},"69":{"start":{"line":165,"column":4},"end":{"line":165,"column":35}},"70":{"start":{"line":166,"column":4},"end":{"line":166,"column":50}},"71":{"start":{"line":167,"column":28},"end":{"line":167,"column":30}},"72":{"start":{"line":168,"column":4},"end":{"line":204,"column":5}},"73":{"start":{"line":168,"column":16},"end":{"line":168,"column":17}},"74":{"start":{"line":169,"column":8},"end":{"line":171,"column":9}},"75":{"start":{"line":170,"column":12},"end":{"line":170,"column":57}},"76":{"start":{"line":172,"column":8},"end":{"line":203,"column":9}},"77":{"start":{"line":173,"column":28},"end":{"line":173,"column":55}},"78":{"start":{"line":174,"column":29},"end":{"line":174,"column":56}},"79":{"start":{"line":175,"column":12},"end":{"line":177,"column":13}},"80":{"start":{"line":176,"column":16},"end":{"line":176,"column":71}},"81":{"start":{"line":179,"column":12},"end":{"line":181,"column":13}},"82":{"start":{"line":180,"column":16},"end":{"line":180,"column":100}},"83":{"start":{"line":183,"column":12},"end":{"line":201,"column":13}},"84":{"start":{"line":184,"column":16},"end":{"line":186,"column":17}},"85":{"start":{"line":185,"column":20},"end":{"line":185,"column":66}},"86":{"start":{"line":187,"column":16},"end":{"line":187,"column":45}},"87":{"start":{"line":194,"column":19},"end":{"line":201,"column":13}},"88":{"start":{"line":195,"column":16},"end":{"line":200,"column":19}},"89":{"start":{"line":202,"column":12},"end":{"line":202,"column":46}},"90":{"start":{"line":206,"column":4},"end":{"line":206,"column":27}},"91":{"start":{"line":217,"column":4},"end":{"line":217,"column":44}},"92":{"start":{"line":217,"column":32},"end":{"line":217,"column":44}},"93":{"start":{"line":218,"column":4},"end":{"line":219,"column":31}},"94":{"start":{"line":229,"column":12},"end":{"line":229,"column":30}},"95":{"start":{"line":230,"column":4},"end":{"line":230,"column":23}},"96":{"start":{"line":231,"column":4},"end":{"line":231,"column":26}}},"fnMap":{"0":{"name":"parseText","decl":{"start":{"line":18,"column":16},"end":{"line":18,"column":25}},"loc":{"start":{"line":18,"column":37},"end":{"line":50,"column":1}},"line":18},"1":{"name":"(anonymous_1)","decl":{"start":{"line":38,"column":50},"end":{"line":38,"column":51}},"loc":{"start":{"line":38,"column":60},"end":{"line":38,"column":84}},"line":38},"2":{"name":"nodeParser","decl":{"start":{"line":58,"column":9},"end":{"line":58,"column":19}},"loc":{"start":{"line":58,"column":43},"end":{"line":139,"column":1}},"line":58},"3":{"name":"edgeParser","decl":{"start":{"line":148,"column":9},"end":{"line":148,"column":19}},"loc":{"start":{"line":148,"column":57},"end":{"line":207,"column":1}},"line":148},"4":{"name":"isNumeric","decl":{"start":{"line":216,"column":9},"end":{"line":216,"column":18}},"loc":{"start":{"line":216,"column":24},"end":{"line":220,"column":1}},"line":216},"5":{"name":"isColor","decl":{"start":{"line":228,"column":9},"end":{"line":228,"column":16}},"loc":{"start":{"line":228,"column":26},"end":{"line":232,"column":1}},"line":228}},"branchMap":{"0":{"loc":{"start":{"line":26,"column":8},"end":{"line":46,"column":9}},"type":"if","locations":[{"start":{"line":26,"column":8},"end":{"line":46,"column":9}},{"start":{"line":26,"column":8},"end":{"line":46,"column":9}}],"line":26},"1":{"loc":{"start":{"line":26,"column":12},"end":{"line":29,"column":40}},"type":"binary-expr","locations":[{"start":{"line":26,"column":12},"end":{"line":26,"column":35}},{"start":{"line":26,"column":39},"end":{"line":26,"column":62}},{"start":{"line":27,"column":15},"end":{"line":27,"column":38}},{"start":{"line":27,"column":42},"end":{"line":27,"column":65}},{"start":{"line":28,"column":15},"end":{"line":28,"column":38}},{"start":{"line":28,"column":42},"end":{"line":28,"column":65}},{"start":{"line":29,"column":15},"end":{"line":29,"column":40}}],"line":26},"2":{"loc":{"start":{"line":33,"column":13},"end":{"line":46,"column":9}},"type":"if","locations":[{"start":{"line":33,"column":13},"end":{"line":46,"column":9}},{"start":{"line":33,"column":13},"end":{"line":46,"column":9}}],"line":33},"3":{"loc":{"start":{"line":37,"column":13},"end":{"line":46,"column":9}},"type":"if","locations":[{"start":{"line":37,"column":13},"end":{"line":46,"column":9}},{"start":{"line":37,"column":13},"end":{"line":46,"column":9}}],"line":37},"4":{"loc":{"start":{"line":40,"column":13},"end":{"line":46,"column":9}},"type":"if","locations":[{"start":{"line":40,"column":13},"end":{"line":46,"column":9}},{"start":{"line":40,"column":13},"end":{"line":46,"column":9}}],"line":40},"5":{"loc":{"start":{"line":69,"column":4},"end":{"line":71,"column":5}},"type":"if","locations":[{"start":{"line":69,"column":4},"end":{"line":71,"column":5}},{"start":{"line":69,"column":4},"end":{"line":71,"column":5}}],"line":69},"6":{"loc":{"start":{"line":73,"column":4},"end":{"line":75,"column":5}},"type":"if","locations":[{"start":{"line":73,"column":4},"end":{"line":75,"column":5}},{"start":{"line":73,"column":4},"end":{"line":75,"column":5}}],"line":73},"7":{"loc":{"start":{"line":78,"column":4},"end":{"line":80,"column":5}},"type":"if","locations":[{"start":{"line":78,"column":4},"end":{"line":80,"column":5}},{"start":{"line":78,"column":4},"end":{"line":80,"column":5}}],"line":78},"8":{"loc":{"start":{"line":83,"column":4},"end":{"line":85,"column":5}},"type":"if","locations":[{"start":{"line":83,"column":4},"end":{"line":85,"column":5}},{"start":{"line":83,"column":4},"end":{"line":85,"column":5}}],"line":83},"9":{"loc":{"start":{"line":89,"column":8},"end":{"line":91,"column":9}},"type":"if","locations":[{"start":{"line":89,"column":8},"end":{"line":91,"column":9}},{"start":{"line":89,"column":8},"end":{"line":91,"column":9}}],"line":89},"10":{"loc":{"start":{"line":89,"column":11},"end":{"line":89,"column":67}},"type":"binary-expr","locations":[{"start":{"line":89,"column":11},"end":{"line":89,"column":35}},{"start":{"line":89,"column":39},"end":{"line":89,"column":67}}],"line":89},"11":{"loc":{"start":{"line":92,"column":8},"end":{"line":129,"column":9}},"type":"if","locations":[{"start":{"line":92,"column":8},"end":{"line":129,"column":9}},{"start":{"line":92,"column":8},"end":{"line":129,"column":9}}],"line":92},"12":{"loc":{"start":{"line":95,"column":12},"end":{"line":97,"column":13}},"type":"if","locations":[{"start":{"line":95,"column":12},"end":{"line":97,"column":13}},{"start":{"line":95,"column":12},"end":{"line":97,"column":13}}],"line":95},"13":{"loc":{"start":{"line":99,"column":12},"end":{"line":101,"column":13}},"type":"if","locations":[{"start":{"line":99,"column":12},"end":{"line":101,"column":13}},{"start":{"line":99,"column":12},"end":{"line":101,"column":13}}],"line":99},"14":{"loc":{"start":{"line":99,"column":15},"end":{"line":99,"column":69}},"type":"binary-expr","locations":[{"start":{"line":99,"column":15},"end":{"line":99,"column":48}},{"start":{"line":99,"column":52},"end":{"line":99,"column":69}}],"line":99},"15":{"loc":{"start":{"line":102,"column":12},"end":{"line":127,"column":13}},"type":"if","locations":[{"start":{"line":102,"column":12},"end":{"line":127,"column":13}},{"start":{"line":102,"column":12},"end":{"line":127,"column":13}}],"line":102},"16":{"loc":{"start":{"line":103,"column":16},"end":{"line":105,"column":17}},"type":"if","locations":[{"start":{"line":103,"column":16},"end":{"line":105,"column":17}},{"start":{"line":103,"column":16},"end":{"line":105,"column":17}}],"line":103},"17":{"loc":{"start":{"line":107,"column":19},"end":{"line":127,"column":13}},"type":"if","locations":[{"start":{"line":107,"column":19},"end":{"line":127,"column":13}},{"start":{"line":107,"column":19},"end":{"line":127,"column":13}}],"line":107},"18":{"loc":{"start":{"line":110,"column":16},"end":{"line":112,"column":17}},"type":"if","locations":[{"start":{"line":110,"column":16},"end":{"line":112,"column":17}},{"start":{"line":110,"column":16},"end":{"line":112,"column":17}}],"line":110},"19":{"loc":{"start":{"line":120,"column":19},"end":{"line":127,"column":13}},"type":"if","locations":[{"start":{"line":120,"column":19},"end":{"line":127,"column":13}},{"start":{"line":120,"column":19},"end":{"line":127,"column":13}}],"line":120},"20":{"loc":{"start":{"line":120,"column":22},"end":{"line":120,"column":73}},"type":"binary-expr","locations":[{"start":{"line":120,"column":22},"end":{"line":120,"column":45}},{"start":{"line":120,"column":49},"end":{"line":120,"column":73}}],"line":120},"21":{"loc":{"start":{"line":132,"column":4},"end":{"line":134,"column":5}},"type":"if","locations":[{"start":{"line":132,"column":4},"end":{"line":134,"column":5}},{"start":{"line":132,"column":4},"end":{"line":134,"column":5}}],"line":132},"22":{"loc":{"start":{"line":132,"column":8},"end":{"line":132,"column":86}},"type":"binary-expr","locations":[{"start":{"line":132,"column":8},"end":{"line":132,"column":32}},{"start":{"line":132,"column":36},"end":{"line":132,"column":59}},{"start":{"line":132,"column":63},"end":{"line":132,"column":86}}],"line":132},"23":{"loc":{"start":{"line":157,"column":4},"end":{"line":159,"column":5}},"type":"if","locations":[{"start":{"line":157,"column":4},"end":{"line":159,"column":5}},{"start":{"line":157,"column":4},"end":{"line":159,"column":5}}],"line":157},"24":{"loc":{"start":{"line":161,"column":4},"end":{"line":163,"column":5}},"type":"if","locations":[{"start":{"line":161,"column":4},"end":{"line":163,"column":5}},{"start":{"line":161,"column":4},"end":{"line":163,"column":5}}],"line":161},"25":{"loc":{"start":{"line":169,"column":8},"end":{"line":171,"column":9}},"type":"if","locations":[{"start":{"line":169,"column":8},"end":{"line":171,"column":9}},{"start":{"line":169,"column":8},"end":{"line":171,"column":9}}],"line":169},"26":{"loc":{"start":{"line":169,"column":12},"end":{"line":169,"column":68}},"type":"binary-expr","locations":[{"start":{"line":169,"column":12},"end":{"line":169,"column":40}},{"start":{"line":169,"column":44},"end":{"line":169,"column":68}}],"line":169},"27":{"loc":{"start":{"line":172,"column":8},"end":{"line":203,"column":9}},"type":"if","locations":[{"start":{"line":172,"column":8},"end":{"line":203,"column":9}},{"start":{"line":172,"column":8},"end":{"line":203,"column":9}}],"line":172},"28":{"loc":{"start":{"line":175,"column":12},"end":{"line":177,"column":13}},"type":"if","locations":[{"start":{"line":175,"column":12},"end":{"line":177,"column":13}},{"start":{"line":175,"column":12},"end":{"line":177,"column":13}}],"line":175},"29":{"loc":{"start":{"line":179,"column":12},"end":{"line":181,"column":13}},"type":"if","locations":[{"start":{"line":179,"column":12},"end":{"line":181,"column":13}},{"start":{"line":179,"column":12},"end":{"line":181,"column":13}}],"line":179},"30":{"loc":{"start":{"line":179,"column":15},"end":{"line":179,"column":68}},"type":"binary-expr","locations":[{"start":{"line":179,"column":15},"end":{"line":179,"column":47}},{"start":{"line":179,"column":51},"end":{"line":179,"column":68}}],"line":179},"31":{"loc":{"start":{"line":183,"column":12},"end":{"line":201,"column":13}},"type":"if","locations":[{"start":{"line":183,"column":12},"end":{"line":201,"column":13}},{"start":{"line":183,"column":12},"end":{"line":201,"column":13}}],"line":183},"32":{"loc":{"start":{"line":184,"column":16},"end":{"line":186,"column":17}},"type":"if","locations":[{"start":{"line":184,"column":16},"end":{"line":186,"column":17}},{"start":{"line":184,"column":16},"end":{"line":186,"column":17}}],"line":184},"33":{"loc":{"start":{"line":194,"column":19},"end":{"line":201,"column":13}},"type":"if","locations":[{"start":{"line":194,"column":19},"end":{"line":201,"column":13}},{"start":{"line":194,"column":19},"end":{"line":201,"column":13}}],"line":194},"34":{"loc":{"start":{"line":194,"column":22},"end":{"line":194,"column":73}},"type":"binary-expr","locations":[{"start":{"line":194,"column":22},"end":{"line":194,"column":45}},{"start":{"line":194,"column":49},"end":{"line":194,"column":73}}],"line":194},"35":{"loc":{"start":{"line":217,"column":4},"end":{"line":217,"column":44}},"type":"if","locations":[{"start":{"line":217,"column":4},"end":{"line":217,"column":44}},{"start":{"line":217,"column":4},"end":{"line":217,"column":44}}],"line":217},"36":{"loc":{"start":{"line":218,"column":11},"end":{"line":219,"column":31}},"type":"binary-expr","locations":[{"start":{"line":218,"column":11},"end":{"line":218,"column":22}},{"start":{"line":219,"column":8},"end":{"line":219,"column":31}}],"line":218}},"s":{"0":4,"1":4,"2":4,"3":4,"4":12,"5":12,"6":12,"7":8,"8":4,"9":4,"10":0,"11":0,"12":0,"13":0,"14":4,"15":8,"16":8,"17":8,"18":8,"19":8,"20":8,"21":0,"22":8,"23":0,"24":8,"25":8,"26":0,"27":8,"28":8,"29":0,"30":8,"31":8,"32":8,"33":8,"34":0,"35":0,"36":0,"37":0,"38":0,"39":0,"40":0,"41":0,"42":0,"43":0,"44":0,"45":0,"46":0,"47":0,"48":0,"49":0,"50":0,"51":0,"52":0,"53":0,"54":0,"55":8,"56":0,"57":8,"58":4,"59":4,"60":4,"61":4,"62":4,"63":4,"64":0,"65":4,"66":4,"67":0,"68":4,"69":4,"70":4,"71":4,"72":4,"73":4,"74":0,"75":0,"76":0,"77":0,"78":0,"79":0,"80":0,"81":0,"82":0,"83":0,"84":0,"85":0,"86":0,"87":0,"88":0,"89":0,"90":4,"91":16,"92":0,"93":16,"94":0,"95":0,"96":0},"f":{"0":4,"1":0,"2":8,"3":4,"4":16,"5":0},"b":{"0":[0,12],"1":[12,12,12,12,12,12,12],"2":[8,4],"3":[4,0],"4":[0,0],"5":[0,8],"6":[0,8],"7":[0,8],"8":[0,8],"9":[0,0],"10":[0,0],"11":[0,0],"12":[0,0],"13":[0,0],"14":[0,0],"15":[0,0],"16":[0,0],"17":[0,0],"18":[0,0],"19":[0,0],"20":[0,0],"21":[0,8],"22":[8,8,8],"23":[0,4],"24":[0,4],"25":[0,0],"26":[0,0],"27":[0,0],"28":[0,0],"29":[0,0],"30":[0,0],"31":[0,0],"32":[0,0],"33":[0,0],"34":[0,0],"35":[0,16],"36":[16,16]},"_coverageSchema":"1a1c01bbd47fc00a2c39e90264f33305004495a9","hash":"446cbb28dda4cf279b52b67381444b45652054f2"}
,"/Users/shlokdave/2024Fall-Team34-Stallmann/src/utils/Graph.js": {"path":"/Users/shlokdave/2024Fall-Team34-Stallmann/src/utils/Graph.js","statementMap":{"0":{"start":{"line":23,"column":8},"end":{"line":23,"column":27}},"1":{"start":{"line":24,"column":8},"end":{"line":24,"column":27}},"2":{"start":{"line":25,"column":8},"end":{"line":25,"column":33}},"3":{"start":{"line":26,"column":8},"end":{"line":26,"column":31}},"4":{"start":{"line":27,"column":8},"end":{"line":27,"column":25}},"5":{"start":{"line":28,"column":8},"end":{"line":28,"column":29}},"6":{"start":{"line":46,"column":22},"end":{"line":46,"column":43}},"7":{"start":{"line":52,"column":8},"end":{"line":52,"column":23}},"8":{"start":{"line":60,"column":8},"end":{"line":63,"column":9}},"9":{"start":{"line":62,"column":12},"end":{"line":62,"column":85}},"10":{"start":{"line":64,"column":25},"end":{"line":64,"column":75}},"11":{"start":{"line":64,"column":56},"end":{"line":64,"column":74}},"12":{"start":{"line":65,"column":8},"end":{"line":72,"column":9}},"13":{"start":{"line":66,"column":12},"end":{"line":68,"column":13}},"14":{"start":{"line":67,"column":16},"end":{"line":67,"column":80}},"15":{"start":{"line":69,"column":12},"end":{"line":69,"column":42}},"16":{"start":{"line":71,"column":12},"end":{"line":71,"column":64}},"17":{"start":{"line":81,"column":8},"end":{"line":83,"column":9}},"18":{"start":{"line":82,"column":12},"end":{"line":82,"column":85}},"19":{"start":{"line":84,"column":25},"end":{"line":84,"column":75}},"20":{"start":{"line":84,"column":56},"end":{"line":84,"column":74}},"21":{"start":{"line":85,"column":8},"end":{"line":88,"column":9}},"22":{"start":{"line":87,"column":12},"end":{"line":87,"column":62}},"23":{"start":{"line":89,"column":8},"end":{"line":91,"column":9}},"24":{"start":{"line":90,"column":12},"end":{"line":90,"column":76}},"25":{"start":{"line":92,"column":8},"end":{"line":92,"column":38}},"26":{"start":{"line":100,"column":21},"end":{"line":100,"column":23}},"27":{"start":{"line":101,"column":8},"end":{"line":103,"column":9}},"28":{"start":{"line":102,"column":12},"end":{"line":102,"column":73}},"29":{"start":{"line":104,"column":8},"end":{"line":108,"column":9}},"30":{"start":{"line":105,"column":12},"end":{"line":105,"column":46}},"31":{"start":{"line":107,"column":12},"end":{"line":107,"column":46}},"32":{"start":{"line":118,"column":18},"end":{"line":118,"column":20}},"33":{"start":{"line":119,"column":8},"end":{"line":119,"column":54}},"34":{"start":{"line":119,"column":35},"end":{"line":119,"column":52}},"35":{"start":{"line":120,"column":8},"end":{"line":120,"column":19}},"36":{"start":{"line":124,"column":8},"end":{"line":126,"column":9}},"37":{"start":{"line":125,"column":12},"end":{"line":125,"column":64}},"38":{"start":{"line":127,"column":8},"end":{"line":127,"column":32}},"39":{"start":{"line":131,"column":8},"end":{"line":131,"column":26}},"40":{"start":{"line":135,"column":8},"end":{"line":135,"column":33}},"41":{"start":{"line":139,"column":8},"end":{"line":139,"column":33}},"42":{"start":{"line":143,"column":20},"end":{"line":143,"column":22}},"43":{"start":{"line":144,"column":8},"end":{"line":144,"column":58}},"44":{"start":{"line":144,"column":37},"end":{"line":144,"column":56}},"45":{"start":{"line":145,"column":8},"end":{"line":145,"column":21}},"46":{"start":{"line":151,"column":8},"end":{"line":151,"column":49}},"47":{"start":{"line":155,"column":8},"end":{"line":155,"column":49}},"48":{"start":{"line":165,"column":20},"end":{"line":165,"column":22}},"49":{"start":{"line":166,"column":8},"end":{"line":173,"column":9}},"50":{"start":{"line":167,"column":12},"end":{"line":172,"column":13}},"51":{"start":{"line":168,"column":16},"end":{"line":168,"column":36}},"52":{"start":{"line":169,"column":19},"end":{"line":172,"column":13}},"53":{"start":{"line":171,"column":16},"end":{"line":171,"column":36}},"54":{"start":{"line":174,"column":8},"end":{"line":174,"column":21}},"55":{"start":{"line":184,"column":20},"end":{"line":184,"column":60}},"56":{"start":{"line":185,"column":8},"end":{"line":187,"column":9}},"57":{"start":{"line":186,"column":12},"end":{"line":186,"column":31}},"58":{"start":{"line":188,"column":8},"end":{"line":188,"column":20}},"59":{"start":{"line":200,"column":8},"end":{"line":200,"column":40}},"60":{"start":{"line":201,"column":8},"end":{"line":201,"column":41}},"61":{"start":{"line":202,"column":19},"end":{"line":202,"column":23}},"62":{"start":{"line":203,"column":19},"end":{"line":203,"column":23}},"63":{"start":{"line":204,"column":8},"end":{"line":212,"column":9}},"64":{"start":{"line":205,"column":12},"end":{"line":205,"column":24}},"65":{"start":{"line":206,"column":12},"end":{"line":206,"column":24}},"66":{"start":{"line":207,"column":15},"end":{"line":212,"column":9}},"67":{"start":{"line":208,"column":12},"end":{"line":208,"column":24}},"68":{"start":{"line":209,"column":12},"end":{"line":209,"column":24}},"69":{"start":{"line":211,"column":12},"end":{"line":211,"column":83}},"70":{"start":{"line":213,"column":8},"end":{"line":221,"column":9}},"71":{"start":{"line":214,"column":12},"end":{"line":214,"column":31}},"72":{"start":{"line":216,"column":13},"end":{"line":221,"column":9}},"73":{"start":{"line":217,"column":12},"end":{"line":217,"column":31}},"74":{"start":{"line":220,"column":12},"end":{"line":220,"column":87}},"75":{"start":{"line":231,"column":28},"end":{"line":231,"column":30}},"76":{"start":{"line":232,"column":8},"end":{"line":236,"column":10}},"77":{"start":{"line":233,"column":12},"end":{"line":235,"column":13}},"78":{"start":{"line":234,"column":16},"end":{"line":234,"column":44}},"79":{"start":{"line":237,"column":8},"end":{"line":237,"column":29}},"80":{"start":{"line":246,"column":8},"end":{"line":248,"column":9}},"81":{"start":{"line":247,"column":12},"end":{"line":247,"column":41}},"82":{"start":{"line":249,"column":20},"end":{"line":249,"column":22}},"83":{"start":{"line":250,"column":8},"end":{"line":256,"column":9}},"84":{"start":{"line":251,"column":12},"end":{"line":255,"column":13}},"85":{"start":{"line":252,"column":16},"end":{"line":254,"column":17}},"86":{"start":{"line":253,"column":20},"end":{"line":253,"column":39}},"87":{"start":{"line":257,"column":8},"end":{"line":257,"column":21}},"88":{"start":{"line":266,"column":8},"end":{"line":268,"column":9}},"89":{"start":{"line":267,"column":12},"end":{"line":267,"column":41}},"90":{"start":{"line":270,"column":20},"end":{"line":270,"column":22}},"91":{"start":{"line":271,"column":8},"end":{"line":277,"column":9}},"92":{"start":{"line":272,"column":12},"end":{"line":276,"column":13}},"93":{"start":{"line":273,"column":16},"end":{"line":275,"column":17}},"94":{"start":{"line":274,"column":20},"end":{"line":274,"column":39}},"95":{"start":{"line":278,"column":8},"end":{"line":278,"column":21}},"96":{"start":{"line":287,"column":22},"end":{"line":287,"column":43}},"97":{"start":{"line":289,"column":20},"end":{"line":289,"column":22}},"98":{"start":{"line":290,"column":8},"end":{"line":295,"column":9}},"99":{"start":{"line":291,"column":24},"end":{"line":291,"column":48}},"100":{"start":{"line":292,"column":12},"end":{"line":294,"column":13}},"101":{"start":{"line":293,"column":16},"end":{"line":293,"column":34}},"102":{"start":{"line":296,"column":8},"end":{"line":296,"column":21}},"103":{"start":{"line":305,"column":22},"end":{"line":305,"column":43}},"104":{"start":{"line":307,"column":20},"end":{"line":307,"column":22}},"105":{"start":{"line":308,"column":8},"end":{"line":313,"column":9}},"106":{"start":{"line":309,"column":24},"end":{"line":309,"column":48}},"107":{"start":{"line":310,"column":12},"end":{"line":312,"column":13}},"108":{"start":{"line":311,"column":16},"end":{"line":311,"column":34}},"109":{"start":{"line":314,"column":8},"end":{"line":314,"column":21}},"110":{"start":{"line":323,"column":22},"end":{"line":323,"column":43}},"111":{"start":{"line":324,"column":20},"end":{"line":324,"column":22}},"112":{"start":{"line":325,"column":8},"end":{"line":330,"column":9}},"113":{"start":{"line":326,"column":24},"end":{"line":326,"column":50}},"114":{"start":{"line":327,"column":12},"end":{"line":329,"column":13}},"115":{"start":{"line":328,"column":16},"end":{"line":328,"column":34}},"116":{"start":{"line":331,"column":8},"end":{"line":331,"column":21}},"117":{"start":{"line":336,"column":8},"end":{"line":336,"column":56}},"118":{"start":{"line":340,"column":8},"end":{"line":340,"column":57}},"119":{"start":{"line":344,"column":8},"end":{"line":344,"column":49}},"120":{"start":{"line":348,"column":8},"end":{"line":348,"column":56}},"121":{"start":{"line":348,"column":35},"end":{"line":348,"column":54}},"122":{"start":{"line":354,"column":8},"end":{"line":354,"column":58}},"123":{"start":{"line":358,"column":8},"end":{"line":358,"column":59}},"124":{"start":{"line":362,"column":8},"end":{"line":362,"column":51}},"125":{"start":{"line":366,"column":8},"end":{"line":366,"column":70}},"126":{"start":{"line":366,"column":44},"end":{"line":366,"column":68}},"127":{"start":{"line":370,"column":8},"end":{"line":372,"column":11}},"128":{"start":{"line":371,"column":12},"end":{"line":371,"column":37}},"129":{"start":{"line":378,"column":8},"end":{"line":378,"column":59}},"130":{"start":{"line":382,"column":8},"end":{"line":382,"column":53}},"131":{"start":{"line":386,"column":8},"end":{"line":386,"column":49}},"132":{"start":{"line":390,"column":8},"end":{"line":390,"column":63}},"133":{"start":{"line":394,"column":8},"end":{"line":396,"column":11}},"134":{"start":{"line":395,"column":12},"end":{"line":395,"column":35}},"135":{"start":{"line":400,"column":8},"end":{"line":400,"column":30}},"136":{"start":{"line":401,"column":8},"end":{"line":401,"column":68}},"137":{"start":{"line":401,"column":44},"end":{"line":401,"column":66}},"138":{"start":{"line":407,"column":8},"end":{"line":407,"column":54}},"139":{"start":{"line":411,"column":8},"end":{"line":411,"column":50}},"140":{"start":{"line":415,"column":8},"end":{"line":415,"column":45}},"141":{"start":{"line":419,"column":8},"end":{"line":419,"column":103}},"142":{"start":{"line":423,"column":8},"end":{"line":423,"column":68}},"143":{"start":{"line":423,"column":44},"end":{"line":423,"column":66}},"144":{"start":{"line":427,"column":8},"end":{"line":427,"column":67}},"145":{"start":{"line":427,"column":44},"end":{"line":427,"column":65}},"146":{"start":{"line":435,"column":8},"end":{"line":435,"column":48}},"147":{"start":{"line":439,"column":8},"end":{"line":439,"column":58}},"148":{"start":{"line":443,"column":8},"end":{"line":443,"column":55}},"149":{"start":{"line":447,"column":8},"end":{"line":447,"column":53}},"150":{"start":{"line":451,"column":8},"end":{"line":451,"column":56}},"151":{"start":{"line":451,"column":37},"end":{"line":451,"column":54}},"152":{"start":{"line":456,"column":8},"end":{"line":456,"column":54}},"153":{"start":{"line":460,"column":8},"end":{"line":460,"column":64}},"154":{"start":{"line":464,"column":8},"end":{"line":464,"column":61}},"155":{"start":{"line":468,"column":8},"end":{"line":468,"column":62}},"156":{"start":{"line":468,"column":37},"end":{"line":468,"column":60}},"157":{"start":{"line":472,"column":8},"end":{"line":472,"column":59}},"158":{"start":{"line":477,"column":8},"end":{"line":477,"column":68}},"159":{"start":{"line":477,"column":37},"end":{"line":477,"column":66}},"160":{"start":{"line":481,"column":8},"end":{"line":481,"column":60}},"161":{"start":{"line":485,"column":8},"end":{"line":485,"column":72}},"162":{"start":{"line":489,"column":8},"end":{"line":489,"column":65}},"163":{"start":{"line":493,"column":8},"end":{"line":493,"column":67}},"164":{"start":{"line":498,"column":8},"end":{"line":498,"column":45}},"165":{"start":{"line":502,"column":8},"end":{"line":504,"column":9}},"166":{"start":{"line":503,"column":12},"end":{"line":503,"column":59}},"167":{"start":{"line":505,"column":8},"end":{"line":505,"column":46}},"168":{"start":{"line":509,"column":8},"end":{"line":509,"column":50}},"169":{"start":{"line":513,"column":8},"end":{"line":513,"column":59}},"170":{"start":{"line":517,"column":8},"end":{"line":517,"column":59}},"171":{"start":{"line":517,"column":35},"end":{"line":517,"column":57}},"172":{"start":{"line":521,"column":8},"end":{"line":521,"column":47}},"173":{"start":{"line":524,"column":8},"end":{"line":524,"column":55}},"174":{"start":{"line":527,"column":8},"end":{"line":527,"column":53}},"175":{"start":{"line":531,"column":8},"end":{"line":531,"column":45}},"176":{"start":{"line":534,"column":8},"end":{"line":534,"column":55}},"177":{"start":{"line":534,"column":37},"end":{"line":534,"column":53}},"178":{"start":{"line":540,"column":8},"end":{"line":542,"column":9}},"179":{"start":{"line":541,"column":12},"end":{"line":541,"column":55}},"180":{"start":{"line":543,"column":8},"end":{"line":543,"column":48}},"181":{"start":{"line":547,"column":8},"end":{"line":547,"column":51}},"182":{"start":{"line":551,"column":8},"end":{"line":551,"column":46}},"183":{"start":{"line":555,"column":8},"end":{"line":555,"column":105}},"184":{"start":{"line":559,"column":8},"end":{"line":559,"column":60}},"185":{"start":{"line":559,"column":35},"end":{"line":559,"column":58}},"186":{"start":{"line":563,"column":8},"end":{"line":563,"column":60}},"187":{"start":{"line":563,"column":35},"end":{"line":563,"column":58}},"188":{"start":{"line":568,"column":8},"end":{"line":568,"column":31}},"189":{"start":{"line":577,"column":8},"end":{"line":577,"column":52}},"190":{"start":{"line":585,"column":8},"end":{"line":585,"column":53}},"191":{"start":{"line":586,"column":8},"end":{"line":599,"column":10}},"192":{"start":{"line":587,"column":12},"end":{"line":598,"column":13}},"193":{"start":{"line":589,"column":16},"end":{"line":591,"column":17}},"194":{"start":{"line":590,"column":20},"end":{"line":590,"column":43}},"195":{"start":{"line":593,"column":17},"end":{"line":598,"column":13}},"196":{"start":{"line":595,"column":16},"end":{"line":597,"column":17}},"197":{"start":{"line":596,"column":20},"end":{"line":596,"column":43}},"198":{"start":{"line":607,"column":8},"end":{"line":607,"column":66}},"199":{"start":{"line":607,"column":37},"end":{"line":607,"column":64}},"200":{"start":{"line":611,"column":8},"end":{"line":611,"column":58}},"201":{"start":{"line":615,"column":8},"end":{"line":615,"column":66}},"202":{"start":{"line":615,"column":37},"end":{"line":615,"column":64}},"203":{"start":{"line":619,"column":8},"end":{"line":619,"column":63}},"204":{"start":{"line":619,"column":35},"end":{"line":619,"column":61}},"205":{"start":{"line":623,"column":8},"end":{"line":623,"column":64}},"206":{"start":{"line":623,"column":35},"end":{"line":623,"column":62}},"207":{"start":{"line":628,"column":8},"end":{"line":628,"column":52}},"208":{"start":{"line":629,"column":8},"end":{"line":629,"column":60}},"209":{"start":{"line":633,"column":8},"end":{"line":633,"column":53}},"210":{"start":{"line":634,"column":8},"end":{"line":634,"column":61}},"211":{"start":{"line":638,"column":8},"end":{"line":638,"column":58}},"212":{"start":{"line":642,"column":8},"end":{"line":642,"column":64}},"213":{"start":{"line":642,"column":35},"end":{"line":642,"column":62}},"214":{"start":{"line":646,"column":8},"end":{"line":646,"column":59}},"215":{"start":{"line":650,"column":8},"end":{"line":650,"column":65}},"216":{"start":{"line":650,"column":35},"end":{"line":650,"column":63}},"217":{"start":{"line":654,"column":21},"end":{"line":654,"column":47}},"218":{"start":{"line":655,"column":8},"end":{"line":655,"column":35}},"219":{"start":{"line":659,"column":21},"end":{"line":659,"column":47}},"220":{"start":{"line":660,"column":8},"end":{"line":660,"column":36}},"221":{"start":{"line":664,"column":8},"end":{"line":664,"column":63}},"222":{"start":{"line":664,"column":35},"end":{"line":664,"column":61}},"223":{"start":{"line":668,"column":8},"end":{"line":668,"column":64}},"224":{"start":{"line":668,"column":35},"end":{"line":668,"column":62}},"225":{"start":{"line":672,"column":8},"end":{"line":674,"column":9}},"226":{"start":{"line":673,"column":12},"end":{"line":673,"column":64}},"227":{"start":{"line":676,"column":8},"end":{"line":676,"column":84}},"228":{"start":{"line":677,"column":8},"end":{"line":677,"column":84}},"229":{"start":{"line":681,"column":8},"end":{"line":681,"column":50}},"230":{"start":{"line":682,"column":8},"end":{"line":682,"column":50}},"231":{"start":{"line":690,"column":8},"end":{"line":690,"column":25}},"232":{"start":{"line":698,"column":8},"end":{"line":698,"column":25}}},"fnMap":{"0":{"name":"(anonymous_0)","decl":{"start":{"line":22,"column":4},"end":{"line":22,"column":5}},"loc":{"start":{"line":22,"column":63},"end":{"line":29,"column":5}},"line":22},"1":{"name":"(anonymous_1)","decl":{"start":{"line":39,"column":4},"end":{"line":39,"column":5}},"loc":{"start":{"line":39,"column":33},"end":{"line":53,"column":5}},"line":39},"2":{"name":"(anonymous_2)","decl":{"start":{"line":59,"column":4},"end":{"line":59,"column":5}},"loc":{"start":{"line":59,"column":26},"end":{"line":73,"column":5}},"line":59},"3":{"name":"(anonymous_3)","decl":{"start":{"line":64,"column":46},"end":{"line":64,"column":47}},"loc":{"start":{"line":64,"column":56},"end":{"line":64,"column":74}},"line":64},"4":{"name":"(anonymous_4)","decl":{"start":{"line":80,"column":4},"end":{"line":80,"column":5}},"loc":{"start":{"line":80,"column":26},"end":{"line":93,"column":5}},"line":80},"5":{"name":"(anonymous_5)","decl":{"start":{"line":84,"column":46},"end":{"line":84,"column":47}},"loc":{"start":{"line":84,"column":56},"end":{"line":84,"column":74}},"line":84},"6":{"name":"(anonymous_6)","decl":{"start":{"line":99,"column":4},"end":{"line":99,"column":5}},"loc":{"start":{"line":99,"column":23},"end":{"line":109,"column":5}},"line":99},"7":{"name":"(anonymous_7)","decl":{"start":{"line":117,"column":4},"end":{"line":117,"column":5}},"loc":{"start":{"line":117,"column":15},"end":{"line":121,"column":5}},"line":117},"8":{"name":"(anonymous_8)","decl":{"start":{"line":119,"column":27},"end":{"line":119,"column":28}},"loc":{"start":{"line":119,"column":35},"end":{"line":119,"column":52}},"line":119},"9":{"name":"(anonymous_9)","decl":{"start":{"line":123,"column":4},"end":{"line":123,"column":5}},"loc":{"start":{"line":123,"column":24},"end":{"line":128,"column":5}},"line":123},"10":{"name":"(anonymous_10)","decl":{"start":{"line":130,"column":4},"end":{"line":130,"column":5}},"loc":{"start":{"line":130,"column":15},"end":{"line":132,"column":5}},"line":130},"11":{"name":"(anonymous_11)","decl":{"start":{"line":134,"column":4},"end":{"line":134,"column":5}},"loc":{"start":{"line":134,"column":23},"end":{"line":136,"column":5}},"line":134},"12":{"name":"(anonymous_12)","decl":{"start":{"line":138,"column":4},"end":{"line":138,"column":5}},"loc":{"start":{"line":138,"column":23},"end":{"line":140,"column":5}},"line":138},"13":{"name":"(anonymous_13)","decl":{"start":{"line":142,"column":4},"end":{"line":142,"column":5}},"loc":{"start":{"line":142,"column":17},"end":{"line":146,"column":5}},"line":142},"14":{"name":"(anonymous_14)","decl":{"start":{"line":144,"column":27},"end":{"line":144,"column":28}},"loc":{"start":{"line":144,"column":37},"end":{"line":144,"column":56}},"line":144},"15":{"name":"(anonymous_15)","decl":{"start":{"line":150,"column":4},"end":{"line":150,"column":5}},"loc":{"start":{"line":150,"column":19},"end":{"line":152,"column":5}},"line":150},"16":{"name":"(anonymous_16)","decl":{"start":{"line":154,"column":4},"end":{"line":154,"column":5}},"loc":{"start":{"line":154,"column":19},"end":{"line":156,"column":5}},"line":154},"17":{"name":"(anonymous_17)","decl":{"start":{"line":164,"column":4},"end":{"line":164,"column":5}},"loc":{"start":{"line":164,"column":40},"end":{"line":175,"column":5}},"line":164},"18":{"name":"(anonymous_18)","decl":{"start":{"line":183,"column":4},"end":{"line":183,"column":5}},"loc":{"start":{"line":183,"column":39},"end":{"line":189,"column":5}},"line":183},"19":{"name":"(anonymous_19)","decl":{"start":{"line":199,"column":4},"end":{"line":199,"column":5}},"loc":{"start":{"line":199,"column":22},"end":{"line":222,"column":5}},"line":199},"20":{"name":"(anonymous_20)","decl":{"start":{"line":230,"column":4},"end":{"line":230,"column":5}},"loc":{"start":{"line":230,"column":21},"end":{"line":238,"column":5}},"line":230},"21":{"name":"(anonymous_21)","decl":{"start":{"line":232,"column":27},"end":{"line":232,"column":28}},"loc":{"start":{"line":232,"column":37},"end":{"line":236,"column":9}},"line":232},"22":{"name":"(anonymous_22)","decl":{"start":{"line":245,"column":4},"end":{"line":245,"column":5}},"loc":{"start":{"line":245,"column":21},"end":{"line":258,"column":5}},"line":245},"23":{"name":"(anonymous_23)","decl":{"start":{"line":265,"column":4},"end":{"line":265,"column":5}},"loc":{"start":{"line":265,"column":21},"end":{"line":279,"column":5}},"line":265},"24":{"name":"(anonymous_24)","decl":{"start":{"line":286,"column":4},"end":{"line":286,"column":5}},"loc":{"start":{"line":286,"column":26},"end":{"line":297,"column":5}},"line":286},"25":{"name":"(anonymous_25)","decl":{"start":{"line":304,"column":4},"end":{"line":304,"column":5}},"loc":{"start":{"line":304,"column":26},"end":{"line":315,"column":5}},"line":304},"26":{"name":"(anonymous_26)","decl":{"start":{"line":322,"column":4},"end":{"line":322,"column":5}},"loc":{"start":{"line":322,"column":26},"end":{"line":332,"column":5}},"line":322},"27":{"name":"(anonymous_27)","decl":{"start":{"line":335,"column":4},"end":{"line":335,"column":5}},"loc":{"start":{"line":335,"column":17},"end":{"line":337,"column":5}},"line":335},"28":{"name":"(anonymous_28)","decl":{"start":{"line":339,"column":4},"end":{"line":339,"column":5}},"loc":{"start":{"line":339,"column":19},"end":{"line":341,"column":5}},"line":339},"29":{"name":"(anonymous_29)","decl":{"start":{"line":343,"column":4},"end":{"line":343,"column":5}},"loc":{"start":{"line":343,"column":19},"end":{"line":345,"column":5}},"line":343},"30":{"name":"(anonymous_30)","decl":{"start":{"line":347,"column":4},"end":{"line":347,"column":5}},"loc":{"start":{"line":347,"column":21},"end":{"line":349,"column":5}},"line":347},"31":{"name":"(anonymous_31)","decl":{"start":{"line":348,"column":27},"end":{"line":348,"column":28}},"loc":{"start":{"line":348,"column":35},"end":{"line":348,"column":54}},"line":348},"32":{"name":"(anonymous_32)","decl":{"start":{"line":353,"column":4},"end":{"line":353,"column":5}},"loc":{"start":{"line":353,"column":18},"end":{"line":355,"column":5}},"line":353},"33":{"name":"(anonymous_33)","decl":{"start":{"line":357,"column":4},"end":{"line":357,"column":5}},"loc":{"start":{"line":357,"column":20},"end":{"line":359,"column":5}},"line":357},"34":{"name":"(anonymous_34)","decl":{"start":{"line":361,"column":4},"end":{"line":361,"column":5}},"loc":{"start":{"line":361,"column":20},"end":{"line":363,"column":5}},"line":361},"35":{"name":"(anonymous_35)","decl":{"start":{"line":365,"column":4},"end":{"line":365,"column":5}},"loc":{"start":{"line":365,"column":26},"end":{"line":367,"column":5}},"line":365},"36":{"name":"(anonymous_36)","decl":{"start":{"line":366,"column":34},"end":{"line":366,"column":35}},"loc":{"start":{"line":366,"column":44},"end":{"line":366,"column":68}},"line":366},"37":{"name":"(anonymous_37)","decl":{"start":{"line":369,"column":4},"end":{"line":369,"column":5}},"loc":{"start":{"line":369,"column":26},"end":{"line":373,"column":5}},"line":369},"38":{"name":"(anonymous_38)","decl":{"start":{"line":370,"column":27},"end":{"line":370,"column":28}},"loc":{"start":{"line":370,"column":37},"end":{"line":372,"column":9}},"line":370},"39":{"name":"(anonymous_39)","decl":{"start":{"line":377,"column":4},"end":{"line":377,"column":5}},"loc":{"start":{"line":377,"column":25},"end":{"line":379,"column":5}},"line":377},"40":{"name":"(anonymous_40)","decl":{"start":{"line":381,"column":4},"end":{"line":381,"column":5}},"loc":{"start":{"line":381,"column":20},"end":{"line":383,"column":5}},"line":381},"41":{"name":"(anonymous_41)","decl":{"start":{"line":385,"column":4},"end":{"line":385,"column":5}},"loc":{"start":{"line":385,"column":21},"end":{"line":387,"column":5}},"line":385},"42":{"name":"(anonymous_42)","decl":{"start":{"line":389,"column":4},"end":{"line":389,"column":5}},"loc":{"start":{"line":389,"column":21},"end":{"line":391,"column":5}},"line":389},"43":{"name":"(anonymous_43)","decl":{"start":{"line":393,"column":4},"end":{"line":393,"column":5}},"loc":{"start":{"line":393,"column":22},"end":{"line":397,"column":5}},"line":393},"44":{"name":"(anonymous_44)","decl":{"start":{"line":394,"column":27},"end":{"line":394,"column":28}},"loc":{"start":{"line":394,"column":37},"end":{"line":396,"column":9}},"line":394},"45":{"name":"(anonymous_45)","decl":{"start":{"line":399,"column":4},"end":{"line":399,"column":5}},"loc":{"start":{"line":399,"column":22},"end":{"line":402,"column":5}},"line":399},"46":{"name":"(anonymous_46)","decl":{"start":{"line":401,"column":34},"end":{"line":401,"column":35}},"loc":{"start":{"line":401,"column":44},"end":{"line":401,"column":66}},"line":401},"47":{"name":"(anonymous_47)","decl":{"start":{"line":406,"column":4},"end":{"line":406,"column":5}},"loc":{"start":{"line":406,"column":21},"end":{"line":408,"column":5}},"line":406},"48":{"name":"(anonymous_48)","decl":{"start":{"line":410,"column":4},"end":{"line":410,"column":5}},"loc":{"start":{"line":410,"column":16},"end":{"line":412,"column":5}},"line":410},"49":{"name":"(anonymous_49)","decl":{"start":{"line":414,"column":4},"end":{"line":414,"column":5}},"loc":{"start":{"line":414,"column":17},"end":{"line":416,"column":5}},"line":414},"50":{"name":"(anonymous_50)","decl":{"start":{"line":418,"column":4},"end":{"line":418,"column":5}},"loc":{"start":{"line":418,"column":17},"end":{"line":420,"column":5}},"line":418},"51":{"name":"(anonymous_51)","decl":{"start":{"line":422,"column":4},"end":{"line":422,"column":5}},"loc":{"start":{"line":422,"column":22},"end":{"line":424,"column":5}},"line":422},"52":{"name":"(anonymous_52)","decl":{"start":{"line":423,"column":34},"end":{"line":423,"column":35}},"loc":{"start":{"line":423,"column":44},"end":{"line":423,"column":66}},"line":423},"53":{"name":"(anonymous_53)","decl":{"start":{"line":426,"column":4},"end":{"line":426,"column":5}},"loc":{"start":{"line":426,"column":22},"end":{"line":428,"column":5}},"line":426},"54":{"name":"(anonymous_54)","decl":{"start":{"line":427,"column":34},"end":{"line":427,"column":35}},"loc":{"start":{"line":427,"column":44},"end":{"line":427,"column":65}},"line":427},"55":{"name":"(anonymous_55)","decl":{"start":{"line":434,"column":4},"end":{"line":434,"column":5}},"loc":{"start":{"line":434,"column":18},"end":{"line":436,"column":5}},"line":434},"56":{"name":"(anonymous_56)","decl":{"start":{"line":438,"column":4},"end":{"line":438,"column":5}},"loc":{"start":{"line":438,"column":28},"end":{"line":440,"column":5}},"line":438},"57":{"name":"(anonymous_57)","decl":{"start":{"line":442,"column":4},"end":{"line":442,"column":5}},"loc":{"start":{"line":442,"column":23},"end":{"line":444,"column":5}},"line":442},"58":{"name":"(anonymous_58)","decl":{"start":{"line":446,"column":4},"end":{"line":446,"column":5}},"loc":{"start":{"line":446,"column":21},"end":{"line":448,"column":5}},"line":446},"59":{"name":"(anonymous_59)","decl":{"start":{"line":450,"column":4},"end":{"line":450,"column":5}},"loc":{"start":{"line":450,"column":22},"end":{"line":452,"column":5}},"line":450},"60":{"name":"(anonymous_60)","decl":{"start":{"line":451,"column":27},"end":{"line":451,"column":28}},"loc":{"start":{"line":451,"column":37},"end":{"line":451,"column":54}},"line":451},"61":{"name":"(anonymous_61)","decl":{"start":{"line":455,"column":4},"end":{"line":455,"column":5}},"loc":{"start":{"line":455,"column":24},"end":{"line":457,"column":5}},"line":455},"62":{"name":"(anonymous_62)","decl":{"start":{"line":459,"column":4},"end":{"line":459,"column":5}},"loc":{"start":{"line":459,"column":34},"end":{"line":461,"column":5}},"line":459},"63":{"name":"(anonymous_63)","decl":{"start":{"line":463,"column":4},"end":{"line":463,"column":5}},"loc":{"start":{"line":463,"column":29},"end":{"line":465,"column":5}},"line":463},"64":{"name":"(anonymous_64)","decl":{"start":{"line":467,"column":4},"end":{"line":467,"column":5}},"loc":{"start":{"line":467,"column":27},"end":{"line":469,"column":5}},"line":467},"65":{"name":"(anonymous_65)","decl":{"start":{"line":468,"column":27},"end":{"line":468,"column":28}},"loc":{"start":{"line":468,"column":37},"end":{"line":468,"column":60}},"line":468},"66":{"name":"(anonymous_66)","decl":{"start":{"line":471,"column":4},"end":{"line":471,"column":5}},"loc":{"start":{"line":471,"column":27},"end":{"line":473,"column":5}},"line":471},"67":{"name":"(anonymous_67)","decl":{"start":{"line":476,"column":4},"end":{"line":476,"column":5}},"loc":{"start":{"line":476,"column":33},"end":{"line":478,"column":5}},"line":476},"68":{"name":"(anonymous_68)","decl":{"start":{"line":477,"column":27},"end":{"line":477,"column":28}},"loc":{"start":{"line":477,"column":37},"end":{"line":477,"column":66}},"line":477},"69":{"name":"(anonymous_69)","decl":{"start":{"line":480,"column":4},"end":{"line":480,"column":5}},"loc":{"start":{"line":480,"column":30},"end":{"line":482,"column":5}},"line":480},"70":{"name":"(anonymous_70)","decl":{"start":{"line":484,"column":4},"end":{"line":484,"column":5}},"loc":{"start":{"line":484,"column":42},"end":{"line":486,"column":5}},"line":484},"71":{"name":"(anonymous_71)","decl":{"start":{"line":488,"column":4},"end":{"line":488,"column":5}},"loc":{"start":{"line":488,"column":33},"end":{"line":490,"column":5}},"line":488},"72":{"name":"(anonymous_72)","decl":{"start":{"line":492,"column":4},"end":{"line":492,"column":5}},"loc":{"start":{"line":492,"column":35},"end":{"line":494,"column":5}},"line":492},"73":{"name":"(anonymous_73)","decl":{"start":{"line":497,"column":4},"end":{"line":497,"column":5}},"loc":{"start":{"line":497,"column":18},"end":{"line":499,"column":5}},"line":497},"74":{"name":"(anonymous_74)","decl":{"start":{"line":501,"column":4},"end":{"line":501,"column":5}},"loc":{"start":{"line":501,"column":28},"end":{"line":506,"column":5}},"line":501},"75":{"name":"(anonymous_75)","decl":{"start":{"line":508,"column":4},"end":{"line":508,"column":5}},"loc":{"start":{"line":508,"column":23},"end":{"line":510,"column":5}},"line":508},"76":{"name":"(anonymous_76)","decl":{"start":{"line":512,"column":4},"end":{"line":512,"column":5}},"loc":{"start":{"line":512,"column":21},"end":{"line":514,"column":5}},"line":512},"77":{"name":"(anonymous_77)","decl":{"start":{"line":516,"column":4},"end":{"line":516,"column":5}},"loc":{"start":{"line":516,"column":25},"end":{"line":518,"column":5}},"line":516},"78":{"name":"(anonymous_78)","decl":{"start":{"line":517,"column":27},"end":{"line":517,"column":28}},"loc":{"start":{"line":517,"column":35},"end":{"line":517,"column":57}},"line":517},"79":{"name":"(anonymous_79)","decl":{"start":{"line":520,"column":4},"end":{"line":520,"column":5}},"loc":{"start":{"line":520,"column":17},"end":{"line":522,"column":5}},"line":520},"80":{"name":"(anonymous_80)","decl":{"start":{"line":523,"column":4},"end":{"line":523,"column":5}},"loc":{"start":{"line":523,"column":26},"end":{"line":525,"column":5}},"line":523},"81":{"name":"(anonymous_81)","decl":{"start":{"line":526,"column":4},"end":{"line":526,"column":5}},"loc":{"start":{"line":526,"column":22},"end":{"line":528,"column":5}},"line":526},"82":{"name":"(anonymous_82)","decl":{"start":{"line":530,"column":4},"end":{"line":530,"column":5}},"loc":{"start":{"line":530,"column":20},"end":{"line":532,"column":5}},"line":530},"83":{"name":"(anonymous_83)","decl":{"start":{"line":533,"column":4},"end":{"line":533,"column":5}},"loc":{"start":{"line":533,"column":21},"end":{"line":535,"column":5}},"line":533},"84":{"name":"(anonymous_84)","decl":{"start":{"line":534,"column":27},"end":{"line":534,"column":28}},"loc":{"start":{"line":534,"column":37},"end":{"line":534,"column":53}},"line":534},"85":{"name":"(anonymous_85)","decl":{"start":{"line":539,"column":4},"end":{"line":539,"column":5}},"loc":{"start":{"line":539,"column":26},"end":{"line":544,"column":5}},"line":539},"86":{"name":"(anonymous_86)","decl":{"start":{"line":546,"column":4},"end":{"line":546,"column":5}},"loc":{"start":{"line":546,"column":20},"end":{"line":548,"column":5}},"line":546},"87":{"name":"(anonymous_87)","decl":{"start":{"line":550,"column":4},"end":{"line":550,"column":5}},"loc":{"start":{"line":550,"column":15},"end":{"line":552,"column":5}},"line":550},"88":{"name":"(anonymous_88)","decl":{"start":{"line":554,"column":4},"end":{"line":554,"column":5}},"loc":{"start":{"line":554,"column":18},"end":{"line":556,"column":5}},"line":554},"89":{"name":"(anonymous_89)","decl":{"start":{"line":558,"column":4},"end":{"line":558,"column":5}},"loc":{"start":{"line":558,"column":23},"end":{"line":560,"column":5}},"line":558},"90":{"name":"(anonymous_90)","decl":{"start":{"line":559,"column":27},"end":{"line":559,"column":28}},"loc":{"start":{"line":559,"column":35},"end":{"line":559,"column":58}},"line":559},"91":{"name":"(anonymous_91)","decl":{"start":{"line":562,"column":4},"end":{"line":562,"column":5}},"loc":{"start":{"line":562,"column":23},"end":{"line":564,"column":5}},"line":562},"92":{"name":"(anonymous_92)","decl":{"start":{"line":563,"column":27},"end":{"line":563,"column":28}},"loc":{"start":{"line":563,"column":35},"end":{"line":563,"column":58}},"line":563},"93":{"name":"(anonymous_93)","decl":{"start":{"line":567,"column":4},"end":{"line":567,"column":5}},"loc":{"start":{"line":567,"column":21},"end":{"line":569,"column":5}},"line":567},"94":{"name":"(anonymous_94)","decl":{"start":{"line":576,"column":4},"end":{"line":576,"column":5}},"loc":{"start":{"line":576,"column":21},"end":{"line":578,"column":5}},"line":576},"95":{"name":"(anonymous_95)","decl":{"start":{"line":584,"column":4},"end":{"line":584,"column":5}},"loc":{"start":{"line":584,"column":21},"end":{"line":601,"column":5}},"line":584},"96":{"name":"(anonymous_96)","decl":{"start":{"line":586,"column":27},"end":{"line":586,"column":28}},"loc":{"start":{"line":586,"column":35},"end":{"line":599,"column":9}},"line":586},"97":{"name":"(anonymous_97)","decl":{"start":{"line":606,"column":4},"end":{"line":606,"column":5}},"loc":{"start":{"line":606,"column":25},"end":{"line":608,"column":5}},"line":606},"98":{"name":"(anonymous_98)","decl":{"start":{"line":607,"column":27},"end":{"line":607,"column":28}},"loc":{"start":{"line":607,"column":37},"end":{"line":607,"column":64}},"line":607},"99":{"name":"(anonymous_99)","decl":{"start":{"line":610,"column":4},"end":{"line":610,"column":5}},"loc":{"start":{"line":610,"column":27},"end":{"line":612,"column":5}},"line":610},"100":{"name":"(anonymous_100)","decl":{"start":{"line":614,"column":4},"end":{"line":614,"column":5}},"loc":{"start":{"line":614,"column":25},"end":{"line":616,"column":5}},"line":614},"101":{"name":"(anonymous_101)","decl":{"start":{"line":615,"column":27},"end":{"line":615,"column":28}},"loc":{"start":{"line":615,"column":37},"end":{"line":615,"column":64}},"line":615},"102":{"name":"(anonymous_102)","decl":{"start":{"line":618,"column":4},"end":{"line":618,"column":5}},"loc":{"start":{"line":618,"column":24},"end":{"line":620,"column":5}},"line":618},"103":{"name":"(anonymous_103)","decl":{"start":{"line":619,"column":27},"end":{"line":619,"column":28}},"loc":{"start":{"line":619,"column":35},"end":{"line":619,"column":61}},"line":619},"104":{"name":"(anonymous_104)","decl":{"start":{"line":622,"column":4},"end":{"line":622,"column":5}},"loc":{"start":{"line":622,"column":24},"end":{"line":624,"column":5}},"line":622},"105":{"name":"(anonymous_105)","decl":{"start":{"line":623,"column":27},"end":{"line":623,"column":28}},"loc":{"start":{"line":623,"column":35},"end":{"line":623,"column":62}},"line":623},"106":{"name":"(anonymous_106)","decl":{"start":{"line":627,"column":4},"end":{"line":627,"column":5}},"loc":{"start":{"line":627,"column":21},"end":{"line":630,"column":5}},"line":627},"107":{"name":"(anonymous_107)","decl":{"start":{"line":632,"column":4},"end":{"line":632,"column":5}},"loc":{"start":{"line":632,"column":21},"end":{"line":635,"column":5}},"line":632},"108":{"name":"(anonymous_108)","decl":{"start":{"line":637,"column":4},"end":{"line":637,"column":5}},"loc":{"start":{"line":637,"column":27},"end":{"line":639,"column":5}},"line":637},"109":{"name":"(anonymous_109)","decl":{"start":{"line":641,"column":4},"end":{"line":641,"column":5}},"loc":{"start":{"line":641,"column":25},"end":{"line":643,"column":5}},"line":641},"110":{"name":"(anonymous_110)","decl":{"start":{"line":642,"column":27},"end":{"line":642,"column":28}},"loc":{"start":{"line":642,"column":35},"end":{"line":642,"column":62}},"line":642},"111":{"name":"(anonymous_111)","decl":{"start":{"line":645,"column":4},"end":{"line":645,"column":5}},"loc":{"start":{"line":645,"column":27},"end":{"line":647,"column":5}},"line":645},"112":{"name":"(anonymous_112)","decl":{"start":{"line":649,"column":4},"end":{"line":649,"column":5}},"loc":{"start":{"line":649,"column":25},"end":{"line":651,"column":5}},"line":649},"113":{"name":"(anonymous_113)","decl":{"start":{"line":650,"column":27},"end":{"line":650,"column":28}},"loc":{"start":{"line":650,"column":35},"end":{"line":650,"column":63}},"line":650},"114":{"name":"(anonymous_114)","decl":{"start":{"line":653,"column":4},"end":{"line":653,"column":5}},"loc":{"start":{"line":653,"column":26},"end":{"line":656,"column":5}},"line":653},"115":{"name":"(anonymous_115)","decl":{"start":{"line":658,"column":4},"end":{"line":658,"column":5}},"loc":{"start":{"line":658,"column":26},"end":{"line":661,"column":5}},"line":658},"116":{"name":"(anonymous_116)","decl":{"start":{"line":663,"column":4},"end":{"line":663,"column":5}},"loc":{"start":{"line":663,"column":24},"end":{"line":665,"column":5}},"line":663},"117":{"name":"(anonymous_117)","decl":{"start":{"line":664,"column":27},"end":{"line":664,"column":28}},"loc":{"start":{"line":664,"column":35},"end":{"line":664,"column":61}},"line":664},"118":{"name":"(anonymous_118)","decl":{"start":{"line":667,"column":4},"end":{"line":667,"column":5}},"loc":{"start":{"line":667,"column":24},"end":{"line":669,"column":5}},"line":667},"119":{"name":"(anonymous_119)","decl":{"start":{"line":668,"column":27},"end":{"line":668,"column":28}},"loc":{"start":{"line":668,"column":35},"end":{"line":668,"column":62}},"line":668},"120":{"name":"(anonymous_120)","decl":{"start":{"line":671,"column":4},"end":{"line":671,"column":5}},"loc":{"start":{"line":671,"column":41},"end":{"line":678,"column":5}},"line":671},"121":{"name":"(anonymous_121)","decl":{"start":{"line":680,"column":4},"end":{"line":680,"column":5}},"loc":{"start":{"line":680,"column":34},"end":{"line":683,"column":5}},"line":680},"122":{"name":"(anonymous_122)","decl":{"start":{"line":689,"column":4},"end":{"line":689,"column":5}},"loc":{"start":{"line":689,"column":14},"end":{"line":691,"column":5}},"line":689},"123":{"name":"(anonymous_123)","decl":{"start":{"line":697,"column":4},"end":{"line":697,"column":5}},"loc":{"start":{"line":697,"column":18},"end":{"line":699,"column":5}},"line":697}},"branchMap":{"0":{"loc":{"start":{"line":60,"column":8},"end":{"line":63,"column":9}},"type":"if","locations":[{"start":{"line":60,"column":8},"end":{"line":63,"column":9}},{"start":{"line":60,"column":8},"end":{"line":63,"column":9}}],"line":60},"1":{"loc":{"start":{"line":62,"column":21},"end":{"line":62,"column":84}},"type":"cond-expr","locations":[{"start":{"line":62,"column":50},"end":{"line":62,"column":67}},{"start":{"line":62,"column":70},"end":{"line":62,"column":84}}],"line":62},"2":{"loc":{"start":{"line":65,"column":8},"end":{"line":72,"column":9}},"type":"if","locations":[{"start":{"line":65,"column":8},"end":{"line":72,"column":9}},{"start":{"line":65,"column":8},"end":{"line":72,"column":9}}],"line":65},"3":{"loc":{"start":{"line":66,"column":12},"end":{"line":68,"column":13}},"type":"if","locations":[{"start":{"line":66,"column":12},"end":{"line":68,"column":13}},{"start":{"line":66,"column":12},"end":{"line":68,"column":13}}],"line":66},"4":{"loc":{"start":{"line":81,"column":8},"end":{"line":83,"column":9}},"type":"if","locations":[{"start":{"line":81,"column":8},"end":{"line":83,"column":9}},{"start":{"line":81,"column":8},"end":{"line":83,"column":9}}],"line":81},"5":{"loc":{"start":{"line":82,"column":21},"end":{"line":82,"column":84}},"type":"cond-expr","locations":[{"start":{"line":82,"column":50},"end":{"line":82,"column":67}},{"start":{"line":82,"column":70},"end":{"line":82,"column":84}}],"line":82},"6":{"loc":{"start":{"line":85,"column":8},"end":{"line":88,"column":9}},"type":"if","locations":[{"start":{"line":85,"column":8},"end":{"line":88,"column":9}},{"start":{"line":85,"column":8},"end":{"line":88,"column":9}}],"line":85},"7":{"loc":{"start":{"line":89,"column":8},"end":{"line":91,"column":9}},"type":"if","locations":[{"start":{"line":89,"column":8},"end":{"line":91,"column":9}},{"start":{"line":89,"column":8},"end":{"line":91,"column":9}}],"line":89},"8":{"loc":{"start":{"line":101,"column":8},"end":{"line":103,"column":9}},"type":"if","locations":[{"start":{"line":101,"column":8},"end":{"line":103,"column":9}},{"start":{"line":101,"column":8},"end":{"line":103,"column":9}}],"line":101},"9":{"loc":{"start":{"line":102,"column":21},"end":{"line":102,"column":72}},"type":"cond-expr","locations":[{"start":{"line":102,"column":46},"end":{"line":102,"column":59}},{"start":{"line":102,"column":62},"end":{"line":102,"column":72}}],"line":102},"10":{"loc":{"start":{"line":104,"column":8},"end":{"line":108,"column":9}},"type":"if","locations":[{"start":{"line":104,"column":8},"end":{"line":108,"column":9}},{"start":{"line":104,"column":8},"end":{"line":108,"column":9}}],"line":104},"11":{"loc":{"start":{"line":124,"column":8},"end":{"line":126,"column":9}},"type":"if","locations":[{"start":{"line":124,"column":8},"end":{"line":126,"column":9}},{"start":{"line":124,"column":8},"end":{"line":126,"column":9}}],"line":124},"12":{"loc":{"start":{"line":167,"column":12},"end":{"line":172,"column":13}},"type":"if","locations":[{"start":{"line":167,"column":12},"end":{"line":172,"column":13}},{"start":{"line":167,"column":12},"end":{"line":172,"column":13}}],"line":167},"13":{"loc":{"start":{"line":167,"column":16},"end":{"line":167,"column":68}},"type":"binary-expr","locations":[{"start":{"line":167,"column":16},"end":{"line":167,"column":40}},{"start":{"line":167,"column":44},"end":{"line":167,"column":68}}],"line":167},"14":{"loc":{"start":{"line":169,"column":19},"end":{"line":172,"column":13}},"type":"if","locations":[{"start":{"line":169,"column":19},"end":{"line":172,"column":13}},{"start":{"line":169,"column":19},"end":{"line":172,"column":13}}],"line":169},"15":{"loc":{"start":{"line":169,"column":23},"end":{"line":170,"column":68}},"type":"binary-expr","locations":[{"start":{"line":169,"column":23},"end":{"line":169,"column":37}},{"start":{"line":170,"column":16},"end":{"line":170,"column":40}},{"start":{"line":170,"column":44},"end":{"line":170,"column":68}}],"line":169},"16":{"loc":{"start":{"line":185,"column":8},"end":{"line":187,"column":9}},"type":"if","locations":[{"start":{"line":185,"column":8},"end":{"line":187,"column":9}},{"start":{"line":185,"column":8},"end":{"line":187,"column":9}}],"line":185},"17":{"loc":{"start":{"line":204,"column":8},"end":{"line":212,"column":9}},"type":"if","locations":[{"start":{"line":204,"column":8},"end":{"line":212,"column":9}},{"start":{"line":204,"column":8},"end":{"line":212,"column":9}}],"line":204},"18":{"loc":{"start":{"line":204,"column":12},"end":{"line":204,"column":68}},"type":"binary-expr","locations":[{"start":{"line":204,"column":12},"end":{"line":204,"column":38}},{"start":{"line":204,"column":42},"end":{"line":204,"column":68}}],"line":204},"19":{"loc":{"start":{"line":207,"column":15},"end":{"line":212,"column":9}},"type":"if","locations":[{"start":{"line":207,"column":15},"end":{"line":212,"column":9}},{"start":{"line":207,"column":15},"end":{"line":212,"column":9}}],"line":207},"20":{"loc":{"start":{"line":207,"column":19},"end":{"line":207,"column":75}},"type":"binary-expr","locations":[{"start":{"line":207,"column":19},"end":{"line":207,"column":45}},{"start":{"line":207,"column":49},"end":{"line":207,"column":75}}],"line":207},"21":{"loc":{"start":{"line":213,"column":8},"end":{"line":221,"column":9}},"type":"if","locations":[{"start":{"line":213,"column":8},"end":{"line":221,"column":9}},{"start":{"line":213,"column":8},"end":{"line":221,"column":9}}],"line":213},"22":{"loc":{"start":{"line":216,"column":13},"end":{"line":221,"column":9}},"type":"if","locations":[{"start":{"line":216,"column":13},"end":{"line":221,"column":9}},{"start":{"line":216,"column":13},"end":{"line":221,"column":9}}],"line":216},"23":{"loc":{"start":{"line":233,"column":12},"end":{"line":235,"column":13}},"type":"if","locations":[{"start":{"line":233,"column":12},"end":{"line":235,"column":13}},{"start":{"line":233,"column":12},"end":{"line":235,"column":13}}],"line":233},"24":{"loc":{"start":{"line":233,"column":16},"end":{"line":233,"column":99}},"type":"binary-expr","locations":[{"start":{"line":233,"column":16},"end":{"line":233,"column":45}},{"start":{"line":233,"column":50},"end":{"line":233,"column":72}},{"start":{"line":233,"column":76},"end":{"line":233,"column":98}}],"line":233},"25":{"loc":{"start":{"line":246,"column":8},"end":{"line":248,"column":9}},"type":"if","locations":[{"start":{"line":246,"column":8},"end":{"line":248,"column":9}},{"start":{"line":246,"column":8},"end":{"line":248,"column":9}}],"line":246},"26":{"loc":{"start":{"line":251,"column":12},"end":{"line":255,"column":13}},"type":"if","locations":[{"start":{"line":251,"column":12},"end":{"line":255,"column":13}},{"start":{"line":251,"column":12},"end":{"line":255,"column":13}}],"line":251},"27":{"loc":{"start":{"line":252,"column":16},"end":{"line":254,"column":17}},"type":"if","locations":[{"start":{"line":252,"column":16},"end":{"line":254,"column":17}},{"start":{"line":252,"column":16},"end":{"line":254,"column":17}}],"line":252},"28":{"loc":{"start":{"line":266,"column":8},"end":{"line":268,"column":9}},"type":"if","locations":[{"start":{"line":266,"column":8},"end":{"line":268,"column":9}},{"start":{"line":266,"column":8},"end":{"line":268,"column":9}}],"line":266},"29":{"loc":{"start":{"line":272,"column":12},"end":{"line":276,"column":13}},"type":"if","locations":[{"start":{"line":272,"column":12},"end":{"line":276,"column":13}},{"start":{"line":272,"column":12},"end":{"line":276,"column":13}}],"line":272},"30":{"loc":{"start":{"line":273,"column":16},"end":{"line":275,"column":17}},"type":"if","locations":[{"start":{"line":273,"column":16},"end":{"line":275,"column":17}},{"start":{"line":273,"column":16},"end":{"line":275,"column":17}}],"line":273},"31":{"loc":{"start":{"line":292,"column":12},"end":{"line":294,"column":13}},"type":"if","locations":[{"start":{"line":292,"column":12},"end":{"line":294,"column":13}},{"start":{"line":292,"column":12},"end":{"line":294,"column":13}}],"line":292},"32":{"loc":{"start":{"line":310,"column":12},"end":{"line":312,"column":13}},"type":"if","locations":[{"start":{"line":310,"column":12},"end":{"line":312,"column":13}},{"start":{"line":310,"column":12},"end":{"line":312,"column":13}}],"line":310},"33":{"loc":{"start":{"line":327,"column":12},"end":{"line":329,"column":13}},"type":"if","locations":[{"start":{"line":327,"column":12},"end":{"line":329,"column":13}},{"start":{"line":327,"column":12},"end":{"line":329,"column":13}}],"line":327},"34":{"loc":{"start":{"line":419,"column":16},"end":{"line":419,"column":101}},"type":"binary-expr","locatio
[...]
,"/Users/shlokdave/2024Fall-Team34-Stallmann/src/utils/Algorithm/Algorithm.js": {"path":"/Users/shlokdave/2024Fall-Team34-Stallmann/src/utils/Algorithm/Algorithm.js","statementMap":{"0":{"start":{"line":18,"column":0},"end":{"line":18,"column":16}},"1":{"start":{"line":35,"column":21},"end":{"line":35,"column":25}},"2":{"start":{"line":49,"column":8},"end":{"line":49,"column":24}},"3":{"start":{"line":51,"column":36},"end":{"line":51,"column":44}},"4":{"start":{"line":52,"column":8},"end":{"line":52,"column":29}},"5":{"start":{"line":53,"column":8},"end":{"line":53,"column":35}},"6":{"start":{"line":54,"column":8},"end":{"line":54,"column":30}},"7":{"start":{"line":55,"column":8},"end":{"line":55,"column":35}},"8":{"start":{"line":57,"column":8},"end":{"line":57,"column":25}},"9":{"start":{"line":58,"column":28},"end":{"line":58,"column":64}},"10":{"start":{"line":59,"column":8},"end":{"line":59,"column":37}},"11":{"start":{"line":60,"column":8},"end":{"line":60,"column":43}},"12":{"start":{"line":61,"column":8},"end":{"line":61,"column":33}},"13":{"start":{"line":62,"column":8},"end":{"line":62,"column":56}},"14":{"start":{"line":63,"column":8},"end":{"line":63,"column":58}},"15":{"start":{"line":66,"column":34},"end":{"line":66,"column":58}},"16":{"start":{"line":67,"column":8},"end":{"line":69,"column":9}},"17":{"start":{"line":68,"column":12},"end":{"line":68,"column":42}},"18":{"start":{"line":71,"column":8},"end":{"line":79,"column":46}},"19":{"start":{"line":73,"column":34},"end":{"line":73,"column":48}},"20":{"start":{"line":74,"column":32},"end":{"line":74,"column":68}},"21":{"start":{"line":75,"column":12},"end":{"line":75,"column":60}},"22":{"start":{"line":76,"column":12},"end":{"line":76,"column":116}},"23":{"start":{"line":76,"column":90},"end":{"line":76,"column":114}},"24":{"start":{"line":78,"column":12},"end":{"line":78,"column":45}},"25":{"start":{"line":79,"column":26},"end":{"line":79,"column":44}},"26":{"start":{"line":88,"column":8},"end":{"line":88,"column":27}},"27":{"start":{"line":99,"column":8},"end":{"line":101,"column":9}},"28":{"start":{"line":100,"column":12},"end":{"line":100,"column":42}},"29":{"start":{"line":103,"column":8},"end":{"line":137,"column":9}},"30":{"start":{"line":104,"column":12},"end":{"line":104,"column":59}},"31":{"start":{"line":105,"column":12},"end":{"line":105,"column":54}},"32":{"start":{"line":106,"column":15},"end":{"line":137,"column":9}},"33":{"start":{"line":109,"column":25},"end":{"line":109,"column":49}},"34":{"start":{"line":111,"column":12},"end":{"line":111,"column":34}},"35":{"start":{"line":112,"column":12},"end":{"line":112,"column":53}},"36":{"start":{"line":113,"column":12},"end":{"line":113,"column":53}},"37":{"start":{"line":113,"column":34},"end":{"line":113,"column":53}},"38":{"start":{"line":114,"column":15},"end":{"line":137,"column":9}},"39":{"start":{"line":115,"column":12},"end":{"line":115,"column":154}},"40":{"start":{"line":116,"column":15},"end":{"line":137,"column":9}},"41":{"start":{"line":117,"column":12},"end":{"line":123,"column":14}},"42":{"start":{"line":120,"column":20},"end":{"line":120,"column":64}},"43":{"start":{"line":121,"column":20},"end":{"line":121,"column":41}},"44":{"start":{"line":124,"column":15},"end":{"line":137,"column":9}},"45":{"start":{"line":126,"column":12},"end":{"line":126,"column":60}},"46":{"start":{"line":127,"column":15},"end":{"line":137,"column":9}},"47":{"start":{"line":128,"column":12},"end":{"line":128,"column":43}},"48":{"start":{"line":129,"column":12},"end":{"line":129,"column":34}},"49":{"start":{"line":130,"column":12},"end":{"line":130,"column":39}},"50":{"start":{"line":131,"column":12},"end":{"line":131,"column":33}},"51":{"start":{"line":132,"column":15},"end":{"line":137,"column":9}},"52":{"start":{"line":135,"column":13},"end":{"line":137,"column":9}},"53":{"start":{"line":136,"column":12},"end":{"line":136,"column":44}},"54":{"start":{"line":144,"column":8},"end":{"line":152,"column":32}},"55":{"start":{"line":145,"column":12},"end":{"line":145,"column":44}},"56":{"start":{"line":146,"column":12},"end":{"line":148,"column":13}},"57":{"start":{"line":147,"column":16},"end":{"line":147,"column":56}},"58":{"start":{"line":149,"column":30},"end":{"line":149,"column":64}},"59":{"start":{"line":150,"column":12},"end":{"line":150,"column":40}},"60":{"start":{"line":151,"column":12},"end":{"line":151,"column":150}},"61":{"start":{"line":163,"column":8},"end":{"line":163,"column":45}},"62":{"start":{"line":163,"column":32},"end":{"line":163,"column":45}},"63":{"start":{"line":164,"column":8},"end":{"line":164,"column":87}},"64":{"start":{"line":164,"column":74},"end":{"line":164,"column":87}},"65":{"start":{"line":165,"column":8},"end":{"line":165,"column":20}},"66":{"start":{"line":174,"column":8},"end":{"line":174,"column":49}},"67":{"start":{"line":174,"column":36},"end":{"line":174,"column":49}},"68":{"start":{"line":175,"column":8},"end":{"line":175,"column":20}},"69":{"start":{"line":184,"column":8},"end":{"line":184,"column":43}},"70":{"start":{"line":184,"column":36},"end":{"line":184,"column":43}},"71":{"start":{"line":185,"column":8},"end":{"line":200,"column":9}},"72":{"start":{"line":186,"column":12},"end":{"line":186,"column":38}},"73":{"start":{"line":187,"column":12},"end":{"line":187,"column":46}},"74":{"start":{"line":188,"column":12},"end":{"line":188,"column":33}},"75":{"start":{"line":189,"column":12},"end":{"line":189,"column":33}},"76":{"start":{"line":191,"column":12},"end":{"line":196,"column":13}},"77":{"start":{"line":192,"column":16},"end":{"line":192,"column":36}},"78":{"start":{"line":193,"column":16},"end":{"line":193,"column":43}},"79":{"start":{"line":194,"column":16},"end":{"line":194,"column":37}},"80":{"start":{"line":195,"column":16},"end":{"line":195,"column":41}},"81":{"start":{"line":195,"column":30},"end":{"line":195,"column":41}},"82":{"start":{"line":198,"column":12},"end":{"line":198,"column":32}},"83":{"start":{"line":199,"column":12},"end":{"line":199,"column":33}},"84":{"start":{"line":210,"column":8},"end":{"line":210,"column":43}},"85":{"start":{"line":210,"column":36},"end":{"line":210,"column":43}},"86":{"start":{"line":211,"column":8},"end":{"line":227,"column":9}},"87":{"start":{"line":212,"column":12},"end":{"line":212,"column":38}},"88":{"start":{"line":213,"column":12},"end":{"line":213,"column":46}},"89":{"start":{"line":214,"column":12},"end":{"line":214,"column":33}},"90":{"start":{"line":215,"column":12},"end":{"line":215,"column":33}},"91":{"start":{"line":217,"column":12},"end":{"line":222,"column":13}},"92":{"start":{"line":218,"column":16},"end":{"line":218,"column":36}},"93":{"start":{"line":219,"column":16},"end":{"line":219,"column":43}},"94":{"start":{"line":220,"column":16},"end":{"line":220,"column":37}},"95":{"start":{"line":221,"column":16},"end":{"line":221,"column":41}},"96":{"start":{"line":221,"column":30},"end":{"line":221,"column":41}},"97":{"start":{"line":224,"column":12},"end":{"line":224,"column":54}},"98":{"start":{"line":225,"column":12},"end":{"line":225,"column":33}},"99":{"start":{"line":226,"column":12},"end":{"line":226,"column":37}},"100":{"start":{"line":226,"column":26},"end":{"line":226,"column":37}},"101":{"start":{"line":234,"column":8},"end":{"line":234,"column":40}},"102":{"start":{"line":234,"column":33},"end":{"line":234,"column":40}},"103":{"start":{"line":235,"column":8},"end":{"line":235,"column":28}},"104":{"start":{"line":236,"column":8},"end":{"line":236,"column":29}},"105":{"start":{"line":244,"column":20},"end":{"line":244,"column":21}},"106":{"start":{"line":245,"column":26},"end":{"line":245,"column":30}},"107":{"start":{"line":247,"column":12},"end":{"line":247,"column":37}},"108":{"start":{"line":247,"column":30},"end":{"line":247,"column":37}},"109":{"start":{"line":248,"column":12},"end":{"line":248,"column":20}},"110":{"start":{"line":249,"column":12},"end":{"line":249,"column":51}},"111":{"start":{"line":252,"column":8},"end":{"line":252,"column":24}}},"fnMap":{"0":{"name":"(anonymous_0)","decl":{"start":{"line":45,"column":4},"end":{"line":45,"column":5}},"loc":{"start":{"line":45,"column":85},"end":{"line":80,"column":5}},"line":45},"1":{"name":"(anonymous_1)","decl":{"start":{"line":71,"column":46},"end":{"line":71,"column":47}},"loc":{"start":{"line":71,"column":56},"end":{"line":79,"column":9}},"line":71},"2":{"name":"(anonymous_2)","decl":{"start":{"line":76,"column":77},"end":{"line":76,"column":78}},"loc":{"start":{"line":76,"column":90},"end":{"line":76,"column":114}},"line":76},"3":{"name":"(anonymous_3)","decl":{"start":{"line":79,"column":17},"end":{"line":79,"column":18}},"loc":{"start":{"line":79,"column":26},"end":{"line":79,"column":44}},"line":79},"4":{"name":"(anonymous_4)","decl":{"start":{"line":115,"column":143},"end":{"line":115,"column":144}},"loc":{"start":{"line":115,"column":149},"end":{"line":115,"column":152}},"line":115},"5":{"name":"(anonymous_5)","decl":{"start":{"line":119,"column":16},"end":{"line":119,"column":17}},"loc":{"start":{"line":119,"column":27},"end":{"line":122,"column":17}},"line":119},"6":{"name":"(anonymous_6)","decl":{"start":{"line":144,"column":37},"end":{"line":144,"column":38}},"loc":{"start":{"line":144,"column":43},"end":{"line":152,"column":9}},"line":144},"7":{"name":"(anonymous_7)","decl":{"start":{"line":151,"column":139},"end":{"line":151,"column":140}},"loc":{"start":{"line":151,"column":145},"end":{"line":151,"column":148}},"line":151},"8":{"name":"(anonymous_8)","decl":{"start":{"line":162,"column":4},"end":{"line":162,"column":5}},"loc":{"start":{"line":162,"column":21},"end":{"line":166,"column":5}},"line":162},"9":{"name":"(anonymous_9)","decl":{"start":{"line":173,"column":4},"end":{"line":173,"column":5}},"loc":{"start":{"line":173,"column":18},"end":{"line":176,"column":5}},"line":173},"10":{"name":"(anonymous_10)","decl":{"start":{"line":183,"column":4},"end":{"line":183,"column":5}},"loc":{"start":{"line":183,"column":26},"end":{"line":201,"column":5}},"line":183},"11":{"name":"(anonymous_11)","decl":{"start":{"line":191,"column":31},"end":{"line":191,"column":32}},"loc":{"start":{"line":191,"column":37},"end":{"line":196,"column":13}},"line":191},"12":{"name":"(anonymous_12)","decl":{"start":{"line":209,"column":4},"end":{"line":209,"column":5}},"loc":{"start":{"line":209,"column":28},"end":{"line":228,"column":5}},"line":209},"13":{"name":"(anonymous_13)","decl":{"start":{"line":217,"column":31},"end":{"line":217,"column":32}},"loc":{"start":{"line":217,"column":37},"end":{"line":222,"column":13}},"line":217},"14":{"name":"(anonymous_14)","decl":{"start":{"line":233,"column":4},"end":{"line":233,"column":5}},"loc":{"start":{"line":233,"column":15},"end":{"line":237,"column":5}},"line":233},"15":{"name":"(anonymous_15)","decl":{"start":{"line":243,"column":4},"end":{"line":243,"column":5}},"loc":{"start":{"line":243,"column":16},"end":{"line":253,"column":5}},"line":243},"16":{"name":"recursiveNext","decl":{"start":{"line":246,"column":17},"end":{"line":246,"column":30}},"loc":{"start":{"line":246,"column":33},"end":{"line":250,"column":9}},"line":246}},"branchMap":{"0":{"loc":{"start":{"line":45,"column":68},"end":{"line":45,"column":83}},"type":"default-arg","locations":[{"start":{"line":45,"column":79},"end":{"line":45,"column":83}}],"line":45},"1":{"loc":{"start":{"line":67,"column":8},"end":{"line":69,"column":9}},"type":"if","locations":[{"start":{"line":67,"column":8},"end":{"line":69,"column":9}},{"start":{"line":67,"column":8},"end":{"line":69,"column":9}}],"line":67},"2":{"loc":{"start":{"line":99,"column":8},"end":{"line":101,"column":9}},"type":"if","locations":[{"start":{"line":99,"column":8},"end":{"line":101,"column":9}},{"start":{"line":99,"column":8},"end":{"line":101,"column":9}}],"line":99},"3":{"loc":{"start":{"line":103,"column":8},"end":{"line":137,"column":9}},"type":"if","locations":[{"start":{"line":103,"column":8},"end":{"line":137,"column":9}},{"start":{"line":103,"column":8},"end":{"line":137,"column":9}}],"line":103},"4":{"loc":{"start":{"line":106,"column":15},"end":{"line":137,"column":9}},"type":"if","locations":[{"start":{"line":106,"column":15},"end":{"line":137,"column":9}},{"start":{"line":106,"column":15},"end":{"line":137,"column":9}}],"line":106},"5":{"loc":{"start":{"line":113,"column":12},"end":{"line":113,"column":53}},"type":"if","locations":[{"start":{"line":113,"column":12},"end":{"line":113,"column":53}},{"start":{"line":113,"column":12},"end":{"line":113,"column":53}}],"line":113},"6":{"loc":{"start":{"line":114,"column":15},"end":{"line":137,"column":9}},"type":"if","locations":[{"start":{"line":114,"column":15},"end":{"line":137,"column":9}},{"start":{"line":114,"column":15},"end":{"line":137,"column":9}}],"line":114},"7":{"loc":{"start":{"line":116,"column":15},"end":{"line":137,"column":9}},"type":"if","locations":[{"start":{"line":116,"column":15},"end":{"line":137,"column":9}},{"start":{"line":116,"column":15},"end":{"line":137,"column":9}}],"line":116},"8":{"loc":{"start":{"line":124,"column":15},"end":{"line":137,"column":9}},"type":"if","locations":[{"start":{"line":124,"column":15},"end":{"line":137,"column":9}},{"start":{"line":124,"column":15},"end":{"line":137,"column":9}}],"line":124},"9":{"loc":{"start":{"line":127,"column":15},"end":{"line":137,"column":9}},"type":"if","locations":[{"start":{"line":127,"column":15},"end":{"line":137,"column":9}},{"start":{"line":127,"column":15},"end":{"line":137,"column":9}}],"line":127},"10":{"loc":{"start":{"line":132,"column":15},"end":{"line":137,"column":9}},"type":"if","locations":[{"start":{"line":132,"column":15},"end":{"line":137,"column":9}},{"start":{"line":132,"column":15},"end":{"line":137,"column":9}}],"line":132},"11":{"loc":{"start":{"line":135,"column":13},"end":{"line":137,"column":9}},"type":"if","locations":[{"start":{"line":135,"column":13},"end":{"line":137,"column":9}},{"start":{"line":135,"column":13},"end":{"line":137,"column":9}}],"line":135},"12":{"loc":{"start":{"line":146,"column":12},"end":{"line":148,"column":13}},"type":"if","locations":[{"start":{"line":146,"column":12},"end":{"line":148,"column":13}},{"start":{"line":146,"column":12},"end":{"line":148,"column":13}}],"line":146},"13":{"loc":{"start":{"line":163,"column":8},"end":{"line":163,"column":45}},"type":"if","locations":[{"start":{"line":163,"column":8},"end":{"line":163,"column":45}},{"start":{"line":163,"column":8},"end":{"line":163,"column":45}}],"line":163},"14":{"loc":{"start":{"line":164,"column":8},"end":{"line":164,"column":87}},"type":"if","locations":[{"start":{"line":164,"column":8},"end":{"line":164,"column":87}},{"start":{"line":164,"column":8},"end":{"line":164,"column":87}}],"line":164},"15":{"loc":{"start":{"line":164,"column":12},"end":{"line":164,"column":72}},"type":"binary-expr","locations":[{"start":{"line":164,"column":12},"end":{"line":164,"column":26}},{"start":{"line":164,"column":30},"end":{"line":164,"column":72}}],"line":164},"16":{"loc":{"start":{"line":174,"column":8},"end":{"line":174,"column":49}},"type":"if","locations":[{"start":{"line":174,"column":8},"end":{"line":174,"column":49}},{"start":{"line":174,"column":8},"end":{"line":174,"column":49}}],"line":174},"17":{"loc":{"start":{"line":184,"column":8},"end":{"line":184,"column":43}},"type":"if","locations":[{"start":{"line":184,"column":8},"end":{"line":184,"column":43}},{"start":{"line":184,"column":8},"end":{"line":184,"column":43}}],"line":184},"18":{"loc":{"start":{"line":185,"column":8},"end":{"line":200,"column":9}},"type":"if","locations":[{"start":{"line":185,"column":8},"end":{"line":200,"column":9}},{"start":{"line":185,"column":8},"end":{"line":200,"column":9}}],"line":185},"19":{"loc":{"start":{"line":195,"column":16},"end":{"line":195,"column":41}},"type":"if","locations":[{"start":{"line":195,"column":16},"end":{"line":195,"column":41}},{"start":{"line":195,"column":16},"end":{"line":195,"column":41}}],"line":195},"20":{"loc":{"start":{"line":210,"column":8},"end":{"line":210,"column":43}},"type":"if","locations":[{"start":{"line":210,"column":8},"end":{"line":210,"column":43}},{"start":{"line":210,"column":8},"end":{"line":210,"column":43}}],"line":210},"21":{"loc":{"start":{"line":211,"column":8},"end":{"line":227,"column":9}},"type":"if","locations":[{"start":{"line":211,"column":8},"end":{"line":227,"column":9}},{"start":{"line":211,"column":8},"end":{"line":227,"column":9}}],"line":211},"22":{"loc":{"start":{"line":221,"column":16},"end":{"line":221,"column":41}},"type":"if","locations":[{"start":{"line":221,"column":16},"end":{"line":221,"column":41}},{"start":{"line":221,"column":16},"end":{"line":221,"column":41}}],"line":221},"23":{"loc":{"start":{"line":226,"column":12},"end":{"line":226,"column":37}},"type":"if","locations":[{"start":{"line":226,"column":12},"end":{"line":226,"column":37}},{"start":{"line":226,"column":12},"end":{"line":226,"column":37}}],"line":226},"24":{"loc":{"start":{"line":234,"column":8},"end":{"line":234,"column":40}},"type":"if","locations":[{"start":{"line":234,"column":8},"end":{"line":234,"column":40}},{"start":{"line":234,"column":8},"end":{"line":234,"column":40}}],"line":234},"25":{"loc":{"start":{"line":247,"column":12},"end":{"line":247,"column":37}},"type":"if","locations":[{"start":{"line":247,"column":12},"end":{"line":247,"column":37}},{"start":{"line":247,"column":12},"end":{"line":247,"column":37}}],"line":247}},"s":{"0":9,"1":1,"2":1,"3":1,"4":1,"5":1,"6":1,"7":1,"8":1,"9":1,"10":1,"11":1,"12":1,"13":1,"14":1,"15":1,"16":1,"17":0,"18":1,"19":1,"20":1,"21":1,"22":1,"23":0,"24":0,"25":1,"26":0,"27":0,"28":0,"29":0,"30":0,"31":0,"32":0,"33":0,"34":0,"35":0,"36":0,"37":0,"38":0,"39":0,"40":0,"41":0,"42":0,"43":0,"44":0,"45":0,"46":0,"47":0,"48":0,"49":0,"50":0,"51":0,"52":0,"53":0,"54":0,"55":0,"56":0,"57":0,"58":0,"59":0,"60":0,"61":2,"62":0,"63":2,"64":0,"65":2,"66":1,"67":1,"68":0,"69":0,"70":0,"71":0,"72":0,"73":0,"74":0,"75":0,"76":0,"77":0,"78":0,"79":0,"80":0,"81":0,"82":0,"83":0,"84":0,"85":0,"86":0,"87":0,"88":0,"89":0,"90":0,"91":0,"92":0,"93":0,"94":0,"95":0,"96":0,"97":0,"98":0,"99":0,"100":0,"101":0,"102":0,"103":0,"104":0,"105":0,"106":0,"107":0,"108":0,"109":0,"110":0,"111":0},"f":{"0":1,"1":1,"2":0,"3":1,"4":0,"5":0,"6":0,"7":0,"8":2,"9":1,"10":0,"11":0,"12":0,"13":0,"14":0,"15":0,"16":0},"b":{"0":[1],"1":[0,1],"2":[0,0],"3":[0,0],"4":[0,0],"5":[0,0],"6":[0,0],"7":[0,0],"8":[0,0],"9":[0,0],"10":[0,0],"11":[0,0],"12":[0,0],"13":[0,2],"14":[0,2],"15":[2,0],"16":[1,0],"17":[0,0],"18":[0,0],"19":[0,0],"20":[0,0],"21":[0,0],"22":[0,0],"23":[0,0],"24":[0,0],"25":[0,0]},"_coverageSchema":"1a1c01bbd47fc00a2c39e90264f33305004495a9","hash":"250d6938996f979ff7d5a969268b864edb8cd795"}
}
