{"total": {"lines":{"total":2206,"covered":547,"skipped":0,"pct":24.79},"statements":{"total":2334,"covered":576,"skipped":0,"pct":24.67},"functions":{"total":629,"covered":157,"skipped":0,"pct":24.96},"branches":{"total":901,"covered":174,"skipped":0,"pct":19.31},"branchesTrue":{"total":0,"covered":0,"skipped":0,"pct":100}}
,"C:\\Users\\andre\\git\\2025Fall-Team32-Stallmann\\src\\index.js": {"lines":{"total":7,"covered":5,"skipped":0,"pct":71.42},"functions":{"total":2,"covered":1,"skipped":0,"pct":50},"statements":{"total":7,"covered":5,"skipped":0,"pct":71.42},"branches":{"total":2,"covered":1,"skipped":0,"pct":50}}
,"C:\\Users\\andre\\git\\2025Fall-Team32-Stallmann\\src\\components\\Buttons\\Button.jsx": {"lines":{"total":6,"covered":6,"skipped":0,"pct":100},"functions":{"total":4,"covered":4,"skipped":0,"pct":100},"statements":{"total":9,"covered":9,"skipped":0,"pct":100},"branches":{"total":6,"covered":6,"skipped":0,"pct":100}}
,"C:\\Users\\andre\\git\\2025Fall-Team32-Stallmann\\src\\components\\Buttons\\EditorButton.jsx": {"lines":{"total":1,"covered":1,"skipped":0,"pct":100},"functions":{"total":1,"covered":1,"skipped":0,"pct":100},"statements":{"total":1,"covered":1,"skipped":0,"pct":100},"branches":{"total":0,"covered":0,"skipped":0,"pct":100}}
,"C:\\Users\\andre\\git\\2025Fall-Team32-Stallmann\\src\\components\\Buttons\\ExitButton.jsx": {"lines":{"total":1,"covered":1,"skipped":0,"pct":100},"functions":{"total":1,"covered":1,"skipped":0,"pct":100},"statements":{"total":1,"covered":1,"skipped":0,"pct":100},"branches":{"total":0,"covered":0,"skipped":0,"pct":100}}
,"C:\\Users\\andre\\git\\2025Fall-Team32-Stallmann\\src\\components\\Buttons\\HelpButton.jsx": {"lines":{"total":1,"covered":1,"skipped":0,"pct":100},"functions":{"total":1,"covered":1,"skipped":0,"pct":100},"statements":{"total":1,"covered":1,"skipped":0,"pct":100},"branches":{"total":0,"covered":0,"skipped":0,"pct":100}}
,"C:\\Users\\andre\\git\\2025Fall-Team32-Stallmann\\src\\components\\Buttons\\PreferenceButton.jsx": {"lines":{"total":1,"covered":1,"skipped":0,"pct":100},"functions":{"total":1,"covered":1,"skipped":0,"pct":100},"statements":{"total":1,"covered":1,"skipped":0,"pct":100},"branches":{"total":0,"covered":0,"skipped":0,"pct":100}}
,"C:\\Users\\andre\\git\\2025Fall-Team32-Stallmann\\src\\components\\Buttons\\PrimaryButton.jsx": {"lines":{"total":1,"covered":1,"skipped":0,"pct":100},"functions":{"total":1,"covered":1,"skipped":0,"pct":100},"statements":{"total":1,"covered":1,"skipped":0,"pct":100},"branches":{"total":0,"covered":0,"skipped":0,"pct":100}}
,"C:\\Users\\andre\\git\\2025Fall-Team32-Stallmann\\src\\components\\Buttons\\SecondaryButton.jsx": {"lines":{"total":1,"covered":1,"skipped":0,"pct":100},"functions":{"total":1,"covered":1,"skipped":0,"pct":100},"statements":{"total":1,"covered":1,"skipped":0,"pct":100},"branches":{"total":0,"covered":0,"skipped":0,"pct":100}}
,"C:\\Users\\andre\\git\\2025Fall-Team32-Stallmann\\src\\components\\ContextMenus\\ContextMenu.jsx": {"lines":{"total":45,"covered":37,"skipped":0,"pct":82.22},"functions":{"total":15,"covered":12,"skipped":0,"pct":80},"statements":{"total":50,"covered":40,"skipped":0,"pct":80},"branches":{"total":7,"covered":5,"skipped":0,"pct":71.42}}
,"C:\\Users\\andre\\git\\2025Fall-Team32-Stallmann\\src\\components\\ContextMenus\\EdgeContextMenu.jsx": {"lines":{"total":41,"covered":11,"skipped":0,"pct":26.82},"functions":{"total":12,"covered":3,"skipped":0,"pct":25},"statements":{"total":44,"covered":12,"skipped":0,"pct":27.27},"branches":{"total":11,"covered":2,"skipped":0,"pct":18.18}}
,"C:\\Users\\andre\\git\\2025Fall-Team32-Stallmann\\src\\components\\ContextMenus\\NodeContextMenu.jsx": {"lines":{"total":42,"covered":25,"skipped":0,"pct":59.52},"functions":{"total":13,"covered":7,"skipped":0,"pct":53.84},"statements":{"total":45,"covered":27,"skipped":0,"pct":60},"branches":{"total":11,"covered":6,"skipped":0,"pct":54.54}}
,"C:\\Users\\andre\\git\\2025Fall-Team32-Stallmann\\src\\components\\Popovers\\ControlSettingsPopover.jsx": {"lines":{"total":30,"covered":5,"skipped":0,"pct":16.66},"functions":{"total":10,"covered":2,"skipped":0,"pct":20},"statements":{"total":30,"covered":5,"skipped":0,"pct":16.66},"branches":{"total":6,"covered":2,"skipped":0,"pct":33.33}}
,"C:\\Users\\andre\\git\\2025Fall-Team32-Stallmann\\src\\components\\Popovers\\EdgeSettingsPopover.jsx": {"lines":{"total":8,"covered":5,"skipped":0,"pct":62.5},"functions":{"total":6,"covered":3,"skipped":0,"pct":50},"statements":{"total":8,"covered":5,"skipped":0,"pct":62.5},"branches":{"total":6,"covered":6,"skipped":0,"pct":100}}
,"C:\\Users\\andre\\git\\2025Fall-Team32-Stallmann\\src\\components\\Popovers\\NodeSettingsPopover.jsx": {"lines":{"total":8,"covered":5,"skipped":0,"pct":62.5},"functions":{"total":6,"covered":3,"skipped":0,"pct":50},"statements":{"total":8,"covered":5,"skipped":0,"pct":62.5},"branches":{"total":6,"covered":4,"skipped":0,"pct":66.66}}
,"C:\\Users\\andre\\git\\2025Fall-Team32-Stallmann\\src\\components\\Prompts\\AlgorithmErrorPrompt.jsx": {"lines":{"total":17,"covered":0,"skipped":0,"pct":0},"functions":{"total":1,"covered":0,"skipped":0,"pct":0},"statements":{"total":17,"covered":0,"skipped":0,"pct":0},"branches":{"total":8,"covered":0,"skipped":0,"pct":0}}
,"C:\\Users\\andre\\git\\2025Fall-Team32-Stallmann\\src\\components\\Prompts\\ConfirmationPrompt.jsx": {"lines":{"total":6,"covered":0,"skipped":0,"pct":0},"functions":{"total":3,"covered":0,"skipped":0,"pct":0},"statements":{"total":6,"covered":0,"skipped":0,"pct":0},"branches":{"total":4,"covered":0,"skipped":0,"pct":0}}
,"C:\\Users\\andre\\git\\2025Fall-Team32-Stallmann\\src\\components\\Prompts\\InputPrompt.jsx": {"lines":{"total":6,"covered":0,"skipped":0,"pct":0},"functions":{"total":4,"covered":0,"skipped":0,"pct":0},"statements":{"total":7,"covered":0,"skipped":0,"pct":0},"branches":{"total":2,"covered":0,"skipped":0,"pct":0}}
,"C:\\Users\\andre\\git\\2025Fall-Team32-Stallmann\\src\\components\\Prompts\\PromptComponent.jsx": {"lines":{"total":28,"covered":6,"skipped":0,"pct":21.42},"functions":{"total":5,"covered":1,"skipped":0,"pct":20},"statements":{"total":31,"covered":7,"skipped":0,"pct":22.58},"branches":{"total":8,"covered":1,"skipped":0,"pct":12.5}}
,"C:\\Users\\andre\\git\\2025Fall-Team32-Stallmann\\src\\components\\Tabs\\ExamplesButton.jsx": {"lines":{"total":19,"covered":5,"skipped":0,"pct":26.31},"functions":{"total":7,"covered":3,"skipped":0,"pct":42.85},"statements":{"total":20,"covered":6,"skipped":0,"pct":30},"branches":{"total":7,"covered":0,"skipped":0,"pct":0}}
,"C:\\Users\\andre\\git\\2025Fall-Team32-Stallmann\\src\\components\\Tabs\\PopupWindow.js": {"lines":{"total":7,"covered":1,"skipped":0,"pct":14.28},"functions":{"total":4,"covered":0,"skipped":0,"pct":0},"statements":{"total":7,"covered":1,"skipped":0,"pct":14.28},"branches":{"total":2,"covered":0,"skipped":0,"pct":0}}
,"C:\\Users\\andre\\git\\2025Fall-Team32-Stallmann\\src\\components\\Tabs\\Tab.jsx": {"lines":{"total":19,"covered":0,"skipped":0,"pct":0},"functions":{"total":8,"covered":0,"skipped":0,"pct":0},"statements":{"total":22,"covered":0,"skipped":0,"pct":0},"branches":{"total":18,"covered":0,"skipped":0,"pct":0}}
,"C:\\Users\\andre\\git\\2025Fall-Team32-Stallmann\\src\\components\\Tabs\\TabList.jsx": {"lines":{"total":10,"covered":2,"skipped":0,"pct":20},"functions":{"total":8,"covered":2,"skipped":0,"pct":25},"statements":{"total":10,"covered":2,"skipped":0,"pct":20},"branches":{"total":0,"covered":0,"skipped":0,"pct":100}}
,"C:\\Users\\andre\\git\\2025Fall-Team32-Stallmann\\src\\components\\Tabs\\UploadButton.jsx": {"lines":{"total":18,"covered":4,"skipped":0,"pct":22.22},"functions":{"total":7,"covered":3,"skipped":0,"pct":42.85},"statements":{"total":19,"covered":5,"skipped":0,"pct":26.31},"branches":{"total":7,"covered":0,"skipped":0,"pct":0}}
,"C:\\Users\\andre\\git\\2025Fall-Team32-Stallmann\\src\\globals\\Cytoscape.js": {"lines":{"total":7,"covered":7,"skipped":0,"pct":100},"functions":{"total":1,"covered":1,"skipped":0,"pct":100},"statements":{"total":7,"covered":7,"skipped":0,"pct":100},"branches":{"total":2,"covered":1,"skipped":0,"pct":50}}
,"C:\\Users\\andre\\git\\2025Fall-Team32-Stallmann\\src\\globals\\SharedWorker.js": {"lines":{"total":14,"covered":14,"skipped":0,"pct":100},"functions":{"total":6,"covered":6,"skipped":0,"pct":100},"statements":{"total":17,"covered":16,"skipped":0,"pct":94.11},"branches":{"total":4,"covered":3,"skipped":0,"pct":75}}
,"C:\\Users\\andre\\git\\2025Fall-Team32-Stallmann\\src\\interfaces\\AlgorithmInterface\\AlgorithmInterface.js": {"lines":{"total":153,"covered":8,"skipped":0,"pct":5.22},"functions":{"total":20,"covered":1,"skipped":0,"pct":5},"statements":{"total":165,"covered":9,"skipped":0,"pct":5.45},"branches":{"total":60,"covered":0,"skipped":0,"pct":0}}
,"C:\\Users\\andre\\git\\2025Fall-Team32-Stallmann\\src\\interfaces\\CytoscapeInterface\\CytoscapeInterface.js": {"lines":{"total":44,"covered":31,"skipped":0,"pct":70.45},"functions":{"total":10,"covered":10,"skipped":0,"pct":100},"statements":{"total":44,"covered":31,"skipped":0,"pct":70.45},"branches":{"total":36,"covered":18,"skipped":0,"pct":50}}
,"C:\\Users\\andre\\git\\2025Fall-Team32-Stallmann\\src\\interfaces\\FileParser\\FileParser.js": {"lines":{"total":117,"covered":1,"skipped":0,"pct":0.85},"functions":{"total":20,"covered":0,"skipped":0,"pct":0},"statements":{"total":125,"covered":1,"skipped":0,"pct":0.8},"branches":{"total":60,"covered":0,"skipped":0,"pct":0}}
,"C:\\Users\\andre\\git\\2025Fall-Team32-Stallmann\\src\\interfaces\\GraphInterface\\GraphInterface.js": {"lines":{"total":437,"covered":126,"skipped":0,"pct":28.83},"functions":{"total":113,"covered":37,"skipped":0,"pct":32.74},"statements":{"total":441,"covered":128,"skipped":0,"pct":29.02},"branches":{"total":191,"covered":48,"skipped":0,"pct":25.13}}
,"C:\\Users\\andre\\git\\2025Fall-Team32-Stallmann\\src\\interfaces\\GraphInterface\\LayeredGraphInterface.js": {"lines":{"total":290,"covered":1,"skipped":0,"pct":0.34},"functions":{"total":66,"covered":0,"skipped":0,"pct":0},"statements":{"total":294,"covered":1,"skipped":0,"pct":0.34},"branches":{"total":103,"covered":0,"skipped":0,"pct":0}}
,"C:\\Users\\andre\\git\\2025Fall-Team32-Stallmann\\src\\interfaces\\GraphInterface\\TreeInterface.js": {"lines":{"total":101,"covered":1,"skipped":0,"pct":0.99},"functions":{"total":17,"covered":0,"skipped":0,"pct":0},"statements":{"total":102,"covered":1,"skipped":0,"pct":0.98},"branches":{"total":42,"covered":0,"skipped":0,"pct":0}}
,"C:\\Users\\andre\\git\\2025Fall-Team32-Stallmann\\src\\interfaces\\PromptInterface\\PromptInterface.js": {"lines":{"total":4,"covered":1,"skipped":0,"pct":25},"functions":{"total":2,"covered":0,"skipped":0,"pct":0},"statements":{"total":4,"covered":1,"skipped":0,"pct":25},"branches":{"total":0,"covered":0,"skipped":0,"pct":100}}
,"C:\\Users\\andre\\git\\2025Fall-Team32-Stallmann\\src\\interfaces\\TabInterface\\TabInterface.js": {"lines":{"total":59,"covered":15,"skipped":0,"pct":25.42},"functions":{"total":13,"covered":4,"skipped":0,"pct":30.76},"statements":{"total":67,"covered":15,"skipped":0,"pct":22.38},"branches":{"total":36,"covered":3,"skipped":0,"pct":8.33}}
,"C:\\Users\\andre\\git\\2025Fall-Team32-Stallmann\\src\\pages\\Editor\\Editor.jsx": {"lines":{"total":16,"covered":9,"skipped":0,"pct":56.25},"functions":{"total":7,"covered":4,"skipped":0,"pct":57.14},"statements":{"total":17,"covered":9,"skipped":0,"pct":52.94},"branches":{"total":6,"covered":6,"skipped":0,"pct":100}}
,"C:\\Users\\andre\\git\\2025Fall-Team32-Stallmann\\src\\pages\\Editor\\Overlay.jsx": {"lines":{"total":28,"covered":11,"skipped":0,"pct":39.28},"functions":{"total":13,"covered":7,"skipped":0,"pct":53.84},"statements":{"total":30,"covered":13,"skipped":0,"pct":43.33},"branches":{"total":29,"covered":5,"skipped":0,"pct":17.24}}
,"C:\\Users\\andre\\git\\2025Fall-Team32-Stallmann\\src\\pages\\Graph\\Cytoscape.jsx": {"lines":{"total":99,"covered":87,"skipped":0,"pct":87.87},"functions":{"total":13,"covered":9,"skipped":0,"pct":69.23},"statements":{"total":104,"covered":89,"skipped":0,"pct":85.57},"branches":{"total":47,"covered":30,"skipped":0,"pct":63.82}}
,"C:\\Users\\andre\\git\\2025Fall-Team32-Stallmann\\src\\pages\\Graph\\Graph.jsx": {"lines":{"total":38,"covered":21,"skipped":0,"pct":55.26},"functions":{"total":8,"covered":5,"skipped":0,"pct":62.5},"statements":{"total":43,"covered":24,"skipped":0,"pct":55.81},"branches":{"total":10,"covered":4,"skipped":0,"pct":40}}
,"C:\\Users\\andre\\git\\2025Fall-Team32-Stallmann\\src\\pages\\Graph\\Header.jsx": {"lines":{"total":4,"covered":1,"skipped":0,"pct":25},"functions":{"total":4,"covered":1,"skipped":0,"pct":25},"statements":{"total":4,"covered":1,"skipped":0,"pct":25},"branches":{"total":0,"covered":0,"skipped":0,"pct":100}}
,"C:\\Users\\andre\\git\\2025Fall-Team32-Stallmann\\src\\pages\\Graph\\Overlays\\AlgorithmControls.jsx": {"lines":{"total":59,"covered":17,"skipped":0,"pct":28.81},"functions":{"total":14,"covered":5,"skipped":0,"pct":35.71},"statements":{"total":71,"covered":20,"skipped":0,"pct":28.16},"branches":{"total":36,"covered":11,"skipped":0,"pct":30.55}}
,"C:\\Users\\andre\\git\\2025Fall-Team32-Stallmann\\src\\pages\\Graph\\Overlays\\EditControls.jsx": {"lines":{"total":26,"covered":23,"skipped":0,"pct":88.46},"functions":{"total":8,"covered":7,"skipped":0,"pct":87.5},"statements":{"total":31,"covered":24,"skipped":0,"pct":77.41},"branches":{"total":14,"covered":10,"skipped":0,"pct":71.42}}
,"C:\\Users\\andre\\git\\2025Fall-Team32-Stallmann\\src\\states\\Algorithm\\Algorithm.js": {"lines":{"total":18,"covered":3,"skipped":0,"pct":16.66},"functions":{"total":4,"covered":1,"skipped":0,"pct":25},"statements":{"total":20,"covered":4,"skipped":0,"pct":20},"branches":{"total":0,"covered":0,"skipped":0,"pct":100}}
,"C:\\Users\\andre\\git\\2025Fall-Team32-Stallmann\\src\\states\\Algorithm\\Thread.js": {"lines":{"total":321,"covered":6,"skipped":0,"pct":1.86},"functions":{"total":157,"covered":1,"skipped":0,"pct":0.63},"statements":{"total":354,"covered":6,"skipped":0,"pct":1.69},"branches":{"total":114,"covered":2,"skipped":0,"pct":1.75}}
,"C:\\Users\\andre\\git\\2025Fall-Team32-Stallmann\\src\\states\\ChangeManager\\ChangeManager.js": {"lines":{"total":5,"covered":5,"skipped":0,"pct":100},"functions":{"total":1,"covered":1,"skipped":0,"pct":100},"statements":{"total":5,"covered":5,"skipped":0,"pct":100},"branches":{"total":0,"covered":0,"skipped":0,"pct":100}}
,"C:\\Users\\andre\\git\\2025Fall-Team32-Stallmann\\src\\states\\ChangeManager\\ChangeObject.js": {"lines":{"total":3,"covered":3,"skipped":0,"pct":100},"functions":{"total":1,"covered":1,"skipped":0,"pct":100},"statements":{"total":3,"covered":3,"skipped":0,"pct":100},"branches":{"total":0,"covered":0,"skipped":0,"pct":100}}
,"C:\\Users\\andre\\git\\2025Fall-Team32-Stallmann\\src\\states\\Graph\\Graph.js": {"lines":{"total":12,"covered":12,"skipped":0,"pct":100},"functions":{"total":1,"covered":1,"skipped":0,"pct":100},"statements":{"total":12,"covered":12,"skipped":0,"pct":100},"branches":{"total":0,"covered":0,"skipped":0,"pct":100}}
,"C:\\Users\\andre\\git\\2025Fall-Team32-Stallmann\\src\\states\\Graph\\LayeredGraph.js": {"lines":{"total":2,"covered":0,"skipped":0,"pct":0},"functions":{"total":1,"covered":0,"skipped":0,"pct":0},"statements":{"total":2,"covered":0,"skipped":0,"pct":0},"branches":{"total":0,"covered":0,"skipped":0,"pct":100}}
,"C:\\Users\\andre\\git\\2025Fall-Team32-Stallmann\\src\\states\\Graph\\StandardGraph.js": {"lines":{"total":1,"covered":1,"skipped":0,"pct":100},"functions":{"total":1,"covered":1,"skipped":0,"pct":100},"statements":{"total":1,"covered":1,"skipped":0,"pct":100},"branches":{"total":0,"covered":0,"skipped":0,"pct":100}}
,"C:\\Users\\andre\\git\\2025Fall-Team32-Stallmann\\src\\states\\Graph\\Tree.js": {"lines":{"total":3,"covered":0,"skipped":0,"pct":0},"functions":{"total":1,"covered":0,"skipped":0,"pct":0},"statements":{"total":3,"covered":0,"skipped":0,"pct":0},"branches":{"total":0,"covered":0,"skipped":0,"pct":100}}
,"C:\\Users\\andre\\git\\2025Fall-Team32-Stallmann\\src\\states\\Graph\\GraphElement\\Edge.js": {"lines":{"total":3,"covered":3,"skipped":0,"pct":100},"functions":{"total":1,"covered":1,"skipped":0,"pct":100},"statements":{"total":3,"covered":3,"skipped":0,"pct":100},"branches":{"total":0,"covered":0,"skipped":0,"pct":100}}
,"C:\\Users\\andre\\git\\2025Fall-Team32-Stallmann\\src\\states\\Graph\\GraphElement\\GraphElement.js": {"lines":{"total":4,"covered":2,"skipped":0,"pct":50},"functions":{"total":3,"covered":1,"skipped":0,"pct":33.33},"statements":{"total":4,"covered":2,"skipped":0,"pct":50},"branches":{"total":0,"covered":0,"skipped":0,"pct":100}}
,"C:\\Users\\andre\\git\\2025Fall-Team32-Stallmann\\src\\states\\Graph\\GraphElement\\Node.js": {"lines":{"total":6,"covered":6,"skipped":0,"pct":100},"functions":{"total":1,"covered":1,"skipped":0,"pct":100},"statements":{"total":6,"covered":6,"skipped":0,"pct":100},"branches":{"total":0,"covered":0,"skipped":0,"pct":100}}
,"C:\\Users\\andre\\git\\2025Fall-Team32-Stallmann\\src\\states\\_atoms\\atoms.js": {"lines":{"total":9,"covered":9,"skipped":0,"pct":100},"functions":{"total":1,"covered":1,"skipped":0,"pct":100},"statements":{"total":9,"covered":9,"skipped":0,"pct":100},"branches":{"total":0,"covered":0,"skipped":0,"pct":100}}
}
