{"total": {"lines":{"total":567,"covered":125,"skipped":0,"pct":22.04},"statements":{"total":622,"covered":134,"skipped":0,"pct":21.54},"functions":{"total":171,"covered":22,"skipped":0,"pct":12.86},"branches":{"total":334,"covered":47,"skipped":0,"pct":14.07},"branchesTrue":{"total":0,"covered":0,"skipped":0,"pct":100}}
,"/Users/shlokdave/2024Fall-Team34-Stallmann/src/pages/GraphView/CytoscapeComponent.jsx": {"lines":{"total":43,"covered":33,"skipped":0,"pct":76.74},"functions":{"total":9,"covered":7,"skipped":0,"pct":77.77},"statements":{"total":48,"covered":37,"skipped":0,"pct":77.08},"branches":{"total":28,"covered":13,"skipped":0,"pct":46.42}}
,"/Users/shlokdave/2024Fall-Team34-Stallmann/src/pages/GraphView/utils/GraphUtils.js": {"lines":{"total":29,"covered":7,"skipped":0,"pct":24.13},"functions":{"total":7,"covered":2,"skipped":0,"pct":28.57},"statements":{"total":29,"covered":7,"skipped":0,"pct":24.13},"branches":{"total":2,"covered":0,"skipped":0,"pct":0}}
,"/Users/shlokdave/2024Fall-Team34-Stallmann/src/utils/FileToPredicate.js": {"lines":{"total":92,"covered":42,"skipped":0,"pct":45.65},"functions":{"total":6,"covered":4,"skipped":0,"pct":66.66},"statements":{"total":97,"covered":45,"skipped":0,"pct":46.39},"branches":{"total":80,"covered":24,"skipped":0,"pct":30}}
,"/Users/shlokdave/2024Fall-Team34-Stallmann/src/utils/Graph.js": {"lines":{"total":209,"covered":16,"skipped":0,"pct":7.65},"functions":{"total":124,"covered":4,"skipped":0,"pct":3.22},"statements":{"total":233,"covered":17,"skipped":0,"pct":7.29},"branches":{"total":94,"covered":4,"skipped":0,"pct":4.25}}
,"/Users/shlokdave/2024Fall-Team34-Stallmann/src/utils/SGFileToPredicate.js": {"lines":{"total":94,"covered":0,"skipped":0,"pct":0},"functions":{"total":8,"covered":0,"skipped":0,"pct":0},"statements":{"total":103,"covered":0,"skipped":0,"pct":0},"branches":{"total":79,"covered":0,"skipped":0,"pct":0}}
,"/Users/shlokdave/2024Fall-Team34-Stallmann/src/utils/Algorithm/Algorithm.js": {"lines":{"total":100,"covered":27,"skipped":0,"pct":27},"functions":{"total":17,"covered":5,"skipped":0,"pct":29.41},"statements":{"total":112,"covered":28,"skipped":0,"pct":25},"branches":{"total":51,"covered":6,"skipped":0,"pct":11.76}}
}
