{"C:\\Users\\andre\\git\\2025Fall-Team32-Stallmann\\src\\index.js": {"path":"C:\\Users\\andre\\git\\2025Fall-Team32-Stallmann\\src\\index.js","statementMap":{"0":{"start":{"line":20,"column":0},"end":{"line":34,"column":1}},"1":{"start":{"line":23,"column":4},"end":{"line":30,"column":6}},"2":{"start":{"line":25,"column":12},"end":{"line":25,"column":88}},"3":{"start":{"line":28,"column":12},"end":{"line":28,"column":74}},"4":{"start":{"line":33,"column":4},"end":{"line":33,"column":56}},"5":{"start":{"line":37,"column":15},"end":{"line":50,"column":6}},"6":{"start":{"line":53,"column":0},"end":{"line":59,"column":2}}},"fnMap":{"0":{"name":"(anonymous_0)","decl":{"start":{"line":24,"column":8},"end":{"line":24,"column":9}},"loc":{"start":{"line":24,"column":24},"end":{"line":26,"column":9}},"line":24},"1":{"name":"(anonymous_1)","decl":{"start":{"line":27,"column":8},"end":{"line":27,"column":9}},"loc":{"start":{"line":27,"column":17},"end":{"line":29,"column":9}},"line":27}},"branchMap":{"0":{"loc":{"start":{"line":20,"column":0},"end":{"line":34,"column":1}},"type":"if","locations":[{"start":{"line":20,"column":0},"end":{"line":34,"column":1}},{"start":{"line":31,"column":7},"end":{"line":34,"column":1}}],"line":20}},"s":{"0":9,"1":9,"2":9,"3":0,"4":0,"5":9,"6":9},"f":{"0":9,"1":0},"b":{"0":[9,0]},"_coverageSchema":"1a1c01bbd47fc00a2c39e90264f33305004495a9","hash":"2b2763ca8311616bd297252156ac06cecfcb9411"}
,"C:\\Users\\andre\\git\\2025Fall-Team32-Stallmann\\src\\components\\Buttons\\Button.jsx": {"path":"C:\\Users\\andre\\git\\2025Fall-Team32-Stallmann\\src\\components\\Buttons\\Button.jsx","statementMap":{"0":{"start":{"line":4,"column":4},"end":{"line":11,"column":11}},"1":{"start":{"line":6,"column":12},"end":{"line":6,"column":71}},"2":{"start":{"line":6,"column":64},"end":{"line":6,"column":71}},"3":{"start":{"line":7,"column":12},"end":{"line":7,"column":51}},"4":{"start":{"line":7,"column":40},"end":{"line":7,"column":51}},"5":{"start":{"line":9,"column":8},"end":{"line":9,"column":66}},"6":{"start":{"line":10,"column":8},"end":{"line":10,"column":71}},"7":{"start":{"line":10,"column":21},"end":{"line":10,"column":69}},"8":{"start":{"line":13,"column":4},"end":{"line":20,"column":6}}},"fnMap":{"0":{"name":"Button","decl":{"start":{"line":3,"column":24},"end":{"line":3,"column":30}},"loc":{"start":{"line":3,"column":85},"end":{"line":21,"column":1}},"line":3},"1":{"name":"(anonymous_1)","decl":{"start":{"line":4,"column":14},"end":{"line":4,"column":15}},"loc":{"start":{"line":4,"column":20},"end":{"line":11,"column":5}},"line":4},"2":{"name":"onKeyDown","decl":{"start":{"line":5,"column":17},"end":{"line":5,"column":26}},"loc":{"start":{"line":5,"column":34},"end":{"line":8,"column":9}},"line":5},"3":{"name":"(anonymous_3)","decl":{"start":{"line":10,"column":15},"end":{"line":10,"column":16}},"loc":{"start":{"line":10,"column":21},"end":{"line":10,"column":69}},"line":10}},"branchMap":{"0":{"loc":{"start":{"line":6,"column":12},"end":{"line":6,"column":71}},"type":"if","locations":[{"start":{"line":6,"column":12},"end":{"line":6,"column":71}},{"start":{},"end":{}}],"line":6},"1":{"loc":{"start":{"line":7,"column":12},"end":{"line":7,"column":51}},"type":"if","locations":[{"start":{"line":7,"column":12},"end":{"line":7,"column":51}},{"start":{},"end":{}}],"line":7},"2":{"loc":{"start":{"line":9,"column":8},"end":{"line":9,"column":65}},"type":"binary-expr","locations":[{"start":{"line":9,"column":8},"end":{"line":9,"column":16}},{"start":{"line":9,"column":20},"end":{"line":9,"column":65}}],"line":9}},"s":{"0":426,"1":54,"2":36,"3":18,"4":3,"5":138,"6":138,"7":98,"8":426},"f":{"0":426,"1":138,"2":54,"3":98},"b":{"0":[36,18],"1":[3,15],"2":[138,48]},"_coverageSchema":"1a1c01bbd47fc00a2c39e90264f33305004495a9","hash":"754ab134d67431c2b14f6b8912d42698417c53ff"}
,"C:\\Users\\andre\\git\\2025Fall-Team32-Stallmann\\src\\components\\Buttons\\EditorButton.jsx": {"path":"C:\\Users\\andre\\git\\2025Fall-Team32-Stallmann\\src\\components\\Buttons\\EditorButton.jsx","statementMap":{"0":{"start":{"line":4,"column":4},"end":{"line":14,"column":6}}},"fnMap":{"0":{"name":"EditorButton","decl":{"start":{"line":3,"column":24},"end":{"line":3,"column":36}},"loc":{"start":{"line":3,"column":91},"end":{"line":15,"column":1}},"line":3}},"branchMap":{},"s":{"0":84},"f":{"0":84},"b":{},"_coverageSchema":"1a1c01bbd47fc00a2c39e90264f33305004495a9","hash":"51d5e4de46f652f55e9cdabfa13d9a375a5443bb"}
,"C:\\Users\\andre\\git\\2025Fall-Team32-Stallmann\\src\\components\\Buttons\\ExitButton.jsx": {"path":"C:\\Users\\andre\\git\\2025Fall-Team32-Stallmann\\src\\components\\Buttons\\ExitButton.jsx","statementMap":{"0":{"start":{"line":4,"column":4},"end":{"line":14,"column":6}}},"fnMap":{"0":{"name":"ExitButton","decl":{"start":{"line":3,"column":24},"end":{"line":3,"column":34}},"loc":{"start":{"line":3,"column":89},"end":{"line":15,"column":1}},"line":3}},"branchMap":{},"s":{"0":6},"f":{"0":6},"b":{},"_coverageSchema":"1a1c01bbd47fc00a2c39e90264f33305004495a9","hash":"a5fb89b27536b032124ed3a19e56b2170e0739c8"}
,"C:\\Users\\andre\\git\\2025Fall-Team32-Stallmann\\src\\components\\Buttons\\HelpButton.jsx": {"path":"C:\\Users\\andre\\git\\2025Fall-Team32-Stallmann\\src\\components\\Buttons\\HelpButton.jsx","statementMap":{"0":{"start":{"line":4,"column":4},"end":{"line":14,"column":6}}},"fnMap":{"0":{"name":"HelpButton","decl":{"start":{"line":3,"column":24},"end":{"line":3,"column":34}},"loc":{"start":{"line":3,"column":89},"end":{"line":15,"column":1}},"line":3}},"branchMap":{},"s":{"0":42},"f":{"0":42},"b":{},"_coverageSchema":"1a1c01bbd47fc00a2c39e90264f33305004495a9","hash":"0347ec78c5994b2a987e100f6e5df0333d13e0fe"}
,"C:\\Users\\andre\\git\\2025Fall-Team32-Stallmann\\src\\components\\Buttons\\PreferenceButton.jsx": {"path":"C:\\Users\\andre\\git\\2025Fall-Team32-Stallmann\\src\\components\\Buttons\\PreferenceButton.jsx","statementMap":{"0":{"start":{"line":5,"column":4},"end":{"line":18,"column":6}}},"fnMap":{"0":{"name":"PreferenceButton","decl":{"start":{"line":4,"column":24},"end":{"line":4,"column":40}},"loc":{"start":{"line":4,"column":86},"end":{"line":19,"column":1}},"line":4}},"branchMap":{},"s":{"0":126},"f":{"0":126},"b":{},"_coverageSchema":"1a1c01bbd47fc00a2c39e90264f33305004495a9","hash":"3d429fb51951f82004334c8d0c1e40c4f93e58cb"}
,"C:\\Users\\andre\\git\\2025Fall-Team32-Stallmann\\src\\components\\Buttons\\PrimaryButton.jsx": {"path":"C:\\Users\\andre\\git\\2025Fall-Team32-Stallmann\\src\\components\\Buttons\\PrimaryButton.jsx","statementMap":{"0":{"start":{"line":4,"column":4},"end":{"line":13,"column":6}}},"fnMap":{"0":{"name":"PrimaryButton","decl":{"start":{"line":3,"column":24},"end":{"line":3,"column":37}},"loc":{"start":{"line":3,"column":92},"end":{"line":14,"column":1}},"line":3}},"branchMap":{},"s":{"0":156},"f":{"0":156},"b":{},"_coverageSchema":"1a1c01bbd47fc00a2c39e90264f33305004495a9","hash":"f8f1b648a63c1193ed7e91e94a8103d9ac4ef623"}
,"C:\\Users\\andre\\git\\2025Fall-Team32-Stallmann\\src\\components\\Buttons\\SecondaryButton.jsx": {"path":"C:\\Users\\andre\\git\\2025Fall-Team32-Stallmann\\src\\components\\Buttons\\SecondaryButton.jsx","statementMap":{"0":{"start":{"line":4,"column":4},"end":{"line":14,"column":6}}},"fnMap":{"0":{"name":"SecondaryButton","decl":{"start":{"line":3,"column":24},"end":{"line":3,"column":39}},"loc":{"start":{"line":3,"column":94},"end":{"line":15,"column":1}},"line":3}},"branchMap":{},"s":{"0":12},"f":{"0":12},"b":{},"_coverageSchema":"1a1c01bbd47fc00a2c39e90264f33305004495a9","hash":"a4945f68d82075da2ad7e33bf8579c46407304e8"}
,"C:\\Users\\andre\\git\\2025Fall-Team32-Stallmann\\src\\components\\ContextMenus\\ContextMenu.jsx": {"path":"C:\\Users\\andre\\git\\2025Fall-Team32-Stallmann\\src\\components\\ContextMenus\\ContextMenu.jsx","statementMap":{"0":{"start":{"line":12,"column":30},"end":{"line":12,"column":48}},"1":{"start":{"line":13,"column":54},"end":{"line":13,"column":84}},"2":{"start":{"line":14,"column":24},"end":{"line":14,"column":46}},"3":{"start":{"line":15,"column":34},"end":{"line":15,"column":49}},"4":{"start":{"line":16,"column":36},"end":{"line":16,"column":60}},"5":{"start":{"line":17,"column":52},"end":{"line":17,"column":76}},"6":{"start":{"line":18,"column":32},"end":{"line":18,"column":44}},"7":{"start":{"line":21,"column":4},"end":{"line":36,"column":11}},"8":{"start":{"line":22,"column":8},"end":{"line":35,"column":11}},"9":{"start":{"line":24,"column":12},"end":{"line":24,"column":51}},"10":{"start":{"line":24,"column":44},"end":{"line":24,"column":51}},"11":{"start":{"line":25,"column":12},"end":{"line":25,"column":35}},"12":{"start":{"line":28,"column":12},"end":{"line":28,"column":40}},"13":{"start":{"line":29,"column":12},"end":{"line":29,"column":104}},"14":{"start":{"line":30,"column":12},"end":{"line":30,"column":26}},"15":{"start":{"line":31,"column":12},"end":{"line":31,"column":29}},"16":{"start":{"line":34,"column":12},"end":{"line":34,"column":92}},"17":{"start":{"line":34,"column":57},"end":{"line":34,"column":74}},"18":{"start":{"line":39,"column":4},"end":{"line":60,"column":16}},"19":{"start":{"line":42,"column":25},"end":{"line":42,"column":37}},"20":{"start":{"line":43,"column":23},"end":{"line":43,"column":32}},"21":{"start":{"line":44,"column":32},"end":{"line":44,"column":47}},"22":{"start":{"line":47,"column":47},"end":{"line":47,"column":171}},"23":{"start":{"line":48,"column":12},"end":{"line":48,"column":31}},"24":{"start":{"line":49,"column":12},"end":{"line":49,"column":51}},"25":{"start":{"line":52,"column":22},"end":{"line":52,"column":26}},"26":{"start":{"line":54,"column":12},"end":{"line":54,"column":47}},"27":{"start":{"line":54,"column":25},"end":{"line":54,"column":47}},"28":{"start":{"line":55,"column":12},"end":{"line":55,"column":62}},"29":{"start":{"line":55,"column":39},"end":{"line":55,"column":57}},"30":{"start":{"line":58,"column":8},"end":{"line":58,"column":54}},"31":{"start":{"line":59,"column":8},"end":{"line":59,"column":71}},"32":{"start":{"line":59,"column":21},"end":{"line":59,"column":70}},"33":{"start":{"line":64,"column":43},"end":{"line":64,"column":149}},"34":{"start":{"line":65,"column":8},"end":{"line":65,"column":27}},"35":{"start":{"line":66,"column":8},"end":{"line":66,"column":47}},"36":{"start":{"line":68,"column":8},"end":{"line":68,"column":26}},"37":{"start":{"line":73,"column":23},"end":{"line":73,"column":36}},"38":{"start":{"line":74,"column":28},"end":{"line":74,"column":46}},"39":{"start":{"line":76,"column":43},"end":{"line":76,"column":112}},"40":{"start":{"line":77,"column":8},"end":{"line":77,"column":27}},"41":{"start":{"line":78,"column":8},"end":{"line":78,"column":47}},"42":{"start":{"line":80,"column":8},"end":{"line":80,"column":26}},"43":{"start":{"line":85,"column":26},"end":{"line":85,"column":39}},"44":{"start":{"line":86,"column":8},"end":{"line":86,"column":36}},"45":{"start":{"line":87,"column":8},"end":{"line":87,"column":29}},"46":{"start":{"line":91,"column":4},"end":{"line":105,"column":5}},"47":{"start":{"line":92,"column":229},"end":{"line":92,"column":252}},"48":{"start":{"line":99,"column":137},"end":{"line":99,"column":178}},"49":{"start":{"line":100,"column":125},"end":{"line":100,"column":171}}},"fnMap":{"0":{"name":"ContextMenu","decl":{"start":{"line":11,"column":24},"end":{"line":11,"column":35}},"loc":{"start":{"line":11,"column":38},"end":{"line":106,"column":1}},"line":11},"1":{"name":"(anonymous_1)","decl":{"start":{"line":21,"column":14},"end":{"line":21,"column":15}},"loc":{"start":{"line":21,"column":20},"end":{"line":36,"column":5}},"line":21},"2":{"name":"(anonymous_2)","decl":{"start":{"line":22,"column":31},"end":{"line":22,"column":32}},"loc":{"start":{"line":22,"column":42},"end":{"line":35,"column":9}},"line":22},"3":{"name":"(anonymous_3)","decl":{"start":{"line":34,"column":51},"end":{"line":34,"column":52}},"loc":{"start":{"line":34,"column":57},"end":{"line":34,"column":74}},"line":34},"4":{"name":"(anonymous_4)","decl":{"start":{"line":39,"column":14},"end":{"line":39,"column":15}},"loc":{"start":{"line":39,"column":20},"end":{"line":60,"column":5}},"line":39},"5":{"name":"onNodeMoved","decl":{"start":{"line":40,"column":17},"end":{"line":40,"column":28}},"loc":{"start":{"line":40,"column":36},"end":{"line":50,"column":9}},"line":40},"6":{"name":"onPositionMoved","decl":{"start":{"line":53,"column":17},"end":{"line":53,"column":32}},"loc":{"start":{"line":53,"column":40},"end":{"line":56,"column":9}},"line":53},"7":{"name":"(anonymous_7)","decl":{"start":{"line":55,"column":33},"end":{"line":55,"column":34}},"loc":{"start":{"line":55,"column":39},"end":{"line":55,"column":57}},"line":55},"8":{"name":"(anonymous_8)","decl":{"start":{"line":59,"column":15},"end":{"line":59,"column":16}},"loc":{"start":{"line":59,"column":21},"end":{"line":59,"column":70}},"line":59},"9":{"name":"addNode","decl":{"start":{"line":63,"column":13},"end":{"line":63,"column":20}},"loc":{"start":{"line":63,"column":23},"end":{"line":69,"column":5}},"line":63},"10":{"name":"addEdge","decl":{"start":{"line":72,"column":13},"end":{"line":72,"column":20}},"loc":{"start":{"line":72,"column":23},"end":{"line":81,"column":5}},"line":72},"11":{"name":"changeValue","decl":{"start":{"line":84,"column":13},"end":{"line":84,"column":24}},"loc":{"start":{"line":84,"column":42},"end":{"line":88,"column":5}},"line":84},"12":{"name":"(anonymous_12)","decl":{"start":{"line":92,"column":218},"end":{"line":92,"column":219}},"loc":{"start":{"line":92,"column":229},"end":{"line":92,"column":252}},"line":92},"13":{"name":"(anonymous_13)","decl":{"start":{"line":99,"column":126},"end":{"line":99,"column":127}},"loc":{"start":{"line":99,"column":137},"end":{"line":99,"column":178}},"line":99},"14":{"name":"(anonymous_14)","decl":{"start":{"line":100,"column":114},"end":{"line":100,"column":115}},"loc":{"start":{"line":100,"column":125},"end":{"line":100,"column":171}},"line":100}},"branchMap":{"0":{"loc":{"start":{"line":24,"column":12},"end":{"line":24,"column":51}},"type":"if","locations":[{"start":{"line":24,"column":12},"end":{"line":24,"column":51}},{"start":{},"end":{}}],"line":24},"1":{"loc":{"start":{"line":54,"column":12},"end":{"line":54,"column":47}},"type":"if","locations":[{"start":{"line":54,"column":12},"end":{"line":54,"column":47}},{"start":{},"end":{}}],"line":54},"2":{"loc":{"start":{"line":91,"column":11},"end":{"line":104,"column":14}},"type":"binary-expr","locations":[{"start":{"line":91,"column":11},"end":{"line":91,"column":21}},{"start":{"line":91,"column":25},"end":{"line":91,"column":32}},{"start":{"line":92,"column":8},"end":{"line":104,"column":14}}],"line":91}},"s":{"0":85,"1":82,"2":82,"3":82,"4":82,"5":82,"6":82,"7":82,"8":8,"9":26,"10":6,"11":20,"12":20,"13":20,"14":20,"15":20,"16":20,"17":20,"18":82,"19":0,"20":0,"21":0,"22":0,"23":0,"24":0,"25":25,"26":0,"27":0,"28":0,"29":0,"30":25,"31":25,"32":21,"33":6,"34":6,"35":6,"36":6,"37":3,"38":3,"39":3,"40":3,"41":3,"42":3,"43":6,"44":6,"45":6,"46":82,"47":15,"48":3,"49":3},"f":{"0":85,"1":8,"2":26,"3":20,"4":25,"5":0,"6":0,"7":0,"8":21,"9":6,"10":3,"11":6,"12":15,"13":3,"14":3},"b":{"0":[6,20],"1":[0,0],"2":[82,82,32]},"_coverageSchema":"1a1c01bbd47fc00a2c39e90264f33305004495a9","hash":"93da87cf49535a6bc5b56b8fb46952686ebbe973"}
,"C:\\Users\\andre\\git\\2025Fall-Team32-Stallmann\\src\\components\\ContextMenus\\EdgeContextMenu.jsx": {"path":"C:\\Users\\andre\\git\\2025Fall-Team32-Stallmann\\src\\components\\ContextMenus\\EdgeContextMenu.jsx","statementMap":{"0":{"start":{"line":13,"column":30},"end":{"line":13,"column":48}},"1":{"start":{"line":14,"column":54},"end":{"line":14,"column":84}},"2":{"start":{"line":15,"column":24},"end":{"line":15,"column":46}},"3":{"start":{"line":16,"column":34},"end":{"line":16,"column":49}},"4":{"start":{"line":17,"column":28},"end":{"line":17,"column":42}},"5":{"start":{"line":18,"column":52},"end":{"line":18,"column":74}},"6":{"start":{"line":19,"column":32},"end":{"line":19,"column":44}},"7":{"start":{"line":22,"column":4},"end":{"line":50,"column":11}},"8":{"start":{"line":25,"column":12},"end":{"line":25,"column":30}},"9":{"start":{"line":26,"column":12},"end":{"line":26,"column":35}},"10":{"start":{"line":29,"column":25},"end":{"line":29,"column":44}},"11":{"start":{"line":32,"column":12},"end":{"line":35,"column":15}},"12":{"start":{"line":38,"column":12},"end":{"line":38,"column":26}},"13":{"start":{"line":39,"column":12},"end":{"line":39,"column":29}},"14":{"start":{"line":42,"column":12},"end":{"line":42,"column":76}},"15":{"start":{"line":43,"column":12},"end":{"line":43,"column":102}},"16":{"start":{"line":46,"column":12},"end":{"line":46,"column":88}},"17":{"start":{"line":46,"column":53},"end":{"line":46,"column":70}},"18":{"start":{"line":48,"column":8},"end":{"line":48,"column":55}},"19":{"start":{"line":49,"column":8},"end":{"line":49,"column":74}},"20":{"start":{"line":49,"column":22},"end":{"line":49,"column":72}},"21":{"start":{"line":54,"column":26},"end":{"line":54,"column":37}},"22":{"start":{"line":55,"column":8},"end":{"line":55,"column":36}},"23":{"start":{"line":56,"column":8},"end":{"line":56,"column":29}},"24":{"start":{"line":63,"column":22},"end":{"line":63,"column":41}},"25":{"start":{"line":64,"column":23},"end":{"line":64,"column":74}},"26":{"start":{"line":68,"column":43},"end":{"line":68,"column":45}},"27":{"start":{"line":69,"column":8},"end":{"line":69,"column":76}},"28":{"start":{"line":72,"column":8},"end":{"line":72,"column":138}},"29":{"start":{"line":73,"column":8},"end":{"line":73,"column":143}},"30":{"start":{"line":76,"column":8},"end":{"line":76,"column":73}},"31":{"start":{"line":79,"column":8},"end":{"line":79,"column":27}},"32":{"start":{"line":80,"column":8},"end":{"line":80,"column":47}},"33":{"start":{"line":85,"column":8},"end":{"line":85,"column":26}},"34":{"start":{"line":86,"column":43},"end":{"line":86,"column":120}},"35":{"start":{"line":87,"column":8},"end":{"line":87,"column":27}},"36":{"start":{"line":88,"column":8},"end":{"line":88,"column":47}},"37":{"start":{"line":93,"column":8},"end":{"line":93,"column":42}},"38":{"start":{"line":93,"column":35},"end":{"line":93,"column":42}},"39":{"start":{"line":94,"column":8},"end":{"line":94,"column":28}},"40":{"start":{"line":97,"column":4},"end":{"line":111,"column":6}},"41":{"start":{"line":99,"column":103},"end":{"line":99,"column":126}},"42":{"start":{"line":102,"column":119},"end":{"line":102,"column":162}},"43":{"start":{"line":106,"column":117},"end":{"line":106,"column":159}}},"fnMap":{"0":{"name":"EdgeContextMenu","decl":{"start":{"line":12,"column":24},"end":{"line":12,"column":39}},"loc":{"start":{"line":12,"column":42},"end":{"line":112,"column":1}},"line":12},"1":{"name":"(anonymous_1)","decl":{"start":{"line":22,"column":14},"end":{"line":22,"column":15}},"loc":{"start":{"line":22,"column":20},"end":{"line":50,"column":5}},"line":22},"2":{"name":"onContextClick","decl":{"start":{"line":23,"column":17},"end":{"line":23,"column":31}},"loc":{"start":{"line":23,"column":39},"end":{"line":47,"column":9}},"line":23},"3":{"name":"(anonymous_3)","decl":{"start":{"line":46,"column":47},"end":{"line":46,"column":48}},"loc":{"start":{"line":46,"column":53},"end":{"line":46,"column":70}},"line":46},"4":{"name":"(anonymous_4)","decl":{"start":{"line":49,"column":16},"end":{"line":49,"column":17}},"loc":{"start":{"line":49,"column":22},"end":{"line":49,"column":72}},"line":49},"5":{"name":"onChangeValue","decl":{"start":{"line":53,"column":13},"end":{"line":53,"column":26}},"loc":{"start":{"line":53,"column":44},"end":{"line":57,"column":5}},"line":53},"6":{"name":"update","decl":{"start":{"line":60,"column":13},"end":{"line":60,"column":19}},"loc":{"start":{"line":60,"column":22},"end":{"line":81,"column":5}},"line":60},"7":{"name":"deleteEdge","decl":{"start":{"line":84,"column":13},"end":{"line":84,"column":23}},"loc":{"start":{"line":84,"column":26},"end":{"line":89,"column":5}},"line":84},"8":{"name":"onEnterPressed","decl":{"start":{"line":92,"column":13},"end":{"line":92,"column":27}},"loc":{"start":{"line":92,"column":35},"end":{"line":95,"column":5}},"line":92},"9":{"name":"(anonymous_9)","decl":{"start":{"line":99,"column":92},"end":{"line":99,"column":93}},"loc":{"start":{"line":99,"column":103},"end":{"line":99,"column":126}},"line":99},"10":{"name":"(anonymous_10)","decl":{"start":{"line":102,"column":108},"end":{"line":102,"column":109}},"loc":{"start":{"line":102,"column":119},"end":{"line":102,"column":162}},"line":102},"11":{"name":"(anonymous_11)","decl":{"start":{"line":106,"column":106},"end":{"line":106,"column":107}},"loc":{"start":{"line":106,"column":117},"end":{"line":106,"column":159}},"line":106}},"branchMap":{"0":{"loc":{"start":{"line":34,"column":24},"end":{"line":34,"column":41}},"type":"binary-expr","locations":[{"start":{"line":34,"column":24},"end":{"line":34,"column":35}},{"start":{"line":34,"column":39},"end":{"line":34,"column":41}}],"line":34},"1":{"loc":{"start":{"line":42,"column":37},"end":{"line":42,"column":75}},"type":"binary-expr","locations":[{"start":{"line":42,"column":37},"end":{"line":42,"column":59}},{"start":{"line":42,"column":63},"end":{"line":42,"column":75}}],"line":42},"2":{"loc":{"start":{"line":64,"column":23},"end":{"line":64,"column":74}},"type":"binary-expr","locations":[{"start":{"line":64,"column":23},"end":{"line":64,"column":61}},{"start":{"line":64,"column":65},"end":{"line":64,"column":74}}],"line":64},"3":{"loc":{"start":{"line":93,"column":8},"end":{"line":93,"column":42}},"type":"if","locations":[{"start":{"line":93,"column":8},"end":{"line":93,"column":42}},{"start":{},"end":{}}],"line":93},"4":{"loc":{"start":{"line":97,"column":11},"end":{"line":111,"column":5}},"type":"binary-expr","locations":[{"start":{"line":97,"column":11},"end":{"line":97,"column":21}},{"start":{"line":97,"column":26},"end":{"line":97,"column":33}},{"start":{"line":99,"column":8},"end":{"line":110,"column":14}}],"line":97}},"s":{"0":50,"1":50,"2":50,"3":50,"4":50,"5":50,"6":50,"7":50,"8":0,"9":0,"10":0,"11":0,"12":0,"13":0,"14":0,"15":0,"16":0,"17":0,"18":8,"19":8,"20":4,"21":0,"22":0,"23":0,"24":0,"25":0,"26":0,"27":0,"28":0,"29":0,"30":0,"31":0,"32":0,"33":0,"34":0,"35":0,"36":0,"37":0,"38":0,"39":0,"40":50,"41":0,"42":0,"43":0},"f":{"0":50,"1":8,"2":0,"3":0,"4":4,"5":0,"6":0,"7":0,"8":0,"9":0,"10":0,"11":0},"b":{"0":[0,0],"1":[0,0],"2":[0,0],"3":[0,0],"4":[50,50,0]},"_coverageSchema":"1a1c01bbd47fc00a2c39e90264f33305004495a9","hash":"5185e16570e71525f8910e91646fbffb7ef35ab4"}
,"C:\\Users\\andre\\git\\2025Fall-Team32-Stallmann\\src\\components\\ContextMenus\\NodeContextMenu.jsx": {"path":"C:\\Users\\andre\\git\\2025Fall-Team32-Stallmann\\src\\components\\ContextMenus\\NodeContextMenu.jsx","statementMap":{"0":{"start":{"line":13,"column":30},"end":{"line":13,"column":48}},"1":{"start":{"line":14,"column":54},"end":{"line":14,"column":84}},"2":{"start":{"line":15,"column":24},"end":{"line":15,"column":46}},"3":{"start":{"line":16,"column":34},"end":{"line":16,"column":49}},"4":{"start":{"line":17,"column":28},"end":{"line":17,"column":42}},"5":{"start":{"line":18,"column":52},"end":{"line":18,"column":76}},"6":{"start":{"line":19,"column":32},"end":{"line":19,"column":44}},"7":{"start":{"line":22,"column":4},"end":{"line":51,"column":11}},"8":{"start":{"line":25,"column":12},"end":{"line":25,"column":30}},"9":{"start":{"line":26,"column":12},"end":{"line":26,"column":35}},"10":{"start":{"line":29,"column":25},"end":{"line":29,"column":37}},"11":{"start":{"line":32,"column":12},"end":{"line":36,"column":15}},"12":{"start":{"line":39,"column":12},"end":{"line":39,"column":26}},"13":{"start":{"line":40,"column":12},"end":{"line":40,"column":29}},"14":{"start":{"line":43,"column":12},"end":{"line":43,"column":78}},"15":{"start":{"line":44,"column":12},"end":{"line":44,"column":104}},"16":{"start":{"line":47,"column":12},"end":{"line":47,"column":88}},"17":{"start":{"line":47,"column":53},"end":{"line":47,"column":70}},"18":{"start":{"line":49,"column":8},"end":{"line":49,"column":55}},"19":{"start":{"line":50,"column":8},"end":{"line":50,"column":74}},"20":{"start":{"line":50,"column":22},"end":{"line":50,"column":72}},"21":{"start":{"line":55,"column":26},"end":{"line":55,"column":39}},"22":{"start":{"line":56,"column":8},"end":{"line":56,"column":36}},"23":{"start":{"line":57,"column":8},"end":{"line":57,"column":29}},"24":{"start":{"line":63,"column":22},"end":{"line":63,"column":41}},"25":{"start":{"line":64,"column":23},"end":{"line":64,"column":74}},"26":{"start":{"line":68,"column":43},"end":{"line":68,"column":45}},"27":{"start":{"line":69,"column":8},"end":{"line":69,"column":76}},"28":{"start":{"line":72,"column":8},"end":{"line":72,"column":123}},"29":{"start":{"line":73,"column":8},"end":{"line":73,"column":128}},"30":{"start":{"line":76,"column":8},"end":{"line":76,"column":73}},"31":{"start":{"line":79,"column":8},"end":{"line":79,"column":27}},"32":{"start":{"line":80,"column":8},"end":{"line":80,"column":47}},"33":{"start":{"line":85,"column":8},"end":{"line":85,"column":26}},"34":{"start":{"line":86,"column":43},"end":{"line":86,"column":105}},"35":{"start":{"line":87,"column":8},"end":{"line":87,"column":27}},"36":{"start":{"line":88,"column":8},"end":{"line":88,"column":47}},"37":{"start":{"line":93,"column":8},"end":{"line":93,"column":42}},"38":{"start":{"line":93,"column":35},"end":{"line":93,"column":42}},"39":{"start":{"line":94,"column":8},"end":{"line":94,"column":28}},"40":{"start":{"line":97,"column":4},"end":{"line":118,"column":5}},"41":{"start":{"line":98,"column":197},"end":{"line":98,"column":220}},"42":{"start":{"line":101,"column":143},"end":{"line":101,"column":182}},"43":{"start":{"line":106,"column":119},"end":{"line":106,"column":162}},"44":{"start":{"line":111,"column":117},"end":{"line":111,"column":159}}},"fnMap":{"0":{"name":"NodeContextMenu","decl":{"start":{"line":12,"column":24},"end":{"line":12,"column":39}},"loc":{"start":{"line":12,"column":42},"end":{"line":119,"column":1}},"line":12},"1":{"name":"(anonymous_1)","decl":{"start":{"line":22,"column":14},"end":{"line":22,"column":15}},"loc":{"start":{"line":22,"column":20},"end":{"line":51,"column":5}},"line":22},"2":{"name":"onContextClick","decl":{"start":{"line":23,"column":17},"end":{"line":23,"column":31}},"loc":{"start":{"line":23,"column":39},"end":{"line":48,"column":9}},"line":23},"3":{"name":"(anonymous_3)","decl":{"start":{"line":47,"column":47},"end":{"line":47,"column":48}},"loc":{"start":{"line":47,"column":53},"end":{"line":47,"column":70}},"line":47},"4":{"name":"(anonymous_4)","decl":{"start":{"line":50,"column":16},"end":{"line":50,"column":17}},"loc":{"start":{"line":50,"column":22},"end":{"line":50,"column":72}},"line":50},"5":{"name":"onChangeValue","decl":{"start":{"line":54,"column":13},"end":{"line":54,"column":26}},"loc":{"start":{"line":54,"column":44},"end":{"line":58,"column":5}},"line":54},"6":{"name":"update","decl":{"start":{"line":61,"column":13},"end":{"line":61,"column":19}},"loc":{"start":{"line":61,"column":22},"end":{"line":81,"column":5}},"line":61},"7":{"name":"deleteNode","decl":{"start":{"line":84,"column":13},"end":{"line":84,"column":23}},"loc":{"start":{"line":84,"column":26},"end":{"line":89,"column":5}},"line":84},"8":{"name":"onEnterPressed","decl":{"start":{"line":92,"column":13},"end":{"line":92,"column":27}},"loc":{"start":{"line":92,"column":35},"end":{"line":95,"column":5}},"line":92},"9":{"name":"(anonymous_9)","decl":{"start":{"line":98,"column":186},"end":{"line":98,"column":187}},"loc":{"start":{"line":98,"column":197},"end":{"line":98,"column":220}},"line":98},"10":{"name":"(anonymous_10)","decl":{"start":{"line":101,"column":132},"end":{"line":101,"column":133}},"loc":{"start":{"line":101,"column":143},"end":{"line":101,"column":182}},"line":101},"11":{"name":"(anonymous_11)","decl":{"start":{"line":106,"column":108},"end":{"line":106,"column":109}},"loc":{"start":{"line":106,"column":119},"end":{"line":106,"column":162}},"line":106},"12":{"name":"(anonymous_12)","decl":{"start":{"line":111,"column":106},"end":{"line":111,"column":107}},"loc":{"start":{"line":111,"column":117},"end":{"line":111,"column":159}},"line":111}},"branchMap":{"0":{"loc":{"start":{"line":35,"column":24},"end":{"line":35,"column":48}},"type":"binary-expr","locations":[{"start":{"line":35,"column":24},"end":{"line":35,"column":42}},{"start":{"line":35,"column":46},"end":{"line":35,"column":48}}],"line":35},"1":{"loc":{"start":{"line":43,"column":37},"end":{"line":43,"column":77}},"type":"binary-expr","locations":[{"start":{"line":43,"column":37},"end":{"line":43,"column":59}},{"start":{"line":43,"column":63},"end":{"line":43,"column":77}}],"line":43},"2":{"loc":{"start":{"line":64,"column":23},"end":{"line":64,"column":74}},"type":"binary-expr","locations":[{"start":{"line":64,"column":23},"end":{"line":64,"column":61}},{"start":{"line":64,"column":65},"end":{"line":64,"column":74}}],"line":64},"3":{"loc":{"start":{"line":93,"column":8},"end":{"line":93,"column":42}},"type":"if","locations":[{"start":{"line":93,"column":8},"end":{"line":93,"column":42}},{"start":{},"end":{}}],"line":93},"4":{"loc":{"start":{"line":97,"column":11},"end":{"line":118,"column":5}},"type":"binary-expr","locations":[{"start":{"line":97,"column":11},"end":{"line":97,"column":21}},{"start":{"line":97,"column":26},"end":{"line":97,"column":33}},{"start":{"line":98,"column":8},"end":{"line":115,"column":14}}],"line":97}},"s":{"0":56,"1":56,"2":56,"3":56,"4":56,"5":56,"6":56,"7":56,"8":3,"9":3,"10":3,"11":3,"12":3,"13":3,"14":3,"15":3,"16":3,"17":1,"18":8,"19":8,"20":4,"21":0,"22":0,"23":0,"24":0,"25":0,"26":0,"27":0,"28":0,"29":0,"30":0,"31":0,"32":0,"33":2,"34":2,"35":2,"36":2,"37":0,"38":0,"39":0,"40":56,"41":2,"42":0,"43":0,"44":0},"f":{"0":56,"1":8,"2":3,"3":1,"4":4,"5":0,"6":0,"7":2,"8":0,"9":2,"10":0,"11":0,"12":0},"b":{"0":[3,3],"1":[3,0],"2":[0,0],"3":[0,0],"4":[56,56,6]},"_coverageSchema":"1a1c01bbd47fc00a2c39e90264f33305004495a9","hash":"ac0daf56e16785a728cde971bb8cd8b6ec65ec3c"}
,"C:\\Users\\andre\\git\\2025Fall-Team32-Stallmann\\src\\components\\Popovers\\ControlSettingsPopover.jsx": {"path":"C:\\Users\\andre\\git\\2025Fall-Team32-Stallmann\\src\\components\\Popovers\\ControlSettingsPopover.jsx","statementMap":{"0":{"start":{"line":16,"column":19},"end":{"line":16,"column":31}},"1":{"start":{"line":18,"column":30},"end":{"line":18,"column":48}},"2":{"start":{"line":19,"column":54},"end":{"line":19,"column":84}},"3":{"start":{"line":23,"column":8},"end":{"line":23,"column":49}},"4":{"start":{"line":29,"column":8},"end":{"line":30,"column":19}},"5":{"start":{"line":30,"column":12},"end":{"line":30,"column":19}},"6":{"start":{"line":32,"column":28},"end":{"line":32,"column":40}},"7":{"start":{"line":33,"column":32},"end":{"line":33,"column":111}},"8":{"start":{"line":34,"column":23},"end":{"line":61,"column":10}},"9":{"start":{"line":36,"column":51},"end":{"line":36,"column":77}},"10":{"start":{"line":37,"column":16},"end":{"line":37,"column":84}},"11":{"start":{"line":39,"column":16},"end":{"line":54,"column":19}},"12":{"start":{"line":40,"column":41},"end":{"line":40,"column":56}},"13":{"start":{"line":43,"column":35},"end":{"line":43,"column":83}},"14":{"start":{"line":44,"column":35},"end":{"line":44,"column":83}},"15":{"start":{"line":47,"column":20},"end":{"line":47,"column":141}},"16":{"start":{"line":50,"column":20},"end":{"line":53,"column":23}},"17":{"start":{"line":56,"column":16},"end":{"line":56,"column":81}},"18":{"start":{"line":58,"column":16},"end":{"line":58,"column":35}},"19":{"start":{"line":59,"column":16},"end":{"line":59,"column":55}},"20":{"start":{"line":63,"column":8},"end":{"line":63,"column":21}},"21":{"start":{"line":65,"column":8},"end":{"line":65,"column":21}},"22":{"start":{"line":69,"column":45},"end":{"line":69,"column":111}},"23":{"start":{"line":70,"column":8},"end":{"line":70,"column":27}},"24":{"start":{"line":71,"column":8},"end":{"line":71,"column":47}},"25":{"start":{"line":76,"column":8},"end":{"line":76,"column":49}},"26":{"start":{"line":79,"column":4},"end":{"line":92,"column":6}},"27":{"start":{"line":87,"column":49},"end":{"line":87,"column":61}},"28":{"start":{"line":88,"column":49},"end":{"line":88,"column":61}},"29":{"start":{"line":89,"column":49},"end":{"line":89,"column":69}}},"fnMap":{"0":{"name":"ControlSettingsPopover","decl":{"start":{"line":14,"column":24},"end":{"line":14,"column":46}},"loc":{"start":{"line":14,"column":49},"end":{"line":93,"column":1}},"line":14},"1":{"name":"autoCamera","decl":{"start":{"line":22,"column":13},"end":{"line":22,"column":23}},"loc":{"start":{"line":22,"column":26},"end":{"line":24,"column":5}},"line":22},"2":{"name":"autoLayout","decl":{"start":{"line":27,"column":13},"end":{"line":27,"column":23}},"loc":{"start":{"line":27,"column":26},"end":{"line":66,"column":5}},"line":27},"3":{"name":"(anonymous_3)","decl":{"start":{"line":35,"column":18},"end":{"line":35,"column":19}},"loc":{"start":{"line":35,"column":30},"end":{"line":60,"column":13}},"line":35},"4":{"name":"(anonymous_4)","decl":{"start":{"line":39,"column":42},"end":{"line":39,"column":43}},"loc":{"start":{"line":39,"column":50},"end":{"line":54,"column":17}},"line":39},"5":{"name":"evenlySpacedLayout","decl":{"start":{"line":68,"column":13},"end":{"line":68,"column":31}},"loc":{"start":{"line":68,"column":34},"end":{"line":72,"column":5}},"line":68},"6":{"name":"toggle","decl":{"start":{"line":75,"column":13},"end":{"line":75,"column":19}},"loc":{"start":{"line":75,"column":22},"end":{"line":77,"column":5}},"line":75},"7":{"name":"(anonymous_7)","decl":{"start":{"line":87,"column":42},"end":{"line":87,"column":43}},"loc":{"start":{"line":87,"column":49},"end":{"line":87,"column":61}},"line":87},"8":{"name":"(anonymous_8)","decl":{"start":{"line":88,"column":42},"end":{"line":88,"column":43}},"loc":{"start":{"line":88,"column":49},"end":{"line":88,"column":61}},"line":88},"9":{"name":"(anonymous_9)","decl":{"start":{"line":89,"column":42},"end":{"line":89,"column":43}},"loc":{"start":{"line":89,"column":49},"end":{"line":89,"column":69}},"line":89}},"branchMap":{"0":{"loc":{"start":{"line":29,"column":8},"end":{"line":30,"column":19}},"type":"if","locations":[{"start":{"line":29,"column":8},"end":{"line":30,"column":19}},{"start":{},"end":{}}],"line":29},"1":{"loc":{"start":{"line":29,"column":12},"end":{"line":29,"column":61}},"type":"binary-expr","locations":[{"start":{"line":29,"column":12},"end":{"line":29,"column":36}},{"start":{"line":29,"column":40},"end":{"line":29,"column":61}}],"line":29},"2":{"loc":{"start":{"line":76,"column":8},"end":{"line":76,"column":48}},"type":"binary-expr","locations":[{"start":{"line":76,"column":8},"end":{"line":76,"column":22}},{"start":{"line":76,"column":26},"end":{"line":76,"column":48}}],"line":76}},"s":{"0":50,"1":50,"2":50,"3":0,"4":0,"5":0,"6":0,"7":0,"8":0,"9":0,"10":0,"11":0,"12":0,"13":0,"14":0,"15":0,"16":0,"17":0,"18":0,"19":0,"20":0,"21":0,"22":0,"23":0,"24":0,"25":1,"26":50,"27":0,"28":0,"29":0},"f":{"0":50,"1":0,"2":0,"3":0,"4":0,"5":0,"6":1,"7":0,"8":0,"9":0},"b":{"0":[0,0],"1":[0,0],"2":[1,1]},"_coverageSchema":"1a1c01bbd47fc00a2c39e90264f33305004495a9","hash":"6be3c787e3c162bf3de2b85642ee765632d8c681"}
,"C:\\Users\\andre\\git\\2025Fall-Team32-Stallmann\\src\\components\\Popovers\\EdgeSettingsPopover.jsx": {"path":"C:\\Users\\andre\\git\\2025Fall-Team32-Stallmann\\src\\components\\Popovers\\EdgeSettingsPopover.jsx","statementMap":{"0":{"start":{"line":12,"column":4},"end":{"line":27,"column":6}},"1":{"start":{"line":34,"column":30},"end":{"line":34,"column":48}},"2":{"start":{"line":37,"column":19},"end":{"line":37,"column":31}},"3":{"start":{"line":41,"column":8},"end":{"line":41,"column":49}},"4":{"start":{"line":44,"column":4},"end":{"line":71,"column":6}},"5":{"start":{"line":56,"column":97},"end":{"line":56,"column":151}},"6":{"start":{"line":61,"column":98},"end":{"line":61,"column":153}},"7":{"start":{"line":66,"column":93},"end":{"line":66,"column":141}}},"fnMap":{"0":{"name":"BinarySwitchComponent","decl":{"start":{"line":11,"column":9},"end":{"line":11,"column":30}},"loc":{"start":{"line":11,"column":56},"end":{"line":28,"column":1}},"line":11},"1":{"name":"EdgeSettingsPopover","decl":{"start":{"line":33,"column":24},"end":{"line":33,"column":43}},"loc":{"start":{"line":33,"column":46},"end":{"line":72,"column":1}},"line":33},"2":{"name":"toggle","decl":{"start":{"line":40,"column":13},"end":{"line":40,"column":19}},"loc":{"start":{"line":40,"column":22},"end":{"line":42,"column":5}},"line":40},"3":{"name":"(anonymous_3)","decl":{"start":{"line":56,"column":90},"end":{"line":56,"column":91}},"loc":{"start":{"line":56,"column":97},"end":{"line":56,"column":151}},"line":56},"4":{"name":"(anonymous_4)","decl":{"start":{"line":61,"column":91},"end":{"line":61,"column":92}},"loc":{"start":{"line":61,"column":98},"end":{"line":61,"column":153}},"line":61},"5":{"name":"(anonymous_5)","decl":{"start":{"line":66,"column":86},"end":{"line":66,"column":87}},"loc":{"start":{"line":66,"column":93},"end":{"line":66,"column":141}},"line":66}},"branchMap":{"0":{"loc":{"start":{"line":17,"column":16},"end":{"line":17,"column":55}},"type":"cond-expr","locations":[{"start":{"line":17,"column":26},"end":{"line":17,"column":39}},{"start":{"line":17,"column":42},"end":{"line":17,"column":55}}],"line":17},"1":{"loc":{"start":{"line":23,"column":16},"end":{"line":23,"column":59}},"type":"cond-expr","locations":[{"start":{"line":23,"column":26},"end":{"line":23,"column":41}},{"start":{"line":23,"column":44},"end":{"line":23,"column":59}}],"line":23},"2":{"loc":{"start":{"line":41,"column":8},"end":{"line":41,"column":48}},"type":"binary-expr","locations":[{"start":{"line":41,"column":8},"end":{"line":41,"column":22}},{"start":{"line":41,"column":26},"end":{"line":41,"column":48}}],"line":41}},"s":{"0":6,"1":50,"2":50,"3":1,"4":50,"5":0,"6":0,"7":0},"f":{"0":6,"1":50,"2":1,"3":0,"4":0,"5":0},"b":{"0":[4,2],"1":[4,2],"2":[1,1]},"_coverageSchema":"1a1c01bbd47fc00a2c39e90264f33305004495a9","hash":"573b17da41168c27498308171576b01c6f33d6ce"}
,"C:\\Users\\andre\\git\\2025Fall-Team32-Stallmann\\src\\components\\Popovers\\NodeSettingsPopover.jsx": {"path":"C:\\Users\\andre\\git\\2025Fall-Team32-Stallmann\\src\\components\\Popovers\\NodeSettingsPopover.jsx","statementMap":{"0":{"start":{"line":14,"column":4},"end":{"line":29,"column":6}},"1":{"start":{"line":36,"column":30},"end":{"line":36,"column":48}},"2":{"start":{"line":39,"column":19},"end":{"line":39,"column":31}},"3":{"start":{"line":43,"column":8},"end":{"line":43,"column":49}},"4":{"start":{"line":46,"column":4},"end":{"line":88,"column":6}},"5":{"start":{"line":58,"column":97},"end":{"line":58,"column":151}},"6":{"start":{"line":63,"column":98},"end":{"line":63,"column":153}},"7":{"start":{"line":73,"column":45},"end":{"line":73,"column":93}}},"fnMap":{"0":{"name":"BinarySwitchComponent","decl":{"start":{"line":13,"column":9},"end":{"line":13,"column":30}},"loc":{"start":{"line":13,"column":54},"end":{"line":30,"column":1}},"line":13},"1":{"name":"NodeSettingsPopover","decl":{"start":{"line":35,"column":24},"end":{"line":35,"column":43}},"loc":{"start":{"line":35,"column":46},"end":{"line":89,"column":1}},"line":35},"2":{"name":"toggle","decl":{"start":{"line":42,"column":13},"end":{"line":42,"column":19}},"loc":{"start":{"line":42,"column":22},"end":{"line":44,"column":5}},"line":42},"3":{"name":"(anonymous_3)","decl":{"start":{"line":58,"column":90},"end":{"line":58,"column":91}},"loc":{"start":{"line":58,"column":97},"end":{"line":58,"column":151}},"line":58},"4":{"name":"(anonymous_4)","decl":{"start":{"line":63,"column":91},"end":{"line":63,"column":92}},"loc":{"start":{"line":63,"column":98},"end":{"line":63,"column":153}},"line":63},"5":{"name":"(anonymous_5)","decl":{"start":{"line":73,"column":38},"end":{"line":73,"column":39}},"loc":{"start":{"line":73,"column":45},"end":{"line":73,"column":93}},"line":73}},"branchMap":{"0":{"loc":{"start":{"line":19,"column":16},"end":{"line":19,"column":55}},"type":"cond-expr","locations":[{"start":{"line":19,"column":26},"end":{"line":19,"column":39}},{"start":{"line":19,"column":42},"end":{"line":19,"column":55}}],"line":19},"1":{"loc":{"start":{"line":25,"column":16},"end":{"line":25,"column":59}},"type":"cond-expr","locations":[{"start":{"line":25,"column":26},"end":{"line":25,"column":41}},{"start":{"line":25,"column":44},"end":{"line":25,"column":59}}],"line":25},"2":{"loc":{"start":{"line":43,"column":8},"end":{"line":43,"column":48}},"type":"binary-expr","locations":[{"start":{"line":43,"column":8},"end":{"line":43,"column":22}},{"start":{"line":43,"column":26},"end":{"line":43,"column":48}}],"line":43}},"s":{"0":84,"1":50,"2":50,"3":1,"4":50,"5":0,"6":0,"7":0},"f":{"0":84,"1":50,"2":1,"3":0,"4":0,"5":0},"b":{"0":[84,0],"1":[84,0],"2":[1,1]},"_coverageSchema":"1a1c01bbd47fc00a2c39e90264f33305004495a9","hash":"38b5c5eec355f65ca5d10ce80361d19d7a38e552"}
,"C:\\Users\\andre\\git\\2025Fall-Team32-Stallmann\\src\\components\\Prompts\\AlgorithmErrorPrompt.jsx": {"path":"C:\\Users\\andre\\git\\2025Fall-Team32-Stallmann\\src\\components\\Prompts\\AlgorithmErrorPrompt.jsx","statementMap":{"0":{"start":{"line":10,"column":24},"end":{"line":10,"column":42}},"1":{"start":{"line":11,"column":22},"end":{"line":11,"column":67}},"2":{"start":{"line":16,"column":4},"end":{"line":46,"column":5}},"3":{"start":{"line":17,"column":8},"end":{"line":17,"column":57}},"4":{"start":{"line":18,"column":8},"end":{"line":18,"column":158}},"5":{"start":{"line":22,"column":8},"end":{"line":22,"column":27}},"6":{"start":{"line":24,"column":8},"end":{"line":45,"column":9}},"7":{"start":{"line":25,"column":12},"end":{"line":25,"column":111}},"8":{"start":{"line":28,"column":29},"end":{"line":28,"column":51}},"9":{"start":{"line":29,"column":12},"end":{"line":31,"column":13}},"10":{"start":{"line":30,"column":16},"end":{"line":30,"column":65}},"11":{"start":{"line":32,"column":12},"end":{"line":32,"column":149}},"12":{"start":{"line":34,"column":29},"end":{"line":34,"column":46}},"13":{"start":{"line":35,"column":12},"end":{"line":41,"column":13}},"14":{"start":{"line":37,"column":16},"end":{"line":37,"column":67}},"15":{"start":{"line":40,"column":16},"end":{"line":40,"column":79}},"16":{"start":{"line":48,"column":4},"end":{"line":54,"column":5}}},"fnMap":{"0":{"name":"AlgorithmErrorPrompt","decl":{"start":{"line":8,"column":24},"end":{"line":8,"column":44}},"loc":{"start":{"line":8,"column":76},"end":{"line":55,"column":1}},"line":8}},"branchMap":{"0":{"loc":{"start":{"line":16,"column":4},"end":{"line":46,"column":5}},"type":"if","locations":[{"start":{"line":16,"column":4},"end":{"line":46,"column":5}},{"start":{"line":20,"column":9},"end":{"line":46,"column":5}}],"line":16},"1":{"loc":{"start":{"line":24,"column":8},"end":{"line":45,"column":9}},"type":"if","locations":[{"start":{"line":24,"column":8},"end":{"line":45,"column":9}},{"start":{"line":27,"column":13},"end":{"line":45,"column":9}}],"line":24},"2":{"loc":{"start":{"line":29,"column":12},"end":{"line":31,"column":13}},"type":"if","locations":[{"start":{"line":29,"column":12},"end":{"line":31,"column":13}},{"start":{},"end":{}}],"line":29},"3":{"loc":{"start":{"line":35,"column":12},"end":{"line":41,"column":13}},"type":"if","locations":[{"start":{"line":35,"column":12},"end":{"line":41,"column":13}},{"start":{"line":38,"column":19},"end":{"line":41,"column":13}}],"line":35}},"s":{"0":0,"1":0,"2":0,"3":0,"4":0,"5":0,"6":0,"7":0,"8":0,"9":0,"10":0,"11":0,"12":0,"13":0,"14":0,"15":0,"16":0},"f":{"0":0},"b":{"0":[0,0],"1":[0,0],"2":[0,0],"3":[0,0]},"_coverageSchema":"1a1c01bbd47fc00a2c39e90264f33305004495a9","hash":"39c1dc3c46ece9b127b059b39a367e7bea485ec4"}
,"C:\\Users\\andre\\git\\2025Fall-Team32-Stallmann\\src\\components\\Prompts\\ConfirmationPrompt.jsx": {"path":"C:\\Users\\andre\\git\\2025Fall-Team32-Stallmann\\src\\components\\Prompts\\ConfirmationPrompt.jsx","statementMap":{"0":{"start":{"line":15,"column":20},"end":{"line":15,"column":34}},"1":{"start":{"line":16,"column":29},"end":{"line":16,"column":65}},"2":{"start":{"line":17,"column":23},"end":{"line":17,"column":52}},"3":{"start":{"line":19,"column":4},"end":{"line":25,"column":5}},"4":{"start":{"line":22,"column":42},"end":{"line":22,"column":56}},"5":{"start":{"line":23,"column":44},"end":{"line":23,"column":59}}},"fnMap":{"0":{"name":"ConfirmationPrompt","decl":{"start":{"line":14,"column":24},"end":{"line":14,"column":42}},"loc":{"start":{"line":14,"column":74},"end":{"line":26,"column":1}},"line":14},"1":{"name":"(anonymous_1)","decl":{"start":{"line":22,"column":36},"end":{"line":22,"column":37}},"loc":{"start":{"line":22,"column":42},"end":{"line":22,"column":56}},"line":22},"2":{"name":"(anonymous_2)","decl":{"start":{"line":23,"column":38},"end":{"line":23,"column":39}},"loc":{"start":{"line":23,"column":44},"end":{"line":23,"column":59}},"line":23}},"branchMap":{"0":{"loc":{"start":{"line":16,"column":29},"end":{"line":16,"column":65}},"type":"binary-expr","locations":[{"start":{"line":16,"column":29},"end":{"line":16,"column":52}},{"start":{"line":16,"column":56},"end":{"line":16,"column":65}}],"line":16},"1":{"loc":{"start":{"line":17,"column":23},"end":{"line":17,"column":52}},"type":"binary-expr","locations":[{"start":{"line":17,"column":23},"end":{"line":17,"column":40}},{"start":{"line":17,"column":44},"end":{"line":17,"column":52}}],"line":17}},"s":{"0":0,"1":0,"2":0,"3":0,"4":0,"5":0},"f":{"0":0,"1":0,"2":0},"b":{"0":[0,0],"1":[0,0]},"_coverageSchema":"1a1c01bbd47fc00a2c39e90264f33305004495a9","hash":"9d3c2fa63d911cbb3720a0f06ff1798a9b5b5126"}
,"C:\\Users\\andre\\git\\2025Fall-Team32-Stallmann\\src\\components\\Prompts\\InputPrompt.jsx": {"path":"C:\\Users\\andre\\git\\2025Fall-Team32-Stallmann\\src\\components\\Prompts\\InputPrompt.jsx","statementMap":{"0":{"start":{"line":9,"column":40},"end":{"line":9,"column":52}},"1":{"start":{"line":12,"column":8},"end":{"line":12,"column":42}},"2":{"start":{"line":12,"column":35},"end":{"line":12,"column":42}},"3":{"start":{"line":13,"column":8},"end":{"line":13,"column":29}},"4":{"start":{"line":16,"column":4},"end":{"line":22,"column":6}},"5":{"start":{"line":19,"column":117},"end":{"line":19,"column":150}},"6":{"start":{"line":20,"column":42},"end":{"line":20,"column":62}}},"fnMap":{"0":{"name":"InputPrompt","decl":{"start":{"line":8,"column":24},"end":{"line":8,"column":35}},"loc":{"start":{"line":8,"column":67},"end":{"line":23,"column":1}},"line":8},"1":{"name":"onEnterPressed","decl":{"start":{"line":11,"column":13},"end":{"line":11,"column":27}},"loc":{"start":{"line":11,"column":35},"end":{"line":14,"column":5}},"line":11},"2":{"name":"(anonymous_2)","decl":{"start":{"line":19,"column":106},"end":{"line":19,"column":107}},"loc":{"start":{"line":19,"column":117},"end":{"line":19,"column":150}},"line":19},"3":{"name":"(anonymous_3)","decl":{"start":{"line":20,"column":36},"end":{"line":20,"column":37}},"loc":{"start":{"line":20,"column":42},"end":{"line":20,"column":62}},"line":20}},"branchMap":{"0":{"loc":{"start":{"line":12,"column":8},"end":{"line":12,"column":42}},"type":"if","locations":[{"start":{"line":12,"column":8},"end":{"line":12,"column":42}},{"start":{},"end":{}}],"line":12}},"s":{"0":0,"1":0,"2":0,"3":0,"4":0,"5":0,"6":0},"f":{"0":0,"1":0,"2":0,"3":0},"b":{"0":[0,0]},"_coverageSchema":"1a1c01bbd47fc00a2c39e90264f33305004495a9","hash":"9dac4417b14c7b87dccb05077507c7222e67b974"}
,"C:\\Users\\andre\\git\\2025Fall-Team32-Stallmann\\src\\components\\Prompts\\PromptComponent.jsx": {"path":"C:\\Users\\andre\\git\\2025Fall-Team32-Stallmann\\src\\components\\Prompts\\PromptComponent.jsx","statementMap":{"0":{"start":{"line":10,"column":20},"end":{"line":14,"column":1}},"1":{"start":{"line":21,"column":42},"end":{"line":21,"column":66}},"2":{"start":{"line":22,"column":21},"end":{"line":22,"column":40}},"3":{"start":{"line":23,"column":44},"end":{"line":23,"column":70}},"4":{"start":{"line":24,"column":22},"end":{"line":24,"column":30}},"5":{"start":{"line":32,"column":8},"end":{"line":32,"column":31}},"6":{"start":{"line":35,"column":8},"end":{"line":35,"column":67}},"7":{"start":{"line":40,"column":8},"end":{"line":40,"column":55}},"8":{"start":{"line":40,"column":48},"end":{"line":40,"column":55}},"9":{"start":{"line":41,"column":18},"end":{"line":41,"column":54}},"10":{"start":{"line":42,"column":8},"end":{"line":42,"column":38}},"11":{"start":{"line":43,"column":8},"end":{"line":43,"column":38}},"12":{"start":{"line":44,"column":8},"end":{"line":44,"column":32}},"13":{"start":{"line":45,"column":8},"end":{"line":45,"column":31}},"14":{"start":{"line":46,"column":8},"end":{"line":46,"column":60}},"15":{"start":{"line":47,"column":8},"end":{"line":47,"column":56}},"16":{"start":{"line":51,"column":8},"end":{"line":51,"column":32}},"17":{"start":{"line":52,"column":8},"end":{"line":52,"column":31}},"18":{"start":{"line":53,"column":8},"end":{"line":53,"column":63}},"19":{"start":{"line":54,"column":8},"end":{"line":54,"column":59}},"20":{"start":{"line":58,"column":8},"end":{"line":58,"column":55}},"21":{"start":{"line":58,"column":48},"end":{"line":58,"column":55}},"22":{"start":{"line":59,"column":8},"end":{"line":62,"column":11}},"23":{"start":{"line":63,"column":8},"end":{"line":63,"column":32}},"24":{"start":{"line":64,"column":8},"end":{"line":64,"column":31}},"25":{"start":{"line":67,"column":4},"end":{"line":67,"column":29}},"26":{"start":{"line":67,"column":17},"end":{"line":67,"column":29}},"27":{"start":{"line":68,"column":26},"end":{"line":68,"column":55}},"28":{"start":{"line":69,"column":4},"end":{"line":71,"column":5}},"29":{"start":{"line":70,"column":8},"end":{"line":70,"column":96}},"30":{"start":{"line":73,"column":4},"end":{"line":79,"column":6}}},"fnMap":{"0":{"name":"PromptComponent","decl":{"start":{"line":20,"column":24},"end":{"line":20,"column":39}},"loc":{"start":{"line":20,"column":42},"end":{"line":80,"column":1}},"line":20},"1":{"name":"onCallback","decl":{"start":{"line":30,"column":13},"end":{"line":30,"column":23}},"loc":{"start":{"line":30,"column":31},"end":{"line":36,"column":5}},"line":30},"2":{"name":"onMouseDown","decl":{"start":{"line":39,"column":13},"end":{"line":39,"column":24}},"loc":{"start":{"line":39,"column":32},"end":{"line":48,"column":5}},"line":39},"3":{"name":"onMouseUp","decl":{"start":{"line":50,"column":13},"end":{"line":50,"column":22}},"loc":{"start":{"line":50,"column":30},"end":{"line":55,"column":5}},"line":50},"4":{"name":"onMouseMove","decl":{"start":{"line":57,"column":13},"end":{"line":57,"column":24}},"loc":{"start":{"line":57,"column":32},"end":{"line":65,"column":5}},"line":57}},"branchMap":{"0":{"loc":{"start":{"line":40,"column":8},"end":{"line":40,"column":55}},"type":"if","locations":[{"start":{"line":40,"column":8},"end":{"line":40,"column":55}},{"start":{},"end":{}}],"line":40},"1":{"loc":{"start":{"line":58,"column":8},"end":{"line":58,"column":55}},"type":"if","locations":[{"start":{"line":58,"column":8},"end":{"line":58,"column":55}},{"start":{},"end":{}}],"line":58},"2":{"loc":{"start":{"line":67,"column":4},"end":{"line":67,"column":29}},"type":"if","locations":[{"start":{"line":67,"column":4},"end":{"line":67,"column":29}},{"start":{},"end":{}}],"line":67},"3":{"loc":{"start":{"line":69,"column":4},"end":{"line":71,"column":5}},"type":"if","locations":[{"start":{"line":69,"column":4},"end":{"line":71,"column":5}},{"start":{},"end":{}}],"line":69}},"s":{"0":9,"1":50,"2":50,"3":50,"4":50,"5":0,"6":0,"7":0,"8":0,"9":0,"10":0,"11":0,"12":0,"13":0,"14":0,"15":0,"16":0,"17":0,"18":0,"19":0,"20":0,"21":0,"22":0,"23":0,"24":0,"25":50,"26":50,"27":0,"28":0,"29":0,"30":0},"f":{"0":50,"1":0,"2":0,"3":0,"4":0},"b":{"0":[0,0],"1":[0,0],"2":[50,0],"3":[0,0]},"_coverageSchema":"1a1c01bbd47fc00a2c39e90264f33305004495a9","hash":"fdcdd17862cf3287cada17f99e504ba8938dd3dd"}
,"C:\\Users\\andre\\git\\2025Fall-Team32-Stallmann\\src\\components\\Tabs\\ExamplesButton.jsx": {"path":"C:\\Users\\andre\\git\\2025Fall-Team32-Stallmann\\src\\components\\Tabs\\ExamplesButton.jsx","statementMap":{"0":{"start":{"line":10,"column":2},"end":{"line":19,"column":11}},"1":{"start":{"line":12,"column":12},"end":{"line":15,"column":13}},"2":{"start":{"line":13,"column":14},"end":{"line":13,"column":37}},"3":{"start":{"line":14,"column":14},"end":{"line":14,"column":26}},"4":{"start":{"line":17,"column":8},"end":{"line":17,"column":57}},"5":{"start":{"line":18,"column":8},"end":{"line":18,"column":73}},"6":{"start":{"line":18,"column":21},"end":{"line":18,"column":72}},"7":{"start":{"line":21,"column":20},"end":{"line":44,"column":3}},"8":{"start":{"line":22,"column":24},"end":{"line":26,"column":5}},"9":{"start":{"line":28,"column":28},"end":{"line":31,"column":5}},"10":{"start":{"line":29,"column":6},"end":{"line":29,"column":24}},"11":{"start":{"line":30,"column":6},"end":{"line":30,"column":26}},"12":{"start":{"line":33,"column":4},"end":{"line":43,"column":5}},"13":{"start":{"line":34,"column":6},"end":{"line":34,"column":50}},"14":{"start":{"line":37,"column":24},"end":{"line":37,"column":65}},"15":{"start":{"line":38,"column":6},"end":{"line":38,"column":55}},"16":{"start":{"line":40,"column":6},"end":{"line":40,"column":115}},"17":{"start":{"line":42,"column":6},"end":{"line":42,"column":68}},"18":{"start":{"line":46,"column":2},"end":{"line":52,"column":4}},"19":{"start":{"line":49,"column":31},"end":{"line":49,"column":46}}},"fnMap":{"0":{"name":"ExamplesButton","decl":{"start":{"line":9,"column":24},"end":{"line":9,"column":38}},"loc":{"start":{"line":9,"column":59},"end":{"line":53,"column":1}},"line":9},"1":{"name":"(anonymous_1)","decl":{"start":{"line":10,"column":18},"end":{"line":10,"column":19}},"loc":{"start":{"line":10,"column":24},"end":{"line":19,"column":5}},"line":10},"2":{"name":"onKeyPress","decl":{"start":{"line":11,"column":17},"end":{"line":11,"column":27}},"loc":{"start":{"line":11,"column":35},"end":{"line":16,"column":9}},"line":11},"3":{"name":"(anonymous_3)","decl":{"start":{"line":18,"column":15},"end":{"line":18,"column":16}},"loc":{"start":{"line":18,"column":21},"end":{"line":18,"column":72}},"line":18},"4":{"name":"(anonymous_4)","decl":{"start":{"line":21,"column":20},"end":{"line":21,"column":21}},"loc":{"start":{"line":21,"column":26},"end":{"line":44,"column":3}},"line":21},"5":{"name":"(anonymous_5)","decl":{"start":{"line":28,"column":28},"end":{"line":28,"column":29}},"loc":{"start":{"line":28,"column":43},"end":{"line":31,"column":5}},"line":28},"6":{"name":"(anonymous_6)","decl":{"start":{"line":49,"column":25},"end":{"line":49,"column":26}},"loc":{"start":{"line":49,"column":31},"end":{"line":49,"column":46}},"line":49}},"branchMap":{"0":{"loc":{"start":{"line":12,"column":12},"end":{"line":15,"column":13}},"type":"if","locations":[{"start":{"line":12,"column":12},"end":{"line":15,"column":13}},{"start":{},"end":{}}],"line":12},"1":{"loc":{"start":{"line":12,"column":16},"end":{"line":12,"column":73}},"type":"binary-expr","locations":[{"start":{"line":12,"column":16},"end":{"line":12,"column":37}},{"start":{"line":12,"column":42},"end":{"line":12,"column":55}},{"start":{"line":12,"column":59},"end":{"line":12,"column":72}}],"line":12},"2":{"loc":{"start":{"line":33,"column":4},"end":{"line":43,"column":5}},"type":"if","locations":[{"start":{"line":33,"column":4},"end":{"line":43,"column":5}},{"start":{"line":41,"column":11},"end":{"line":43,"column":5}}],"line":33}},"s":{"0":10,"1":0,"2":0,"3":0,"4":10,"5":10,"6":5,"7":10,"8":0,"9":0,"10":0,"11":0,"12":0,"13":0,"14":0,"15":0,"16":0,"17":0,"18":10,"19":0},"f":{"0":10,"1":10,"2":0,"3":5,"4":0,"5":0,"6":0},"b":{"0":[0,0],"1":[0,0,0],"2":[0,0]},"_coverageSchema":"1a1c01bbd47fc00a2c39e90264f33305004495a9","hash":"9ca4e9b4abe99223f5c739c80d43f4ced1a88576"}
,"C:\\Users\\andre\\git\\2025Fall-Team32-Stallmann\\src\\components\\Tabs\\PopupWindow.js": {"path":"C:\\Users\\andre\\git\\2025Fall-Team32-Stallmann\\src\\components\\Tabs\\PopupWindow.js","statementMap":{"0":{"start":{"line":4,"column":20},"end":{"line":48,"column":1}},"1":{"start":{"line":13,"column":24},"end":{"line":16,"column":5}},"2":{"start":{"line":15,"column":6},"end":{"line":15,"column":30}},"3":{"start":{"line":18,"column":4},"end":{"line":47,"column":6}},"4":{"start":{"line":23,"column":10},"end":{"line":41,"column":16}},"5":{"start":{"line":29,"column":16},"end":{"line":29,"column":35}},"6":{"start":{"line":30,"column":16},"end":{"line":30,"column":36}}},"fnMap":{"0":{"name":"(anonymous_0)","decl":{"start":{"line":4,"column":20},"end":{"line":4,"column":21}},"loc":{"start":{"line":4,"column":53},"end":{"line":48,"column":1}},"line":4},"1":{"name":"(anonymous_1)","decl":{"start":{"line":13,"column":24},"end":{"line":13,"column":25}},"loc":{"start":{"line":13,"column":36},"end":{"line":16,"column":5}},"line":13},"2":{"name":"(anonymous_2)","decl":{"start":{"line":22,"column":22},"end":{"line":22,"column":23}},"loc":{"start":{"line":23,"column":10},"end":{"line":41,"column":16}},"line":23},"3":{"name":"(anonymous_3)","decl":{"start":{"line":28,"column":23},"end":{"line":28,"column":24}},"loc":{"start":{"line":28,"column":30},"end":{"line":31,"column":15}},"line":28}},"branchMap":{"0":{"loc":{"start":{"line":37,"column":17},"end":{"line":37,"column":61}},"type":"cond-expr","locations":[{"start":{"line":37,"column":38},"end":{"line":37,"column":56}},{"start":{"line":37,"column":59},"end":{"line":37,"column":61}}],"line":37}},"s":{"0":9,"1":0,"2":0,"3":0,"4":0,"5":0,"6":0},"f":{"0":0,"1":0,"2":0,"3":0},"b":{"0":[0,0]},"_coverageSchema":"1a1c01bbd47fc00a2c39e90264f33305004495a9","hash":"0626fd9656736f4944b536431c20139256aae1c4"}
,"C:\\Users\\andre\\git\\2025Fall-Team32-Stallmann\\src\\components\\Tabs\\Tab.jsx": {"path":"C:\\Users\\andre\\git\\2025Fall-Team32-Stallmann\\src\\components\\Tabs\\Tab.jsx","statementMap":{"0":{"start":{"line":9,"column":36},"end":{"line":9,"column":51}},"1":{"start":{"line":10,"column":52},"end":{"line":10,"column":70}},"2":{"start":{"line":11,"column":23},"end":{"line":11,"column":35}},"3":{"start":{"line":14,"column":8},"end":{"line":14,"column":38}},"4":{"start":{"line":15,"column":8},"end":{"line":15,"column":26}},"5":{"start":{"line":16,"column":8},"end":{"line":16,"column":32}},"6":{"start":{"line":20,"column":8},"end":{"line":20,"column":22}},"7":{"start":{"line":21,"column":8},"end":{"line":21,"column":32}},"8":{"start":{"line":25,"column":8},"end":{"line":25,"column":42}},"9":{"start":{"line":25,"column":35},"end":{"line":25,"column":42}},"10":{"start":{"line":26,"column":8},"end":{"line":26,"column":47}},"11":{"start":{"line":27,"column":8},"end":{"line":27,"column":27}},"12":{"start":{"line":30,"column":4},"end":{"line":33,"column":5}},"13":{"start":{"line":31,"column":8},"end":{"line":31,"column":44}},"14":{"start":{"line":32,"column":8},"end":{"line":32,"column":35}},"15":{"start":{"line":37,"column":8},"end":{"line":37,"column":65}},"16":{"start":{"line":37,"column":58},"end":{"line":37,"column":65}},"17":{"start":{"line":38,"column":8},"end":{"line":38,"column":21}},"18":{"start":{"line":41,"column":4},"end":{"line":58,"column":6}},"19":{"start":{"line":42,"column":73},"end":{"line":42,"column":85}},"20":{"start":{"line":46,"column":279},"end":{"line":46,"column":325}},"21":{"start":{"line":46,"column":359},"end":{"line":46,"column":377}}},"fnMap":{"0":{"name":"Tab","decl":{"start":{"line":8,"column":24},"end":{"line":8,"column":27}},"loc":{"start":{"line":8,"column":64},"end":{"line":59,"column":1}},"line":8},"1":{"name":"onEdit","decl":{"start":{"line":13,"column":13},"end":{"line":13,"column":19}},"loc":{"start":{"line":13,"column":27},"end":{"line":17,"column":5}},"line":13},"2":{"name":"onRemoveClick","decl":{"start":{"line":19,"column":13},"end":{"line":19,"column":26}},"loc":{"start":{"line":19,"column":34},"end":{"line":22,"column":5}},"line":19},"3":{"name":"onEnter","decl":{"start":{"line":24,"column":13},"end":{"line":24,"column":20}},"loc":{"start":{"line":24,"column":28},"end":{"line":28,"column":5}},"line":24},"4":{"name":"onTabSelectByKey","decl":{"start":{"line":36,"column":13},"end":{"line":36,"column":29}},"loc":{"start":{"line":36,"column":37},"end":{"line":39,"column":5}},"line":36},"5":{"name":"(anonymous_5)","decl":{"start":{"line":42,"column":67},"end":{"line":42,"column":68}},"loc":{"start":{"line":42,"column":73},"end":{"line":42,"column":85}},"line":42},"6":{"name":"(anonymous_6)","decl":{"start":{"line":46,"column":268},"end":{"line":46,"column":269}},"loc":{"start":{"line":46,"column":279},"end":{"line":46,"column":325}},"line":46},"7":{"name":"(anonymous_7)","decl":{"start":{"line":46,"column":353},"end":{"line":46,"column":354}},"loc":{"start":{"line":46,"column":359},"end":{"line":46,"column":377}},"line":46}},"branchMap":{"0":{"loc":{"start":{"line":25,"column":8},"end":{"line":25,"column":42}},"type":"if","locations":[{"start":{"line":25,"column":8},"end":{"line":25,"column":42}},{"start":{},"end":{}}],"line":25},"1":{"loc":{"start":{"line":30,"column":4},"end":{"line":33,"column":5}},"type":"if","locations":[{"start":{"line":30,"column":4},"end":{"line":33,"column":5}},{"start":{},"end":{}}],"line":30},"2":{"loc":{"start":{"line":30,"column":8},"end":{"line":30,"column":30}},"type":"binary-expr","locations":[{"start":{"line":30,"column":8},"end":{"line":30,"column":16}},{"start":{"line":30,"column":20},"end":{"line":30,"column":30}}],"line":30},"3":{"loc":{"start":{"line":37,"column":8},"end":{"line":37,"column":65}},"type":"if","locations":[{"start":{"line":37,"column":8},"end":{"line":37,"column":65}},{"start":{},"end":{}}],"line":37},"4":{"loc":{"start":{"line":37,"column":12},"end":{"line":37,"column":56}},"type":"binary-expr","locations":[{"start":{"line":37,"column":12},"end":{"line":37,"column":32}},{"start":{"line":37,"column":36},"end":{"line":37,"column":56}}],"line":37},"5":{"loc":{"start":{"line":43,"column":99},"end":{"line":43,"column":143}},"type":"cond-expr","locations":[{"start":{"line":43,"column":114},"end":{"line":43,"column":124}},{"start":{"line":43,"column":127},"end":{"line":43,"column":143}}],"line":43},"6":{"loc":{"start":{"line":45,"column":54},"end":{"line":45,"column":92}},"type":"cond-expr","locations":[{"start":{"line":45,"column":65},"end":{"line":45,"column":81}},{"start":{"line":45,"column":84},"end":{"line":45,"column":92}}],"line":45},"7":{"loc":{"start":{"line":46,"column":103},"end":{"line":46,"column":137}},"type":"binary-expr","locations":[{"start":{"line":46,"column":103},"end":{"line":46,"column":112}},{"start":{"line":46,"column":116},"end":{"line":46,"column":137}}],"line":46},"8":{"loc":{"start":{"line":46,"column":166},"end":{"line":46,"column":204}},"type":"cond-expr","locations":[{"start":{"line":46,"column":177},"end":{"line":46,"column":193}},{"start":{"line":46,"column":196},"end":{"line":46,"column":204}}],"line":46}},"s":{"0":0,"1":0,"2":0,"3":0,"4":0,"5":0,"6":0,"7":0,"8":0,"9":0,"10":0,"11":0,"12":0,"13":0,"14":0,"15":0,"16":0,"17":0,"18":0,"19":0,"20":0,"21":0},"f":{"0":0,"1":0,"2":0,"3":0,"4":0,"5":0,"6":0,"7":0},"b":{"0":[0,0],"1":[0,0],"2":[0,0],"3":[0,0],"4":[0,0],"5":[0,0],"6":[0,0],"7":[0,0],"8":[0,0]},"_coverageSchema":"1a1c01bbd47fc00a2c39e90264f33305004495a9","hash":"2e75d911dcd9e177b9e07a815f33d946dd6062c4"}
,"C:\\Users\\andre\\git\\2025Fall-Team32-Stallmann\\src\\components\\Tabs\\TabList.jsx": {"path":"C:\\Users\\andre\\git\\2025Fall-Team32-Stallmann\\src\\components\\Tabs\\TabList.jsx","statementMap":{"0":{"start":{"line":10,"column":4},"end":{"line":18,"column":6}},"1":{"start":{"line":30,"column":8},"end":{"line":30,"column":49}},"2":{"start":{"line":35,"column":8},"end":{"line":37,"column":9}},"3":{"start":{"line":36,"column":12},"end":{"line":36,"column":54}},"4":{"start":{"line":38,"column":8},"end":{"line":38,"column":25}},"5":{"start":{"line":42,"column":8},"end":{"line":42,"column":53}},"6":{"start":{"line":46,"column":8},"end":{"line":46,"column":57}},"7":{"start":{"line":50,"column":8},"end":{"line":50,"column":51}},"8":{"start":{"line":53,"column":4},"end":{"line":68,"column":6}},"9":{"start":{"line":63,"column":24},"end":{"line":63,"column":123}}},"fnMap":{"0":{"name":"Header","decl":{"start":{"line":9,"column":9},"end":{"line":9,"column":15}},"loc":{"start":{"line":9,"column":30},"end":{"line":19,"column":1}},"line":9},"1":{"name":"TabList","decl":{"start":{"line":27,"column":24},"end":{"line":27,"column":31}},"loc":{"start":{"line":27,"column":75},"end":{"line":69,"column":1}},"line":27},"2":{"name":"onAddTab","decl":{"start":{"line":29,"column":13},"end":{"line":29,"column":21}},"loc":{"start":{"line":29,"column":28},"end":{"line":31,"column":5}},"line":29},"3":{"name":"onFileUpload","decl":{"start":{"line":33,"column":13},"end":{"line":33,"column":25}},"loc":{"start":{"line":33,"column":36},"end":{"line":39,"column":5}},"line":33},"4":{"name":"onTabClick","decl":{"start":{"line":41,"column":13},"end":{"line":41,"column":23}},"loc":{"start":{"line":41,"column":29},"end":{"line":43,"column":5}},"line":41},"5":{"name":"onTabRename","decl":{"start":{"line":45,"column":13},"end":{"line":45,"column":24}},"loc":{"start":{"line":45,"column":36},"end":{"line":47,"column":5}},"line":45},"6":{"name":"onTabRemove","decl":{"start":{"line":49,"column":13},"end":{"line":49,"column":24}},"loc":{"start":{"line":49,"column":30},"end":{"line":51,"column":5}},"line":49},"7":{"name":"(anonymous_7)","decl":{"start":{"line":62,"column":30},"end":{"line":62,"column":31}},"loc":{"start":{"line":63,"column":24},"end":{"line":63,"column":123}},"line":63}},"branchMap":{},"s":{"0":10,"1":0,"2":0,"3":0,"4":0,"5":0,"6":0,"7":0,"8":10,"9":0},"f":{"0":10,"1":10,"2":0,"3":0,"4":0,"5":0,"6":0,"7":0},"b":{},"_coverageSchema":"1a1c01bbd47fc00a2c39e90264f33305004495a9","hash":"dd1481058e231e0ab553628ab74181d48658c323"}
,"C:\\Users\\andre\\git\\2025Fall-Team32-Stallmann\\src\\components\\Tabs\\UploadButton.jsx": {"path":"C:\\Users\\andre\\git\\2025Fall-Team32-Stallmann\\src\\components\\Tabs\\UploadButton.jsx","statementMap":{"0":{"start":{"line":15,"column":4},"end":{"line":29,"column":11}},"1":{"start":{"line":19,"column":12},"end":{"line":25,"column":13}},"2":{"start":{"line":20,"column":16},"end":{"line":20,"column":39}},"3":{"start":{"line":21,"column":34},"end":{"line":21,"column":72}},"4":{"start":{"line":24,"column":16},"end":{"line":24,"column":49}},"5":{"start":{"line":27,"column":8},"end":{"line":27,"column":57}},"6":{"start":{"line":28,"column":8},"end":{"line":28,"column":73}},"7":{"start":{"line":28,"column":21},"end":{"line":28,"column":72}},"8":{"start":{"line":34,"column":21},"end":{"line":34,"column":23}},"9":{"start":{"line":35,"column":8},"end":{"line":53,"column":9}},"10":{"start":{"line":36,"column":27},"end":{"line":36,"column":43}},"11":{"start":{"line":37,"column":12},"end":{"line":51,"column":14}},"12":{"start":{"line":38,"column":28},"end":{"line":38,"column":71}},"13":{"start":{"line":39,"column":16},"end":{"line":39,"column":31}},"14":{"start":{"line":48,"column":16},"end":{"line":50,"column":17}},"15":{"start":{"line":49,"column":20},"end":{"line":49,"column":39}},"16":{"start":{"line":52,"column":12},"end":{"line":52,"column":36}},"17":{"start":{"line":57,"column":8},"end":{"line":57,"column":41}},"18":{"start":{"line":60,"column":4},"end":{"line":68,"column":6}}},"fnMap":{"0":{"name":"UploadButton","decl":{"start":{"line":8,"column":24},"end":{"line":8,"column":36}},"loc":{"start":{"line":8,"column":69},"end":{"line":69,"column":1}},"line":8},"1":{"name":"(anonymous_1)","decl":{"start":{"line":15,"column":20},"end":{"line":15,"column":21}},"loc":{"start":{"line":15,"column":26},"end":{"line":29,"column":5}},"line":15},"2":{"name":"onKeyPress","decl":{"start":{"line":16,"column":17},"end":{"line":16,"column":27}},"loc":{"start":{"line":16,"column":35},"end":{"line":26,"column":9}},"line":16},"3":{"name":"(anonymous_3)","decl":{"start":{"line":28,"column":15},"end":{"line":28,"column":16}},"loc":{"start":{"line":28,"column":21},"end":{"line":28,"column":72}},"line":28},"4":{"name":"processFiles","decl":{"start":{"line":33,"column":13},"end":{"line":33,"column":25}},"loc":{"start":{"line":33,"column":33},"end":{"line":54,"column":5}},"line":33},"5":{"name":"(anonymous_5)","decl":{"start":{"line":37,"column":28},"end":{"line":37,"column":29}},"loc":{"start":{"line":37,"column":35},"end":{"line":51,"column":13}},"line":37},"6":{"name":"onUploadEvent","decl":{"start":{"line":56,"column":13},"end":{"line":56,"column":26}},"loc":{"start":{"line":56,"column":34},"end":{"line":58,"column":5}},"line":56}},"branchMap":{"0":{"loc":{"start":{"line":19,"column":12},"end":{"line":25,"column":13}},"type":"if","locations":[{"start":{"line":19,"column":12},"end":{"line":25,"column":13}},{"start":{},"end":{}}],"line":19},"1":{"loc":{"start":{"line":19,"column":16},"end":{"line":19,"column":73}},"type":"binary-expr","locations":[{"start":{"line":19,"column":16},"end":{"line":19,"column":37}},{"start":{"line":19,"column":42},"end":{"line":19,"column":55}},{"start":{"line":19,"column":59},"end":{"line":19,"column":72}}],"line":19},"2":{"loc":{"start":{"line":48,"column":16},"end":{"line":50,"column":17}},"type":"if","locations":[{"start":{"line":48,"column":16},"end":{"line":50,"column":17}},{"start":{},"end":{}}],"line":48}},"s":{"0":10,"1":0,"2":0,"3":0,"4":0,"5":10,"6":10,"7":5,"8":0,"9":0,"10":0,"11":0,"12":0,"13":0,"14":0,"15":0,"16":0,"17":0,"18":10},"f":{"0":10,"1":10,"2":0,"3":5,"4":0,"5":0,"6":0},"b":{"0":[0,0],"1":[0,0,0],"2":[0,0]},"_coverageSchema":"1a1c01bbd47fc00a2c39e90264f33305004495a9","hash":"a9dcbf04a4185e5f46ac1ead3cfbcfe931b5dec5"}
,"C:\\Users\\andre\\git\\2025Fall-Team32-Stallmann\\src\\globals\\Cytoscape.js": {"path":"C:\\Users\\andre\\git\\2025Fall-Team32-Stallmann\\src\\globals\\Cytoscape.js","statementMap":{"0":{"start":{"line":8,"column":0},"end":{"line":8,"column":27}},"1":{"start":{"line":9,"column":0},"end":{"line":9,"column":19}},"2":{"start":{"line":10,"column":0},"end":{"line":10,"column":25}},"3":{"start":{"line":16,"column":18},"end":{"line":27,"column":4}},"4":{"start":{"line":20,"column":4},"end":{"line":23,"column":5}},"5":{"start":{"line":22,"column":8},"end":{"line":22,"column":31}},"6":{"start":{"line":26,"column":4},"end":{"line":26,"column":20}}},"fnMap":{"0":{"name":"(anonymous_0)","decl":{"start":{"line":16,"column":19},"end":{"line":16,"column":20}},"loc":{"start":{"line":16,"column":25},"end":{"line":27,"column":1}},"line":16}},"branchMap":{"0":{"loc":{"start":{"line":20,"column":4},"end":{"line":23,"column":5}},"type":"if","locations":[{"start":{"line":20,"column":4},"end":{"line":23,"column":5}},{"start":{},"end":{}}],"line":20}},"s":{"0":9,"1":9,"2":9,"3":9,"4":9,"5":9,"6":9},"f":{"0":9},"b":{"0":[9,0]},"_coverageSchema":"1a1c01bbd47fc00a2c39e90264f33305004495a9","hash":"c632290da702f577ae0ebf9e43f5ec3b6cd1c58d"}
,"C:\\Users\\andre\\git\\2025Fall-Team32-Stallmann\\src\\globals\\SharedWorker.js": {"path":"C:\\Users\\andre\\git\\2025Fall-Team32-Stallmann\\src\\globals\\SharedWorker.js","statementMap":{"0":{"start":{"line":9,"column":21},"end":{"line":9,"column":52}},"1":{"start":{"line":10,"column":24},"end":{"line":10,"column":26}},"2":{"start":{"line":16,"column":0},"end":{"line":23,"column":3}},"3":{"start":{"line":17,"column":21},"end":{"line":17,"column":50}},"4":{"start":{"line":18,"column":4},"end":{"line":18,"column":26}},"5":{"start":{"line":18,"column":19},"end":{"line":18,"column":26}},"6":{"start":{"line":20,"column":4},"end":{"line":22,"column":5}},"7":{"start":{"line":21,"column":8},"end":{"line":21,"column":38}},"8":{"start":{"line":21,"column":21},"end":{"line":21,"column":34}},"9":{"start":{"line":31,"column":4},"end":{"line":31,"column":42}},"10":{"start":{"line":40,"column":4},"end":{"line":42,"column":5}},"11":{"start":{"line":41,"column":8},"end":{"line":41,"column":42}},"12":{"start":{"line":45,"column":4},"end":{"line":45,"column":48}},"13":{"start":{"line":53,"column":4},"end":{"line":56,"column":5}},"14":{"start":{"line":54,"column":25},"end":{"line":54,"column":53}},"15":{"start":{"line":55,"column":8},"end":{"line":55,"column":98}},"16":{"start":{"line":55,"column":67},"end":{"line":55,"column":96}}},"fnMap":{"0":{"name":"(anonymous_0)","decl":{"start":{"line":16,"column":31},"end":{"line":16,"column":32}},"loc":{"start":{"line":16,"column":45},"end":{"line":23,"column":1}},"line":16},"1":{"name":"(anonymous_1)","decl":{"start":{"line":21,"column":9},"end":{"line":21,"column":10}},"loc":{"start":{"line":21,"column":21},"end":{"line":21,"column":34}},"line":21},"2":{"name":"postMessage","decl":{"start":{"line":30,"column":9},"end":{"line":30,"column":20}},"loc":{"start":{"line":30,"column":27},"end":{"line":32,"column":1}},"line":30},"3":{"name":"on","decl":{"start":{"line":39,"column":9},"end":{"line":39,"column":11}},"loc":{"start":{"line":39,"column":35},"end":{"line":46,"column":1}},"line":39},"4":{"name":"remove","decl":{"start":{"line":52,"column":9},"end":{"line":52,"column":15}},"loc":{"start":{"line":52,"column":30},"end":{"line":57,"column":1}},"line":52},"5":{"name":"(anonymous_5)","decl":{"start":{"line":55,"column":55},"end":{"line":55,"column":56}},"loc":{"start":{"line":55,"column":67},"end":{"line":55,"column":96}},"line":55}},"branchMap":{"0":{"loc":{"start":{"line":18,"column":4},"end":{"line":18,"column":26}},"type":"if","locations":[{"start":{"line":18,"column":4},"end":{"line":18,"column":26}},{"start":{},"end":{}}],"line":18},"1":{"loc":{"start":{"line":40,"column":4},"end":{"line":42,"column":5}},"type":"if","locations":[{"start":{"line":40,"column":4},"end":{"line":42,"column":5}},{"start":{},"end":{}}],"line":40}},"s":{"0":9,"1":9,"2":9,"3":4,"4":4,"5":0,"6":4,"7":8,"8":8,"9":4,"10":75,"11":12,"12":75,"13":21,"14":63,"15":63,"16":129},"f":{"0":4,"1":8,"2":4,"3":75,"4":21,"5":129},"b":{"0":[0,4],"1":[12,63]},"_coverageSchema":"1a1c01bbd47fc00a2c39e90264f33305004495a9","hash":"187616686b657b18667eb580916b668b4f8bc87a"}
,"C:\\Users\\andre\\git\\2025Fall-Team32-Stallmann\\src\\interfaces\\AlgorithmInterface\\AlgorithmInterface.js": {"path":"C:\\Users\\andre\\git\\2025Fall-Team32-Stallmann\\src\\interfaces\\AlgorithmInterface\\AlgorithmInterface.js","statementMap":{"0":{"start":{"line":16,"column":14},"end":{"line":16,"column":31}},"1":{"start":{"line":19,"column":12},"end":{"line":19,"column":32}},"2":{"start":{"line":20,"column":20},"end":{"line":20,"column":57}},"3":{"start":{"line":21,"column":18},"end":{"line":21,"column":44}},"4":{"start":{"line":24,"column":0},"end":{"line":24,"column":61}},"5":{"start":{"line":24,"column":29},"end":{"line":24,"column":57}},"6":{"start":{"line":25,"column":0},"end":{"line":25,"column":103}},"7":{"start":{"line":25,"column":46},"end":{"line":25,"column":99}},"8":{"start":{"line":26,"column":0},"end":{"line":26,"column":79}},"9":{"start":{"line":26,"column":35},"end":{"line":26,"column":75}},"10":{"start":{"line":40,"column":4},"end":{"line":40,"column":32}},"11":{"start":{"line":41,"column":4},"end":{"line":41,"column":57}},"12":{"start":{"line":49,"column":4},"end":{"line":64,"column":32}},"13":{"start":{"line":51,"column":8},"end":{"line":51,"column":30}},"14":{"start":{"line":54,"column":18},"end":{"line":54,"column":52}},"15":{"start":{"line":55,"column":8},"end":{"line":55,"column":28}},"16":{"start":{"line":58,"column":23},"end":{"line":62,"column":9}},"17":{"start":{"line":63,"column":8},"end":{"line":63,"column":45}},"18":{"start":{"line":72,"column":4},"end":{"line":72,"column":47}},"19":{"start":{"line":73,"column":4},"end":{"line":73,"column":53}},"20":{"start":{"line":81,"column":4},"end":{"line":81,"column":41}},"21":{"start":{"line":82,"column":4},"end":{"line":82,"column":39}},"22":{"start":{"line":90,"column":4},"end":{"line":92,"column":5}},"23":{"start":{"line":91,"column":8},"end":{"line":91,"column":37}},"24":{"start":{"line":100,"column":4},"end":{"line":100,"column":35}},"25":{"start":{"line":109,"column":4},"end":{"line":109,"column":46}},"26":{"start":{"line":109,"column":33},"end":{"line":109,"column":46}},"27":{"start":{"line":110,"column":4},"end":{"line":110,"column":97}},"28":{"start":{"line":110,"column":84},"end":{"line":110,"column":97}},"29":{"start":{"line":111,"column":4},"end":{"line":111,"column":16}},"30":{"start":{"line":119,"column":4},"end":{"line":119,"column":31}},"31":{"start":{"line":119,"column":24},"end":{"line":119,"column":31}},"32":{"start":{"line":120,"column":39},"end":{"line":120,"column":80}},"33":{"start":{"line":121,"column":4},"end":{"line":121,"column":35}},"34":{"start":{"line":122,"column":4},"end":{"line":122,"column":60}},"35":{"start":{"line":132,"column":4},"end":{"line":132,"column":43}},"36":{"start":{"line":132,"column":36},"end":{"line":132,"column":43}},"37":{"start":{"line":135,"column":4},"end":{"line":150,"column":5}},"38":{"start":{"line":136,"column":8},"end":{"line":136,"column":39}},"39":{"start":{"line":138,"column":8},"end":{"line":138,"column":32}},"40":{"start":{"line":139,"column":8},"end":{"line":139,"column":32}},"41":{"start":{"line":142,"column":8},"end":{"line":144,"column":10}},"42":{"start":{"line":143,"column":12},"end":{"line":143,"column":44}},"43":{"start":{"line":147,"column":43},"end":{"line":147,"column":84}},"44":{"start":{"line":148,"column":8},"end":{"line":148,"column":39}},"45":{"start":{"line":149,"column":8},"end":{"line":149,"column":64}},"46":{"start":{"line":161,"column":14},"end":{"line":161,"column":48}},"47":{"start":{"line":162,"column":4},"end":{"line":162,"column":43}},"48":{"start":{"line":163,"column":4},"end":{"line":165,"column":5}},"49":{"start":{"line":163,"column":17},"end":{"line":163,"column":18}},"50":{"start":{"line":164,"column":8},"end":{"line":164,"column":74}},"51":{"start":{"line":166,"column":4},"end":{"line":166,"column":28}},"52":{"start":{"line":168,"column":4},"end":{"line":168,"column":55}},"53":{"start":{"line":168,"column":31},"end":{"line":168,"column":55}},"54":{"start":{"line":175,"column":39},"end":{"line":175,"column":82}},"55":{"start":{"line":178,"column":4},"end":{"line":178,"column":25}},"56":{"start":{"line":180,"column":4},"end":{"line":180,"column":48}},"57":{"start":{"line":182,"column":4},"end":{"line":182,"column":35}},"58":{"start":{"line":183,"column":4},"end":{"line":183,"column":60}},"59":{"start":{"line":193,"column":39},"end":{"line":193,"column":41}},"60":{"start":{"line":196,"column":4},"end":{"line":344,"column":5}},"61":{"start":{"line":198,"column":12},"end":{"line":198,"column":77}},"62":{"start":{"line":199,"column":12},"end":{"line":199,"column":43}},"63":{"start":{"line":200,"column":12},"end":{"line":200,"column":18}},"64":{"start":{"line":202,"column":12},"end":{"line":202,"column":110}},"65":{"start":{"line":203,"column":12},"end":{"line":203,"column":52}},"66":{"start":{"line":204,"column":12},"end":{"line":204,"column":18}},"67":{"start":{"line":206,"column":12},"end":{"line":206,"column":120}},"68":{"start":{"line":207,"column":12},"end":{"line":207,"column":52}},"69":{"start":{"line":208,"column":12},"end":{"line":208,"column":18}},"70":{"start":{"line":210,"column":12},"end":{"line":210,"column":46}},"71":{"start":{"line":211,"column":12},"end":{"line":218,"column":14}},"72":{"start":{"line":215,"column":20},"end":{"line":215,"column":44}},"73":{"start":{"line":216,"column":20},"end":{"line":216,"column":56}},"74":{"start":{"line":219,"column":12},"end":{"line":219,"column":49}},"75":{"start":{"line":220,"column":12},"end":{"line":220,"column":18}},"76":{"start":{"line":222,"column":12},"end":{"line":222,"column":89}},"77":{"start":{"line":223,"column":12},"end":{"line":223,"column":49}},"78":{"start":{"line":224,"column":12},"end":{"line":224,"column":18}},"79":{
[...]
ne":368,"column":4},"end":{"line":368,"column":59}},{"start":{},"end":{}}],"line":368},"30":{"loc":{"start":{"line":511,"column":11},"end":{"line":511,"column":46}},"type":"binary-expr","locations":[{"start":{"line":511,"column":11},"end":{"line":511,"column":30}},{"start":{"line":511,"column":34},"end":{"line":511,"column":46}}],"line":511},"31":{"loc":{"start":{"line":782,"column":11},"end":{"line":782,"column":76}},"type":"binary-expr","locations":[{"start":{"line":782,"column":11},"end":{"line":782,"column":40}},{"start":{"line":782,"column":44},"end":{"line":782,"column":76}}],"line":782},"32":{"loc":{"start":{"line":790,"column":11},"end":{"line":790,"column":105}},"type":"binary-expr","locations":[{"start":{"line":790,"column":11},"end":{"line":790,"column":42}},{"start":{"line":790,"column":46},"end":{"line":790,"column":105}}],"line":790},"33":{"loc":{"start":{"line":799,"column":4},"end":{"line":801,"column":5}},"type":"if","locations":[{"start":{"line":799,"column":4},"end":{"line":801,"column":5}},{"start":{},"end":{}}],"line":799},"34":{"loc":{"start":{"line":807,"column":4},"end":{"line":809,"column":5}},"type":"if","locations":[{"start":{"line":807,"column":4},"end":{"line":809,"column":5}},{"start":{},"end":{}}],"line":807},"35":{"loc":{"start":{"line":811,"column":4},"end":{"line":813,"column":5}},"type":"if","locations":[{"start":{"line":811,"column":4},"end":{"line":813,"column":5}},{"start":{},"end":{}}],"line":811},"36":{"loc":{"start":{"line":819,"column":4},"end":{"line":821,"column":5}},"type":"if","locations":[{"start":{"line":819,"column":4},"end":{"line":821,"column":5}},{"start":{},"end":{}}],"line":819},"37":{"loc":{"start":{"line":825,"column":4},"end":{"line":836,"column":5}},"type":"if","locations":[{"start":{"line":825,"column":4},"end":{"line":836,"column":5}},{"start":{},"end":{}}],"line":825},"38":{"loc":{"start":{"line":831,"column":12},"end":{"line":831,"column":111}},"type":"if","locations":[{"start":{"line":831,"column":12},"end":{"line":831,"column":111}},{"start":{},"end":{}}],"line":831},"39":{"loc":{"start":{"line":839,"column":11},"end":{"line":839,"column":58}},"type":"binary-expr","locations":[{"start":{"line":839,"column":11},"end":{"line":839,"column":42}},{"start":{"line":839,"column":46},"end":{"line":839,"column":58}}],"line":839},"40":{"loc":{"start":{"line":844,"column":4},"end":{"line":846,"column":5}},"type":"if","locations":[{"start":{"line":844,"column":4},"end":{"line":846,"column":5}},{"start":{},"end":{}}],"line":844},"41":{"loc":{"start":{"line":848,"column":4},"end":{"line":850,"column":5}},"type":"if","locations":[{"start":{"line":848,"column":4},"end":{"line":850,"column":5}},{"start":{},"end":{}}],"line":848},"42":{"loc":{"start":{"line":892,"column":4},"end":{"line":892,"column":59}},"type":"if","locations":[{"start":{"line":892,"column":4},"end":{"line":892,"column":59}},{"start":{},"end":{}}],"line":892},"43":{"loc":{"start":{"line":904,"column":4},"end":{"line":904,"column":59}},"type":"if","locations":[{"start":{"line":904,"column":4},"end":{"line":904,"column":59}},{"start":{},"end":{}}],"line":904},"44":{"loc":{"start":{"line":916,"column":4},"end":{"line":916,"column":59}},"type":"if","locations":[{"start":{"line":916,"column":4},"end":{"line":916,"column":59}},{"start":{},"end":{}}],"line":916},"45":{"loc":{"start":{"line":927,"column":4},"end":{"line":927,"column":59}},"type":"if","locations":[{"start":{"line":927,"column":4},"end":{"line":927,"column":59}},{"start":{},"end":{}}],"line":927},"46":{"loc":{"start":{"line":938,"column":4},"end":{"line":938,"column":59}},"type":"if","locations":[{"start":{"line":938,"column":4},"end":{"line":938,"column":59}},{"start":{},"end":{}}],"line":938},"47":{"loc":{"start":{"line":949,"column":4},"end":{"line":949,"column":59}},"type":"if","locations":[{"start":{"line":949,"column":4},"end":{"line":949,"column":59}},{"start":{},"end":{}}],"line":949},"48":{"loc":{"start":{"line":960,"column":4},"end":{"line":960,"column":59}},"type":"if","locations":[{"start":{"line":960,"column":4},"end":{"line":960,"column":59}},{"start":{},"end":{}}],"line":960},"49":{"loc":{"start":{"line":970,"column":4},"end":{"line":970,"column":59}},"type":"if","locations":[{"start":{"line":970,"column":4},"end":{"line":970,"column":59}},{"start":{},"end":{}}],"line":970},"50":{"loc":{"start":{"line":985,"column":4},"end":{"line":985,"column":60}},"type":"if","locations":[{"start":{"line":985,"column":4},"end":{"line":985,"column":60}},{"start":{},"end":{}}],"line":985},"51":{"loc":{"start":{"line":992,"column":4},"end":{"line":992,"column":59}},"type":"if","locations":[{"start":{"line":992,"column":4},"end":{"line":992,"column":59}},{"start":{},"end":{}}],"line":992},"52":{"loc":{"start":{"line":999,"column":4},"end":{"line":999,"column":59}},"type":"if","locations":[{"start":{"line":999,"column":4},"end":{"line":999,"column":59}},{"start":{},"end":{}}],"line":999},"53":{"loc":{"start":{"line":1014,"column":4},"end":{"line":1014,"column":59}},"type":"if","locations":[{"start":{"line":1014,"column":4},"end":{"line":1014,"column":59}},{"start":{},"end":{}}],"line":1014},"54":{"loc":{"start":{"line":1068,"column":4},"end":{"line":1068,"column":60}},"type":"if","locations":[{"start":{"line":1068,"column":4},"end":{"line":1068,"column":60}},{"start":{},"end":{}}],"line":1068},"55":{"loc":{"start":{"line":1077,"column":4},"end":{"line":1077,"column":60}},"type":"if","locations":[{"start":{"line":1077,"column":4},"end":{"line":1077,"column":60}},{"start":{},"end":{}}],"line":1077},"56":{"loc":{"start":{"line":1146,"column":4},"end":{"line":1174,"column":5}},"type":"if","locations":[{"start":{"line":1146,"column":4},"end":{"line":1174,"column":5}},{"start":{"line":1150,"column":11},"end":{"line":1174,"column":5}}],"line":1146},"57":{"loc":{"start":{"line":1150,"column":11},"end":{"line":1174,"column":5}},"type":"if","locations":[{"start":{"line":1150,"column":11},"end":{"line":1174,"column":5}},{"start":{},"end":{}}],"line":1150}},"s":{"0":9,"1":9,"2":0,"3":0,"4":0,"5":0,"6":0,"7":0,"8":0,"9":0,"10":0,"11":0,"12":0,"13":0,"14":0,"15":0,"16":0,"17":0,"18":0,"19":0,"20":0,"21":0,"22":0,"23":0,"24":0,"25":0,"26":0,"27":0,"28":0,"29":0,"30":0,"31":0,"32":0,"33":0,"34":0,"35":0,"36":0,"37":0,"38":0,"39":0,"40":0,"41":0,"42":0,"43":0,"44":0,"45":0,"46":0,"47":0,"48":0,"49":0,"50":0,"51":0,"52":0,"53":0,"54":0,"55":0,"56":0,"57":0,"58":0,"59":0,"60":0,"61":0,"62":0,"63":0,"64":0,"65":0,"66":0,"67":0,"68":0,"69":0,"70":0,"71":0,"72":0,"73":0,"74":0,"75":0,"76":0,"77":0,"78":0,"79":0,"80":0,"81":0,"82":0,"83":0,"84":0,"85":0,"86":0,"87":0,"88":0,"89":0,"90":0,"91":0,"92":0,"93":0,"94":0,"95":0,"96":0,"97":0,"98":0,"99":0,"100":0,"101":0,"102":0,"103":0,"104":0,"105":0,"106":0,"107":0,"108":0,"109":0,"110":0,"111":0,"112":0,"113":0,"114":0,"115":0,"116":0,"117":0,"118":0,"119":0,"120":0,"121":0,"122":0,"123":0,"124":0,"125":0,"126":0,"127":0,"128":0,"129":0,"130":0,"131":0,"132":0,"133":0,"134":0,"135":0,"136":0,"137":0,"138":0,"139":0,"140":0,"141":0,"142":0,"143":0,"144":0,"145":0,"146":0,"147":0,"148":0,"149":0,"150":0,"151":0,"152":0,"153":0,"154":0,"155":0,"156":0,"157":0,"158":0,"159":0,"160":0,"161":0,"162":0,"163":0,"164":0,"165":0,"166":0,"167":0,"168":0,"169":0,"170":0,"171":0,"172":0,"173":0,"174":0,"175":0,"176":0,"177":0,"178":0,"179":0,"180":0,"181":0,"182":0,"183":0,"184":0,"185":0,"186":0,"187":0,"188":0,"189":0,"190":0,"191":0,"192":0,"193":0,"194":0,"195":0,"196":0,"197":0,"198":0,"199":0,"200":0,"201":0,"202":0,"203":0,"204":0,"205":0,"206":0,"207":0,"208":0,"209":0,"210":0,"211":0,"212":0,"213":0,"214":0,"215":0,"216":0,"217":0,"218":0,"219":0,"220":0,"221":0,"222":0,"223":0,"224":0,"225":0,"226":0,"227":0,"228":0,"229":0,"230":0,"231":0,"232":0,"233":0,"234":0,"235":0,"236":0,"237":0,"238":0,"239":0,"240":0,"241":0,"242":0,"243":0,"244":0,"245":0,"246":0,"247":0,"248":0,"249":0,"250":0,"251":0,"252":0,"253":0,"254":0,"255":0,"256":0,"257":0,"258":0,"259":0,"260":0,"261":0,"262":0,"263":0,"264":0,"265":0,"266":0,"267":0,"268":0,"269":0,"270":0,"271":0,"272":0,"273":0,"274":0,"275":0,"276":0,"277":0,"278":0,"279":0,"280":0,"281":0,"282":0,"283":0,"284":0,"285":0,"286":0,"287":0,"288":0,"289":0,"290":0,"291":0,"292":0,"293":0,"294":0,"295":0,"296":0,"297":0,"298":0,"299":0,"300":0,"301":0,"302":0,"303":0,"304":0,"305":0,"306":0,"307":0,"308":0,"309":0,"310":0,"311":0,"312":0,"313":0,"314":0,"315":0,"316":0,"317":0,"318":0,"319":0,"320":0,"321":0,"322":0,"323":0,"324":0,"325":0,"326":0,"327":0,"328":0,"329":0,"330":0,"331":0,"332":0,"333":0,"334":0,"335":0,"336":0,"337":0,"338":9,"339":9,"340":9,"341":0,"342":0,"343":9,"344":0,"345":0,"346":0,"347":0,"348":0,"349":0,"350":0,"351":0,"352":0,"353":0},"f":{"0":0,"1":0,"2":0,"3":0,"4":0,"5":0,"6":0,"7":0,"8":0,"9":0,"10":0,"11":0,"12":0,"13":0,"14":0,"15":0,"16":0,"17":0,"18":0,"19":0,"20":0,"21":0,"22":0,"23":0,"24":0,"25":0,"26":0,"27":0,"28":0,"29":0,"30":0,"31":0,"32":0,"33":0,"34":0,"35":0,"36":0,"37":0,"38":0,"39":0,"40":0,"41":0,"42":0,"43":0,"44":0,"45":0,"46":0,"47":0,"48":0,"49":0,"50":0,"51":0,"52":0,"53":0,"54":0,"55":0,"56":0,"57":0,"58":0,"59":0,"60":0,"61":0,"62":0,"63":0,"64":0,"65":0,"66":0,"67":0,"68":0,"69":0,"70":0,"71":0,"72":0,"73":0,"74":0,"75":0,"76":0,"77":0,"78":0,"79":0,"80":0,"81":0,"82":0,"83":0,"84":0,"85":0,"86":0,"87":0,"88":0,"89":0,"90":0,"91":0,"92":0,"93":0,"94":0,"95":0,"96":0,"97":0,"98":0,"99":0,"100":0,"101":0,"102":0,"103":0,"104":0,"105":0,"106":0,"107":0,"108":0,"109":0,"110":0,"111":0,"112":0,"113":0,"114":0,"115":0,"116":0,"117":0,"118":0,"119":0,"120":0,"121":0,"122":0,"123":0,"124":0,"125":0,"126":0,"127":0,"128":0,"129":0,"130":0,"131":0,"132":0,"133":0,"134":0,"135":0,"136":0,"137":0,"138":0,"139":0,"140":0,"141":0,"142":0,"143":0,"144":0,"145":0,"146":0,"147":0,"148":0,"149":0,"150":0,"151":0,"152":0,"153":0,"154":0,"155":0,"156":9},"b":{"0":[0,0],"1":[0],"2":[0,0],"3":[0,0],"4":[0,0],"5":[0,0],"6":[0,0],"7":[0],"8":[0,0],"9":[0,0],"10":[0,0],"11":[0,0],"12":[0,0],"13":[0,0],"14":[0,0],"15":[0,0],"16":[0,0],"17":[0,0],"18":[0,0],"19":[0,0],"20":[0,0],"21":[0,0],"22":[0,0],"23":[0,0],"24":[0,0],"25":[0,0],"26":[0,0],"27":[0,0],"28":[0,0],"29":[0,0],"30":[0,0],"31":[0,0],"32":[0,0],"33":[0,0],"34":[0,0],"35":[0,0],"36":[0,0],"37":[0,0],"38":[0,0],"39":[0,0],"40":[0,0],"41":[0,0],"42":[0,0],"43":[0,0],"44":[0,0],"45":[0,0],"46":[0,0],"47":[0,0],"48":[0,0],"49":[0,0],"50":[0,0],"51":[0,0],"52":[0,0],"53":[0,0],"54":[0,0],"55":[0,0],"56":[0,9],"57":[0,9]},"_coverageSchema":"1a1c01bbd47fc00a2c39e90264f33305004495a9","hash":"d837e8521b5c91391854996a2551f92492cd2937"}
,"C:\\Users\\andre\\git\\2025Fall-Team32-Stallmann\\src\\states\\ChangeManager\\ChangeManager.js": {"path":"C:\\Users\\andre\\git\\2025Fall-Team32-Stallmann\\src\\states\\ChangeManager\\ChangeManager.js","statementMap":{"0":{"start":{"line":16,"column":18},"end":{"line":16,"column":22}},"1":{"start":{"line":29,"column":8},"end":{"line":29,"column":26}},"2":{"start":{"line":30,"column":8},"end":{"line":30,"column":23}},"3":{"start":{"line":32,"column":8},"end":{"line":32,"column":33}},"4":{"start":{"line":33,"column":8},"end":{"line":33,"column":34}}},"fnMap":{"0":{"name":"(anonymous_0)","decl":{"start":{"line":27,"column":4},"end":{"line":27,"column":5}},"loc":{"start":{"line":27,"column":18},"end":{"line":34,"column":5}},"line":27}},"branchMap":{},"s":{"0":27,"1":27,"2":27,"3":27,"4":27},"f":{"0":27},"b":{},"_coverageSchema":"1a1c01bbd47fc00a2c39e90264f33305004495a9","hash":"037ba437b0ebd14ac297991708bec758b9e93ebf"}
,"C:\\Users\\andre\\git\\2025Fall-Team32-Stallmann\\src\\states\\ChangeManager\\ChangeObject.js": {"path":"C:\\Users\\andre\\git\\2025Fall-Team32-Stallmann\\src\\states\\ChangeManager\\ChangeObject.js","statementMap":{"0":{"start":{"line":18,"column":8},"end":{"line":18,"column":29}},"1":{"start":{"line":19,"column":8},"end":{"line":19,"column":33}},"2":{"start":{"line":20,"column":8},"end":{"line":20,"column":31}}},"fnMap":{"0":{"name":"(anonymous_0)","decl":{"start":{"line":17,"column":4},"end":{"line":17,"column":5}},"loc":{"start":{"line":17,"column":43},"end":{"line":21,"column":5}},"line":17}},"branchMap":{},"s":{"0":12,"1":12,"2":12},"f":{"0":12},"b":{},"_coverageSchema":"1a1c01bbd47fc00a2c39e90264f33305004495a9","hash":"4a7f4e8fd46c6ab4cb2ff4e5000f6808ad71e99e"}
,"C:\\Users\\andre\\git\\2025Fall-Team32-Stallmann\\src\\states\\Graph\\Graph.js": {"path":"C:\\Users\\andre\\git\\2025Fall-Team32-Stallmann\\src\\states\\Graph\\Graph.js","statementMap":{"0":{"start":{"line":10,"column":16},"end":{"line":10,"column":20}},"1":{"start":{"line":12,"column":15},"end":{"line":12,"column":20}},"2":{"start":{"line":18,"column":13},"end":{"line":18,"column":15}},"3":{"start":{"line":20,"column":11},"end":{"line":20,"column":25}},"4":{"start":{"line":22,"column":19},"end":{"line":22,"column":23}},"5":{"start":{"line":23,"column":20},"end":{"line":23,"column":24}},"6":{"start":{"line":24,"column":19},"end":{"line":24,"column":23}},"7":{"start":{"line":25,"column":20},"end":{"line":25,"column":24}},"8":{"start":{"line":35,"column":4},"end":{"line":35,"column":21}},"9":{"start":{"line":36,"column":4},"end":{"line":36,"column":21}},"10":{"start":{"line":37,"column":4},"end":{"line":37,"column":27}},"11":{"start":{"line":38,"column":4},"end":{"line":38,"column":30}}},"fnMap":{"0":{"name":"(anonymous_0)","decl":{"start":{"line":34,"column":2},"end":{"line":34,"column":3}},"loc":{"start":{"line":34,"column":26},"end":{"line":39,"column":3}},"line":34}},"branchMap":{},"s":{"0":9,"1":9,"2":9,"3":9,"4":9,"5":9,"6":9,"7":9,"8":9,"9":9,"10":9,"11":9},"f":{"0":9},"b":{},"_coverageSchema":"1a1c01bbd47fc00a2c39e90264f33305004495a9","hash":"09cbf3aba52e6ce80a4cfd49d629dd36e9dcb9ce"}
,"C:\\Users\\andre\\git\\2025Fall-Team32-Stallmann\\src\\states\\Graph\\LayeredGraph.js": {"path":"C:\\Users\\andre\\git\\2025Fall-Team32-Stallmann\\src\\states\\Graph\\LayeredGraph.js","statementMap":{"0":{"start":{"line":8,"column":8},"end":{"line":8,"column":31}},"1":{"start":{"line":9,"column":8},"end":{"line":9,"column":25}}},"fnMap":{"0":{"name":"(anonymous_0)","decl":{"start":{"line":7,"column":4},"end":{"line":7,"column":5}},"loc":{"start":{"line":7,"column":22},"end":{"line":10,"column":5}},"line":7}},"branchMap":{},"s":{"0":0,"1":0},"f":{"0":0},"b":{},"_coverageSchema":"1a1c01bbd47fc00a2c39e90264f33305004495a9","hash":"c660cb1a98cb38cc6ae71033acb39167704acf5e"}
,"C:\\Users\\andre\\git\\2025Fall-Team32-Stallmann\\src\\states\\Graph\\StandardGraph.js": {"path":"C:\\Users\\andre\\git\\2025Fall-Team32-Stallmann\\src\\states\\Graph\\StandardGraph.js","statementMap":{"0":{"start":{"line":5,"column":8},"end":{"line":5,"column":32}}},"fnMap":{"0":{"name":"(anonymous_0)","decl":{"start":{"line":4,"column":4},"end":{"line":4,"column":5}},"loc":{"start":{"line":4,"column":22},"end":{"line":6,"column":5}},"line":4}},"branchMap":{},"s":{"0":9},"f":{"0":9},"b":{},"_coverageSchema":"1a1c01bbd47fc00a2c39e90264f33305004495a9","hash":"61832142f07ac73b9fa7546cbc92decffd6816d5"}
,"C:\\Users\\andre\\git\\2025Fall-Team32-Stallmann\\src\\states\\Graph\\Tree.js": {"path":"C:\\Users\\andre\\git\\2025Fall-Team32-Stallmann\\src\\states\\Graph\\Tree.js","statementMap":{"0":{"start":{"line":13,"column":15},"end":{"line":13,"column":23}},"1":{"start":{"line":19,"column":20},"end":{"line":19,"column":25}},"2":{"start":{"line":22,"column":8},"end":{"line":22,"column":28}}},"fnMap":{"0":{"name":"(anonymous_0)","decl":{"start":{"line":21,"column":4},"end":{"line":21,"column":5}},"loc":{"start":{"line":21,"column":22},"end":{"line":23,"column":5}},"line":21}},"branchMap":{},"s":{"0":0,"1":0,"2":0},"f":{"0":0},"b":{},"_coverageSchema":"1a1c01bbd47fc00a2c39e90264f33305004495a9","hash":"48ca1ec938e24144274aa8f82fe1ce6db01059e7"}
,"C:\\Users\\andre\\git\\2025Fall-Team32-Stallmann\\src\\states\\Graph\\GraphElement\\Edge.js": {"path":"C:\\Users\\andre\\git\\2025Fall-Team32-Stallmann\\src\\states\\Graph\\GraphElement\\Edge.js","statementMap":{"0":{"start":{"line":18,"column":8},"end":{"line":24,"column":12}},"1":{"start":{"line":27,"column":8},"end":{"line":27,"column":29}},"2":{"start":{"line":28,"column":8},"end":{"line":28,"column":29}}},"fnMap":{"0":{"name":"(anonymous_0)","decl":{"start":{"line":16,"column":4},"end":{"line":16,"column":5}},"loc":{"start":{"line":16,"column":32},"end":{"line":29,"column":5}},"line":16}},"branchMap":{},"s":{"0":5,"1":5,"2":5},"f":{"0":5},"b":{},"_coverageSchema":"1a1c01bbd47fc00a2c39e90264f33305004495a9","hash":"c7e79f5c36e0dc46097f3897ac1be850b216059a"}
,"C:\\Users\\andre\\git\\2025Fall-Team32-Stallmann\\src\\states\\Graph\\GraphElement\\GraphElement.js": {"path":"C:\\Users\\andre\\git\\2025Fall-Team32-Stallmann\\src\\states\\Graph\\GraphElement\\GraphElement.js","statementMap":{"0":{"start":{"line":12,"column":18},"end":{"line":12,"column":22}},"1":{"start":{"line":19,"column":8},"end":{"line":19,"column":37}},"2":{"start":{"line":28,"column":8},"end":{"line":28,"column":41}},"3":{"start":{"line":37,"column":8},"end":{"line":37,"column":41}}},"fnMap":{"0":{"name":"(anonymous_0)","decl":{"start":{"line":18,"column":4},"end":{"line":18,"column":5}},"loc":{"start":{"line":18,"column":28},"end":{"line":20,"column":5}},"line":18},"1":{"name":"(anonymous_1)","decl":{"start":{"line":27,"column":4},"end":{"line":27,"column":5}},"loc":{"start":{"line":27,"column":23},"end":{"line":29,"column":5}},"line":27},"2":{"name":"(anonymous_2)","decl":{"start":{"line":36,"column":4},"end":{"line":36,"column":5}},"loc":{"start":{"line":36,"column":30},"end":{"line":38,"column":5}},"line":36}},"branchMap":{},"s":{"0":13,"1":13,"2":0,"3":0},"f":{"0":13,"1":0,"2":0},"b":{},"_coverageSchema":"1a1c01bbd47fc00a2c39e90264f33305004495a9","hash":"ab489f1662149bfd970a14a10a32cb85d7b744f2"}
,"C:\\Users\\andre\\git\\2025Fall-Team32-Stallmann\\src\\states\\Graph\\GraphElement\\Node.js": {"path":"C:\\Users\\andre\\git\\2025Fall-Team32-Stallmann\\src\\states\\Graph\\GraphElement\\Node.js","statementMap":{"0":{"start":{"line":21,"column":8},"end":{"line":31,"column":12}},"1":{"start":{"line":33,"column":8},"end":{"line":33,"column":25}},"2":{"start":{"line":36,"column":8},"end":{"line":39,"column":9}},"3":{"start":{"line":42,"column":8},"end":{"line":42,"column":27}},"4":{"start":{"line":43,"column":8},"end":{"line":43,"column":27}},"5":{"start":{"line":46,"column":8},"end":{"line":46,"column":31}}},"fnMap":{"0":{"name":"(anonymous_0)","decl":{"start":{"line":19,"column":4},"end":{"line":19,"column":5}},"loc":{"start":{"line":19,"column":44},"end":{"line":47,"column":5}},"line":19}},"branchMap":{},"s":{"0":8,"1":8,"2":8,"3":8,"4":8,"5":8},"f":{"0":8},"b":{},"_coverageSchema":"1a1c01bbd47fc00a2c39e90264f33305004495a9","hash":"70f6a475176eebe4a8f1c9e2d5b7d2fd896b0581"}
,"C:\\Users\\andre\\git\\2025Fall-Team32-Stallmann\\src\\states\\_atoms\\atoms.js": {"path":"C:\\Users\\andre\\git\\2025Fall-Team32-Stallmann\\src\\states\\_atoms\\atoms.js","statementMap":{"0":{"start":{"line":6,"column":25},"end":{"line":6,"column":50}},"1":{"start":{"line":8,"column":42},"end":{"line":8,"column":67}},"2":{"start":{"line":9,"column":37},"end":{"line":9,"column":62}},"3":{"start":{"line":11,"column":29},"end":{"line":11,"column":39}},"4":{"start":{"line":13,"column":31},"end":{"line":13,"column":39}},"5":{"start":{"line":14,"column":26},"end":{"line":16,"column":1}},"6":{"start":{"line":15,"column":13},"end":{"line":15,"column":36}},"7":{"start":{"line":18,"column":29},"end":{"line":18,"column":61}},"8":{"start":{"line":19,"column":33},"end":{"line":19,"column":69}}},"fnMap":{"0":{"name":"(anonymous_0)","decl":{"start":{"line":15,"column":4},"end":{"line":15,"column":5}},"loc":{"start":{"line":15,"column":13},"end":{"line":15,"column":36}},"line":15}},"branchMap":{},"s":{"0":9,"1":9,"2":9,"3":9,"4":9,"5":9,"6":4,"7":9,"8":9},"f":{"0":4},"b":{},"_coverageSchema":"1a1c01bbd47fc00a2c39e90264f33305004495a9","hash":"e297d9f989beaadd453ac0dd4e1386cbae1bb1aa"}
}
