TN:
SF:src\index.js
FN:24,(anonymous_0)
FN:27,(anonymous_1)
FNF:2
FNH:1
FNDA:9,(anonymous_0)
FNDA:0,(anonymous_1)
DA:20,9
DA:23,9
DA:25,9
DA:28,0
DA:33,0
DA:37,9
DA:53,9
LF:7
LH:5
BRDA:20,0,0,9
BRDA:20,0,1,0
BRF:2
BRH:1
end_of_record
TN:
SF:src\components\Buttons\Button.jsx
FN:3,Button
FN:4,(anonymous_1)
FN:5,onKeyDown
FN:10,(anonymous_3)
FNF:4
FNH:4
FNDA:426,Button
FNDA:138,(anonymous_1)
FNDA:54,onKeyDown
FNDA:98,(anonymous_3)
DA:4,426
DA:6,54
DA:7,18
DA:9,138
DA:10,138
DA:13,426
LF:6
LH:6
BRDA:6,0,0,36
BRDA:6,0,1,18
BRDA:7,1,0,3
BRDA:7,1,1,15
BRDA:9,2,0,138
BRDA:9,2,1,48
BRF:6
BRH:6
end_of_record
TN:
SF:src\components\Buttons\EditorButton.jsx
FN:3,EditorButton
FNF:1
FNH:1
FNDA:84,EditorButton
DA:4,84
LF:1
LH:1
BRF:0
BRH:0
end_of_record
TN:
SF:src\components\Buttons\ExitButton.jsx
FN:3,ExitButton
FNF:1
FNH:1
FNDA:6,ExitButton
DA:4,6
LF:1
LH:1
BRF:0
BRH:0
end_of_record
TN:
SF:src\components\Buttons\HelpButton.jsx
FN:3,HelpButton
FNF:1
FNH:1
FNDA:42,HelpButton
DA:4,42
LF:1
LH:1
BRF:0
BRH:0
end_of_record
TN:
SF:src\components\Buttons\PreferenceButton.jsx
FN:4,PreferenceButton
FNF:1
FNH:1
FNDA:126,PreferenceButton
DA:5,126
LF:1
LH:1
BRF:0
BRH:0
end_of_record
TN:
SF:src\components\Buttons\PrimaryButton.jsx
FN:3,PrimaryButton
FNF:1
FNH:1
FNDA:156,PrimaryButton
DA:4,156
LF:1
LH:1
BRF:0
BRH:0
end_of_record
TN:
SF:src\components\Buttons\SecondaryButton.jsx
FN:3,SecondaryButton
FNF:1
FNH:1
FNDA:12,SecondaryButton
DA:4,12
LF:1
LH:1
BRF:0
BRH:0
end_of_record
TN:
SF:src\components\ContextMenus\ContextMenu.jsx
FN:11,ContextMenu
FN:21,(anonymous_1)
FN:22,(anonymous_2)
FN:34,(anonymous_3)
FN:39,(anonymous_4)
FN:40,onNodeMoved
FN:53,onPositionMoved
FN:55,(anonymous_7)
FN:59,(anonymous_8)
FN:63,addNode
FN:72,addEdge
FN:84,changeValue
FN:92,(anonymous_12)
FN:99,(anonymous_13)
FN:100,(anonymous_14)
FNF:15
FNH:12
FNDA:85,ContextMenu
FNDA:8,(anonymous_1)
FNDA:26,(anonymous_2)
FNDA:20,(anonymous_3)
FNDA:25,(anonymous_4)
FNDA:0,onNodeMoved
FNDA:0,onPositionMoved
FNDA:0,(anonymous_7)
FNDA:21,(anonymous_8)
FNDA:6,addNode
FNDA:3,addEdge
FNDA:6,changeValue
FNDA:15,(anonymous_12)
FNDA:3,(anonymous_13)
FNDA:3,(anonymous_14)
DA:12,85
DA:13,82
DA:14,82
DA:15,82
DA:16,82
DA:17,82
DA:18,82
DA:21,82
DA:22,8
DA:24,26
DA:25,20
DA:28,20
DA:29,20
DA:30,20
DA:31,20
DA:34,20
DA:39,82
DA:42,0
DA:43,0
DA:44,0
DA:47,0
DA:48,0
DA:49,0
DA:52,25
DA:54,0
DA:55,0
DA:58,25
DA:59,25
DA:64,6
DA:65,6
DA:66,6
DA:68,6
DA:73,3
DA:74,3
DA:76,3
DA:77,3
DA:78,3
DA:80,3
DA:85,6
DA:86,6
DA:87,6
DA:91,82
DA:92,15
DA:99,3
DA:100,3
LF:45
LH:37
BRDA:24,0,0,6
BRDA:24,0,1,20
BRDA:54,1,0,0
BRDA:54,1,1,0
BRDA:91,2,0,82
BRDA:91,2,1,82
BRDA:91,2,2,32
BRF:7
BRH:5
end_of_record
TN:
SF:src\components\ContextMenus\EdgeContextMenu.jsx
FN:12,EdgeContextMenu
FN:22,(anonymous_1)
FN:23,onContextClick
FN:46,(anonymous_3)
FN:49,(anonymous_4)
FN:53,onChangeValue
FN:60,update
FN:84,deleteEdge
FN:92,onEnterPressed
FN:99,(anonymous_9)
FN:102,(anonymous_10)
FN:106,(anonymous_11)
FNF:12
FNH:3
FNDA:50,EdgeContextMenu
FNDA:8,(anonymous_1)
FNDA:0,onContextClick
FNDA:0,(anonymous_3)
FNDA:4,(anonymous_4)
FNDA:0,onChangeValue
FNDA:0,update
FNDA:0,deleteEdge
FNDA:0,onEnterPressed
FNDA:0,(anonymous_9)
FNDA:0,(anonymous_10)
FNDA:0,(anonymous_11)
DA:13,50
DA:14,50
DA:15,50
DA:16,50
DA:17,50
DA:18,50
DA:19,50
DA:22,50
DA:25,0
DA:26,0
DA:29,0
DA:32,0
DA:38,0
DA:39,0
DA:42,0
DA:43,0
DA:46,0
DA:48,8
DA:49,8
DA:54,0
DA:55,0
DA:56,0
DA:63,0
DA:64,0
DA:68,0
DA:69,0
DA:72,0
DA:73,0
DA:76,0
DA:79,0
DA:80,0
DA:85,0
DA:86,0
DA:87,0
DA:88,0
DA:93,0
DA:94,0
DA:97,50
DA:99,0
DA:102,0
DA:106,0
LF:41
LH:11
BRDA:34,0,0,0
BRDA:34,0,1,0
BRDA:42,1,0,0
BRDA:42,1,1,0
BRDA:64,2,0,0
BRDA:64,2,1,0
BRDA:93,3,0,0
BRDA:93,3,1,0
BRDA:97,4,0,50
BRDA:97,4,1,50
BRDA:97,4,2,0
BRF:11
BRH:2
end_of_record
TN:
SF:src\components\ContextMenus\NodeContextMenu.jsx
FN:12,NodeContextMenu
FN:22,(anonymous_1)
FN:23,onContextClick
FN:47,(anonymous_3)
FN:50,(anonymous_4)
FN:54,onChangeValue
FN:61,update
FN:84,deleteNode
FN:92,onEnterPressed
FN:98,(anonymous_9)
FN:101,(anonymous_10)
FN:106,(anonymous_11)
FN:111,(anonymous_12)
FNF:13
FNH:7
FNDA:56,NodeContextMenu
FNDA:8,(anonymous_1)
FNDA:3,onContextClick
FNDA:1,(anonymous_3)
FNDA:4,(anonymous_4)
FNDA:0,onChangeValue
FNDA:0,update
FNDA:2,deleteNode
FNDA:0,onEnterPressed
FNDA:2,(anonymous_9)
FNDA:0,(anonymous_10)
FNDA:0,(anonymous_11)
FNDA:0,(anonymous_12)
DA:13,56
DA:14,56
DA:15,56
DA:16,56
DA:17,56
DA:18,56
DA:19,56
DA:22,56
DA:25,3
DA:26,3
DA:29,3
DA:32,3
DA:39,3
DA:40,3
DA:43,3
DA:44,3
DA:47,3
DA:49,8
DA:50,8
DA:55,0
DA:56,0
DA:57,0
DA:63,0
DA:64,0
DA:68,0
DA:69,0
DA:72,0
DA:73,0
DA:76,0
DA:79,0
DA:80,0
DA:85,2
DA:86,2
DA:87,2
DA:88,2
DA:93,0
DA:94,0
DA:97,56
DA:98,2
DA:101,0
DA:106,0
DA:111,0
LF:42
LH:25
BRDA:35,0,0,3
BRDA:35,0,1,3
BRDA:43,1,0,3
BRDA:43,1,1,0
BRDA:64,2,0,0
BRDA:64,2,1,0
BRDA:93,3,0,0
BRDA:93,3,1,0
BRDA:97,4,0,56
BRDA:97,4,1,56
BRDA:97,4,2,6
BRF:11
BRH:6
end_of_record
TN:
SF:src\components\Popovers\ControlSettingsPopover.jsx
FN:14,ControlSettingsPopover
FN:22,autoCamera
FN:27,autoLayout
FN:35,(anonymous_3)
FN:39,(anonymous_4)
FN:68,evenlySpacedLayout
FN:75,toggle
FN:87,(anonymous_7)
FN:88,(anonymous_8)
FN:89,(anonymous_9)
FNF:10
FNH:2
FNDA:50,ControlSettingsPopover
FNDA:0,autoCamera
FNDA:0,autoLayout
FNDA:0,(anonymous_3)
FNDA:0,(anonymous_4)
FNDA:0,evenlySpacedLayout
FNDA:1,toggle
FNDA:0,(anonymous_7)
FNDA:0,(anonymous_8)
FNDA:0,(anonymous_9)
DA:16,50
DA:18,50
DA:19,50
DA:23,0
DA:29,0
DA:30,0
DA:32,0
DA:33,0
DA:34,0
DA:36,0
DA:37,0
DA:39,0
DA:40,0
DA:43,0
DA:44,0
DA:47,0
DA:50,0
DA:56,0
DA:58,0
DA:59,0
DA:63,0
DA:65,0
DA:69,0
DA:70,0
DA:71,0
DA:76,1
DA:79,50
DA:87,0
DA:88,0
DA:89,0
LF:30
LH:5
BRDA:29,0,0,0
BRDA:29,0,1,0
BRDA:29,1,0,0
BRDA:29,1,1,0
BRDA:76,2,0,1
BRDA:76,2,1,1
BRF:6
BRH:2
end_of_record
TN:
SF:src\components\Popovers\EdgeSettingsPopover.jsx
FN:11,BinarySwitchComponent
FN:33,EdgeSettingsPopover
FN:40,toggle
FN:56,(anonymous_3)
FN:61,(anonymous_4)
FN:66,(anonymous_5)
FNF:6
FNH:3
FNDA:6,BinarySwitchComponent
FNDA:50,EdgeSettingsPopover
FNDA:1,toggle
FNDA:0,(anonymous_3)
FNDA:0,(anonymous_4)
FNDA:0,(anonymous_5)
DA:12,6
DA:34,50
DA:37,50
DA:41,1
DA:44,50
DA:56,0
DA:61,0
DA:66,0
LF:8
LH:5
BRDA:17,0,0,4
BRDA:17,0,1,2
BRDA:23,1,0,4
BRDA:23,1,1,2
BRDA:41,2,0,1
BRDA:41,2,1,1
BRF:6
BRH:6
end_of_record
TN:
SF:src\components\Popovers\NodeSettingsPopover.jsx
FN:13,BinarySwitchComponent
FN:35,NodeSettingsPopover
FN:42,toggle
FN:58,(anonymous_3)
FN:63,(anonymous_4)
FN:73,(anonymous_5)
FNF:6
FNH:3
FNDA:84,BinarySwitchComponent
FNDA:50,NodeSettingsPopover
FNDA:1,toggle
FNDA:0,(anonymous_3)
FNDA:0,(anonymous_4)
FNDA:0,(anonymous_5)
DA:14,84
DA:36,50
DA:39,50
DA:43,1
DA:46,50
DA:58,0
DA:63,0
DA:73,0
LF:8
LH:5
BRDA:19,0,0,84
BRDA:19,0,1,0
BRDA:25,1,0,84
BRDA:25,1,1,0
BRDA:43,2,0,1
BRDA:43,2,1,1
BRF:6
BRH:4
end_of_record
TN:
SF:src\components\Prompts\AlgorithmErrorPrompt.jsx
FN:8,AlgorithmErrorPrompt
FNF:1
FNH:0
FNDA:0,AlgorithmErrorPrompt
DA:10,0
DA:11,0
DA:16,0
DA:17,0
DA:18,0
DA:22,0
DA:24,0
DA:25,0
DA:28,0
DA:29,0
DA:30,0
DA:32,0
DA:34,0
DA:35,0
DA:37,0
DA:40,0
DA:48,0
LF:17
LH:0
BRDA:16,0,0,0
BRDA:16,0,1,0
BRDA:24,1,0,0
BRDA:24,1,1,0
BRDA:29,2,0,0
BRDA:29,2,1,0
BRDA:35,3,0,0
BRDA:35,3,1,0
BRF:8
BRH:0
end_of_record
TN:
SF:src\components\Prompts\ConfirmationPrompt.jsx
FN:14,ConfirmationPrompt
FN:22,(anonymous_1)
FN:23,(anonymous_2)
FNF:3
FNH:0
FNDA:0,ConfirmationPrompt
FNDA:0,(anonymous_1)
FNDA:0,(anonymous_2)
DA:15,0
DA:16,0
DA:17,0
DA:19,0
DA:22,0
DA:23,0
LF:6
LH:0
BRDA:16,0,0,0
BRDA:16,0,1,0
BRDA:17,1,0,0
BRDA:17,1,1,0
BRF:4
BRH:0
end_of_record
TN:
SF:src\components\Prompts\InputPrompt.jsx
FN:8,InputPrompt
FN:11,onEnterPressed
FN:19,(anonymous_2)
FN:20,(anonymous_3)
FNF:4
FNH:0
FNDA:0,InputPrompt
FNDA:0,onEnterPressed
FNDA:0,(anonymous_2)
FNDA:0,(anonymous_3)
DA:9,0
DA:12,0
DA:13,0
DA:16,0
DA:19,0
DA:20,0
LF:6
LH:0
BRDA:12,0,0,0
BRDA:12,0,1,0
BRF:2
BRH:0
end_of_record
TN:
SF:src\components\Prompts\PromptComponent.jsx
FN:20,PromptComponent
FN:30,onCallback
FN:39,onMouseDown
FN:50,onMouseUp
FN:57,onMouseMove
FNF:5
FNH:1
FNDA:50,PromptComponent
FNDA:0,onCallback
FNDA:0,onMouseDown
FNDA:0,onMouseUp
FNDA:0,onMouseMove
DA:10,9
DA:21,50
DA:22,50
DA:23,50
DA:24,50
DA:32,0
DA:35,0
DA:40,0
DA:41,0
DA:42,0
DA:43,0
DA:44,0
DA:45,0
DA:46,0
DA:47,0
DA:51,0
DA:52,0
DA:53,0
DA:54,0
DA:58,0
DA:59,0
DA:63,0
DA:64,0
DA:67,50
DA:68,0
DA:69,0
DA:70,0
DA:73,0
LF:28
LH:6
BRDA:40,0,0,0
BRDA:40,0,1,0
BRDA:58,1,0,0
BRDA:58,1,1,0
BRDA:67,2,0,50
BRDA:67,2,1,0
BRDA:69,3,0,0
BRDA:69,3,1,0
BRF:8
BRH:1
end_of_record
TN:
SF:src\components\Tabs\ExamplesButton.jsx
FN:9,ExamplesButton
FN:10,(anonymous_1)
FN:11,onKeyPress
FN:18,(anonymous_3)
FN:21,(anonymous_4)
FN:28,(anonymous_5)
FN:49,(anonymous_6)
FNF:7
FNH:3
FNDA:10,ExamplesButton
FNDA:10,(anonymous_1)
FNDA:0,onKeyPress
FNDA:5,(anonymous_3)
FNDA:0,(anonymous_4)
FNDA:0,(anonymous_5)
FNDA:0,(anonymous_6)
DA:10,10
DA:12,0
DA:13,0
DA:14,0
DA:17,10
DA:18,10
DA:21,10
DA:22,0
DA:28,0
DA:29,0
DA:30,0
DA:33,0
DA:34,0
DA:37,0
DA:38,0
DA:40,0
DA:42,0
DA:46,10
DA:49,0
LF:19
LH:5
BRDA:12,0,0,0
BRDA:12,0,1,0
BRDA:12,1,0,0
BRDA:12,1,1,0
BRDA:12,1,2,0
BRDA:33,2,0,0
BRDA:33,2,1,0
BRF:7
BRH:0
end_of_record
TN:
SF:src\components\Tabs\PopupWindow.js
FN:4,(anonymous_0)
FN:13,(anonymous_1)
FN:22,(anonymous_2)
FN:28,(anonymous_3)
FNF:4
FNH:0
FNDA:0,(anonymous_0)
FNDA:0,(anonymous_1)
FNDA:0,(anonymous_2)
FNDA:0,(anonymous_3)
DA:4,9
DA:13,0
DA:15,0
DA:18,0
DA:23,0
DA:29,0
DA:30,0
LF:7
LH:1
BRDA:37,0,0,0
BRDA:37,0,1,0
BRF:2
BRH:0
end_of_record
TN:
SF:src\components\Tabs\Tab.jsx
FN:8,Tab
FN:13,onEdit
FN:19,onRemoveClick
FN:24,onEnter
FN:36,onTabSelectByKey
FN:42,(anonymous_5)
FN:46,(anonymous_6)
FN:46,(anonymous_7)
FNF:8
FNH:0
FNDA:0,Tab
FNDA:0,onEdit
FNDA:0,onRemoveClick
FNDA:0,onEnter
FNDA:0,onTabSelectByKey
FNDA:0,(anonymous_5)
FNDA:0,(anonymous_6)
FNDA:0,(anonymous_7)
DA:9,0
DA:10,0
DA:11,0
DA:14,0
DA:15,0
DA:16,0
DA:20,0
DA:21,0
DA:25,0
DA:26,0
DA:27,0
DA:30,0
DA:31,0
DA:32,0
DA:37,0
DA:38,0
DA:41,0
DA:42,0
DA:46,0
LF:19
LH:0
BRDA:25,0,0,0
BRDA:25,0,1,0
BRDA:30,1,0,0
BRDA:30,1,1,0
BRDA:30,2,0,0
BRDA:30,2,1,0
BRDA:37,3,0,0
BRDA:37,3,1,0
BRDA:37,4,0,0
BRDA:37,4,1,0
BRDA:43,5,0,0
BRDA:43,5,1,0
BRDA:45,6,0,0
BRDA:45,6,1,0
BRDA:46,7,0,0
BRDA:46,7,1,0
BRDA:46,8,0,0
BRDA:46,8,1,0
BRF:18
BRH:0
end_of_record
TN:
SF:src\components\Tabs\TabList.jsx
FN:9,Header
FN:27,TabList
FN:29,onAddTab
FN:33,onFileUpload
FN:41,onTabClick
FN:45,onTabRename
FN:49,onTabRemove
FN:62,(anonymous_7)
FNF:8
FNH:2
FNDA:10,Header
FNDA:10,TabList
FNDA:0,onAddTab
FNDA:0,onFileUpload
FNDA:0,onTabClick
FNDA:0,onTabRename
FNDA:0,onTabRemove
FNDA:0,(anonymous_7)
DA:10,10
DA:30,0
DA:35,0
DA:36,0
DA:38,0
DA:42,0
DA:46,0
DA:50,0
DA:53,10
DA:63,0
LF:10
LH:2
BRF:0
BRH:0
end_of_record
TN:
SF:src\components\Tabs\UploadButton.jsx
FN:8,UploadButton
FN:15,(anonymous_1)
FN:16,onKeyPress
FN:28,(anonymous_3)
FN:33,processFiles
FN:37,(anonymous_5)
FN:56,onUploadEvent
FNF:7
FNH:3
FNDA:10,UploadButton
FNDA:10,(anonymous_1)
FNDA:0,onKeyPress
FNDA:5,(anonymous_3)
FNDA:0,processFiles
FNDA:0,(anonymous_5)
FNDA:0,onUploadEvent
DA:15,10
DA:19,0
DA:20,0
DA:21,0
DA:24,0
DA:27,10
DA:28,10
DA:34,0
DA:35,0
DA:36,0
DA:37,0
DA:38,0
DA:39,0
DA:48,0
DA:49,0
DA:52,0
DA:57,0
DA:60,10
LF:18
LH:4
BRDA:19,0,0,0
BRDA:19,0,1,0
BRDA:19,1,0,0
BRDA:19,1,1,0
BRDA:19,1,2,0
BRDA:48,2,0,0
BRDA:48,2,1,0
BRF:7
BRH:0
end_of_record
TN:
SF:src\globals\Cytoscape.js
FN:16,(anonymous_0)
FNF:1
FNH:1
FNDA:9,(anonymous_0)
DA:8,9
DA:9,9
DA:10,9
DA:16,9
DA:20,9
DA:22,9
DA:26,9
LF:7
LH:7
BRDA:20,0,0,9
BRDA:20,0,1,0
BRF:2
BRH:1
end_of_record
TN:
SF:src\globals\SharedWorker.js
FN:16,(anonymous_0)
FN:21,(anonymous_1)
FN:30,postMessage
FN:39,on
FN:52,remove
FN:55,(anonymous_5)
FNF:6
FNH:6
FNDA:4,(anonymous_0)
FNDA:8,(anonymous_1)
FNDA:4,postMessage
FNDA:75,on
FNDA:21,remove
FNDA:129,(anonymous_5)
DA:9,9
DA:10,9
DA:16,9
DA:17,4
DA:18,4
DA:20,4
DA:21,8
DA:31,4
DA:40,75
DA:41,12
DA:45,75
DA:53,21
DA:54,63
DA:55,129
LF:14
LH:14
BRDA:18,0,0,0
BRDA:18,0,1,4
BRDA:40,1,0,12
BRDA:40,1,1,63
BRF:4
BRH:3
end_of_record
TN:
SF:src\interfaces\AlgorithmInterface\AlgorithmInterface.js
FN:24,(anonymous_0)
FN:25,(anonymous_1)
FN:26,(anonymous_2)
FN:37,updateState
FN:48,setupTimeout
FN:49,(anonymous_5)
FN:61,(anonymous_6)
FN:71,toggleDebugMode
FN:80,resumeThread
FN:89,killThread
FN:99,canStepBack
FN:108,canStepForward
FN:118,stepBack
FN:130,stepForward
FN:142,(anonymous_14)
FN:160,enterPromptResult
FN:174,revert
FN:191,onMessage
FN:214,(anonymous_18)
FN:336,(anonymous_19)
FNF:20
FNH:1
FNDA:17,(anonymous_0)
FNDA:0,(anonymous_1)
FNDA:0,(anonymous_2)
FNDA:0,updateState
FNDA:0,setupTimeout
FNDA:0,(anonymous_5)
FNDA:0,(anonymous_6)
FNDA:0,toggleDebugMode
FNDA:0,resumeThread
FNDA:0,killThread
FNDA:0,canStepBack
FNDA:0,canStepForward
FNDA:0,stepBack
FNDA:0,stepForward
FNDA:0,(anonymous_14)
FNDA:0,enterPromptResult
FNDA:0,revert
FNDA:0,onMessage
FNDA:0,(anonymous_18)
FNDA:0,(anonymous_19)
DA:16,9
DA:19,9
DA:20,9
DA:21,9
DA:24,17
DA:25,9
DA:26,9
DA:40,0
DA:41,0
DA:49,0
DA:51,0
DA:54,0
DA:55,0
DA:58,0
DA:63,0
DA:72,0
DA:73,0
DA:81,0
DA:82,0
DA:90,0
DA:91,0
DA:100,0
DA:109,0
DA:110,0
DA:111,0
DA:119,0
DA:120,0
DA:121,0
DA:122,0
DA:132,0
DA:135,0
DA:136,0
DA:138,0
DA:139,0
DA:142,0
DA:143,0
DA:147,0
DA:148,0
DA:149,0
DA:161,0
DA:162,0
DA:163,0
DA:164,0
DA:166,0
DA:168,0
DA:175,0
DA:178,0
DA:180,0
DA:182,0
DA:183,0
DA:193,0
DA:196,0
DA:198,0
DA:199,0
DA:200,0
DA:202,0
DA:203,0
DA:204,0
DA:206,0
DA:207,0
DA:208,0
DA:210,0
DA:211,0
DA:215,0
DA:216,0
DA:219,0
DA:220,0
DA:222,0
DA:223,0
DA:224,0
DA:227,0
DA:228,0
DA:230,0
DA:231,0
DA:232,0
DA:234,0
DA:235,0
DA:236,0
DA:238,0
DA:239,0
DA:240,0
DA:242,0
DA:243,0
DA:244,0
DA:246,0
DA:247,0
DA:248,0
DA:250,0
DA:251,0
DA:252,0
DA:254,0
DA:255,0
DA:256,0
DA:258,0
DA:259,0
DA:260,0
DA:262,0
DA:263,0
DA:264,0
DA:266,0
DA:267,0
DA:268,0
DA:270,0
DA:271,0
DA:272,0
DA:274,0
DA:275,0
DA:276,0
DA:278,0
DA:279,0
DA:280,0
DA:282,0
DA:283,0
DA:284,0
DA:286,0
DA:287,0
DA:288,0
DA:290,0
DA:291,0
DA:292,0
DA:294,0
DA:295,0
DA:296,0
DA:298,0
DA:299,0
DA:300,0
DA:302,0
DA:303,0
DA:304,0
DA:306,0
DA:307,0
DA:308,0
DA:310,0
DA:311,0
DA:312,0
DA:314,0
DA:317,0
DA:318,0
DA:319,0
DA:321,0
DA:322,0
DA:324,0
DA:325,0
DA:326,0
DA:328,0
DA:329,0
DA:330,0
DA:331,0
DA:333,0
DA:338,0
DA:339,0
DA:343,0
DA:347,9
LF:153
LH:8
BRDA:73,0,0,0
BRDA:73,0,1,0
BRDA:90,1,0,0
BRDA:90,1,1,0
BRDA:109,2,0,0
BRDA:109,2,1,0
BRDA:110,3,0,0
BRDA:110,3,1,0
BRDA:110,4,0,0
BRDA:110,4,1,0
BRDA:119,5,0,0
BRDA:119,5,1,0
BRDA:132,6,0,0
BRDA:132,6,1,0
BRDA:135,7,0,0
BRDA:135,7,1,0
BRDA:168,8,0,0
BRDA:168,8,1,0
BRDA:196,9,0,0
BRDA:196,9,1,0
BRDA:196,9,2,0
BRDA:196,9,3,0
BRDA:196,9,4,0
BRDA:196,9,5,0
BRDA:196,9,6,0
BRDA:196,9,7,0
BRDA:196,9,8,0
BRDA:196,9,9,0
BRDA:196,9,10,0
BRDA:196,9,11,0
BRDA:196,9,12,0
BRDA:196,9,13,0
BRDA:196,9,14,0
BRDA:196,9,15,0
BRDA:196,9,16,0
BRDA:196,9,17,0
BRDA:196,9,18,0
BRDA:196,9,19,0
BRDA:196,9,20,0
BRDA:196,9,21,0
BRDA:196,9,22,0
BRDA:196,9,23,0
BRDA:196,9,24,0
BRDA:196,9,25,0
BRDA:196,9,26,0
BRDA:196,9,27,0
BRDA:196,9,28,0
BRDA:196,9,29,0
BRDA:196,9,30,0
BRDA:196,9,31,0
BRDA:213,10,0,0
BRDA:213,10,1,0
BRDA:317,11,0,0
BRDA:317,11,1,0
BRDA:321,12,0,0
BRDA:321,12,1,0
BRDA:325,13,0,0
BRDA:325,13,1,0
BRDA:329,14,0,0
BRDA:329,14,1,0
BRF:60
BRH:0
end_of_record
TN:
SF:src\interfaces\CytoscapeInterface\CytoscapeInterface.js
FN:18,parseAndRound
FN:38,edgeHasAttribute
FN:50,parseEdge
FN:58,(anonymous_3)
FN:99,parseNode
FN:114,(anonymous_5)
FN:139,getElements
FN:144,(anonymous_7)
FN:148,(anonymous_8)
FN:162,getStyle
FNF:10
FNH:10
FNDA:24,parseAndRound
FNDA:8,edgeHasAttribute
FNDA:4,parseEdge
FNDA:20,(anonymous_3)
FNDA:24,parseNode
FNDA:216,(anonymous_5)
FNDA:29,getElements
FNDA:24,(anonymous_7)
FNDA:8,(anonymous_8)
FNDA:29,getStyle
DA:19,24
DA:21,24
DA:22,24
DA:26,0
DA:27,0
DA:28,0
DA:31,0
DA:39,8
DA:52,4
DA:58,4
DA:59,20
DA:64,4
DA:65,4
DA:67,4
DA:68,0
DA:69,0
DA:70,0
DA:74,4
DA:76,0
DA:77,0
DA:80,0
DA:83,4
DA:87,4
DA:88,0
DA:91,4
DA:101,24
DA:104,24
DA:114,24
DA:116,216
DA:117,0
DA:120,216
DA:124,24
DA:141,29
DA:144,29
DA:145,24
DA:148,24
DA:149,8
DA:150,4
DA:155,29
DA:163,29
DA:305,29
DA:307,0
DA:321,29
DA:324,9
LF:44
LH:31
BRDA:21,0,0,24
BRDA:21,0,1,0
BRDA:27,1,0,0
BRDA:27,1,1,0
BRDA:27,2,0,0
BRDA:27,2,1,0
BRDA:39,3,0,8
BRDA:39,3,1,8
BRDA:39,3,2,4
BRDA:39,3,3,0
BRDA:67,4,0,0
BRDA:67,4,1,4
BRDA:67,5,0,4
BRDA:67,5,1,0
BRDA:69,6,0,0
BRDA:69,6,1,0
BRDA:74,7,0,0
BRDA:74,7,1,4
BRDA:74,8,0,4
BRDA:74,8,1,0
BRDA:76,9,0,0
BRDA:76,9,1,0
BRDA:87,10,0,0
BRDA:87,10,1,4
BRDA:87,11,0,4
BRDA:87,11,1,4
BRDA:116,12,0,0
BRDA:116,12,1,216
BRDA:116,13,0,216
BRDA:116,13,1,24
BRDA:149,14,0,4
BRDA:149,14,1,4
BRDA:190,15,0,0
BRDA:190,15,1,29
BRDA:305,16,0,0
BRDA:305,16,1,29
BRF:36
BRH:18
end_of_record
TN:
SF:src\interfaces\FileParser\FileParser.js
FN:26,isTree
FN:38,(anonymous_1)
FN:61,getChildren
FN:84,getParent
FN:102,isLayeredGraph
FN:112,(anonymous_5)
FN:131,isNumeric
FN:146,loadGraph
FN:161,(anonymous_8)
FN:179,createLayers
FN:182,(anonymous_10)
FN:194,(anonymous_11)
FN:208,parseAttributes
FN:236,parseLine
FN:277,parseComment
FN:288,parseNode
FN:308,addNode
FN:341,generateId
FN:353,parseEdge
FN:371,addEdge
FNF:20
FNH:0
FNDA:0,isTree
FNDA:0,(anonymous_1)
FNDA:0,getChildren
FNDA:0,getParent
FNDA:0,isLayeredGraph
FNDA:0,(anonymous_5)
FNDA:0,isNumeric
FNDA:0,loadGraph
FNDA:0,(anonymous_8)
FNDA:0,createLayers
FNDA:0,(anonymous_10)
FNDA:0,(anonymous_11)
FNDA:0,parseAttributes
FNDA:0,parseLine
FNDA:0,parseComment
FNDA:0,parseNode
FNDA:0,addNode
FNDA:0,generateId
FNDA:0,parseEdge
FNDA:0,addEdge
DA:27,0
DA:28,0
DA:31,0
DA:32,0
DA:33,0
DA:34,0
DA:38,0
DA:39,0
DA:40,0
DA:41,0
DA:42,0
DA:46,0
DA:63,0
DA:66,0
DA:68,0
DA:69,0
DA:74,0
DA:87,0
DA:88,0
DA:89,0
DA:103,0
DA:104,0
DA:107,0
DA:108,0
DA:112,0
DA:113,0
DA:114,0
DA:116,0
DA:117,0
DA:121,0
DA:132,0
DA:133,0
DA:148,0
DA:151,0
DA:152,0
DA:153,0
DA:154,0
DA:155,0
DA:157,0
DA:161,0
DA:163,0
DA:164,0
DA:167,0
DA:169,0
DA:172,0
DA:181,0
DA:182,0
DA:183,0
DA:184,0
DA:186,0
DA:190,0
DA:193,0
DA:194,0
DA:195,0
DA:196,0
DA:197,0
DA:210,0
DA:213,0
DA:214,0
DA:215,0
DA:219,0
DA:221,0
DA:222,0
DA:223,0
DA:228,0
DA:238,0
DA:239,0
DA:241,0
DA:242,0
DA:245,0
DA:248,0
DA:249,0
DA:251,0
DA:252,0
DA:254,0
DA:255,0
DA:257,0
DA:259,0
DA:261,0
DA:263,0
DA:264,0
DA:267,0
DA:278,0
DA:290,0
DA:291,0
DA:294,0
DA:297,0
DA:310,0
DA:311,0
DA:315,0
DA:322,0
DA:323,0
DA:325,0
DA:326,0
DA:329,0
DA:331,0
DA:334,0
DA:335,0
DA:338,0
DA:342,0
DA:343,0
DA:344,0
DA:355,0
DA:358,0
DA:361,0
DA:373,0
DA:374,0
DA:375,0
DA:376,0
DA:377,0
DA:378,0
DA:381,0
DA:384,0
DA:385,0
DA:389,0
DA:390,0
DA:394,9
LF:117
LH:1
BRDA:33,0,0,0
BRDA:33,0,1,0
BRDA:41,1,0,0
BRDA:41,1,1,0
BRDA:41,2,0,0
BRDA:41,2,1,0
BRDA:68,3,0,0
BRDA:68,3,1,0
BRDA:88,4,0,0
BRDA:88,4,1,0
BRDA:107,5,0,0
BRDA:107,5,1,0
BRDA:116,6,0,0
BRDA:116,6,1,0
BRDA:132,7,0,0
BRDA:132,7,1,0
BRDA:133,8,0,0
BRDA:133,8,1,0
BRDA:152,9,0,0
BRDA:152,9,1,0
BRDA:154,10,0,0
BRDA:154,10,1,0
BRDA:163,11,0,0
BRDA:163,11,1,0
BRDA:167,12,0,0
BRDA:167,12,1,0
BRDA:183,13,0,0
BRDA:183,13,1,0
BRDA:213,14,0,0
BRDA:213,14,1,0
BRDA:222,15,0,0
BRDA:222,15,1,0
BRDA:239,16,0,0
BRDA:239,16,1,0
BRDA:245,17,0,0
BRDA:245,17,1,0
BRDA:245,17,2,0
BRDA:245,17,3,0
BRDA:245,17,4,0
BRDA:245,17,5,0
BRDA:245,17,6,0
BRDA:245,17,7,0
BRDA:310,18,0,0
BRDA:310,18,1,0
BRDA:310,19,0,0
BRDA:310,19,1,0
BRDA:315,20,0,0
BRDA:315,20,1,0
BRDA:322,21,0,0
BRDA:322,21,1,0
BRDA:325,22,0,0
BRDA:325,22,1,0
BRDA:373,23,0,0
BRDA:373,23,1,0
BRDA:373,24,0,0
BRDA:373,24,1,0
BRDA:375,25,0,0
BRDA:375,25,1,0
BRDA:377,26,0,0
BRDA:377,26,1,0
BRF:60
BRH:0
end_of_record
TN:
SF:src\interfaces\GraphInterface\GraphInterface.js
FN:36,generateId
FN:48,recordChange
FN:53,(anonymous_2)
FN:67,(anonymous_3)
FN:69,(anonymous_4)
FN:82,verifyNodes
FN:102,verifyGraph
FN:112,verifyChangeManager
FN:123,verifyGraphChangeManager
FN:136,shiftNodes
FN:164,(anonymous_10)
FN:169,(anonymous_11)
FN:209,getAdjacentNodes
FN:215,(anonymous_13)
FN:237,getEdge
FN:252,getEdgeAttribute
FN:271,getEdgeBetween
FN:288,getEdgeIDBetween
FN:300,getEdgeID
FN:312,getEdgeIds
FN:316,(anonymous_20)
FN:317,(anonymous_21)
FN:332,getFileName
FN:343,getIncidentEdges
FN:361,getIncomingEdges
FN:378,(anonymous_25)
FN:394,getIncomingNodes
FN:410,(anonymous_27)
FN:423,getMessage
FN:443,getNodeAttribute
FN:462,getNodeIds
FN:473,getNodePosition
FN:492,getNodes
FN:502,getNumberOfEdges
FN:512,getNumberOfNodes
FN:525,getOppositeNode
FN:554,getOutgoingEdges
FN:570,(anonymous_37)
FN:586,getOutgoingNodes
FN:597,(anonymous_39)
FN:616,getScalar
FN:668,getTarget
FN:684,getSource
FN:708,addEdge
FN:712,(anonymous_44)
FN:744,addMessage
FN:765,addNode
FN:775,(anonymous_47)
FN:811,deleteEdge
FN:824,(anonymous_49)
FN:855,deleteNode
FN:872,(anonymous_51)
FN:877,(anonymous_52)
FN:949,endRecording
FN:958,(anonymous_54)
FN:977,redo
FN:984,(anonymous_56)
FN:985,(anonymous_57)
FN:1054,(anonymous_58)
FN:1066,revert
FN:1090,setEdgeAttribute
FN:1094,(anonymous_61)
FN:1141,setEdgeAttributeAll
FN:1145,(anonymous_63)
FN:1147,(anonymous_64)
FN:1148,(anonymous_65)
FN:1158,(anonymous_66)
FN:1159,(anonymous_67)
FN:1200,setDirected
FN:1202,(anonymous_69)
FN:1218,setNodeAttribute
FN:1228,(anonymous_71)
FN:1267,setNodeAttributeAll
FN:1271,(anonymous_73)
FN:1273,(anonymous_74)
FN:1280,(anonymous_75)
FN:1319,setNodePosition
FN:1345,(anonymous_77)
FN:1381,setNodePositionLayered
FN:1407,(anonymous_79)
FN:1443,(anonymous_80)
FN:1445,(anonymous_81)
FN:1460,(anonymous_82)
FN:1461,(anonymous_83)
FN:1465,(anonymous_84)
FN:1477,setNodeSize
FN:1478,(anonymous_86)
FN:1490,setShowEdgeLabels
FN:1491,(anonymous_88)
FN:1503,setShowEdgeWeights
FN:1504,(anonymous_90)
FN:1516,setShowNodeLabels
FN:1517,(anonymous_92)
FN:1529,setShowNodeWeights
FN:1530,(anonymous_94)
FN:1544,startRecording
FN:1554,(anonymous_96)
FN:1570,toString
FN:1587,(anonymous_98)
FN:1595,(anonymous_99)
FN:1601,(anonymous_100)
FN:1607,(anonymous_101)
FN:1642,(anonymous_102)
FN:1643,(anonymous_103)
FN:1650,(anonymous_104)
FN:1656,(anonymous_105)
FN:1681,undo
FN:1688,(anonymous_107)
FN:1689,(anonymous_108)
FN:1704,(anonymous_109)
FN:1736,(anonymous_110)
FN:1770,(anonymous_111)
FN:1778,(anonymous_112)
FNF:113
FNH:37
FNDA:6,generateId
FNDA:11,recordChange
FNDA:11,(anonymous_2)
FNDA:0,(anonymous_3)
FNDA:0,(anonymous_4)
FNDA:3,verifyNodes
FNDA:58,verifyGraph
FNDA:6,verifyChangeManager
FNDA:6,verifyGraphChangeManager
FNDA:0,shiftNodes
FNDA:0,(anonymous_10)
FNDA:0,(anonymous_11)
FNDA:3,getAdjacentNodes
FNDA:2,(anonymous_13)
FNDA:0,getEdge
FNDA:0,getEdgeAttribute
FNDA:0,getEdgeBetween
FNDA:0,getEdgeIDBetween
FNDA:0,getEdgeID
FNDA:0,getEdgeIds
FNDA:0,(anonymous_20)
FNDA:0,(anonymous_21)
FNDA:1,getFileName
FNDA:0,getIncidentEdges
FNDA:0,getIncomingEdges
FNDA:0,(anonymous_25)
FNDA:2,getIncomingNodes
FNDA:0,(anonymous_27)
FNDA:25,getMessage
FNDA:8,getNodeAttribute
FNDA:0,getNodeIds
FNDA:0,getNodePosition
FNDA:29,getNodes
FNDA:0,getNumberOfEdges
FNDA:0,getNumberOfNodes
FNDA:0,getOppositeNode
FNDA:0,getOutgoingEdges
FNDA:0,(anonymous_37)
FNDA:1,getOutgoingNodes
FNDA:0,(anonymous_39)
FNDA:8,getScalar
FNDA:0,getTarget
FNDA:0,getSource
FNDA:3,addEdge
FNDA:3,(anonymous_44)
FNDA:0,addMessage
FNDA:6,addNode
FNDA:6,(anonymous_47)
FNDA:0,deleteEdge
FNDA:0,(anonymous_49)
FNDA:2,deleteNode
FNDA:2,(anonymous_51)
FNDA:1,(anonymous_52)
FNDA:0,endRecording
FNDA:0,(anonymous_54)
FNDA:3,redo
FNDA:3,(anonymous_56)
FNDA:3,(anonymous_57)
FNDA:3,(anonymous_58)
FNDA:0,revert
FNDA:0,setEdgeAttribute
FNDA:0,(anonymous_61)
FNDA:0,setEdgeAttributeAll
FNDA:0,(anonymous_63)
FNDA:0,(anonymous_64)
FNDA:0,(anonymous_65)
FNDA:0,(anonymous_66)
FNDA:0,(anonymous_67)
FNDA:0,setDirected
FNDA:0,(anonymous_69)
FNDA:0,setNodeAttribute
FNDA:0,(anonymous_71)
FNDA:0,setNodeAttributeAll
FNDA:0,(anonymous_73)
FNDA:0,(anonymous_74)
FNDA:0,(anonymous_75)
FNDA:0,setNodePosition
FNDA:0,(anonymous_77)
FNDA:0,setNodePositionLayered
FNDA:0,(anonymous_79)
FNDA:0,(anonymous_80)
FNDA:0,(anonymous_81)
FNDA:0,(anonymous_82)
FNDA:0,(anonymous_83)
FNDA:0,(anonymous_84)
FNDA:0,setNodeSize
FNDA:0,(anonymous_86)
FNDA:0,setShowEdgeLabels
FNDA:0,(anonymous_88)
FNDA:0,setShowEdgeWeights
FNDA:0,(anonymous_90)
FNDA:0,setShowNodeLabels
FNDA:0,(anonymous_92)
FNDA:0,setShowNodeWeights
FNDA:0,(anonymous_94)
FNDA:0,startRecording
FNDA:0,(anonymous_96)
FNDA:1,toString
FNDA:0,(anonymous_98)
FNDA:2,(anonymous_99)
FNDA:18,(anonymous_100)
FNDA:0,(anonymous_101)
FNDA:2,(anonymous_102)
FNDA:2,(anonymous_103)
FNDA:5,(anonymous_104)
FNDA:0,(anonymous_105)
FNDA:3,undo
FNDA:3,(anonymous_107)
FNDA:3,(anonymous_108)
FNDA:0,(anonymous_109)
FNDA:0,(anonymous_110)
FNDA:0,(anonymous_111)
FNDA:3,(anonymous_112)
DA:10,9
DA:37,6
DA:38,6
DA:39,6
DA:52,11
DA:53,11
DA:55,11
DA:58,11
DA:61,11
DA:67,0
DA:69,0
DA:70,0
DA:83,3
DA:84,0
DA:87,3
DA:88,0
DA:91,3
DA:92,0
DA:103,58
DA:104,0
DA:113,6
DA:114,0
DA:124,6
DA:125,6
DA:139,0
DA:141,0
DA:142,0
DA:144,0
DA:147,0
DA:148,0
DA:152,0
DA:153,0
DA:156,0
DA:158,0
DA:159,0
DA:164,0
DA:165,0
DA:169,0
DA:170,0
DA:174,0
DA:189,0
DA:193,0
DA:194,0
DA:210,3
DA:211,3
DA:214,3
DA:215,3
DA:216,2
DA:217,1
DA:219,1
DA:223,3
DA:226,0
DA:238,0
DA:239,0
DA:240,0
DA:241,0
DA:254,0
DA:257,0
DA:258,0
DA:260,0
DA:272,0
DA:273,0
DA:275,0
DA:277,0
DA:289,0
DA:290,0
DA:301,0
DA:302,0
DA:304,0
DA:313,0
DA:314,0
DA:316,0
DA:317,0
DA:318,0
DA:319,0
DA:324,0
DA:333,1
DA:334,1
DA:344,0
DA:346,0
DA:348,0
DA:352,0
DA:362,0
DA:365,0
DA:366,0
DA:370,0
DA:371,0
DA:375,0
DA:378,0
DA:380,0
DA:381,0
DA:385,0
DA:395,2
DA:398,2
DA:399,0
DA:403,2
DA:404,2
DA:407,0
DA:410,0
DA:411,0
DA:412,0
DA:416,0
DA:424,25
DA:425,25
DA:426,0
DA:427,0
DA:428,0
DA:433,25
DA:444,8
DA:447,8
DA:449,8
DA:450,8
DA:453,0
DA:463,0
DA:464,0
DA:474,0
DA:477,0
DA:479,0
DA:480,0
DA:483,0
DA:493,29
DA:494,29
DA:503,0
DA:504,0
DA:513,0
DA:514,0
DA:526,0
DA:528,0
DA:529,0
DA:532,0
DA:533,0
DA:538,0
DA:540,0
DA:541,0
DA:545,0
DA:555,0
DA:557,0
DA:558,0
DA:562,0
DA:563,0
DA:567,0
DA:570,0
DA:572,0
DA:573,0
DA:577,0
DA:587,1
DA:589,1
DA:590,1
DA:593,0
DA:596,0
DA:597,0
DA:598,0
DA:599,0
DA:603,0
DA:606,0
DA:617,8
DA:622,8
DA:623,0
DA:627,8
DA:628,8
DA:631,0
DA:638,0
DA:639,0
DA:640,0
DA:641,0
DA:642,0
DA:644,0
DA:645,0
DA:647,0
DA:648,0
DA:650,0
DA:651,0
DA:652,0
DA:655,0
DA:669,0
DA:670,0
DA:671,0
DA:672,0
DA:674,0
DA:685,0
DA:686,0
DA:687,0
DA:688,0
DA:690,0
DA:710,3
DA:712,3
DA:714,3
DA:717,3
DA:718,0
DA:722,3
DA:723,3
DA:727,3
DA:735,3
DA:746,0
DA:752,0
DA:767,6
DA:768,6
DA:769,0
DA:773,6
DA:775,6
DA:777,6
DA:778,6
DA:781,6
DA:782,0
DA:787,6
DA:800,6
DA:813,0
DA:814,0
DA:815,0
DA:816,0
DA:820,0
DA:824,0
DA:826,0
DA:827,0
DA:831,0
DA:844,0
DA:857,2
DA:858,0
DA:865,2
DA:866,2
DA:867,2
DA:870,2
DA:872,2
DA:874,2
DA:877,2
DA:879,1
DA:882,1
DA:888,1
DA:904,2
DA:909,2
DA:910,2
DA:911,0
DA:923,2
DA:937,2
DA:940,2
DA:951,0
DA:952,0
DA:958,0
DA:959,0
DA:963,0
DA:964,0
DA:968,0
DA:979,3
DA:981,3
DA:984,3
DA:985,3
DA:986,3
DA:988,2
DA:996,2
DA:998,0
DA:999,0
DA:1001,0
DA:1002,0
DA:1004,1
DA:1010,1
DA:1016,1
DA:1018,0
DA:1023,0
DA:1028,0
DA:1030,0
DA:1032,0
DA:1034,0
DA:1040,0
DA:1042,0
DA:1049,0
DA:1054,3
DA:1055,3
DA:1059,3
DA:1063,0
DA:1067,0
DA:1069,0
DA:1076,0
DA:1092,0
DA:1094,0
DA:1096,0
DA:1099,0
DA:1103,0
DA:1129,0
DA:1143,0
DA:1145,0
DA:1147,0
DA:1148,0
DA:1149,0
DA:1151,0
DA:1158,0
DA:1159,0
DA:1160,0
DA:1162,0
DA:1188,0
DA:1191,0
DA:1201,0
DA:1202,0
DA:1203,0
DA:1205,0
DA:1219,0
DA:1220,0
DA:1221,0
DA:1228,0
DA:1230,0
DA:1234,0
DA:1255,0
DA:1269,0
DA:1271,0
DA:1273,0
DA:1275,0
DA:1280,0
DA:1282,0
DA:1304,0
DA:1307,0
DA:1321,0
DA:1324,0
DA:1325,0
DA:1331,0
DA:1332,0
DA:1336,0
DA:1337,0
DA:1339,0
DA:1345,0
DA:1346,0
DA:1350,0
DA:1351,0
DA:1355,0
DA:1370,0
DA:1383,0
DA:1386,0
DA:1387,0
DA:1391,0
DA:1392,0
DA:1398,0
DA:1399,0
DA:1401,0
DA:1407,0
DA:1408,0
DA:1412,0
DA:1413,0
DA:1416,0
DA:1419,0
DA:1435,0
DA:1441,0
DA:1443,0
DA:1446,0
DA:1448,0
DA:1450,0
DA:1451,0
DA:1453,0
DA:1456,0
DA:1460,0
DA:1461,0
DA:1465,0
DA:1468,0
DA:1478,0
DA:1479,0
DA:1481,0
DA:1491,0
DA:1492,0
DA:1494,0
DA:1504,0
DA:1505,0
DA:1507,0
DA:1517,0
DA:1518,0
DA:1520,0
DA:1530,0
DA:1531,0
DA:1533,0
DA:1548,0
DA:1549,0
DA:1554,0
DA:1556,0
DA:1557,0
DA:1561,0
DA:1571,1
DA:1574,1
DA:1575,0
DA:1577,0
DA:1580,0
DA:1583,0
DA:1587,1
DA:1588,0
DA:1592,1
DA:1595,1
DA:1598,2
DA:1602,18
DA:1607,0
DA:1612,2
DA:1619,2
DA:1621,0
DA:1627,2
DA:1629,0
DA:1633,2
DA:1642,1
DA:1643,2
DA:1644,2
DA:1647,1
DA:1651,5
DA:1656,0
DA:1661,1
DA:1666,1
DA:1672,1
DA:1683,3
DA:1685,3
DA:1688,3
DA:1689,3
DA:1690,3
DA:1692,2
DA:1693,2
DA:1695,0
DA:1703,0
DA:1704,0
DA:1705,0
DA:1707,0
DA:1709,1
DA:1714,1
DA:1719,1
DA:1721,0
DA:1727,0
DA:1733,0
DA:1736,0
DA:1737,0
DA:1739,0
DA:1741,0
DA:1743,0
DA:1745,0
DA:1751,0
DA:1753,0
DA:1760,0
DA:1762,0
DA:1768,0
DA:1769,0
DA:1770,0
DA:1771,0
DA:1773,0
DA:1778,3
DA:1779,3
DA:1783,3
DA:1787,0
DA:1791,9
LF:437
LH:126
BRDA:52,0,0,11
BRDA:52,0,1,0
BRDA:83,1,0,0
BRDA:83,1,1,3
BRDA:83,2,0,3
BRDA:83,2,1,0
BRDA:87,3,0,0
BRDA:87,3,1,3
BRDA:91,4,0,0
BRDA:91,4,1,3
BRDA:103,5,0,0
BRDA:103,5,1,58
BRDA:113,6,0,0
BRDA:113,6,1,6
BRDA:139,7,0,0
BRDA:139,7,1,0
BRDA:139,8,0,0
BRDA:139,8,1,0
BRDA:142,9,0,0
BRDA:142,9,1,0
BRDA:142,10,0,0
BRDA:142,10,1,0
BRDA:156,11,0,0
BRDA:156,11,1,0
BRDA:214,12,0,3
BRDA:214,12,1,0
BRDA:216,13,0,1
BRDA:216,13,1,1
BRDA:257,14,0,0
BRDA:257,14,1,0
BRDA:273,15,0,0
BRDA:273,15,1,0
BRDA:273,16,0,0
BRDA:273,16,1,0
BRDA:301,17,0,0
BRDA:301,17,1,0
BRDA:318,18,0,0
BRDA:318,18,1,0
BRDA:346,19,0,0
BRDA:346,19,1,0
BRDA:365,20,0,0
BRDA:365,20,1,0
BRDA:370,21,0,0
BRDA:370,21,1,0
BRDA:380,22,0,0
BRDA:380,22,1,0
BRDA:398,23,0,0
BRDA:398,23,1,2
BRDA:403,24,0,2
BRDA:403,24,1,0
BRDA:411,25,0,0
BRDA:411,25,1,0
BRDA:425,26,0,0
BRDA:425,26,1,25
BRDA:427,27,0,0
BRDA:427,27,1,0
BRDA:449,28,0,8
BRDA:449,28,1,0
BRDA:479,29,0,0
BRDA:479,29,1,0
BRDA:528,30,0,0
BRDA:528,30,1,0
BRDA:532,31,0,0
BRDA:532,31,1,0
BRDA:540,32,0,0
BRDA:540,32,1,0
BRDA:540,33,0,0
BRDA:540,33,1,0
BRDA:545,34,0,0
BRDA:545,34,1,0
BRDA:557,35,0,0
BRDA:557,35,1,0
BRDA:562,36,0,0
BRDA:562,36,1,0
BRDA:572,37,0,0
BRDA:572,37,1,0
BRDA:589,38,0,1
BRDA:589,38,1,0
BRDA:596,39,0,0
BRDA:596,39,1,0
BRDA:598,40,0,0
BRDA:598,40,1,0
BRDA:622,41,0,0
BRDA:622,41,1,8
BRDA:627,42,0,8
BRDA:627,42,1,0
BRDA:650,43,0,0
BRDA:650,43,1,0
BRDA:671,44,0,0
BRDA:671,44,1,0
BRDA:671,45,0,0
BRDA:671,45,1,0
BRDA:671,45,2,0
BRDA:687,46,0,0
BRDA:687,46,1,0
BRDA:687,47,0,0
BRDA:687,47,1,0
BRDA:687,47,2,0
BRDA:768,48,0,0
BRDA:768,48,1,6
BRDA:768,49,0,6
BRDA:768,49,1,0
BRDA:773,50,0,6
BRDA:773,50,1,6
BRDA:815,51,0,0
BRDA:815,51,1,0
BRDA:857,52,0,0
BRDA:857,52,1,2
BRDA:866,53,0,1
BRDA:866,53,1,1
BRDA:867,54,0,2
BRDA:867,54,1,0
BRDA:910,55,0,0
BRDA:910,55,1,2
BRDA:951,56,0,0
BRDA:951,56,1,0
BRDA:963,57,0,0
BRDA:963,57,1,0
BRDA:979,58,0,3
BRDA:979,58,1,0
BRDA:986,59,0,2
BRDA:986,59,1,0
BRDA:986,59,2,0
BRDA:986,59,3,1
BRDA:986,59,4,0
BRDA:986,59,5,0
BRDA:986,59,6,0
BRDA:986,59,7,0
BRDA:1149,60,0,0
BRDA:1149,60,1,0
BRDA:1160,61,0,0
BRDA:1160,61,1,0
BRDA:1220,62,0,0
BRDA:1220,62,1,0
BRDA:1324,63,0,0
BRDA:1324,63,1,0
BRDA:1331,64,0,0
BRDA:1331,64,1,0
BRDA:1350,65,0,0
BRDA:1350,65,1,0
BRDA:1350,66,0,0
BRDA:1350,66,1,0
BRDA:1386,67,0,0
BRDA:1386,67,1,0
BRDA:1391,68,0,0
BRDA:1391,68,1,0
BRDA:1412,69,0,0
BRDA:1412,69,1,0
BRDA:1448,70,0,0
BRDA:1448,70,1,0
BRDA:1450,71,0,0
BRDA:1450,71,1,0
BRDA:1451,72,0,0
BRDA:1451,72,1,0
BRDA:1453,73,0,0
BRDA:1453,73,1,0
BRDA:1548,74,0,0
BRDA:1548,74,1,0
BRDA:1570,75,0,1
BRDA:1574,76,0,0
BRDA:1574,76,1,1
BRDA:1575,77,0,0
BRDA:1575,77,1,0
BRDA:1602,78,0,18
BRDA:1602,78,1,16
BRDA:1602,78,2,6
BRDA:1602,78,3,2
BRDA:1612,79,0,0
BRDA:1612,79,1,2
BRDA:1619,80,0,0
BRDA:1619,80,1,2
BRDA:1627,81,0,0
BRDA:1627,81,1,2
BRDA:1644,82,0,1
BRDA:1644,82,1,1
BRDA:1651,83,0,5
BRDA:1651,83,1,4
BRDA:1651,83,2,2
BRDA:1651,83,3,1
BRDA:1661,84,0,0
BRDA:1661,84,1,1
BRDA:1683,85,0,3
BRDA:1683,85,1,0
BRDA:1690,86,0,2
BRDA:1690,86,1,0
BRDA:1690,86,2,1
BRDA:1690,86,3,0
BRDA:1690,86,4,0
BRDA:1690,86,5,0
BRDA:1690,86,6,0
BRDA:1690,86,7,0
BRF:191
BRH:48
end_of_record
TN:
SF:src\interfaces\GraphInterface\LayeredGraphInterface.js
FN:27,isLayered
FN:43,isCrossed
FN:79,crossings
FN:83,(anonymous_3)
FN:84,(anonymous_4)
FN:101,totalCrossings
FN:105,(anonymous_6)
FN:106,(anonymous_7)
FN:122,bottleneckCrossings
FN:126,(anonymous_9)
FN:127,(anonymous_10)
FN:147,nonVerticality
FN:160,totalNonVerticality
FN:164,(anonymous_13)
FN:165,(anonymous_14)
FN:181,bottleneckVerticality
FN:185,(anonymous_16)
FN:186,(anonymous_17)
FN:208,setLayerProperty
FN:213,(anonymous_19)
FN:214,(anonymous_20)
FN:252,setChannelProperty
FN:257,(anonymous_22)
FN:258,(anonymous_23)
FN:259,(anonymous_24)
FN:302,setWeightsUp
FN:310,(anonymous_26)
FN:314,(anonymous_27)
FN:317,(anonymous_28)
FN:333,(anonymous_29)
FN:376,setWeightsDown
FN:383,(anonymous_31)
FN:387,(anonymous_32)
FN:390,(anonymous_33)
FN:406,(anonymous_34)
FN:449,setWeightsBoth
FN:456,(anonymous_36)
FN:460,(anonymous_37)
FN:463,(anonymous_38)
FN:479,(anonymous_39)
FN:521,setWeights
FN:528,(anonymous_41)
FN:532,(anonymous_42)
FN:570,sortByWeight
FN:588,(anonymous_44)
FN:593,(anonymous_45)
FN:647,swap
FN:679,(anonymous_47)
FN:717,nodesOnLayer
FN:721,(anonymous_49)
FN:723,(anonymous_50)
FN:732,evenlySpacedLayout
FN:786,(anonymous_52)
FN:805,showPositions
FN:810,(anonymous_54)
FN:811,(anonymous_55)
FN:845,showIndexes
FN:850,(anonymous_57)
FN:851,(anonymous_58)
FN:884,numberOfLayers
FN:886,(anonymous_60)
FN:899,copyNodePositions
FN:901,(anonymous_62)
FN:922,applyNodePositions
FN:925,(anonymous_64)
FN:926,(anonymous_65)
FNF:66
FNH:0
FNDA:0,isLayered
FNDA:0,isCrossed
FNDA:0,crossings
FNDA:0,(anonymous_3)
FNDA:0,(anonymous_4)
FNDA:0,totalCrossings
FNDA:0,(anonymous_6)
FNDA:0,(anonymous_7)
FNDA:0,bottleneckCrossings
FNDA:0,(anonymous_9)
FNDA:0,(anonymous_10)
FNDA:0,nonVerticality
FNDA:0,totalNonVerticality
FNDA:0,(anonymous_13)
FNDA:0,(anonymous_14)
FNDA:0,bottleneckVerticality
FNDA:0,(anonymous_16)
FNDA:0,(anonymous_17)
FNDA:0,setLayerProperty
FNDA:0,(anonymous_19)
FNDA:0,(anonymous_20)
FNDA:0,setChannelProperty
FNDA:0,(anonymous_22)
FNDA:0,(anonymous_23)
FNDA:0,(anonymous_24)
FNDA:0,setWeightsUp
FNDA:0,(anonymous_26)
FNDA:0,(anonymous_27)
FNDA:0,(anonymous_28)
FNDA:0,(anonymous_29)
FNDA:0,setWeightsDown
FNDA:0,(anonymous_31)
FNDA:0,(anonymous_32)
FNDA:0,(anonymous_33)
FNDA:0,(anonymous_34)
FNDA:0,setWeightsBoth
FNDA:0,(anonymous_36)
FNDA:0,(anonymous_37)
FNDA:0,(anonymous_38)
FNDA:0,(anonymous_39)
FNDA:0,setWeights
FNDA:0,(anonymous_41)
FNDA:0,(anonymous_42)
FNDA:0,sortByWeight
FNDA:0,(anonymous_44)
FNDA:0,(anonymous_45)
FNDA:0,swap
FNDA:0,(anonymous_47)
FNDA:0,nodesOnLayer
FNDA:0,(anonymous_49)
FNDA:0,(anonymous_50)
FNDA:0,evenlySpacedLayout
FNDA:0,(anonymous_52)
FNDA:0,showPositions
FNDA:0,(anonymous_54)
FNDA:0,(anonymous_55)
FNDA:0,showIndexes
FNDA:0,(anonymous_57)
FNDA:0,(anonymous_58)
FNDA:0,numberOfLayers
FNDA:0,(anonymous_60)
FNDA:0,copyNodePositions
FNDA:0,(anonymous_62)
FNDA:0,applyNodePositions
FNDA:0,(anonymous_64)
FNDA:0,(anonymous_65)
DA:28,0
DA:29,0
DA:44,0
DA:46,0
DA:47,0
DA:48,0
DA:49,0
DA:52,0
DA:54,0
DA:55,0
DA:56,0
DA:59,0
DA:60,0
DA:63,0
DA:64,0
DA:66,0
DA:67,0
DA:69,0
DA:80,0
DA:81,0
DA:82,0
DA:83,0
DA:84,0
DA:85,0
DA:86,0
DA:88,0
DA:91,0
DA:102,0
DA:103,0
DA:104,0
DA:105,0
DA:106,0
DA:107,0
DA:108,0
DA:109,0
DA:113,0
DA:123,0
DA:124,0
DA:125,0
DA:126,0
DA:127,0
DA:128,0
DA:129,0
DA:130,0
DA:131,0
DA:133,0
DA:137,0
DA:148,0
DA:149,0
DA:150,0
DA:151,0
DA:161,0
DA:162,0
DA:163,0
DA:164,0
DA:165,0
DA:166,0
DA:167,0
DA:168,0
DA:172,0
DA:182,0
DA:183,0
DA:184,0
DA:185,0
DA:186,0
DA:187,0
DA:188,0
DA:189,0
DA:190,0
DA:192,0
DA:196,0
DA:209,0
DA:210,0
DA:211,0
DA:213,0
DA:214,0
DA:216,0
DA:233,0
DA:237,0
DA:239,0
DA:253,0
DA:255,0
DA:256,0
DA:257,0
DA:258,0
DA:259,0
DA:260,0
DA:261,0
DA:262,0
DA:264,0
DA:283,0
DA:289,0
DA:290,0
DA:303,0
DA:305,0
DA:306,0
DA:308,0
DA:310,0
DA:312,0
DA:314,0
DA:316,0
DA:317,0
DA:318,0
DA:319,0
DA:321,0
DA:323,0
DA:326,0
DA:328,0
DA:332,0
DA:333,0
DA:334,0
DA:335,0
DA:338,0
DA:341,0
DA:343,0
DA:359,0
DA:363,0
DA:364,0
DA:377,0
DA:378,0
DA:379,0
DA:381,0
DA:383,0
DA:385,0
DA:387,0
DA:389,0
DA:390,0
DA:391,0
DA:392,0
DA:394,0
DA:396,0
DA:399,0
DA:401,0
DA:405,0
DA:406,0
DA:407,0
DA:408,0
DA:411,0
DA:414,0
DA:416,0
DA:432,0
DA:436,0
DA:437,0
DA:450,0
DA:451,0
DA:452,0
DA:454,0
DA:456,0
DA:458,0
DA:460,0
DA:462,0
DA:463,0
DA:464,0
DA:465,0
DA:467,0
DA:469,0
DA:472,0
DA:474,0
DA:478,0
DA:479,0
DA:480,0
DA:481,0
DA:484,0
DA:487,0
DA:489,0
DA:505,0
DA:509,0
DA:510,0
DA:522,0
DA:523,0
DA:524,0
DA:526,0
DA:528,0
DA:530,0
DA:532,0
DA:534,0
DA:535,0
DA:536,0
DA:539,0
DA:555,0
DA:559,0
DA:560,0
DA:571,0
DA:573,0
DA:576,0
DA:577,0
DA:578,0
DA:588,0
DA:589,0
DA:593,0
DA:594,0
DA:595,0
DA:596,0
DA:598,0
DA:599,0
DA:607,0
DA:609,0
DA:610,0
DA:611,0
DA:612,0
DA:614,0
DA:615,0
DA:617,0
DA:618,0
DA:632,0
DA:634,0
DA:648,0
DA:649,0
DA:650,0
DA:651,0
DA:652,0
DA:655,0
DA:659,0
DA:661,0
DA:665,0
DA:667,0
DA:671,0
DA:672,0
DA:676,0
DA:679,0
DA:680,0
DA:681,0
DA:682,0
DA:683,0
DA:686,0
DA:708,0
DA:718,0
DA:719,0
DA:721,0
DA:723,0
DA:733,0
DA:734,0
DA:740,0
DA:741,0
DA:742,0
DA:743,0
DA:744,0
DA:745,0
DA:746,0
DA:749,0
DA:752,0
DA:753,0
DA:756,0
DA:757,0
DA:758,0
DA:759,0
DA:760,0
DA:761,0
DA:763,0
DA:765,0
DA:771,0
DA:786,0
DA:787,0
DA:796,0
DA:806,0
DA:807,0
DA:808,0
DA:810,0
DA:811,0
DA:813,0
DA:830,0
DA:834,0
DA:836,0
DA:846,0
DA:847,0
DA:848,0
DA:850,0
DA:851,0
DA:853,0
DA:855,0
DA:874,0
DA:876,0
DA:885,0
DA:886,0
DA:887,0
DA:888,0
DA:891,0
DA:900,0
DA:901,0
DA:902,0
DA:912,0
DA:923,0
DA:925,0
DA:926,0
DA:927,0
DA:942,0
DA:943,0
DA:947,0
DA:948,0
DA:951,9
LF:290
LH:1
BRDA:28,0,0,0
BRDA:28,0,1,0
BRDA:52,1,0,0
BRDA:52,1,1,0
BRDA:52,2,0,0
BRDA:52,2,1,0
BRDA:59,3,0,0
BRDA:59,3,1,0
BRDA:59,4,0,0
BRDA:59,4,1,0
BRDA:63,5,0,0
BRDA:63,5,1,0
BRDA:63,6,0,0
BRDA:63,6,1,0
BRDA:66,7,0,0
BRDA:66,7,1,0
BRDA:66,8,0,0
BRDA:66,8,1,0
BRDA:85,9,0,0
BRDA:85,9,1,0
BRDA:85,10,0,0
BRDA:85,10,1,0
BRDA:85,10,2,0
BRDA:107,11,0,0
BRDA:107,11,1,0
BRDA:128,12,0,0
BRDA:128,12,1,0
BRDA:130,13,0,0
BRDA:130,13,1,0
BRDA:166,14,0,0
BRDA:166,14,1,0
BRDA:187,15,0,0
BRDA:187,15,1,0
BRDA:189,16,0,0
BRDA:189,16,1,0
BRDA:262,17,0,0
BRDA:262,17,1,0
BRDA:262,18,0,0
BRDA:262,18,1,0
BRDA:262,18,2,0
BRDA:262,18,3,0
BRDA:305,19,0,0
BRDA:305,19,1,0
BRDA:305,20,0,0
BRDA:305,20,1,0
BRDA:321,21,0,0
BRDA:321,21,1,0
BRDA:321,22,0,0
BRDA:321,22,1,0
BRDA:326,23,0,0
BRDA:326,23,1,0
BRDA:326,24,0,0
BRDA:326,24,1,0
BRDA:334,25,0,0
BRDA:334,25,1,0
BRDA:378,26,0,0
BRDA:378,26,1,0
BRDA:378,27,0,0
BRDA:378,27,1,0
BRDA:394,28,0,0
BRDA:394,28,1,0
BRDA:394,29,0,0
BRDA:394,29,1,0
BRDA:399,30,0,0
BRDA:399,30,1,0
BRDA:399,31,0,0
BRDA:399,31,1,0
BRDA:407,32,0,0
BRDA:407,32,1,0
BRDA:451,33,0,0
BRDA:451,33,1,0
BRDA:451,34,0,0
BRDA:451,34,1,0
BRDA:467,35,0,0
BRDA:467,35,1,0
BRDA:467,36,0,0
BRDA:467,36,1,0
BRDA:467,36,2,0
BRDA:472,37,0,0
BRDA:472,37,1,0
BRDA:472,38,0,0
BRDA:472,38,1,0
BRDA:472,38,2,0
BRDA:480,39,0,0
BRDA:480,39,1,0
BRDA:523,40,0,0
BRDA:523,40,1,0
BRDA:523,41,0,0
BRDA:523,41,1,0
BRDA:535,42,0,0
BRDA:535,42,1,0
BRDA:614,43,0,0
BRDA:614,43,1,0
BRDA:617,44,0,0
BRDA:617,44,1,0
BRDA:617,45,0,0
BRDA:617,45,1,0
BRDA:651,46,0,0
BRDA:651,46,1,0
BRDA:733,47,0,0
BRDA:733,47,1,0
BRDA:887,48,0,0
BRDA:887,48,1,0
BRF:103
BRH:0
end_of_record
TN:
SF:src\interfaces\GraphInterface\TreeInterface.js
FN:13,isTree
FN:26,generateId
FN:40,recordChange
FN:45,(anonymous_3)
FN:59,(anonymous_4)
FN:61,(anonymous_5)
FN:67,addBinaryNode
FN:73,(anonymous_7)
FN:112,getParent
FN:145,getChildren
FN:157,getRoots
FN:176,getRoot
FN:209,isLeaf
FN:235,getLeft
FN:262,getRight
FN:290,addLeft
FN:342,addRight
FNF:17
FNH:0
FNDA:0,isTree
FNDA:0,generateId
FNDA:0,recordChange
FNDA:0,(anonymous_3)
FNDA:0,(anonymous_4)
FNDA:0,(anonymous_5)
FNDA:0,addBinaryNode
FNDA:0,(anonymous_7)
FNDA:0,getParent
FNDA:0,getChildren
FNDA:0,getRoots
FNDA:0,getRoot
FNDA:0,isLeaf
FNDA:0,getLeft
FNDA:0,getRight
FNDA:0,addLeft
FNDA:0,addRight
DA:14,0
DA:15,0
DA:27,0
DA:28,0
DA:29,0
DA:44,0
DA:45,0
DA:47,0
DA:50,0
DA:53,0
DA:59,0
DA:61,0
DA:62,0
DA:68,0
DA:71,0
DA:73,0
DA:75,0
DA:77,0
DA:78,0
DA:81,0
DA:84,0
DA:85,0
DA:90,0
DA:103,0
DA:113,0
DA:115,0
DA:116,0
DA:124,0
DA:127,0
DA:128,0
DA:130,0
DA:131,0
DA:135,0
DA:146,0
DA:148,0
DA:158,0
DA:160,0
DA:162,0
DA:163,0
DA:164,0
DA:168,0
DA:177,0
DA:180,0
DA:181,0
DA:182,0
DA:186,0
DA:210,0
DA:213,0
DA:214,0
DA:222,0
DA:223,0
DA:226,0
DA:236,0
DA:239,0
DA:240,0
DA:248,0
DA:249,0
DA:250,0
DA:253,0
DA:263,0
DA:266,0
DA:267,0
DA:275,0
DA:276,0
DA:277,0
DA:280,0
DA:291,0
DA:295,0
DA:296,0
DA:304,0
DA:305,0
DA:306,0
DA:307,0
DA:309,0
DA:310,0
DA:311,0
DA:313,0
DA:317,0
DA:319,0
DA:320,0
DA:321,0
DA:323,0
DA:328,0
DA:343,0
DA:347,0
DA:348,0
DA:356,0
DA:357,0
DA:358,0
DA:359,0
DA:361,0
DA:362,0
DA:363,0
DA:365,0
DA:369,0
DA:371,0
DA:372,0
DA:373,0
DA:375,0
DA:380,0
DA:388,9
LF:101
LH:1
BRDA:14,0,0,0
BRDA:14,0,1,0
BRDA:44,1,0,0
BRDA:44,1,1,0
BRDA:71,2,0,0
BRDA:71,2,1,0
BRDA:77,3,0,0
BRDA:77,3,1,0
BRDA:115,4,0,0
BRDA:115,4,1,0
BRDA:127,5,0,0
BRDA:127,5,1,0
BRDA:130,6,0,0
BRDA:130,6,1,0
BRDA:163,7,0,0
BRDA:163,7,1,0
BRDA:181,8,0,0
BRDA:181,8,1,0
BRDA:213,9,0,0
BRDA:213,9,1,0
BRDA:222,10,0,0
BRDA:222,10,1,0
BRDA:239,11,0,0
BRDA:239,11,1,0
BRDA:249,12,0,0
BRDA:249,12,1,0
BRDA:266,13,0,0
BRDA:266,13,1,0
BRDA:276,14,0,0
BRDA:276,14,1,0
BRDA:295,15,0,0
BRDA:295,15,1,0
BRDA:304,16,0,0
BRDA:304,16,1,0
BRDA:319,17,0,0
BRDA:319,17,1,0
BRDA:347,18,0,0
BRDA:347,18,1,0
BRDA:356,19,0,0
BRDA:356,19,1,0
BRDA:371,20,0,0
BRDA:371,20,1,0
BRF:42
BRH:0
end_of_record
TN:
SF:src\interfaces\PromptInterface\PromptInterface.js
FN:8,dequeuePrompt
FN:13,queuePrompt
FNF:2
FNH:0
FNDA:0,dequeuePrompt
FNDA:0,queuePrompt
DA:9,0
DA:10,0
DA:14,0
DA:17,9
LF:4
LH:1
BRF:0
BRH:0
end_of_record
TN:
SF:src\interfaces\TabInterface\TabInterface.js
FN:19,getTabByName
FN:20,(anonymous_1)
FN:42,downloadTab
FN:60,(anonymous_3)
FN:96,getSelectedTab
FN:97,(anonymous_5)
FN:114,addTab
FN:143,updateTab
FN:163,deleteTab
FN:165,(anonymous_9)
FN:188,renameTab
FN:190,(anonymous_11)
FN:203,setSelected
FNF:13
FNH:4
FNDA:2,getTabByName
FNDA:0,(anonymous_1)
FNDA:0,downloadTab
FNDA:0,(anonymous_3)
FNDA:21,getSelectedTab
FNDA:0,(anonymous_5)
FNDA:1,addTab
FNDA:1,updateTab
FNDA:0,deleteTab
FNDA:0,(anonymous_9)
FNDA:0,renameTab
FNDA:0,(anonymous_11)
FNDA:0,setSelected
DA:20,2
DA:43,0
DA:44,0
DA:47,0
DA:48,0
DA:49,0
DA:51,0
DA:52,0
DA:54,0
DA:59,0
DA:60,0
DA:61,0
DA:62,0
DA:69,0
DA:70,0
DA:71,0
DA:73,0
DA:77,0
DA:78,0
DA:79,0
DA:80,0
DA:81,0
DA:82,0
DA:83,0
DA:84,0
DA:85,0
DA:86,0
DA:87,0
DA:97,21
DA:116,1
DA:117,1
DA:118,1
DA:119,0
DA:120,0
DA:123,1
DA:125,1
DA:128,1
DA:129,1
DA:132,1
DA:134,1
DA:145,1
DA:148,1
DA:149,0
DA:151,1
DA:154,0
DA:165,0
DA:168,0
DA:170,0
DA:171,0
DA:175,0
DA:178,0
DA:190,0
DA:191,0
DA:194,0
DA:205,0
DA:206,0
DA:209,0
DA:211,0
DA:214,9
LF:59
LH:15
BRDA:43,0,0,0
BRDA:43,0,1,0
BRDA:48,1,0,0
BRDA:48,1,1,0
BRDA:48,2,0,0
BRDA:48,2,1,0
BRDA:51,3,0,0
BRDA:51,3,1,0
BRDA:51,4,0,0
BRDA:51,4,1,0
BRDA:59,5,0,0
BRDA:59,5,1,0
BRDA:65,6,0,0
BRDA:65,6,1,0
BRDA:66,7,0,0
BRDA:66,7,1,0
BRDA:78,8,0,0
BRDA:78,8,1,0
BRDA:79,9,0,0
BRDA:79,9,1,0
BRDA:125,10,0,1
BRDA:125,10,1,0
BRDA:129,11,0,0
BRDA:129,11,1,1
BRDA:148,12,0,0
BRDA:148,12,1,1
BRDA:168,13,0,0
BRDA:168,13,1,0
BRDA:170,14,0,0
BRDA:170,14,1,0
BRDA:190,15,0,0
BRDA:190,15,1,0
BRDA:190,16,0,0
BRDA:190,16,1,0
BRDA:206,17,0,0
BRDA:206,17,1,0
BRF:36
BRH:3
end_of_record
TN:
SF:src\pages\Editor\Editor.jsx
FN:14,InnerEditor
FN:21,(anonymous_1)
FN:27,(anonymous_2)
FN:38,(anonymous_3)
FN:62,Editor
FN:68,onEditorChange
FN:80,(anonymous_6)
FNF:7
FNH:4
FNDA:10,InnerEditor
FNDA:5,(anonymous_1)
FNDA:0,(anonymous_2)
FNDA:0,(anonymous_3)
FNDA:20,Editor
FNDA:0,onEditorChange
FNDA:10,(anonymous_6)
DA:15,10
DA:22,5
DA:25,5
DA:29,0
DA:30,0
DA:38,0
DA:47,0
DA:63,20
DA:64,20
DA:65,20
DA:70,0
DA:73,0
DA:76,0
DA:80,20
DA:81,10
DA:84,20
LF:16
LH:9
BRDA:20,0,0,8
BRDA:20,0,1,2
BRDA:89,1,0,16
BRDA:89,1,1,4
BRDA:90,2,0,16
BRDA:90,2,1,4
BRF:6
BRH:6
end_of_record
TN:
SF:src\pages\Editor\Overlay.jsx
FN:12,LoadButton
FN:17,(anonymous_1)
FN:18,onKeyPress
FN:25,(anonymous_3)
FN:29,load
FN:62,(anonymous_5)
FN:70,clearError
FN:102,DownloadButton
FN:104,(anonymous_8)
FN:105,handleKeydown
FN:112,(anonymous_10)
FN:116,(anonymous_11)
FN:127,Overlay
FNF:13
FNH:7
FNDA:10,LoadButton
FNDA:10,(anonymous_1)
FNDA:0,onKeyPress
FNDA:5,(anonymous_3)
FNDA:0,load
FNDA:0,(anonymous_5)
FNDA:0,clearError
FNDA:10,DownloadButton
FNDA:10,(anonymous_8)
FNDA:0,handleKeydown
FNDA:5,(anonymous_10)
FNDA:0,(anonymous_11)
FNDA:10,Overlay
DA:13,10
DA:14,10
DA:17,10
DA:19,0
DA:20,0
DA:21,0
DA:24,10
DA:25,10
DA:30,0
DA:46,0
DA:47,0
DA:51,0
DA:58,0
DA:59,0
DA:62,0
DA:63,0
DA:66,0
DA:71,0
DA:74,10
DA:104,10
DA:106,0
DA:107,0
DA:108,0
DA:111,10
DA:112,10
DA:115,10
DA:116,0
DA:128,10
LF:28
LH:11
BRDA:19,0,0,0
BRDA:19,0,1,0
BRDA:19,1,0,0
BRDA:19,1,1,0
BRDA:19,1,2,0
BRDA:46,2,0,0
BRDA:46,2,1,0
BRDA:52,3,0,0
BRDA:52,3,1,0
BRDA:74,4,0,10
BRDA:74,4,1,0
BRDA:77,5,0,0
BRDA:77,5,1,0
BRDA:84,6,0,0
BRDA:84,6,1,0
BRDA:106,7,0,0
BRDA:106,7,1,0
BRDA:106,8,0,0
BRDA:106,8,1,0
BRDA:106,8,2,0
BRDA:115,9,0,10
BRDA:115,9,1,0
BRDA:115,9,2,0
BRDA:131,10,0,10
BRDA:131,10,1,0
BRDA:132,11,0,10
BRDA:132,11,1,0
BRDA:137,12,0,10
BRDA:137,12,1,0
BRF:29
BRH:5
end_of_record
TN:
SF:src\pages\Graph\Cytoscape.jsx
FN:12,CytoscapeComponent
FN:22,(anonymous_1)
FN:45,(anonymous_2)
FN:82,(anonymous_3)
FN:111,(anonymous_4)
FN:124,(anonymous_5)
FN:126,(anonymous_6)
FN:133,(anonymous_7)
FN:142,(anonymous_8)
FN:147,(anonymous_9)
FN:158,(anonymous_10)
FN:166,(anonymous_11)
FN:172,(anonymous_12)
FNF:13
FNH:9
FNDA:84,CytoscapeComponent
FNDA:8,(anonymous_1)
FNDA:118,(anonymous_2)
FNDA:25,(anonymous_3)
FNDA:0,(anonymous_4)
FNDA:0,(anonymous_5)
FNDA:0,(anonymous_6)
FNDA:21,(anonymous_7)
FNDA:25,(anonymous_8)
FNDA:8,(anonymous_9)
FNDA:0,(anonymous_10)
FNDA:4,(anonymous_11)
FNDA:8,(anonymous_12)
DA:13,84
DA:14,84
DA:15,84
DA:16,84
DA:17,84
DA:22,84
DA:28,8
DA:31,4
DA:32,4
DA:33,4
DA:34,4
DA:35,4
DA:36,4
DA:39,8
DA:46,118
DA:47,118
DA:49,118
DA:52,118
DA:53,118
DA:54,118
DA:56,118
DA:74,8
DA:82,84
DA:83,25
DA:84,25
DA:85,25
DA:86,25
DA:87,25
DA:88,25
DA:92,25
DA:102,0
DA:105,0
DA:109,0
DA:111,0
DA:112,0
DA:113,0
DA:118,25
DA:119,0
DA:120,0
DA:124,25
DA:125,0
DA:126,0
DA:131,25
DA:133,25
DA:135,21
DA:142,84
DA:143,25
DA:144,25
DA:147,84
DA:149,8
DA:150,0
DA:154,8
DA:155,8
DA:158,8
DA:159,0
DA:163,8
DA:164,8
DA:166,8
DA:167,4
DA:172,84
DA:173,8
DA:175,8
DA:176,8
DA:177,8
DA:180,8
DA:181,8
DA:183,8
DA:184,8
DA:185,8
DA:188,8
DA:190,8
DA:191,8
DA:193,8
DA:194,8
DA:197,8
DA:198,8
DA:200,8
DA:201,168
DA:202,168
DA:203,168
DA:204,168
DA:207,8
DA:208,120
DA:209,120
DA:210,120
DA:211,120
DA:215,8
DA:216,8
DA:219,8
DA:220,8
DA:223,8
DA:224,8
DA:225,8
DA:226,8
DA:229,8
DA:230,8
DA:231,8
DA:232,8
DA:235,84
LF:99
LH:87
BRDA:28,0,0,4
BRDA:28,0,1,4
BRDA:49,1,0,118
BRDA:49,1,1,0
BRDA:49,2,0,118
BRDA:49,2,1,118
BRDA:49,2,2,0
BRDA:49,2,3,0
BRDA:52,3,0,118
BRDA:52,3,1,0
BRDA:52,3,2,0
BRDA:52,3,3,0
BRDA:53,4,0,118
BRDA:53,4,1,118
BRDA:53,4,2,0
BRDA:53,4,3,0
BRDA:54,5,0,118
BRDA:54,5,1,118
BRDA:58,6,0,118
BRDA:58,6,1,118
BRDA:58,6,2,118
BRDA:61,7,0,118
BRDA:61,7,1,0
BRDA:61,8,0,118
BRDA:61,8,1,118
BRDA:64,9,0,118
BRDA:64,9,1,0
BRDA:64,10,0,118
BRDA:64,10,1,118
BRDA:92,11,0,0
BRDA:92,11,1,25
BRDA:118,12,0,0
BRDA:118,12,1,25
BRDA:118,13,0,25
BRDA:118,13,1,0
BRDA:149,14,0,0
BRDA:149,14,1,8
BRDA:173,15,0,0
BRDA:173,15,1,8
BRDA:173,16,0,8
BRDA:173,16,1,8
BRDA:188,17,0,0
BRDA:188,17,1,8
BRDA:188,18,0,8
BRDA:188,18,1,8
BRDA:239,19,0,84
BRDA:239,19,1,0
BRF:47
BRH:30
end_of_record
TN:
SF:src\pages\Graph\Graph.jsx
FN:23,Graph
FN:38,(anonymous_1)
FN:45,onGraphLoad
FN:64,(anonymous_3)
FN:69,onAlgorithmLoad
FN:92,onAlgorithmStart
FN:101,(anonymous_6)
FN:104,(anonymous_7)
FNF:8
FNH:5
FNDA:53,Graph
FNDA:25,(anonymous_1)
FNDA:8,onGraphLoad
FNDA:0,(anonymous_3)
FNDA:0,onAlgorithmLoad
FNDA:0,onAlgorithmStart
FNDA:8,(anonymous_6)
FNDA:21,(anonymous_7)
DA:25,53
DA:26,50
DA:27,50
DA:28,50
DA:29,50
DA:30,50
DA:31,50
DA:32,50
DA:38,50
DA:39,25
DA:40,4
DA:41,4
DA:46,8
DA:47,8
DA:48,0
DA:49,0
DA:52,8
DA:53,8
DA:56,0
DA:59,0
DA:61,0
DA:64,0
DA:70,0
DA:71,0
DA:76,0
DA:79,0
DA:86,0
DA:87,0
DA:88,0
DA:89,0
DA:93,0
DA:94,0
DA:96,0
DA:101,25
DA:102,25
DA:103,25
DA:104,25
DA:107,50
LF:38
LH:21
BRDA:39,0,0,4
BRDA:39,0,1,21
BRDA:47,1,0,0
BRDA:47,1,1,8
BRDA:53,2,0,8
BRDA:53,2,1,0
BRDA:64,3,0,0
BRDA:64,3,1,0
BRDA:93,4,0,0
BRDA:93,4,1,0
BRF:10
BRH:4
end_of_record
TN:
SF:src\pages\Graph\Header.jsx
FN:11,openGraphEditor
FN:19,openAlgorithmEditor
FN:26,openInstructionsPage
FN:33,Header
FNF:4
FNH:1
FNDA:0,openGraphEditor
FNDA:0,openAlgorithmEditor
FNDA:0,openInstructionsPage
FNDA:42,Header
DA:12,0
DA:20,0
DA:27,0
DA:34,42
LF:4
LH:1
BRF:0
BRH:0
end_of_record
TN:
SF:src\pages\Graph\Overlays\AlgorithmControls.jsx
FN:15,AlgorithmControls
FN:26,exportGraph
FN:50,exportGraphFallback
FN:84,debugMode
FN:93,frontButtonPress
FN:99,backButtonPress
FN:105,terminateAlgorithm
FN:118,restartAlgorithm
FN:132,(anonymous_8)
FN:133,handleKeyPress
FN:144,(anonymous_10)
FN:147,(anonymous_11)
FN:159,(anonymous_12)
FN:163,(anonymous_13)
FNF:14
FNH:5
FNDA:50,AlgorithmControls
FNDA:0,exportGraph
FNDA:0,exportGraphFallback
FNDA:0,debugMode
FNDA:0,frontButtonPress
FNDA:0,backButtonPress
FNDA:0,terminateAlgorithm
FNDA:0,restartAlgorithm
FNDA:25,(anonymous_8)
FNDA:9,handleKeyPress
FNDA:21,(anonymous_10)
FNDA:8,(anonymous_11)
FNDA:0,(anonymous_12)
FNDA:0,(anonymous_13)
DA:16,50
DA:17,50
DA:18,50
DA:19,50
DA:20,50
DA:27,0
DA:28,0
DA:37,0
DA:38,0
DA:39,0
DA:40,0
DA:42,0
DA:60,0
DA:63,0
DA:64,0
DA:67,0
DA:68,0
DA:69,0
DA:70,0
DA:71,0
DA:72,0
DA:73,0
DA:74,0
DA:75,0
DA:76,0
DA:85,0
DA:86,0
DA:87,0
DA:88,0
DA:94,0
DA:95,0
DA:100,0
DA:101,0
DA:107,0
DA:110,0
DA:113,0
DA:114,0
DA:115,0
DA:119,0
DA:121,0
DA:122,0
DA:125,0
DA:126,0
DA:128,0
DA:132,50
DA:134,9
DA:135,3
DA:136,3
DA:137,3
DA:138,3
DA:139,3
DA:140,3
DA:143,25
DA:144,25
DA:147,50
DA:151,50
DA:153,0
DA:159,0
DA:163,0
LF:59
LH:17
BRDA:27,0,0,0
BRDA:27,0,1,0
BRDA:63,1,0,0
BRDA:63,1,1,0
BRDA:85,2,0,0
BRDA:85,2,1,0
BRDA:94,3,0,0
BRDA:94,3,1,0
BRDA:94,4,0,0
BRDA:94,4,1,0
BRDA:100,5,0,0
BRDA:100,5,1,0
BRDA:100,6,0,0
BRDA:100,6,1,0
BRDA:119,7,0,0
BRDA:119,7,1,0
BRDA:134,8,0,6
BRDA:134,8,1,3
BRDA:135,9,0,0
BRDA:135,9,1,3
BRDA:136,10,0,0
BRDA:136,10,1,3
BRDA:136,11,0,3
BRDA:136,11,1,3
BRDA:137,12,0,0
BRDA:137,12,1,3
BRDA:138,13,0,0
BRDA:138,13,1,3
BRDA:139,14,0,0
BRDA:139,14,1,3
BRDA:140,15,0,0
BRDA:140,15,1,3
BRDA:151,16,0,50
BRDA:151,16,1,0
BRDA:164,17,0,0
BRDA:164,17,1,0
BRF:36
BRH:11
end_of_record
TN:
SF:src\pages\Graph\Overlays\EditControls.jsx
FN:14,EditControls
FN:20,save
FN:34,revert
FN:41,undo
FN:48,redo
FN:55,(anonymous_5)
FN:56,onKeyDown
FN:67,(anonymous_7)
FNF:8
FNH:7
FNDA:52,EditControls
FNDA:1,save
FNDA:0,revert
FNDA:3,undo
FNDA:3,redo
FNDA:25,(anonymous_5)
FNDA:9,onKeyDown
FNDA:21,(anonymous_7)
DA:15,52
DA:16,52
DA:17,52
DA:22,1
DA:28,1
DA:30,1
DA:35,0
DA:36,0
DA:37,0
DA:42,3
DA:43,3
DA:44,3
DA:49,3
DA:50,3
DA:51,3
DA:55,52
DA:57,9
DA:58,9
DA:60,3
DA:61,3
DA:62,3
DA:63,3
DA:66,25
DA:67,25
DA:68,21
DA:72,52
LF:26
LH:23
BRDA:23,0,0,1
BRDA:23,0,1,1
BRDA:58,1,0,6
BRDA:58,1,1,3
BRDA:60,2,0,0
BRDA:60,2,1,3
BRDA:61,3,0,0
BRDA:61,3,1,3
BRDA:62,4,0,0
BRDA:62,4,1,3
BRDA:63,5,0,0
BRDA:63,5,1,3
BRDA:72,6,0,52
BRDA:72,6,1,36
BRF:14
BRH:10
end_of_record
TN:
SF:src\states\Algorithm\Algorithm.js
FN:9,(anonymous_0)
FN:34,(anonymous_1)
FN:39,(anonymous_2)
FN:52,(anonymous_3)
FNF:4
FNH:1
FNDA:17,(anonymous_0)
FNDA:0,(anonymous_1)
FNDA:0,(anonymous_2)
FNDA:0,(anonymous_3)
DA:7,9
DA:8,9
DA:9,17
DA:22,0
DA:24,0
DA:26,0
DA:27,0
DA:35,0
DA:36,0
DA:41,0
DA:42,0
DA:47,0
DA:48,0
DA:51,0
DA:52,0
DA:53,0
DA:54,0
DA:55,0
LF:18
LH:3
BRF:0
BRH:0
end_of_record
TN:
SF:src\states\Algorithm\Thread.js
FN:47,wait
FN:60,waitIfNeeded
FN:71,step
FN:128,prompt
FN:153,promptFrom
FN:170,setAttribute
FN:197,setAttributeAll
FN:216,getAttribute
FN:242,display
FN:248,print
FN:253,setDirected
FN:264,getNodes
FN:268,getNumberOfNodes
FN:272,getEdges
FN:276,getNumberOfEdges
FN:284,source
FN:288,target
FN:292,getEdgeBetween
FN:296,other
FN:304,addNode
FN:314,addNodeIdAttrs
FN:327,getPosition
FN:331,getX
FN:336,getY
FN:341,setPosition
FN:348,addEdge
FN:355,incrementPosition
FN:360,deleteNode
FN:367,deleteEdge
FN:380,incident
FN:384,incoming
FN:388,outgoing
FN:392,adjacentNodes
FN:396,incomingNodes
FN:400,outgoingNodes
FN:404,degree
FN:408,inDegree
FN:412,outDegree
FN:416,visibleNeighbors
FN:417,(anonymous_39)
FN:425,mark
FN:429,unmark
FN:433,marked
FN:437,clearNodeMarks
FN:445,highlight
FN:449,unhighlight
FN:453,highlighted
FN:457,clearNodeHighlights
FN:461,clearEdgeHighlights
FN:469,color
FN:473,uncolor
FN:477,getColor
FN:481,hasColor
FN:485,clearNodeColors
FN:489,clearEdgeColors
FN:497,label
FN:501,unlabel
FN:505,getLabel
FN:509,hasLabel
FN:514,clearNodeLabels
FN:518,clearEdgeLabels
FN:526,setWeight
FN:530,clearWeight
FN:534,weight
FN:538,hideWeight
FN:542,showWeight
FN:546,hasWeight
FN:551,clearNodeWeights
FN:555,clearEdgeWeights
FN:563,isHidden
FN:567,hideNode
FN:571,showNode
FN:575,hideNodeWeight
FN:579,hideAllNodeWeights
FN:583,showNodeWeight
FN:587,showAllNodeWeights
FN:591,hideNodeLabel
FN:595,hideAllNodeLabels
FN:599,showNodeLabel
FN:603,showAllNodeLabels
FN:611,hideEdge
FN:615,showEdge
FN:619,hideEdgeWeight
FN:623,hideAllEdgeWeights
FN:627,showEdgeWeight
FN:631,showAllEdgeWeights
FN:635,hideEdgeLabel
FN:639,hideAllEdgeLabels
FN:643,showEdgeLabel
FN:647,showAllEdgeLabels
FN:656,shape
FN:660,setShape
FN:664,clearShape
FN:668,hasShape
FN:672,clearNodeShapes
FN:680,borderWidth
FN:684,setBorderWidth
FN:688,clearBorderWidth
FN:692,hasBorderWidth
FN:696,clearNodeBorderWidths
FN:704,backgroundOpacity
FN:708,setBackgroundOpacity
FN:712,clearBackgroundOpacity
FN:716,hasBackgroundOpacity
FN:720,clearNodeBackgroundOpacities
FN:728,size
FN:732,setSize
FN:736,clearSize
FN:740,hasSize
FN:744,clearNodeSizes
FN:752,edgeWidth
FN:756,setEdgeWidth
FN:760,clearEdgeWidth
FN:764,hasEdgeWidth
FN:768,clearEdgeWidths
FN:776,promptBoolean
FN:780,promptInteger
FN:788,promptNumber
FN:796,promptNode
FN:805,promptNodeFrom
FN:817,promptEdge
FN:826,(anonymous_121)
FN:842,promptEdgeFrom
FN:863,isCrossed
FN:867,crossings
FN:871,totalCrossings
FN:875,bottleneckCrossings
FN:879,nonVerticality
FN:883,totalNonVerticality
FN:887,bottleneckVerticality
FN:891,setLayerProperty
FN:903,setChannelProperty
FN:915,setWeightsUp
FN:926,setWeightsDown
FN:937,setWeightsBoth
FN:948,setWeights
FN:959,sortByWeight
FN:969,swap
FN:980,nodesOnLayer
FN:984,evenlySpacedLayout
FN:991,showPositions
FN:998,showIndexes
FN:1005,numberOfLayers
FN:1009,copyNodePositions
FN:1013,applyNodePositions
FN:1039,getParent
FN:1043,getChildren
FN:1047,getRoots
FN:1051,getRoot
FN:1055,isLeaf
FN:1059,getLeft
FN:1063,getRight
FN:1067,addLeft
FN:1076,addRight
FN:1110,weightsInside
FN:1120,addDummyNodes
FN:1143,(anonymous_156)
FNF:157
FNH:1
FNDA:0,wait
FNDA:0,waitIfNeeded
FNDA:0,step
FNDA:0,prompt
FNDA:0,promptFrom
FNDA:0,setAttribute
FNDA:0,setAttributeAll
FNDA:0,getAttribute
FNDA:0,display
FNDA:0,print
FNDA:0,setDirected
FNDA:0,getNodes
FNDA:0,getNumberOfNodes
FNDA:0,getEdges
FNDA:0,getNumberOfEdges
FNDA:0,source
FNDA:0,target
FNDA:0,getEdgeBetween
FNDA:0,other
FNDA:0,addNode
FNDA:0,addNodeIdAttrs
FNDA:0,getPosition
FNDA:0,getX
FNDA:0,getY
FNDA:0,setPosition
FNDA:0,addEdge
FNDA:0,incrementPosition
FNDA:0,deleteNode
FNDA:0,deleteEdge
FNDA:0,incident
FNDA:0,incoming
FNDA:0,outgoing
FNDA:0,adjacentNodes
FNDA:0,incomingNodes
FNDA:0,outgoingNodes
FNDA:0,degree
FNDA:0,inDegree
FNDA:0,outDegree
FNDA:0,visibleNeighbors
FNDA:0,(anonymous_39)
FNDA:0,mark
FNDA:0,unmark
FNDA:0,marked
FNDA:0,clearNodeMarks
FNDA:0,highlight
FNDA:0,unhighlight
FNDA:0,highlighted
FNDA:0,clearNodeHighlights
FNDA:0,clearEdgeHighlights
FNDA:0,color
FNDA:0,uncolor
FNDA:0,getColor
FNDA:0,hasColor
FNDA:0,clearNodeColors
FNDA:0,clearEdgeColors
FNDA:0,label
FNDA:0,unlabel
FNDA:0,getLabel
FNDA:0,hasLabel
FNDA:0,clearNodeLabels
FNDA:0,clearEdgeLabels
FNDA:0,setWeight
FNDA:0,clearWeight
FNDA:0,weight
FNDA:0,hideWeight
FNDA:0,showWeight
FNDA:0,hasWeight
FNDA:0,clearNodeWeights
FNDA:0,clearEdgeWeights
FNDA:0,isHidden
FNDA:0,hideNode
FNDA:0,showNode
FNDA:0,hideNodeWeight
FNDA:0,hideAllNodeWeights
FNDA:0,showNodeWeight
FNDA:0,showAllNodeWeights
FNDA:0,hideNodeLabel
FNDA:0,hideAllNodeLabels
FNDA:0,showNodeLabel
FNDA:0,showAllNodeLabels
FNDA:0,hideEdge
FNDA:0,showEdge
FNDA:0,hideEdgeWeight
FNDA:0,hideAllEdgeWeights
FNDA:0,showEdgeWeight
FNDA:0,showAllEdgeWeights
FNDA:0,hideEdgeLabel
FNDA:0,hideAllEdgeLabels
FNDA:0,showEdgeLabel
FNDA:0,showAllEdgeLabels
FNDA:0,shape
FNDA:0,setShape
FNDA:0,clearShape
FNDA:0,hasShape
FNDA:0,clearNodeShapes
FNDA:0,borderWidth
FNDA:0,setBorderWidth
FNDA:0,clearBorderWidth
FNDA:0,hasBorderWidth
FNDA:0,clearNodeBorderWidths
FNDA:0,backgroundOpacity
FNDA:0,setBackgroundOpacity
FNDA:0,clearBackgroundOpacity
FNDA:0,hasBackgroundOpacity
FNDA:0,clearNodeBackgroundOpacities
FNDA:0,size
FNDA:0,setSize
FNDA:0,clearSize
FNDA:0,hasSize
FNDA:0,clearNodeSizes
FNDA:0,edgeWidth
FNDA:0,setEdgeWidth
FNDA:0,clearEdgeWidth
FNDA:0,hasEdgeWidth
FNDA:0,clearEdgeWidths
FNDA:0,promptBoolean
FNDA:0,promptInteger
FNDA:0,promptNumber
FNDA:0,promptNode
FNDA:0,promptNodeFrom
FNDA:0,promptEdge
FNDA:0,(anonymous_121)
FNDA:0,promptEdgeFrom
FNDA:0,isCrossed
FNDA:0,crossings
FNDA:0,totalCrossings
FNDA:0,bottleneckCrossings
FNDA:0,nonVerticality
FNDA:0,totalNonVerticality
FNDA:0,bottleneckVerticality
FNDA:0,setLayerProperty
FNDA:0,setChannelProperty
FNDA:0,setWeightsUp
FNDA:0,setWeightsDown
FNDA:0,setWeightsBoth
FNDA:0,setWeights
FNDA:0,sortByWeight
FNDA:0,swap
FNDA:0,nodesOnLayer
FNDA:0,evenlySpacedLayout
FNDA:0,showPositions
FNDA:0,showIndexes
FNDA:0,numberOfLayers
FNDA:0,copyNodePositions
FNDA:0,applyNodePositions
FNDA:0,getParent
FNDA:0,getChildren
FNDA:0,getRoots
FNDA:0,getRoot
FNDA:0,isLeaf
FNDA:0,getLeft
FNDA:0,getRight
FNDA:0,addLeft
FNDA:0,addRight
FNDA:0,weightsInside
FNDA:0,addDummyNodes
FNDA:9,(anonymous_156)
DA:36,9
DA:42,9
DA:50,0
DA:53,0
DA:63,0
DA:64,0
DA:74,0
DA:75,0
DA:80,0
DA:85,0
DA:88,0
DA:89,0
DA:94,0
DA:97,0
DA:100,0
DA:101,0
DA:107,0
DA:108,0
DA:114,0
DA:129,0
DA:130,0
DA:134,0
DA:135,0
DA:138,0
DA:139,0
DA:140,0
DA:141,0
DA:143,0
DA:154,0
DA:155,0
DA:157,0
DA:158,0
DA:159,0
DA:161,0
DA:171,0
DA:173,0
DA:174,0
DA:176,0
DA:178,0
DA:179,0
DA:180,0
DA:181,0
DA:185,0
DA:186,0
DA:188,0
DA:198,0
DA:200,0
DA:201,0
DA:202,0
DA:205,0
DA:206,0
DA:208,0
DA:217,0
DA:219,0
DA:220,0
DA:221,0
DA:225,0
DA:243,0
DA:244,0
DA:245,0
DA:249,0
DA:250,0
DA:254,0
DA:255,0
DA:256,0
DA:257,0
DA:265,0
DA:269,0
DA:273,0
DA:277,0
DA:285,0
DA:289,0
DA:293,0
DA:297,0
DA:305,0
DA:307,0
DA:308,0
DA:309,0
DA:311,0
DA:315,0
DA:317,0
DA:318,0
DA:319,0
DA:320,0
DA:328,0
DA:332,0
DA:333,0
DA:337,0
DA:338,0
DA:342,0
DA:343,0
DA:344,0
DA:345,0
DA:349,0
DA:350,0
DA:351,0
DA:352,0
DA:356,0
DA:357,0
DA:361,0
DA:362,0
DA:363,0
DA:364,0
DA:368,0
DA:369,0
DA:370,0
DA:371,0
DA:372,0
DA:373,0
DA:381,0
DA:385,0
DA:389,0
DA:393,0
DA:397,0
DA:401,0
DA:405,0
DA:409,0
DA:413,0
DA:417,0
DA:426,0
DA:430,0
DA:434,0
DA:438,0
DA:446,0
DA:450,0
DA:454,0
DA:458,0
DA:462,0
DA:470,0
DA:474,0
DA:478,0
DA:482,0
DA:486,0
DA:490,0
DA:498,0
DA:502,0
DA:506,0
DA:510,0
DA:511,0
DA:515,0
DA:519,0
DA:527,0
DA:531,0
DA:535,0
DA:539,0
DA:543,0
DA:547,0
DA:548,0
DA:552,0
DA:556,0
DA:564,0
DA:568,0
DA:572,0
DA:576,0
DA:580,0
DA:584,0
DA:588,0
DA:592,0
DA:596,0
DA:600,0
DA:604,0
DA:612,0
DA:616,0
DA:620,0
DA:624,0
DA:628,0
DA:632,0
DA:636,0
DA:640,0
DA:644,0
DA:648,0
DA:657,0
DA:661,0
DA:665,0
DA:669,0
DA:673,0
DA:681,0
DA:685,0
DA:689,0
DA:693,0
DA:697,0
DA:705,0
DA:709,0
DA:713,0
DA:717,0
DA:721,0
DA:729,0
DA:733,0
DA:737,0
DA:741,0
DA:745,0
DA:753,0
DA:757,0
DA:761,0
DA:765,0
DA:769,0
DA:777,0
DA:781,0
DA:782,0
DA:783,0
DA:785,0
DA:789,0
DA:790,0
DA:791,0
DA:793,0
DA:797,0
DA:799,0
DA:800,0
DA:802,0
DA:807,0
DA:808,0
DA:811,0
DA:812,0
DA:814,0
DA:818,0
DA:819,0
DA:820,0
DA:824,0
DA:825,0
DA:826,0
DA:828,0
DA:831,0
DA:835,0
DA:838,0
DA:839,0
DA:844,0
DA:845,0
DA:848,0
DA:849,0
DA:851,0
DA:864,0
DA:868,0
DA:872,0
DA:876,0
DA:880,0
DA:884,0
DA:888,0
DA:892,0
DA:893,0
DA:894,0
DA:900,0
DA:904,0
DA:905,0
DA:906,0
DA:912,0
DA:916,0
DA:917,0
DA:918,0
DA:923,0
DA:927,0
DA:928,0
DA:929,0
DA:934,0
DA:938,0
DA:939,0
DA:940,0
DA:945,0
DA:949,0
DA:950,0
DA:951,0
DA:956,0
DA:960,0
DA:961,0
DA:962,0
DA:966,0
DA:970,0
DA:971,0
DA:972,0
DA:977,0
DA:981,0
DA:985,0
DA:986,0
DA:987,0
DA:988,0
DA:992,0
DA:993,0
DA:994,0
DA:995,0
DA:999,0
DA:1000,0
DA:1001,0
DA:1002,0
DA:1006,0
DA:1010,0
DA:1014,0
DA:1015,0
DA:1016,0
DA:1017,0
DA:1040,0
DA:1044,0
DA:1048,0
DA:1052,0
DA:1056,0
DA:1060,0
DA:1064,0
DA:1068,0
DA:1070,0
DA:1071,0
DA:1072,0
DA:1073,0
DA:1077,0
DA:1079,0
DA:1080,0
DA:1081,0
DA:1082,0
DA:1143,9
DA:1145,9
DA:1146,9
DA:1147,0
DA:1148,0
DA:1150,9
DA:1152,0
DA:1153,0
DA:1154,0
DA:1157,0
DA:1160,0
DA:1163,0
DA:1165,0
DA:1167,0
DA:1171,0
DA:1172,0
LF:321
LH:6
BRDA:63,0,0,0
BRDA:63,0,1,0
BRDA:71,1,0,0
BRDA:74,2,0,0
BRDA:74,2,1,0
BRDA:74,3,0,0
BRDA:74,3,1,0
BRDA:80,4,0,0
BRDA:80,4,1,0
BRDA:88,5,0,0
BRDA:88,5,1,0
BRDA:100,6,0,0
BRDA:100,6,1,0
BRDA:128,7,0,0
BRDA:129,8,0,0
BRDA:129,8,1,0
BRDA:129,9,0,0
BRDA:129,9,1,0
BRDA:154,10,0,0
BRDA:154,10,1,0
BRDA:155,11,0,0
BRDA:155,11,1,0
BRDA:171,12,0,0
BRDA:171,12,1,0
BRDA:173,13,0,0
BRDA:173,13,1,0
BRDA:176,14,0,0
BRDA:176,14,1,0
BRDA:198,15,0,0
BRDA:198,15,1,0
BRDA:200,16,0,0
BRDA:200,16,1,0
BRDA:217,17,0,0
BRDA:217,17,1,0
BRDA:243,18,0,0
BRDA:243,18,1,0
BRDA:249,19,0,0
BRDA:249,19,1,0
BRDA:254,20,0,0
BRDA:254,20,1,0
BRDA:305,21,0,0
BRDA:305,21,1,0
BRDA:315,22,0,0
BRDA:315,22,1,0
BRDA:333,23,0,0
BRDA:333,23,1,0
BRDA:338,24,0,0
BRDA:338,24,1,0
BRDA:342,25,0,0
BRDA:342,25,1,0
BRDA:349,26,0,0
BRDA:349,26,1,0
BRDA:357,27,0,0
BRDA:357,27,1,0
BRDA:361,28,0,0
BRDA:361,28,1,0
BRDA:368,29,0,0
BRDA:368,29,1,0
BRDA:511,30,0,0
BRDA:511,30,1,0
BRDA:782,31,0,0
BRDA:782,31,1,0
BRDA:790,32,0,0
BRDA:790,32,1,0
BRDA:799,33,0,0
BRDA:799,33,1,0
BRDA:807,34,0,0
BRDA:807,34,1,0
BRDA:811,35,0,0
BRDA:811,35,1,0
BRDA:819,36,0,0
BRDA:819,36,1,0
BRDA:825,37,0,0
BRDA:825,37,1,0
BRDA:831,38,0,0
BRDA:831,38,1,0
BRDA:839,39,0,0
BRDA:839,39,1,0
BRDA:844,40,0,0
BRDA:844,40,1,0
BRDA:848,41,0,0
BRDA:848,41,1,0
BRDA:892,42,0,0
BRDA:892,42,1,0
BRDA:904,43,0,0
BRDA:904,43,1,0
BRDA:916,44,0,0
BRDA:916,44,1,0
BRDA:927,45,0,0
BRDA:927,45,1,0
BRDA:938,46,0,0
BRDA:938,46,1,0
BRDA:949,47,0,0
BRDA:949,47,1,0
BRDA:960,48,0,0
BRDA:960,48,1,0
BRDA:970,49,0,0
BRDA:970,49,1,0
BRDA:985,50,0,0
BRDA:985,50,1,0
BRDA:992,51,0,0
BRDA:992,51,1,0
BRDA:999,52,0,0
BRDA:999,52,1,0
BRDA:1014,53,0,0
BRDA:1014,53,1,0
BRDA:1068,54,0,0
BRDA:1068,54,1,0
BRDA:1077,55,0,0
BRDA:1077,55,1,0
BRDA:1146,56,0,0
BRDA:1146,56,1,9
BRDA:1150,57,0,0
BRDA:1150,57,1,9
BRF:114
BRH:2
end_of_record
TN:
SF:src\states\ChangeManager\ChangeManager.js
FN:27,(anonymous_0)
FNF:1
FNH:1
FNDA:27,(anonymous_0)
DA:16,27
DA:29,27
DA:30,27
DA:32,27
DA:33,27
LF:5
LH:5
BRF:0
BRH:0
end_of_record
TN:
SF:src\states\ChangeManager\ChangeObject.js
FN:17,(anonymous_0)
FNF:1
FNH:1
FNDA:12,(anonymous_0)
DA:18,12
DA:19,12
DA:20,12
LF:3
LH:3
BRF:0
BRH:0
end_of_record
TN:
SF:src\states\Graph\Graph.js
FN:34,(anonymous_0)
FNF:1
FNH:1
FNDA:9,(anonymous_0)
DA:10,9
DA:12,9
DA:18,9
DA:20,9
DA:22,9
DA:23,9
DA:24,9
DA:25,9
DA:35,9
DA:36,9
DA:37,9
DA:38,9
LF:12
LH:12
BRF:0
BRH:0
end_of_record
TN:
SF:src\states\Graph\LayeredGraph.js
FN:7,(anonymous_0)
FNF:1
FNH:0
FNDA:0,(anonymous_0)
DA:8,0
DA:9,0
LF:2
LH:0
BRF:0
BRH:0
end_of_record
TN:
SF:src\states\Graph\StandardGraph.js
FN:4,(anonymous_0)
FNF:1
FNH:1
FNDA:9,(anonymous_0)
DA:5,9
LF:1
LH:1
BRF:0
BRH:0
end_of_record
TN:
SF:src\states\Graph\Tree.js
FN:21,(anonymous_0)
FNF:1
FNH:0
FNDA:0,(anonymous_0)
DA:13,0
DA:19,0
DA:22,0
LF:3
LH:0
BRF:0
BRH:0
end_of_record
TN:
SF:src\states\Graph\GraphElement\Edge.js
FN:16,(anonymous_0)
FNF:1
FNH:1
FNDA:5,(anonymous_0)
DA:18,5
DA:27,5
DA:28,5
LF:3
LH:3
BRF:0
BRH:0
end_of_record
TN:
SF:src\states\Graph\GraphElement\GraphElement.js
FN:18,(anonymous_0)
FN:27,(anonymous_1)
FN:36,(anonymous_2)
FNF:3
FNH:1
FNDA:13,(anonymous_0)
FNDA:0,(anonymous_1)
FNDA:0,(anonymous_2)
DA:12,13
DA:19,13
DA:28,0
DA:37,0
LF:4
LH:2
BRF:0
BRH:0
end_of_record
TN:
SF:src\states\Graph\GraphElement\Node.js
FN:19,(anonymous_0)
FNF:1
FNH:1
FNDA:8,(anonymous_0)
DA:21,8
DA:33,8
DA:36,8
DA:42,8
DA:43,8
DA:46,8
LF:6
LH:6
BRF:0
BRH:0
end_of_record
TN:
SF:src\states\_atoms\atoms.js
FN:15,(anonymous_0)
FNF:1
FNH:1
FNDA:4,(anonymous_0)
DA:6,9
DA:8,9
DA:9,9
DA:11,9
DA:13,9
DA:14,9
DA:15,4
DA:18,9
DA:19,9
LF:9
LH:9
BRF:0
BRH:0
end_of_record
