TN:
SF:src/pages/GraphView/CytoscapeComponent.jsx
FN:24,CytoscapeComponent
FN:32,(anonymous_1)
FN:49,(anonymous_2)
FN:74,(anonymous_3)
FN:78,(anonymous_4)
FN:83,(anonymous_5)
FN:91,(anonymous_6)
FN:95,(anonymous_7)
FN:104,(anonymous_8)
FNF:9
FNH:7
FNDA:20,CytoscapeComponent
FNDA:4,(anonymous_1)
FNDA:26,(anonymous_2)
FNDA:16,(anonymous_3)
FNDA:12,(anonymous_4)
FNDA:12,(anonymous_5)
FNDA:8,(anonymous_6)
FNDA:0,(anonymous_7)
FNDA:0,(anonymous_8)
DA:15,9
DA:16,9
DA:25,20
DA:26,20
DA:27,20
DA:28,20
DA:32,20
DA:33,4
DA:34,4
DA:44,4
DA:50,26
DA:51,26
DA:53,26
DA:54,0
DA:66,4
DA:68,4
DA:74,20
DA:75,16
DA:76,12
DA:77,12
DA:78,12
DA:83,20
DA:84,12
DA:85,8
DA:86,8
DA:91,20
DA:92,8
DA:93,4
DA:94,4
DA:95,4
DA:96,0
DA:100,4
DA:104,4
DA:105,0
DA:106,0
DA:107,0
DA:108,0
DA:109,0
DA:111,0
DA:112,0
DA:120,4
DA:121,0
DA:125,20
LF:43
LH:33
BRDA:33,0,0,0
BRDA:33,0,1,4
BRDA:53,1,0,0
BRDA:53,1,1,26
BRDA:53,2,0,26
BRDA:53,2,1,26
BRDA:53,2,2,26
BRDA:53,2,3,26
BRDA:55,3,0,0
BRDA:55,3,1,0
BRDA:56,4,0,0
BRDA:56,4,1,0
BRDA:56,5,0,0
BRDA:56,5,1,0
BRDA:57,6,0,0
BRDA:57,6,1,0
BRDA:57,7,0,0
BRDA:57,7,1,0
BRDA:75,8,0,4
BRDA:75,8,1,12
BRDA:84,9,0,4
BRDA:84,9,1,8
BRDA:92,10,0,4
BRDA:92,10,1,4
BRDA:108,11,0,0
BRDA:108,11,1,0
BRDA:120,12,0,0
BRDA:120,12,1,4
BRF:28
BRH:13
end_of_record
TN:
SF:src/pages/GraphView/utils/GraphUtils.js
FN:7,calculateGraphScalar
FN:17,applyScalar
FN:30,extractPositions
FN:46,applyPositions
FN:47,(anonymous_4)
FN:72,transformPositions
FN:85,roundPositions
FNF:7
FNH:2
FNDA:4,calculateGraphScalar
FNDA:4,applyScalar
FNDA:0,extractPositions
FNDA:0,applyPositions
FNDA:0,(anonymous_4)
FNDA:0,transformPositions
FNDA:0,roundPositions
DA:8,4
DA:9,4
DA:10,8
DA:13,4
DA:18,4
DA:19,8
DA:20,8
DA:31,0
DA:32,0
DA:33,0
DA:34,0
DA:37,0
DA:47,0
DA:48,0
DA:49,0
DA:50,0
DA:51,0
DA:53,0
DA:55,0
DA:73,0
DA:74,0
DA:75,0
DA:76,0
DA:81,0
DA:86,0
DA:87,0
DA:88,0
DA:89,0
DA:94,0
LF:29
LH:7
BRDA:49,0,0,0
BRDA:49,0,1,0
BRF:2
BRH:0
end_of_record
TN:
SF:src/utils/FileToPredicate.js
FN:18,parseText
FN:38,(anonymous_1)
FN:58,nodeParser
FN:148,edgeParser
FN:216,isNumeric
FN:228,isColor
FNF:6
FNH:4
FNDA:4,parseText
FNDA:0,(anonymous_1)
FNDA:8,nodeParser
FNDA:4,edgeParser
FNDA:16,isNumeric
FNDA:0,isColor
DA:19,4
DA:21,4
DA:22,4
DA:23,12
DA:26,12
DA:33,12
DA:34,8
DA:37,4
DA:38,4
DA:40,0
DA:41,0
DA:45,0
DA:49,4
DA:60,8
DA:62,8
DA:64,8
DA:65,8
DA:66,8
DA:69,8
DA:70,0
DA:73,8
DA:74,0
DA:77,8
DA:78,8
DA:79,0
DA:81,8
DA:83,8
DA:84,0
DA:86,8
DA:87,8
DA:88,8
DA:89,0
DA:90,0
DA:92,0
DA:93,0
DA:94,0
DA:95,0
DA:96,0
DA:99,0
DA:100,0
DA:102,0
DA:103,0
DA:104,0
DA:106,0
DA:107,0
DA:108,0
DA:110,0
DA:111,0
DA:113,0
DA:120,0
DA:121,0
DA:128,0
DA:132,8
DA:133,0
DA:137,8
DA:150,4
DA:152,4
DA:154,4
DA:155,4
DA:156,4
DA:157,4
DA:158,0
DA:160,4
DA:161,4
DA:162,0
DA:164,4
DA:165,4
DA:166,4
DA:167,4
DA:168,4
DA:169,0
DA:170,0
DA:172,0
DA:173,0
DA:174,0
DA:175,0
DA:176,0
DA:179,0
DA:180,0
DA:183,0
DA:184,0
DA:185,0
DA:187,0
DA:194,0
DA:195,0
DA:202,0
DA:206,4
DA:217,16
DA:218,16
DA:229,0
DA:230,0
DA:231,0
LF:92
LH:42
BRDA:26,0,0,0
BRDA:26,0,1,12
BRDA:26,1,0,12
BRDA:26,1,1,12
BRDA:26,1,2,12
BRDA:26,1,3,12
BRDA:26,1,4,12
BRDA:26,1,5,12
BRDA:26,1,6,12
BRDA:33,2,0,8
BRDA:33,2,1,4
BRDA:37,3,0,4
BRDA:37,3,1,0
BRDA:40,4,0,0
BRDA:40,4,1,0
BRDA:69,5,0,0
BRDA:69,5,1,8
BRDA:73,6,0,0
BRDA:73,6,1,8
BRDA:78,7,0,0
BRDA:78,7,1,8
BRDA:83,8,0,0
BRDA:83,8,1,8
BRDA:89,9,0,0
BRDA:89,9,1,0
BRDA:89,10,0,0
BRDA:89,10,1,0
BRDA:92,11,0,0
BRDA:92,11,1,0
BRDA:95,12,0,0
BRDA:95,12,1,0
BRDA:99,13,0,0
BRDA:99,13,1,0
BRDA:99,14,0,0
BRDA:99,14,1,0
BRDA:102,15,0,0
BRDA:102,15,1,0
BRDA:103,16,0,0
BRDA:103,16,1,0
BRDA:107,17,0,0
BRDA:107,17,1,0
BRDA:110,18,0,0
BRDA:110,18,1,0
BRDA:120,19,0,0
BRDA:120,19,1,0
BRDA:120,20,0,0
BRDA:120,20,1,0
BRDA:132,21,0,0
BRDA:132,21,1,8
BRDA:132,22,0,8
BRDA:132,22,1,8
BRDA:132,22,2,8
BRDA:157,23,0,0
BRDA:157,23,1,4
BRDA:161,24,0,0
BRDA:161,24,1,4
BRDA:169,25,0,0
BRDA:169,25,1,0
BRDA:169,26,0,0
BRDA:169,26,1,0
BRDA:172,27,0,0
BRDA:172,27,1,0
BRDA:175,28,0,0
BRDA:175,28,1,0
BRDA:179,29,0,0
BRDA:179,29,1,0
BRDA:179,30,0,0
BRDA:179,30,1,0
BRDA:183,31,0,0
BRDA:183,31,1,0
BRDA:184,32,0,0
BRDA:184,32,1,0
BRDA:194,33,0,0
BRDA:194,33,1,0
BRDA:194,34,0,0
BRDA:194,34,1,0
BRDA:217,35,0,0
BRDA:217,35,1,16
BRDA:218,36,0,16
BRDA:218,36,1,16
BRF:80
BRH:24
end_of_record
TN:
SF:src/utils/Graph.js
FN:22,(anonymous_0)
FN:39,(anonymous_1)
FN:59,(anonymous_2)
FN:64,(anonymous_3)
FN:80,(anonymous_4)
FN:84,(anonymous_5)
FN:99,(anonymous_6)
FN:117,(anonymous_7)
FN:119,(anonymous_8)
FN:123,(anonymous_9)
FN:130,(anonymous_10)
FN:134,(anonymous_11)
FN:138,(anonymous_12)
FN:142,(anonymous_13)
FN:144,(anonymous_14)
FN:150,(anonymous_15)
FN:154,(anonymous_16)
FN:164,(anonymous_17)
FN:183,(anonymous_18)
FN:199,(anonymous_19)
FN:230,(anonymous_20)
FN:232,(anonymous_21)
FN:245,(anonymous_22)
FN:265,(anonymous_23)
FN:286,(anonymous_24)
FN:304,(anonymous_25)
FN:322,(anonymous_26)
FN:335,(anonymous_27)
FN:339,(anonymous_28)
FN:343,(anonymous_29)
FN:347,(anonymous_30)
FN:348,(anonymous_31)
FN:353,(anonymous_32)
FN:357,(anonymous_33)
FN:361,(anonymous_34)
FN:365,(anonymous_35)
FN:366,(anonymous_36)
FN:369,(anonymous_37)
FN:370,(anonymous_38)
FN:377,(anonymous_39)
FN:381,(anonymous_40)
FN:385,(anonymous_41)
FN:389,(anonymous_42)
FN:393,(anonymous_43)
FN:394,(anonymous_44)
FN:399,(anonymous_45)
FN:401,(anonymous_46)
FN:406,(anonymous_47)
FN:410,(anonymous_48)
FN:414,(anonymous_49)
FN:418,(anonymous_50)
FN:422,(anonymous_51)
FN:423,(anonymous_52)
FN:426,(anonymous_53)
FN:427,(anonymous_54)
FN:434,(anonymous_55)
FN:438,(anonymous_56)
FN:442,(anonymous_57)
FN:446,(anonymous_58)
FN:450,(anonymous_59)
FN:451,(anonymous_60)
FN:455,(anonymous_61)
FN:459,(anonymous_62)
FN:463,(anonymous_63)
FN:467,(anonymous_64)
FN:468,(anonymous_65)
FN:471,(anonymous_66)
FN:476,(anonymous_67)
FN:477,(anonymous_68)
FN:480,(anonymous_69)
FN:484,(anonymous_70)
FN:488,(anonymous_71)
FN:492,(anonymous_72)
FN:497,(anonymous_73)
FN:501,(anonymous_74)
FN:508,(anonymous_75)
FN:512,(anonymous_76)
FN:516,(anonymous_77)
FN:517,(anonymous_78)
FN:520,(anonymous_79)
FN:523,(anonymous_80)
FN:526,(anonymous_81)
FN:530,(anonymous_82)
FN:533,(anonymous_83)
FN:534,(anonymous_84)
FN:539,(anonymous_85)
FN:546,(anonymous_86)
FN:550,(anonymous_87)
FN:554,(anonymous_88)
FN:558,(anonymous_89)
FN:559,(anonymous_90)
FN:562,(anonymous_91)
FN:563,(anonymous_92)
FN:567,(anonymous_93)
FN:576,(anonymous_94)
FN:584,(anonymous_95)
FN:586,(anonymous_96)
FN:606,(anonymous_97)
FN:607,(anonymous_98)
FN:610,(anonymous_99)
FN:614,(anonymous_100)
FN:615,(anonymous_101)
FN:618,(anonymous_102)
FN:619,(anonymous_103)
FN:622,(anonymous_104)
FN:623,(anonymous_105)
FN:627,(anonymous_106)
FN:632,(anonymous_107)
FN:637,(anonymous_108)
FN:641,(anonymous_109)
FN:642,(anonymous_110)
FN:645,(anonymous_111)
FN:649,(anonymous_112)
FN:650,(anonymous_113)
FN:653,(anonymous_114)
FN:658,(anonymous_115)
FN:663,(anonymous_116)
FN:664,(anonymous_117)
FN:667,(anonymous_118)
FN:668,(anonymous_119)
FN:671,(anonymous_120)
FN:680,(anonymous_121)
FN:689,(anonymous_122)
FN:697,(anonymous_123)
FNF:124
FNH:4
FNDA:34,(anonymous_0)
FNDA:0,(anonymous_1)
FNDA:0,(anonymous_2)
FNDA:0,(anonymous_3)
FNDA:4,(anonymous_4)
FNDA:4,(anonymous_5)
FNDA:0,(anonymous_6)
FNDA:4,(anonymous_7)
FNDA:0,(anonymous_8)
FNDA:0,(anonymous_9)
FNDA:0,(anonymous_10)
FNDA:0,(anonymous_11)
FNDA:0,(anonymous_12)
FNDA:0,(anonymous_13)
FNDA:0,(anonymous_14)
FNDA:0,(anonymous_15)
FNDA:0,(anonymous_16)
FNDA:0,(anonymous_17)
FNDA:0,(anonymous_18)
FNDA:0,(anonymous_19)
FNDA:0,(anonymous_20)
FNDA:0,(anonymous_21)
FNDA:0,(anonymous_22)
FNDA:0,(anonymous_23)
FNDA:0,(anonymous_24)
FNDA:0,(anonymous_25)
FNDA:0,(anonymous_26)
FNDA:0,(anonymous_27)
FNDA:0,(anonymous_28)
FNDA:0,(anonymous_29)
FNDA:0,(anonymous_30)
FNDA:0,(anonymous_31)
FNDA:0,(anonymous_32)
FNDA:0,(anonymous_33)
FNDA:0,(anonymous_34)
FNDA:0,(anonymous_35)
FNDA:0,(anonymous_36)
FNDA:0,(anonymous_37)
FNDA:0,(anonymous_38)
FNDA:0,(anonymous_39)
FNDA:0,(anonymous_40)
FNDA:0,(anonymous_41)
FNDA:0,(anonymous_42)
FNDA:0,(anonymous_43)
FNDA:0,(anonymous_44)
FNDA:0,(anonymous_45)
FNDA:0,(anonymous_46)
FNDA:0,(anonymous_47)
FNDA:0,(anonymous_48)
FNDA:0,(anonymous_49)
FNDA:0,(anonymous_50)
FNDA:0,(anonymous_51)
FNDA:0,(anonymous_52)
FNDA:0,(anonymous_53)
FNDA:0,(anonymous_54)
FNDA:0,(anonymous_55)
FNDA:0,(anonymous_56)
FNDA:0,(anonymous_57)
FNDA:0,(anonymous_58)
FNDA:0,(anonymous_59)
FNDA:0,(anonymous_60)
FNDA:0,(anonymous_61)
FNDA:0,(anonymous_62)
FNDA:0,(anonymous_63)
FNDA:0,(anonymous_64)
FNDA:0,(anonymous_65)
FNDA:0,(anonymous_66)
FNDA:0,(anonymous_67)
FNDA:0,(anonymous_68)
FNDA:0,(anonymous_69)
FNDA:0,(anonymous_70)
FNDA:0,(anonymous_71)
FNDA:0,(anonymous_72)
FNDA:0,(anonymous_73)
FNDA:0,(anonymous_74)
FNDA:0,(anonymous_75)
FNDA:0,(anonymous_76)
FNDA:0,(anonymous_77)
FNDA:0,(anonymous_78)
FNDA:0,(anonymous_79)
FNDA:0,(anonymous_80)
FNDA:0,(anonymous_81)
FNDA:0,(anonymous_82)
FNDA:0,(anonymous_83)
FNDA:0,(anonymous_84)
FNDA:0,(anonymous_85)
FNDA:0,(anonymous_86)
FNDA:0,(anonymous_87)
FNDA:0,(anonymous_88)
FNDA:0,(anonymous_89)
FNDA:0,(anonymous_90)
FNDA:0,(anonymous_91)
FNDA:0,(anonymous_92)
FNDA:0,(anonymous_93)
FNDA:0,(anonymous_94)
FNDA:0,(anonymous_95)
FNDA:0,(anonymous_96)
FNDA:0,(anonymous_97)
FNDA:0,(anonymous_98)
FNDA:0,(anonymous_99)
FNDA:0,(anonymous_100)
FNDA:0,(anonymous_101)
FNDA:0,(anonymous_102)
FNDA:0,(anonymous_103)
FNDA:0,(anonymous_104)
FNDA:0,(anonymous_105)
FNDA:0,(anonymous_106)
FNDA:0,(anonymous_107)
FNDA:0,(anonymous_108)
FNDA:0,(anonymous_109)
FNDA:0,(anonymous_110)
FNDA:0,(anonymous_111)
FNDA:0,(anonymous_112)
FNDA:0,(anonymous_113)
FNDA:0,(anonymous_114)
FNDA:0,(anonymous_115)
FNDA:0,(anonymous_116)
FNDA:0,(anonymous_117)
FNDA:0,(anonymous_118)
FNDA:0,(anonymous_119)
FNDA:0,(anonymous_120)
FNDA:0,(anonymous_121)
FNDA:0,(anonymous_122)
FNDA:0,(anonymous_123)
DA:23,34
DA:24,34
DA:25,34
DA:26,34
DA:27,34
DA:28,34
DA:46,0
DA:52,0
DA:60,0
DA:62,0
DA:64,0
DA:65,0
DA:66,0
DA:67,0
DA:69,0
DA:71,0
DA:81,4
DA:82,4
DA:84,4
DA:85,4
DA:87,0
DA:89,4
DA:90,4
DA:92,4
DA:100,0
DA:101,0
DA:102,0
DA:104,0
DA:105,0
DA:107,0
DA:118,4
DA:119,4
DA:120,4
DA:124,0
DA:125,0
DA:127,0
DA:131,0
DA:135,0
DA:139,0
DA:143,0
DA:144,0
DA:145,0
DA:151,0
DA:155,0
DA:165,0
DA:166,0
DA:167,0
DA:168,0
DA:169,0
DA:171,0
DA:174,0
DA:184,0
DA:185,0
DA:186,0
DA:188,0
DA:200,0
DA:201,0
DA:202,0
DA:203,0
DA:204,0
DA:205,0
DA:206,0
DA:207,0
DA:208,0
DA:209,0
DA:211,0
DA:213,0
DA:214,0
DA:216,0
DA:217,0
DA:220,0
DA:231,0
DA:232,0
DA:233,0
DA:234,0
DA:237,0
DA:246,0
DA:247,0
DA:249,0
DA:250,0
DA:251,0
DA:252,0
DA:253,0
DA:257,0
DA:266,0
DA:267,0
DA:270,0
DA:271,0
DA:272,0
DA:273,0
DA:274,0
DA:278,0
DA:287,0
DA:289,0
DA:290,0
DA:291,0
DA:292,0
DA:293,0
DA:296,0
DA:305,0
DA:307,0
DA:308,0
DA:309,0
DA:310,0
DA:311,0
DA:314,0
DA:323,0
DA:324,0
DA:325,0
DA:326,0
DA:327,0
DA:328,0
DA:331,0
DA:336,0
DA:340,0
DA:344,0
DA:348,0
DA:354,0
DA:358,0
DA:362,0
DA:366,0
DA:370,0
DA:371,0
DA:378,0
DA:382,0
DA:386,0
DA:390,0
DA:394,0
DA:395,0
DA:400,0
DA:401,0
DA:407,0
DA:411,0
DA:415,0
DA:419,0
DA:423,0
DA:427,0
DA:435,0
DA:439,0
DA:443,0
DA:447,0
DA:451,0
DA:456,0
DA:460,0
DA:464,0
DA:468,0
DA:472,0
DA:477,0
DA:481,0
DA:485,0
DA:489,0
DA:493,0
DA:498,0
DA:502,0
DA:503,0
DA:505,0
DA:509,0
DA:513,0
DA:517,0
DA:521,0
DA:524,0
DA:527,0
DA:531,0
DA:534,0
DA:540,0
DA:541,0
DA:543,0
DA:547,0
DA:551,0
DA:555,0
DA:559,0
DA:563,0
DA:568,0
DA:577,0
DA:585,0
DA:586,0
DA:587,0
DA:589,0
DA:590,0
DA:593,0
DA:595,0
DA:596,0
DA:607,0
DA:611,0
DA:615,0
DA:619,0
DA:623,0
DA:628,0
DA:629,0
DA:633,0
DA:634,0
DA:638,0
DA:642,0
DA:646,0
DA:650,0
DA:654,0
DA:655,0
DA:659,0
DA:660,0
DA:664,0
DA:668,0
DA:672,0
DA:673,0
DA:676,0
DA:677,0
DA:681,0
DA:682,0
DA:690,0
DA:698,0
LF:209
LH:16
BRDA:60,0,0,0
BRDA:60,0,1,0
BRDA:62,1,0,0
BRDA:62,1,1,0
BRDA:65,2,0,0
BRDA:65,2,1,0
BRDA:66,3,0,0
BRDA:66,3,1,0
BRDA:81,4,0,4
BRDA:81,4,1,0
BRDA:82,5,0,4
BRDA:82,5,1,0
BRDA:85,6,0,0
BRDA:85,6,1,4
BRDA:89,7,0,4
BRDA:89,7,1,0
BRDA:101,8,0,0
BRDA:101,8,1,0
BRDA:102,9,0,0
BRDA:102,9,1,0
BRDA:104,10,0,0
BRDA:104,10,1,0
BRDA:124,11,0,0
BRDA:124,11,1,0
BRDA:167,12,0,0
BRDA:167,12,1,0
BRDA:167,13,0,0
BRDA:167,13,1,0
BRDA:169,14,0,0
BRDA:169,14,1,0
BRDA:169,15,0,0
BRDA:169,15,1,0
BRDA:169,15,2,0
BRDA:185,16,0,0
BRDA:185,16,1,0
BRDA:204,17,0,0
BRDA:204,17,1,0
BRDA:204,18,0,0
BRDA:204,18,1,0
BRDA:207,19,0,0
BRDA:207,19,1,0
BRDA:207,20,0,0
BRDA:207,20,1,0
BRDA:213,21,0,0
BRDA:213,21,1,0
BRDA:216,22,0,0
BRDA:216,22,1,0
BRDA:233,23,0,0
BRDA:233,23,1,0
BRDA:233,24,0,0
BRDA:233,24,1,0
BRDA:233,24,2,0
BRDA:246,25,0,0
BRDA:246,25,1,0
BRDA:251,26,0,0
BRDA:251,26,1,0
BRDA:252,27,0,0
BRDA:252,27,1,0
BRDA:266,28,0,0
BRDA:266,28,1,0
BRDA:272,29,0,0
BRDA:272,29,1,0
BRDA:273,30,0,0
BRDA:273,30,1,0
BRDA:292,31,0,0
BRDA:292,31,1,0
BRDA:310,32,0,0
BRDA:310,32,1,0
BRDA:327,33,0,0
BRDA:327,33,1,0
BRDA:419,34,0,0
BRDA:419,34,1,0
BRDA:502,35,0,0
BRDA:502,35,1,0
BRDA:540,36,0,0
BRDA:540,36,1,0
BRDA:555,37,0,0
BRDA:555,37,1,0
BRDA:587,38,0,0
BRDA:587,38,1,0
BRDA:589,39,0,0
BRDA:589,39,1,0
BRDA:589,40,0,0
BRDA:589,40,1,0
BRDA:593,41,0,0
BRDA:593,41,1,0
BRDA:595,42,0,0
BRDA:595,42,1,0
BRDA:595,43,0,0
BRDA:595,43,1,0
BRDA:672,44,0,0
BRDA:672,44,1,0
BRDA:672,45,0,0
BRDA:672,45,1,0
BRF:94
BRH:4
end_of_record
TN:
SF:src/utils/SGFileToPredicate.js
FN:14,parseSGFText
FN:34,(anonymous_1)
FN:54,nodeParser
FN:119,(anonymous_3)
FN:141,edgeParser
FN:198,(anonymous_5)
FN:222,isNumeric
FN:234,isColor
FNF:8
FNH:0
FNDA:0,parseSGFText
FNDA:0,(anonymous_1)
FNDA:0,nodeParser
FNDA:0,(anonymous_3)
FNDA:0,edgeParser
FNDA:0,(anonymous_5)
FNDA:0,isNumeric
FNDA:0,isColor
DA:15,0
DA:17,0
DA:18,0
DA:19,0
DA:22,0
DA:29,0
DA:30,0
DA:33,0
DA:34,0
DA:36,0
DA:37,0
DA:41,0
DA:45,0
DA:56,0
DA:58,0
DA:60,0
DA:62,0
DA:63,0
DA:64,0
DA:67,0
DA:69,0
DA:70,0
DA:71,0
DA:72,0
DA:76,0
DA:77,0
DA:80,0
DA:81,0
DA:84,0
DA:85,0
DA:88,0
DA:89,0
DA:90,0
DA:92,0
DA:94,0
DA:96,0
DA:98,0
DA:100,0
DA:102,0
DA:103,0
DA:107,0
DA:111,0
DA:112,0
DA:115,0
DA:118,0
DA:119,0
DA:120,0
DA:121,0
DA:123,0
DA:124,0
DA:129,0
DA:130,0
DA:143,0
DA:145,0
DA:147,0
DA:148,0
DA:149,0
DA:150,0
DA:153,0
DA:155,0
DA:156,0
DA:157,0
DA:160,0
DA:161,0
DA:162,0
DA:165,0
DA:166,0
DA:169,0
DA:170,0
DA:171,0
DA:173,0
DA:175,0
DA:177,0
DA:179,0
DA:181,0
DA:183,0
DA:184,0
DA:188,0
DA:192,0
DA:193,0
DA:197,0
DA:198,0
DA:199,0
DA:200,0
DA:202,0
DA:203,0
DA:208,0
DA:210,0
DA:211,0
DA:223,0
DA:224,0
DA:235,0
DA:236,0
DA:237,0
LF:94
LH:0
BRDA:22,0,0,0
BRDA:22,0,1,0
BRDA:22,1,0,0
BRDA:22,1,1,0
BRDA:22,1,2,0
BRDA:22,1,3,0
BRDA:22,1,4,0
BRDA:22,1,5,0
BRDA:22,1,6,0
BRDA:29,2,0,0
BRDA:29,2,1,0
BRDA:33,3,0,0
BRDA:33,3,1,0
BRDA:36,4,0,0
BRDA:36,4,1,0
BRDA:69,5,0,0
BRDA:69,5,1,0
BRDA:71,6,0,0
BRDA:71,6,1,0
BRDA:76,7,0,0
BRDA:76,7,1,0
BRDA:76,8,0,0
BRDA:76,8,1,0
BRDA:80,9,0,0
BRDA:80,9,1,0
BRDA:80,10,0,0
BRDA:80,10,1,0
BRDA:84,11,0,0
BRDA:84,11,1,0
BRDA:84,12,0,0
BRDA:84,12,1,0
BRDA:88,13,0,0
BRDA:88,13,1,0
BRDA:88,14,0,0
BRDA:88,14,1,0
BRDA:90,15,0,0
BRDA:90,15,1,0
BRDA:94,16,0,0
BRDA:94,16,1,0
BRDA:94,17,0,0
BRDA:94,17,1,0
BRDA:98,18,0,0
BRDA:98,18,1,0
BRDA:98,19,0,0
BRDA:98,19,1,0
BRDA:111,20,0,0
BRDA:111,20,1,0
BRDA:120,21,0,0
BRDA:120,21,1,0
BRDA:155,22,0,0
BRDA:155,22,1,0
BRDA:160,23,0,0
BRDA:160,23,1,0
BRDA:165,24,0,0
BRDA:165,24,1,0
BRDA:165,25,0,0
BRDA:165,25,1,0
BRDA:169,26,0,0
BRDA:169,26,1,0
BRDA:169,27,0,0
BRDA:169,27,1,0
BRDA:171,28,0,0
BRDA:171,28,1,0
BRDA:175,29,0,0
BRDA:175,29,1,0
BRDA:175,30,0,0
BRDA:175,30,1,0
BRDA:179,31,0,0
BRDA:179,31,1,0
BRDA:179,32,0,0
BRDA:179,32,1,0
BRDA:192,33,0,0
BRDA:192,33,1,0
BRDA:199,34,0,0
BRDA:199,34,1,0
BRDA:223,35,0,0
BRDA:223,35,1,0
BRDA:224,36,0,0
BRDA:224,36,1,0
BRF:79
BRH:0
end_of_record
TN:
SF:src/utils/Algorithm/Algorithm.js
FN:45,(anonymous_0)
FN:71,(anonymous_1)
FN:76,(anonymous_2)
FN:79,(anonymous_3)
FN:115,(anonymous_4)
FN:119,(anonymous_5)
FN:144,(anonymous_6)
FN:151,(anonymous_7)
FN:162,(anonymous_8)
FN:173,(anonymous_9)
FN:183,(anonymous_10)
FN:191,(anonymous_11)
FN:209,(anonymous_12)
FN:217,(anonymous_13)
FN:233,(anonymous_14)
FN:243,(anonymous_15)
FN:246,recursiveNext
FNF:17
FNH:5
FNDA:1,(anonymous_0)
FNDA:1,(anonymous_1)
FNDA:0,(anonymous_2)
FNDA:1,(anonymous_3)
FNDA:0,(anonymous_4)
FNDA:0,(anonymous_5)
FNDA:0,(anonymous_6)
FNDA:0,(anonymous_7)
FNDA:2,(anonymous_8)
FNDA:1,(anonymous_9)
FNDA:0,(anonymous_10)
FNDA:0,(anonymous_11)
FNDA:0,(anonymous_12)
FNDA:0,(anonymous_13)
FNDA:0,(anonymous_14)
FNDA:0,(anonymous_15)
FNDA:0,recursiveNext
DA:18,9
DA:35,1
DA:49,1
DA:51,1
DA:52,1
DA:53,1
DA:54,1
DA:55,1
DA:57,1
DA:58,1
DA:59,1
DA:60,1
DA:61,1
DA:62,1
DA:63,1
DA:66,1
DA:67,1
DA:68,0
DA:71,1
DA:73,1
DA:74,1
DA:75,1
DA:76,1
DA:78,0
DA:79,1
DA:88,0
DA:99,0
DA:100,0
DA:103,0
DA:104,0
DA:105,0
DA:106,0
DA:109,0
DA:111,0
DA:112,0
DA:113,0
DA:114,0
DA:115,0
DA:116,0
DA:117,0
DA:120,0
DA:121,0
DA:124,0
DA:126,0
DA:127,0
DA:128,0
DA:129,0
DA:130,0
DA:131,0
DA:132,0
DA:135,0
DA:136,0
DA:144,0
DA:145,0
DA:146,0
DA:147,0
DA:149,0
DA:150,0
DA:151,0
DA:163,2
DA:164,2
DA:165,2
DA:174,1
DA:175,0
DA:184,0
DA:185,0
DA:186,0
DA:187,0
DA:188,0
DA:189,0
DA:191,0
DA:192,0
DA:193,0
DA:194,0
DA:195,0
DA:198,0
DA:199,0
DA:210,0
DA:211,0
DA:212,0
DA:213,0
DA:214,0
DA:215,0
DA:217,0
DA:218,0
DA:219,0
DA:220,0
DA:221,0
DA:224,0
DA:225,0
DA:226,0
DA:234,0
DA:235,0
DA:236,0
DA:244,0
DA:245,0
DA:247,0
DA:248,0
DA:249,0
DA:252,0
LF:100
LH:27
BRDA:45,0,0,1
BRDA:67,1,0,0
BRDA:67,1,1,1
BRDA:99,2,0,0
BRDA:99,2,1,0
BRDA:103,3,0,0
BRDA:103,3,1,0
BRDA:106,4,0,0
BRDA:106,4,1,0
BRDA:113,5,0,0
BRDA:113,5,1,0
BRDA:114,6,0,0
BRDA:114,6,1,0
BRDA:116,7,0,0
BRDA:116,7,1,0
BRDA:124,8,0,0
BRDA:124,8,1,0
BRDA:127,9,0,0
BRDA:127,9,1,0
BRDA:132,10,0,0
BRDA:132,10,1,0
BRDA:135,11,0,0
BRDA:135,11,1,0
BRDA:146,12,0,0
BRDA:146,12,1,0
BRDA:163,13,0,0
BRDA:163,13,1,2
BRDA:164,14,0,0
BRDA:164,14,1,2
BRDA:164,15,0,2
BRDA:164,15,1,0
BRDA:174,16,0,1
BRDA:174,16,1,0
BRDA:184,17,0,0
BRDA:184,17,1,0
BRDA:185,18,0,0
BRDA:185,18,1,0
BRDA:195,19,0,0
BRDA:195,19,1,0
BRDA:210,20,0,0
BRDA:210,20,1,0
BRDA:211,21,0,0
BRDA:211,21,1,0
BRDA:221,22,0,0
BRDA:221,22,1,0
BRDA:226,23,0,0
BRDA:226,23,1,0
BRDA:234,24,0,0
BRDA:234,24,1,0
BRDA:247,25,0,0
BRDA:247,25,1,0
BRF:51
BRH:6
end_of_record
